Input: (0, 0x11) -> (0x5, 0x2)
Max: 0.000000 (0,0x11)
window is []
Round  1: -inf
Max: 0.000000 (0x11,0)
window is [0, 4, 5, 9, ]
Round  2: -inf
Max: -4.000000 (0x2,0x11) (0x3,0x11) (0x12,0x11) (0x13,0x11) (0x22,0x11) (0x23,0x11) (0x32,0x11) (0x33,0x11) (0x202,0x11) (0x203,0x11) (0x212,0x11) (0x213,0x11) (0x222,0x11) (0x223,0x11) (0x232,0x11) (0x233,0x11)
window is [0, 1, 4, 5, 6, 9, 10, 14, ]
Round  3: -inf
Max: -6.000000 (0x15,0x2) (0x17,0x2) (0x55,0x2) (0x57,0x2)
window is [0, 1, 2, 4, 5, 6, 7, 9, 10, 11, 14, 15, 19, ]
Round  4: -inf
Max: -11.057485 (0x8,0x15) (0x9,0x15) (0xc,0x15) (0xd,0x15) (0x18,0x15) (0x19,0x15) (0x1c,0x15) (0x1d,0x15) (0x28,0x15) (0x29,0x15) (0x2c,0x15) (0x2d,0x15) (0x38,0x15) (0x39,0x15) (0x3c,0x15) (0x3d,0x15) (0x88,0x15) (0x89,0x15) (0x8c,0x15) (0x8d,0x15) (0x98,0x15) (0x99,0x15) (0x9c,0x15) (0x9d,0x15) (0xa8,0x15) (0xa9,0x15) (0xac,0x15) (0xad,0x15) (0xb8,0x15) (0xb9,0x15) (0xbc,0x15) (0xbd,0x15) (0x208,0x15) (0x209,0x15) (0x20c,0x15) (0x20d,0x15) (0x218,0x15) (0x219,0x15) (0x21c,0x15) (0x21d,0x15) (0x228,0x15) (0x229,0x15) (0x22c,0x15) (0x22d,0x15) (0x238,0x15) (0x239,0x15) (0x23c,0x15) (0x23d,0x15) (0x288,0x15) (0x289,0x15) (0x28c,0x15) (0x28d,0x15) (0x298,0x15) (0x299,0x15) (0x29c,0x15) (0x29d,0x15) (0x2a8,0x15) (0x2a9,0x15) (0x2ac,0x15) (0x2ad,0x15) (0x2b8,0x15) (0x2b9,0x15) (0x2bc,0x15) (0x2bd,0x15)
window is [0, 1, 2, 3, 4, 5, 6, 7, 8, 9, 10, 11, 12, 14, ]
Round  5: -inf
Max: -13.057485 (0x5,0x8) (0xd,0x8) (0x105,0x8) (0x10d,0x8)
window is [0, 1, 2, 3, 4, 5, 6, 7, 8, 9, 10, 11, 12, 13, ]
Round  6: -inf
Max: -16.025437 (0x2,0x5) (0x3,0x5) (0x6,0x5) (0x7,0x5) (0x22,0x5) (0x23,0x5) (0x26,0x5) (0x27,0x5) (0x82,0x5) (0x83,0x5) (0x86,0x5) (0x87,0x5) (0xa2,0x5) (0xa3,0x5) (0xa6,0x5) (0xa7,0x5)
window is [0, 1, 2, 3, 4, 5, 6, 7, 8, 9, 10, 11, 12, 14, ]
Round  7: -inf
Max: -17.586420 (0x1,0x2) (0x3,0x2) (0x41,0x2) (0x43,0x2)
window is [0, 1, 2, 3, 4, 5, 6, 7, 8, 9, 10, 11, 12, 13, ]
Round  8: -21.002489
Max: -18.695302 (0,0x1) (0x1,0x1) (0x20,0x1) (0x21,0x1)
window is [0, 1, 2, 3, 4, 5, 6, 7, 8, 9, 10, 11, 12, 13, ]
Round  9: -26.170322
Max: -18.695302 (0x1,0)
window is [0, 1, 2, 3, 4, 5, 6, 7, 8, 9, 10, 11, 12, 13, ]
Round 10: -22.681450
Max: -20.666767 (0x2,0x1) (0x3,0x1) (0x22,0x1) (0x23,0x1)
window is [0, 1, 2, 3, 4, 5, 6, 7, 8, 9, 10, 11, 12, 13, ]
Round 11: -22.658454
Max: -22.658454 (0x5,0x2) (0x7,0x2) (0x45,0x2) (0x47,0x2)
window is [0, 1, 2, 3, 4, 5, 6, 7, 8, 9, 10, 11, 12, 13, ]
Round 12: -28.224863
Max: -25.944010 (0x8,0x5) (0x9,0x5) (0xc,0x5) (0xd,0x5) (0x28,0x5) (0x29,0x5) (0x2c,0x5) (0x2d,0x5) (0x88,0x5) (0x89,0x5) (0x8c,0x5) (0x8d,0x5) (0xa8,0x5) (0xa9,0x5) (0xac,0x5) (0xad,0x5)
window is [0, 1, 2, 3, 4, 5, 6, 7, 8, 9, 10, 11, 12, 13, ]
Round 13: -31.022329
Max: -27.937111 (0x15,0x8) (0x1d,0x8) (0x115,0x8) (0x11d,0x8)
window is [0, 1, 2, 3, 4, 5, 6, 7, 8, 9, 10, 11, 12, 13, ]
Round 14: -32.042195
Max: -31.991615 (0x2,0x1) (0x3,0x1) (0x22,0x1) (0x23,0x1)
window is [0, 1, 2, 3, 4, 5, 6, 7, 8, 9, 10, 11, 12, 13, ]
Round 15: -33.896122
Max: -33.896122 (0x5,0x2) (0x7,0x2) (0x45,0x2) (0x47,0x2)
window is [0, 1, 2, 3, 4, 5, 6, 7, 8, 9, 10, 11, 12, 13, ]
Round 16: -35.940923
Max: -35.940923 (0x5,0x2) (0x7,0x2) (0x45,0x2) (0x47,0x2)
window is [0, 1, 2, 3, 4, 5, 6, 7, 8, 9, 10, 11, 12, 13, ]
Round 17: -37.889835
Max: -37.161198 (0x11,0)
window is [0, 1, 2, 3, 4, 5, 6, 7, 8, 9, 10, 11, 12, 13, ]
Round 18: -39.604281
Max: -39.604281 (0x5,0x2) (0x7,0x2) (0x45,0x2) (0x47,0x2)
window is [0, 1, 2, 3, 4, 5, 6, 7, 8, 9, 10, 11, 12, 13, ]
Round 19: -41.542906
Max: -40.921296 (0x1,0)
window is [0, 1, 2, 3, 4, 5, 6, 7, 8, 9, 10, 11, 12, 13, ]
Round 20: -43.117072
Max: -42.651132 (0x2,0x1) (0x3,0x1) (0x22,0x1) (0x23,0x1)
window is [0, 1, 2, 3, 4, 5, 6, 7, 8, 9, 10, 11, 12, 13, ]
Round 21: -44.571931
Max: -44.571931 (0x5,0x2) (0x7,0x2) (0x45,0x2) (0x47,0x2)
window is [0, 1, 2, 3, 4, 5, 6, 7, 8, 9, 10, 11, 12, 13, ]
Round 22: -46.803357
Max: -46.788684 (0x2,0x1) (0x3,0x1) (0x22,0x1) (0x23,0x1)
window is [0, 1, 2, 3, 4, 5, 6, 7, 8, 9, 10, 11, 12, 13, ]
Round 23: -48.693471
Max: -48.693471 (0x5,0x2) (0x7,0x2) (0x45,0x2) (0x47,0x2)
window is [0, 1, 2, 3, 4, 5, 6, 7, 8, 9, 10, 11, 12, 13, ]
Round 24: -50.611228
Max: -50.611228 (0x5,0x2) (0x7,0x2) (0x45,0x2) (0x47,0x2)
window is [0, 1, 2, 3, 4, 5, 6, 7, 8, 9, 10, 11, 12, 13, ]
Round 25: -52.542559
Max: -52.542559 (0x5,0x2) (0x7,0x2) (0x45,0x2) (0x47,0x2)
window is [0, 1, 2, 3, 4, 5, 6, 7, 8, 9, 10, 11, 12, 13, ]
Round 26: -54.452646
Max: -54.433152 (0x2,0x1) (0x3,0x1) (0x22,0x1) (0x23,0x1)
window is [0, 1, 2, 3, 4, 5, 6, 7, 8, 9, 10, 11, 12, 13, ]
Round 27: -56.343129
