Input: (0x5, 0x80000001)
	Max: 0.000000 (0x5,0x80000001)
Round 1:
	window is [0, 2, 27, 29]
	0.000000
	Max: -4.000000 (0x2,0x5) (0x3,0x5) (0x6,0x5) (0x7,0x5) (0x8000002,0x5) (0x8000003,0x5) (0x8000006,0x5) (0x8000007,0x5) (0x20000002,0x5) (0x20000003,0x5) (0x20000006,0x5) (0x20000007,0x5) (0x28000002,0x5) (0x28000003,0x5) (0x28000006,0x5) (0x28000007,0x5)
Round 2:
	window is [0, 1, 2, 22, 24, 26, 27, 28, 29, 31]
	0.000000
	Max: -6.000000 (0x4,0x2) (0x6,0x2) (0x10000004,0x2) (0x10000006,0x2)
Round 3:
	window is [0, 1, 2, 19, 21, 23, 24, 25, 26, 27, 28, 29, 30, 31]
	0.000027
	Max: -7.192645 (0,0x4) (0x4,0x4) (0x20000000,0x4) (0x20000004,0x4)
Round 4:
	window is [0, 1, 2, 18, 22, 23, 24, 25, 26, 27, 28, 29, 30, 31]
	0.003098
	Max: -7.192645 (0x4,0)
Round 5:
	window is [0, 1, 2, 21, 22, 23, 24, 25, 26, 27, 28, 29, 30, 31]
	0.130428
	Max: -9.192645 (0x2,0x4) (0x6,0x4) (0x20000002,0x4) (0x20000006,0x4)
Round 6:
	window is [0, 1, 2, 21, 22, 23, 24, 25, 26, 27, 28, 29, 30, 31]
	1.113796
	Max: -11.192645 (0x5,0x2) (0x7,0x2) (0x10000005,0x2) (0x10000007,0x2)
Round 7:
	window is [0, 1, 2, 21, 22, 23, 24, 25, 26, 27, 28, 29, 30, 31]
	3.222781
	Max: -14.384681 (0x80000000,0x5) (0x80000001,0x5) (0x80000004,0x5) (0x80000005,0x5) (0x88000000,0x5) (0x88000001,0x5) (0x88000004,0x5) (0x88000005,0x5) (0xa0000000,0x5) (0xa0000001,0x5) (0xa0000004,0x5) (0xa0000005,0x5) (0xa8000000,0x5) (0xa8000001,0x5) (0xa8000004,0x5) (0xa8000005,0x5)
Round 8:
	window is [0, 1, 2, 21, 22, 23, 24, 25, 26, 27, 28, 29, 30, 31]
	5.600018
	Max: -16.383008 (0x40000005,0x80000000) (0x44000005,0x80000000) (0xc0000005,0x80000000) (0xc4000005,0x80000000)
Round 9:
	window is [0, 1, 2, 21, 22, 23, 24, 25, 26, 27, 28, 29, 30, 31]
	8.104681
	Max: -21.191244 (0x2,0x40000005) (0x3,0x40000005) (0x6,0x40000005) (0x7,0x40000005) (0x2000002,0x40000005) (0x2000003,0x40000005) (0x2000006,0x40000005) (0x2000007,0x40000005) (0x8000002,0x40000005) (0x8000003,0x40000005) (0x8000006,0x40000005) (0x8000007,0x40000005) (0xa000002,0x40000005) (0xa000003,0x40000005) (0xa000006,0x40000005) (0xa000007,0x40000005) (0x20000002,0x40000005) (0x20000003,0x40000005) (0x20000006,0x40000005) (0x20000007,0x40000005) (0x22000002,0x40000005) (0x22000003,0x40000005) (0x22000006,0x40000005) (0x22000007,0x40000005) (0x28000002,0x40000005) (0x28000003,0x40000005) (0x28000006,0x40000005) (0x28000007,0x40000005) (0x2a000002,0x40000005) (0x2a000003,0x40000005) (0x2a000006,0x40000005) (0x2a000007,0x40000005) (0x40000002,0x40000005) (0x40000003,0x40000005) (0x40000006,0x40000005) (0x40000007,0x40000005) (0x42000002,0x40000005) (0x42000003,0x40000005) (0x42000006,0x40000005) (0x42000007,0x40000005) (0x48000002,0x40000005) (0x48000003,0x40000005) (0x48000006,0x40000005) (0x48000007,0x40000005) (0x4a000002,0x40000005) (0x4a000003,0x40000005) (0x4a000006,0x40000005) (0x4a000007,0x40000005) (0x60000002,0x40000005) (0x60000003,0x40000005) (0x60000006,0x40000005) (0x60000007,0x40000005) (0x62000002,0x40000005) (0x62000003,0x40000005) (0x62000006,0x40000005) (0x62000007,0x40000005) (0x68000002,0x40000005) (0x68000003,0x40000005) (0x68000006,0x40000005) (0x68000007,0x40000005) (0x6a000002,0x40000005) (0x6a000003,0x40000005) (0x6a000006,0x40000005) (0x6a000007,0x40000005)
Round 10:
	window is [0, 1, 2, 21, 22, 23, 24, 25, 26, 27, 28, 29, 30, 31]
	10.274059
	Max: -22.650121 (0x40000004,0x2) (0x40000006,0x2) (0x50000004,0x2) (0x50000006,0x2)
Round 11:
	window is [0, 1, 2, 21, 22, 23, 24, 25, 26, 27, 28, 29, 30, 31]
	12.411745
	Max: -25.412493 (0x40000004,0)
Round 12:
	window is [0, 1, 2, 21, 22, 23, 24, 25, 26, 27, 28, 29, 30, 31]
	14.570053
	Max: -25.418519 (0x40000004,0)
Round 13:
	window is [0, 1, 2, 21, 22, 23, 24, 25, 26, 27, 28, 29, 30, 31]
	16.763701
	Max: -28.854713 (0x50000002,0x20000004) (0x51000006,0x20000004) (0x70000002,0x20000004) (0x71000006,0x20000004)
Round 14:
	window is [0, 1, 2, 21, 22, 23, 24, 25, 26, 27, 28, 29, 30, 31]
	19.032688
	Max: -30.575825 (0x4,0)
Round 15:
	window is [0, 1, 2, 21, 22, 23, 24, 25, 26, 27, 28, 29, 30, 31]
	21.277116
	Max: -32.296062 (0x2,0x4) (0x6,0x4) (0x20000002,0x4) (0x20000006,0x4)
Round 16:
	window is [0, 1, 2, 21, 22, 23, 24, 25, 26, 27, 28, 29, 30, 31]
	23.769477
	Max: -34.211835 (0x5,0x2) (0x7,0x2) (0x10000005,0x2) (0x10000007,0x2)
Round 17:
	window is [0, 1, 2, 21, 22, 23, 24, 25, 26, 27, 28, 29, 30, 31]
	26.300023
	Max: -36.267331 (0x2,0x4) (0x6,0x4) (0x20000002,0x4) (0x20000006,0x4)
Round 18:
	window is [0, 1, 2, 21, 22, 23, 24, 25, 26, 27, 28, 29, 30, 31]
	28.271037
	Max: -38.177413 (0x5,0x2) (0x7,0x2) (0x10000005,0x2) (0x10000007,0x2)
Round 19:
	window is [0, 1, 2, 21, 22, 23, 24, 25, 26, 27, 28, 29, 30, 31]
	30.624404
	Max: -40.097045 (0x5,0x2) (0x7,0x2) (0x10000005,0x2) (0x10000007,0x2)
Round 20:
	window is [0, 1, 2, 21, 22, 23, 24, 25, 26, 27, 28, 29, 30, 31]
	33.044330
	Max: -41.920967 (0x2,0x4) (0x6,0x4) (0x20000002,0x4) (0x20000006,0x4)
Round 21:
	window is [0, 1, 2, 21, 22, 23, 24, 25, 26, 27, 28, 29, 30, 31]
	35.574635
	Max: -43.773104 (0x2,0x4) (0x6,0x4) (0x20000002,0x4) (0x20000006,0x4)
Round 22:
	window is [0, 1, 2, 21, 22, 23, 24, 25, 26, 27, 28, 29, 30, 31]
	37.848650
	Max: -45.706744 (0x5,0x2) (0x7,0x2) (0x10000005,0x2) (0x10000007,0x2)
Round 23:
	window is [0, 1, 2, 21, 22, 23, 24, 25, 26, 27, 28, 29, 30, 31]
	39.839632
	Max: -48.207164 (0x5,0x2) (0x7,0x2) (0x10000005,0x2) (0x10000007,0x2)
Round 24:
	window is [0, 1, 2, 21, 22, 23, 24, 25, 26, 27, 28, 29, 30, 31]
	41.865375
	Max: -50.115603 (0x2,0x4) (0x6,0x4) (0x20000002,0x4) (0x20000006,0x4)
Round 25:
	window is [0, 1, 2, 21, 22, 23, 24, 25, 26, 27, 28, 29, 30, 31]
	43.844885
	Max: -51.992648 (0x2,0x4) (0x6,0x4) (0x20000002,0x4) (0x20000006,0x4)
Round 26:
	window is [0, 1, 2, 21, 22, 23, 24, 25, 26, 27, 28, 29, 30, 31]
	45.832603
	Max: -53.889331 (0x5,0x2) (0x7,0x2) (0x10000005,0x2) (0x10000007,0x2)
Round 27:
	window is [0, 1, 2, 21, 22, 23, 24, 25, 26, 27, 28, 29, 30, 31]
	47.907014
	Max: -55.780544 (0x2,0x4) (0x6,0x4) (0x20000002,0x4) (0x20000006,0x4)
Round 28:
	window is [0, 1, 2, 21, 22, 23, 24, 25, 26, 27, 28, 29, 30, 31]
	49.956274
	Max: -57.657627 (0x2,0x4) (0x6,0x4) (0x20000002,0x4) (0x20000006,0x4)
Round 29:
	window is [0, 1, 2, 21, 22, 23, 24, 25, 26, 27, 28, 29, 30, 31]
	52.272403
	Max: -59.551629 (0x2,0x4) (0x6,0x4) (0x20000002,0x4) (0x20000006,0x4)
Round 30:
	window is [0, 1, 2, 21, 22, 23, 24, 25, 26, 27, 28, 29, 30, 31]
	54.233445
	Max: -61.431505 (0x2,0x4) (0x6,0x4) (0x20000002,0x4) (0x20000006,0x4)
Round 31:
	window is [0, 1, 2, 21, 22, 23, 24, 25, 26, 27, 28, 29, 30, 31]
	56.230038
	Max: -63.316386 (0x2,0x4) (0x6,0x4) (0x20000002,0x4) (0x20000006,0x4)
Round 32:
	window is [0, 1, 2, 21, 22, 23, 24, 25, 26, 27, 28, 29, 30, 31]
	58.307141
	Max: -65.221286 (0x5,0x2) (0x7,0x2) (0x10000005,0x2) (0x10000007,0x2)
over.
