Input: (0, 0x1)
	Max: 0.000000 (0,0x1)
Round 1:
	window is []
	0.000000
	Max: 0.000000 (0x1,0)
Round 2:
	window is [24, 31]
	0.000000
	Max: -2.000000 (0x40000000,0x1) (0x41000000,0x1) (0xc0000000,0x1) (0xc1000000,0x1)
Round 3:
	window is [16, 22, 23, 29, 30]
	0.000000
	Max: -4.000000 (0x10000001,0x40000000) (0x10400001,0x40000000) (0x30000001,0x40000000) (0x30400001,0x40000000)
Round 4:
	window is [8, 14, 15, 20, 21, 22, 24, 27, 28, 29, 31]
	0.000001
	Max: -7.192645 (0x4000000,0x10000001) (0x4100000,0x10000001) (0x5000000,0x10000001) (0x5100000,0x10000001) (0xc000000,0x10000001) (0xc100000,0x10000001) (0xd000000,0x10000001) (0xd100000,0x10000001) (0x84000000,0x10000001) (0x84100000,0x10000001) (0x85000000,0x10000001) (0x85100000,0x10000001) (0x8c000000,0x10000001) (0x8c100000,0x10000001) (0x8d000000,0x10000001) (0x8d100000,0x10000001)
Round 5:
	window is [6, 12, 13, 16, 18, 19, 20, 22, 23, 25, 26, 27, 29, 30]
	0.000460
	Max: -9.192645 (0x11000001,0x4000000) (0x11040001,0x4000000) (0x13000001,0x4000000) (0x13040001,0x4000000)
Round 6:
	window is [10, 11, 14, 16, 17, 18, 20, 21, 22, 23, 24, 27, 28, 31]
	0.388543
	Max: -14.101210 (0x40400000,0x11000001) (0x40410000,0x11000001) (0x40500000,0x11000001) (0x40510000,0x11000001) (0x40c00000,0x11000001) (0x40c10000,0x11000001) (0x40d00000,0x11000001) (0x40d10000,0x11000001) (0x41400000,0x11000001) (0x41410000,0x11000001) (0x41500000,0x11000001) (0x41510000,0x11000001) (0x41c00000,0x11000001) (0x41c10000,0x11000001) (0x41d00000,0x11000001) (0x41d10000,0x11000001) (0x48400000,0x11000001) (0x48410000,0x11000001) (0x48500000,0x11000001) (0x48510000,0x11000001) (0x48c00000,0x11000001) (0x48c10000,0x11000001) (0x48d00000,0x11000001) (0x48d10000,0x11000001) (0x49400000,0x11000001) (0x49410000,0x11000001) (0x49500000,0x11000001) (0x49510000,0x11000001) (0x49c00000,0x11000001) (0x49c10000,0x11000001) (0x49d00000,0x11000001) (0x49d10000,0x11000001) (0xc0400000,0x11000001) (0xc0410000,0x11000001) (0xc0500000,0x11000001) (0xc0510000,0x11000001) (0xc0c00000,0x11000001) (0xc0c10000,0x11000001) (0xc0d00000,0x11000001) (0xc0d10000,0x11000001) (0xc1400000,0x11000001) (0xc1410000,0x11000001) (0xc1500000,0x11000001) (0xc1510000,0x11000001) (0xc1c00000,0x11000001) (0xc1c10000,0x11000001) (0xc1d00000,0x11000001) (0xc1d10000,0x11000001) (0xc8400000,0x11000001) (0xc8410000,0x11000001) (0xc8500000,0x11000001) (0xc8510000,0x11000001) (0xc8c00000,0x11000001) (0xc8c10000,0x11000001) (0xc8d00000,0x11000001) (0xc8d10000,0x11000001) (0xc9400000,0x11000001) (0xc9410000,0x11000001) (0xc9500000,0x11000001) (0xc9510000,0x11000001) (0xc9c00000,0x11000001) (0xc9c10000,0x11000001) (0xc9d00000,0x11000001) (0xc9d10000,0x11000001)
Round 7:
	window is [12, 14, 15, 16, 18, 19, 20, 21, 22, 23, 25, 26, 29, 30]
	1.141014
	Max: -17.585868 (0x1100001,0x40400000) (0x1104001,0x40400000) (0x1300001,0x40400000) (0x1304001,0x40400000) (0x1500001,0x40400000) (0x1504001,0x40400000) (0x1700001,0x40400000) (0x1704001,0x40400000) (0x21100001,0x40400000) (0x21104001,0x40400000) (0x21300001,0x40400000) (0x21304001,0x40400000) (0x21500001,0x40400000) (0x21504001,0x40400000) (0x21700001,0x40400000) (0x21704001,0x40400000)
Round 8:
	window is [12, 14, 16, 17, 18, 19, 20, 21, 22, 23, 24, 27, 28, 31]
	4.903906
	Max: -21.645488 (0x40000,0x1100001) (0x41000,0x1100001) (0x50000,0x1100001) (0x51000,0x1100001) (0xc0000,0x1100001) (0xc1000,0x1100001) (0xd0000,0x1100001) (0xd1000,0x1100001) (0x840000,0x1100001) (0x841000,0x1100001) (0x850000,0x1100001) (0x851000,0x1100001) (0x8c0000,0x1100001) (0x8c1000,0x1100001) (0x8d0000,0x1100001) (0x8d1000,0x1100001) (0x1040000,0x1100001) (0x1041000,0x1100001) (0x1050000,0x1100001) (0x1051000,0x1100001) (0x10c0000,0x1100001) (0x10c1000,0x1100001) (0x10d0000,0x1100001) (0x10d1000,0x1100001) (0x1840000,0x1100001) (0x1841000,0x1100001) (0x1850000,0x1100001) (0x1851000,0x1100001) (0x18c0000,0x1100001) (0x18c1000,0x1100001) (0x18d0000,0x1100001) (0x18d1000,0x1100001) (0x80040000,0x1100001) (0x80041000,0x1100001) (0x80050000,0x1100001) (0x80051000,0x1100001) (0x800c0000,0x1100001) (0x800c1000,0x1100001) (0x800d0000,0x1100001) (0x800d1000,0x1100001) (0x80840000,0x1100001) (0x80841000,0x1100001) (0x80850000,0x1100001) (0x80851000,0x1100001) (0x808c0000,0x1100001) (0x808c1000,0x1100001) (0x808d0000,0x1100001) (0x808d1000,0x1100001) (0x81040000,0x1100001) (0x81041000,0x1100001) (0x81050000,0x1100001) (0x81051000,0x1100001) (0x810c0000,0x1100001) (0x810c1000,0x1100001) (0x810d0000,0x1100001) (0x810d1000,0x1100001) (0x81840000,0x1100001) (0x81841000,0x1100001) (0x81850000,0x1100001) (0x81851000,0x1100001) (0x818c0000,0x1100001) (0x818c1000,0x1100001) (0x818d0000,0x1100001) (0x818d1000,0x1100001)
Round 9:
	window is [14, 15, 16, 17, 18, 19, 20, 21, 22, 23, 25, 26, 29, 30]
	5.656162
	Max: -23.645488 (0x1110001,0x40000) (0x1130001,0x40000)
Round 10:
	window is [12, 14, 16, 17, 18, 19, 20, 21, 22, 23, 24, 27, 28, 31]
	12.774293
	Max: -30.446986 (0x40404000,0x1110001) (0x40405000,0x1110001) (0x40414000,0x1110001) (0x40415000,0x1110001) (0x40484000,0x1110001) (0x40485000,0x1110001) (0x40494000,0x1110001) (0x40495000,0x1110001) (0x40c04000,0x1110001) (0x40c05000,0x1110001) (0x40c14000,0x1110001) (0x40c15000,0x1110001) (0x40c84000,0x1110001) (0x40c85000,0x1110001) (0x40c94000,0x1110001) (0x40c95000,0x1110001) (0x41404000,0x1110001) (0x41405000,0x1110001) (0x41414000,0x1110001) (0x41415000,0x1110001) (0x41484000,0x1110001) (0x41485000,0x1110001) (0x41494000,0x1110001) (0x41495000,0x1110001) (0x41c04000,0x1110001) (0x41c05000,0x1110001) (0x41c14000,0x1110001) (0x41c15000,0x1110001) (0x41c84000,0x1110001) (0x41c85000,0x1110001) (0x41c94000,0x1110001) (0x41c95000,0x1110001) (0xc0404000,0x1110001) (0xc0405000,0x1110001) (0xc0414000,0x1110001) (0xc0415000,0x1110001) (0xc0484000,0x1110001) (0xc0485000,0x1110001) (0xc0494000,0x1110001) (0xc0495000,0x1110001) (0xc0c04000,0x1110001) (0xc0c05000,0x1110001) (0xc0c14000,0x1110001) (0xc0c15000,0x1110001) (0xc0c84000,0x1110001) (0xc0c85000,0x1110001) (0xc0c94000,0x1110001) (0xc0c95000,0x1110001) (0xc1404000,0x1110001) (0xc1405000,0x1110001) (0xc1414000,0x1110001) (0xc1415000,0x1110001) (0xc1484000,0x1110001) (0xc1485000,0x1110001) (0xc1494000,0x1110001) (0xc1495000,0x1110001) (0xc1c04000,0x1110001) (0xc1c05000,0x1110001) (0xc1c14000,0x1110001) (0xc1c15000,0x1110001) (0xc1c84000,0x1110001) (0xc1c85000,0x1110001) (0xc1c94000,0x1110001) (0xc1c95000,0x1110001)
Round 11:
	window is [14, 15, 16, 17, 18, 19, 20, 21, 22, 23, 25, 26, 29, 30]
	16.869569
	Max: -34.943208 (0x11110001,0x40040000) (0x11130001,0x40040000) (0x11510001,0x40040000) (0x11530001,0x40040000) (0x31110001,0x40040000) (0x31130001,0x40040000) (0x31510001,0x40040000) (0x31530001,0x40040000)
Round 12:
	window is [14, 15, 16, 17, 18, 19, 20, 21, 22, 23, 24, 27, 28, 31]
	33.356963
	Max: -39.713669 (0x4000000,0x11000001) (0x4010000,0x11000001) (0x4100000,0x11000001) (0x4110000,0x11000001) (0x4800000,0x11000001) (0x4810000,0x11000001) (0x4900000,0x11000001) (0x4910000,0x11000001) (0x5000000,0x11000001) (0x5010000,0x11000001) (0x5100000,0x11000001) (0x5110000,0x11000001) (0x5800000,0x11000001) (0x5810000,0x11000001) (0x5900000,0x11000001) (0x5910000,0x11000001) (0xc000000,0x11000001) (0xc010000,0x11000001) (0xc100000,0x11000001) (0xc110000,0x11000001) (0xc800000,0x11000001) (0xc810000,0x11000001) (0xc900000,0x11000001) (0xc910000,0x11000001) (0xd000000,0x11000001) (0xd010000,0x11000001) (0xd100000,0x11000001) (0xd110000,0x11000001) (0xd800000,0x11000001) (0xd810000,0x11000001) (0xd900000,0x11000001) (0xd910000,0x11000001) (0x84000000,0x11000001) (0x84010000,0x11000001) (0x84100000,0x11000001) (0x84110000,0x11000001) (0x84800000,0x11000001) (0x84810000,0x11000001) (0x84900000,0x11000001) (0x84910000,0x11000001) (0x85000000,0x11000001) (0x85010000,0x11000001) (0x85100000,0x11000001) (0x85110000,0x11000001) (0x85800000,0x11000001) (0x85810000,0x11000001) (0x85900000,0x11000001) (0x85910000,0x11000001) (0x8c000000,0x11000001) (0x8c010000,0x11000001) (0x8c100000,0x11000001) (0x8c110000,0x11000001) (0x8c800000,0x11000001) (0x8c810000,0x11000001) (0x8c900000,0x11000001) (0x8c910000,0x11000001) (0x8d000000,0x11000001) (0x8d010000,0x11000001) (0x8d100000,0x11000001) (0x8d110000,0x11000001) (0x8d800000,0x11000001) (0x8d810000,0x11000001) (0x8d900000,0x11000001) (0x8d910000,0x11000001)
Round 13:
	window is [14, 15, 16, 17, 18, 19, 20, 21, 22, 23, 25, 26, 29, 30]
	36.207918
	Max: -40.698252 (0x10000001,0x4000000) (0x10040001,0x4000000) (0x12000001,0x4000000) (0x12040001,0x4000000)
Round 14:
	window is [14, 15, 16, 17, 18, 19, 20, 21, 22, 23, 24, 27, 28, 31]
	44.278167
	Max: -43.435645 (0x40000000,0x10000001) (0x40100000,0x10000001) (0x41000000,0x10000001) (0x41100000,0x10000001) (0x48000000,0x10000001) (0x48100000,0x10000001) (0x49000000,0x10000001) (0x49100000,0x10000001) (0xc0000000,0x10000001) (0xc0100000,0x10000001) (0xc1000000,0x10000001) (0xc1100000,0x10000001) (0xc8000000,0x10000001) (0xc8100000,0x10000001) (0xc9000000,0x10000001) (0xc9100000,0x10000001)
Round 15:
	window is [12, 15, 16, 17, 18, 19, 20, 21, 22, 23, 25, 26, 29, 30]
	47.250080
	Max: -44.864901 (0x1,0x40000000) (0x400001,0x40000000) (0x20000001,0x40000000) (0x20400001,0x40000000)
Round 16:
	window is [14, 15, 16, 17, 18, 19, 20, 21, 22, 23, 24, 27, 28, 31]
	49.861022
	Max: -45.997554 (0,0x1) (0x1000000,0x1) (0x80000000,0x1) (0x81000000,0x1)
Round 17:
	window is [12, 14, 16, 17, 18, 19, 20, 21, 22, 23, 25, 26, 29, 30]
	50.859691
	Max: -45.997554 (0x1,0)
Round 18:
	window is [14, 15, 16, 17, 18, 19, 20, 21, 22, 23, 24, 27, 28, 31]
	53.086776
	Max: -47.996829 (0x40000000,0x1) (0x41000000,0x1) (0xc0000000,0x1) (0xc1000000,0x1)
Round 19:
	window is [12, 13, 15, 16, 18, 19, 20, 21, 22, 23, 25, 26, 29, 30]
	56.147128
	Max: -49.996776 (0x10000001,0x40000000) (0x10400001,0x40000000) (0x30000001,0x40000000) (0x30400001,0x40000000)
Round 20:
	window is [14, 15, 16, 17, 18, 19, 20, 21, 22, 23, 24, 27, 28, 31]
	58.779877
	Max: -53.189374 (0x4000000,0x10000001) (0x4100000,0x10000001) (0x5000000,0x10000001) (0x5100000,0x10000001) (0xc000000,0x10000001) (0xc100000,0x10000001) (0xd000000,0x10000001) (0xd100000,0x10000001) (0x84000000,0x10000001) (0x84100000,0x10000001) (0x85000000,0x10000001) (0x85100000,0x10000001) (0x8c000000,0x10000001) (0x8c100000,0x10000001) (0x8d000000,0x10000001) (0x8d100000,0x10000001)
Round 21:
	window is [12, 13, 16, 18, 19, 20, 21, 22, 23, 25, 26, 27, 29, 30]
	60.361206
	Max: -55.189374 (0x11000001,0x4000000) (0x11040001,0x4000000) (0x13000001,0x4000000) (0x13040001,0x4000000)
Round 22:
	window is [10, 11, 14, 16, 17, 18, 20, 21, 22, 23, 24, 27, 28, 31]
	70.744772
	Max: -60.097614 (0x40400000,0x11000001) (0x40410000,0x11000001) (0x40500000,0x11000001) (0x40510000,0x11000001) (0x40c00000,0x11000001) (0x40c10000,0x11000001) (0x40d00000,0x11000001) (0x40d10000,0x11000001) (0x41400000,0x11000001) (0x41410000,0x11000001) (0x41500000,0x11000001) (0x41510000,0x11000001) (0x41c00000,0x11000001) (0x41c10000,0x11000001) (0x41d00000,0x11000001) (0x41d10000,0x11000001) (0x48400000,0x11000001) (0x48410000,0x11000001) (0x48500000,0x11000001) (0x48510000,0x11000001) (0x48c00000,0x11000001) (0x48c10000,0x11000001) (0x48d00000,0x11000001) (0x48d10000,0x11000001) (0x49400000,0x11000001) (0x49410000,0x11000001) (0x49500000,0x11000001) (0x49510000,0x11000001) (0x49c00000,0x11000001) (0x49c10000,0x11000001) (0x49d00000,0x11000001) (0x49d10000,0x11000001) (0xc0400000,0x11000001) (0xc0410000,0x11000001) (0xc0500000,0x11000001) (0xc0510000,0x11000001) (0xc0c00000,0x11000001) (0xc0c10000,0x11000001) (0xc0d00000,0x11000001) (0xc0d10000,0x11000001) (0xc1400000,0x11000001) (0xc1410000,0x11000001) (0xc1500000,0x11000001) (0xc1510000,0x11000001) (0xc1c00000,0x11000001) (0xc1c10000,0x11000001) (0xc1d00000,0x11000001) (0xc1d10000,0x11000001) (0xc8400000,0x11000001) (0xc8410000,0x11000001) (0xc8500000,0x11000001) (0xc8510000,0x11000001) (0xc8c00000,0x11000001) (0xc8c10000,0x11000001) (0xc8d00000,0x11000001) (0xc8d10000,0x11000001) (0xc9400000,0x11000001) (0xc9410000,0x11000001) (0xc9500000,0x11000001) (0xc9510000,0x11000001) (0xc9c00000,0x11000001) (0xc9c10000,0x11000001) (0xc9d00000,0x11000001) (0xc9d10000,0x11000001)
Round 23:
	window is [12, 14, 15, 16, 18, 19, 20, 21, 22, 23, 25, 26, 29, 30]
	72.145562
	Max: -63.582193 (0x1100001,0x40400000) (0x1104001,0x40400000) (0x1300001,0x40400000) (0x1304001,0x40400000) (0x1500001,0x40400000) (0x1504001,0x40400000) (0x1700001,0x40400000) (0x1704001,0x40400000) (0x21100001,0x40400000) (0x21104001,0x40400000) (0x21300001,0x40400000) (0x21304001,0x40400000) (0x21500001,0x40400000) (0x21504001,0x40400000) (0x21700001,0x40400000) (0x21704001,0x40400000)
Round 24:
	window is [12, 14, 16, 17, 18, 19, 20, 21, 22, 23, 24, 27, 28, 31]
	76.367152
	Max: -67.641872 (0x40000,0x1100001) (0x41000,0x1100001) (0x50000,0x1100001) (0x51000,0x1100001) (0xc0000,0x1100001) (0xc1000,0x1100001) (0xd0000,0x1100001) (0xd1000,0x1100001) (0x840000,0x1100001) (0x841000,0x1100001) (0x850000,0x1100001) (0x851000,0x1100001) (0x8c0000,0x1100001) (0x8c1000,0x1100001) (0x8d0000,0x1100001) (0x8d1000,0x1100001) (0x1040000,0x1100001) (0x1041000,0x1100001) (0x1050000,0x1100001) (0x1051000,0x1100001) (0x10c0000,0x1100001) (0x10c1000,0x1100001) (0x10d0000,0x1100001) (0x10d1000,0x1100001) (0x1840000,0x1100001) (0x1841000,0x1100001) (0x1850000,0x1100001) (0x1851000,0x1100001) (0x18c0000,0x1100001) (0x18c1000,0x1100001) (0x18d0000,0x1100001) (0x18d1000,0x1100001) (0x80040000,0x1100001) (0x80041000,0x1100001) (0x80050000,0x1100001) (0x80051000,0x1100001) (0x800c0000,0x1100001) (0x800c1000,0x1100001) (0x800d0000,0x1100001) (0x800d1000,0x1100001) (0x80840000,0x1100001) (0x80841000,0x1100001) (0x80850000,0x1100001) (0x80851000,0x1100001) (0x808c0000,0x1100001) (0x808c1000,0x1100001) (0x808d0000,0x1100001) (0x808d1000,0x1100001) (0x81040000,0x1100001) (0x81041000,0x1100001) (0x81050000,0x1100001) (0x81051000,0x1100001) (0x810c0000,0x1100001) (0x810c1000,0x1100001) (0x810d0000,0x1100001) (0x810d1000,0x1100001) (0x81840000,0x1100001) (0x81841000,0x1100001) (0x81850000,0x1100001) (0x81851000,0x1100001) (0x818c0000,0x1100001) (0x818c1000,0x1100001) (0x818d0000,0x1100001) (0x818d1000,0x1100001)
over.
