Input: (0, 0x1)
	Max: 0.000000 (0,0x1)
Round 1:
	window is []
	0.000000
	Max: 0.000000 (0x1,0)
Round 2:
	window is [1, 8]
	0.000000
	Max: -2.000000 (0x4,0x1) (0x6,0x1) (0x104,0x1) (0x106,0x1)
Round 3:
	window is [2, 3, 9, 10, 16]
	0.000000
	Max: -4.000000 (0x11,0x4) (0x19,0x4) (0x411,0x4) (0x419,0x4)
Round 4:
	window is [1, 4, 5, 8, 11, 12, 18]
	0.000000
	Max: -7.299560 (0x40,0x11) (0x42,0x11) (0x60,0x11) (0x62,0x11) (0x140,0x11) (0x142,0x11) (0x160,0x11) (0x162,0x11) (0x1040,0x11) (0x1042,0x11) (0x1060,0x11) (0x1062,0x11) (0x1140,0x11) (0x1142,0x11) (0x1160,0x11) (0x1162,0x11)
Round 5:
	window is [3, 6, 7, 9, 10, 13, 14]
	0.000002
	Max: -9.299560 (0x111,0x40) (0x191,0x40) (0x4111,0x40) (0x4191,0x40)
Round 6:
	window is [1, 5, 8, 9, 12, 15, 16]
	0.000016
	Max: -14.375212 (0x404,0x111) (0x406,0x111) (0x424,0x111) (0x426,0x111) (0x504,0x111) (0x506,0x111) (0x524,0x111) (0x526,0x111) (0x604,0x111) (0x606,0x111) (0x624,0x111) (0x626,0x111) (0x704,0x111) (0x706,0x111) (0x724,0x111) (0x726,0x111) (0x1404,0x111) (0x1406,0x111) (0x1424,0x111) (0x1426,0x111) (0x1504,0x111) (0x1506,0x111) (0x1524,0x111) (0x1526,0x111) (0x1604,0x111) (0x1606,0x111) (0x1624,0x111) (0x1626,0x111) (0x1704,0x111) (0x1706,0x111) (0x1724,0x111) (0x1726,0x111) (0x10404,0x111) (0x10406,0x111) (0x10424,0x111) (0x10426,0x111) (0x10504,0x111) (0x10506,0x111) (0x10524,0x111) (0x10526,0x111) (0x10604,0x111) (0x10606,0x111) (0x10624,0x111) (0x10626,0x111) (0x10704,0x111) (0x10706,0x111) (0x10724,0x111) (0x10726,0x111) (0x11404,0x111) (0x11406,0x111) (0x11424,0x111) (0x11426,0x111) (0x11504,0x111) (0x11506,0x111) (0x11524,0x111) (0x11526,0x111) (0x11604,0x111) (0x11606,0x111) (0x11624,0x111) (0x11626,0x111) (0x11704,0x111) (0x11706,0x111) (0x11724,0x111) (0x11726,0x111)
Round 7:
	window is [3, 7, 10, 11, 14, 17, 18]
	0.000026
	Max: -17.975248 (0x1101,0x404) (0x1109,0x404) (0x1501,0x404) (0x1509,0x404) (0x1901,0x404) (0x1909,0x404) (0x1d01,0x404) (0x1d09,0x404) (0x41101,0x404) (0x41109,0x404) (0x41501,0x404) (0x41509,0x404) (0x41901,0x404) (0x41909,0x404) (0x41d01,0x404) (0x41d09,0x404)
Round 8:
	window is [1, 5, 8, 9, 12, 15, 16]
	0.000039
	Max: -22.185356 (0x4000,0x1101) (0x4002,0x1101) (0x4100,0x1101) (0x4102,0x1101) (0x4200,0x1101) (0x4202,0x1101) (0x4300,0x1101) (0x4302,0x1101) (0x14000,0x1101) (0x14002,0x1101) (0x14100,0x1101) (0x14102,0x1101) (0x14200,0x1101) (0x14202,0x1101) (0x14300,0x1101) (0x14302,0x1101)
Round 9:
	window is [7, 10, 11, 15, 16, 18, 22]
	0.000045
	Max: -24.185356 (0x11101,0x4000) (0x19101,0x4000) (0x411101,0x4000) (0x419101,0x4000)
Round 10:
	window is [8, 9, 12, 16, 17, 18, 24]
	0.000053
	Max: -31.818510 (0x40404,0x11101) (0x40504,0x11101) (0x40604,0x11101) (0x40704,0x11101) (0x50404,0x11101) (0x50504,0x11101) (0x50604,0x11101) (0x50704,0x11101) (0x60404,0x11101) (0x60504,0x11101) (0x60604,0x11101) (0x60704,0x11101) (0x70404,0x11101) (0x70504,0x11101) (0x70604,0x11101) (0x70704,0x11101) (0x1040404,0x11101) (0x1040504,0x11101) (0x1040604,0x11101) (0x1040704,0x11101) (0x1050404,0x11101) (0x1050504,0x11101) (0x1050604,0x11101) (0x1050704,0x11101) (0x1060404,0x11101) (0x1060504,0x11101) (0x1060604,0x11101) (0x1060704,0x11101) (0x1070404,0x11101) (0x1070504,0x11101) (0x1070604,0x11101) (0x1070704,0x11101)
Round 11:
	window is [10, 11, 15, 16, 18, 20, 22]
	0.000058
	Max: -37.110736 (0x110111,0x40404) (0x110511,0x40404) (0x110911,0x40404) (0x110d11,0x40404) (0x150111,0x40404) (0x150511,0x40404) (0x150911,0x40404) (0x150d11,0x40404)
Round 12:
	window is [8, 9, 13, 16, 18, 20, 22]
	0.000062
	Max: -41.807505 (0x40,0x111) (0x140,0x111) (0x240,0x111) (0x340,0x111) (0x10040,0x111) (0x10140,0x111) (0x10240,0x111) (0x10340,0x111) (0x100040,0x40111) (0x100140,0x40111) (0x100240,0x40111) (0x100340,0x40111) (0x110040,0x40111) (0x110140,0x40111) (0x110240,0x40111) (0x110340,0x40111)
Round 13:
	window is [7, 10, 11, 14, 15, 18, 22]
	0.000066
	Max: -43.807505 (0x11,0x40) (0x91,0x40) (0x4011,0x40) (0x4091,0x40)
Round 14:
	window is [1, 5, 8, 9, 13, 16, 20]
	0.000069
	Max: -47.721232 (0x4,0x11) (0x6,0x11) (0x24,0x11) (0x26,0x11) (0x104,0x11) (0x106,0x11) (0x124,0x11) (0x126,0x11)
Round 15:
	window is [3, 7, 10, 11, 14, 17, 18]
	0.000072
	Max: -49.568317 (0x1,0x4) (0x9,0x4) (0x401,0x4) (0x409,0x4)
Round 16:
	window is [1, 5, 8, 9, 11, 12, 13]
	0.000075
	Max: -50.867878 (0,0x1) (0x2,0x1) (0x100,0x1) (0x102,0x1)
Round 17:
	window is [2, 3, 7, 9, 10, 14, 16]
	0.000078
	Max: -50.867878 (0x1,0)
Round 18:
	window is [1, 4, 5, 8, 11, 12, 18]
	0.000082
	Max: -52.867878 (0x4,0x1) (0x6,0x1) (0x104,0x1) (0x106,0x1)
Round 19:
	window is [2, 3, 7, 9, 10, 14, 16]
	0.000085
	Max: -54.867877 (0x11,0x4) (0x19,0x4) (0x411,0x4) (0x419,0x4)
Round 20:
	window is [1, 4, 5, 8, 11, 12, 18]
	0.000089
	Max: -58.167438 (0x40,0x11) (0x42,0x11) (0x60,0x11) (0x62,0x11) (0x140,0x11) (0x142,0x11) (0x160,0x11) (0x162,0x11) (0x1040,0x11) (0x1042,0x11) (0x1060,0x11) (0x1062,0x11) (0x1140,0x11) (0x1142,0x11) (0x1160,0x11) (0x1162,0x11)
Round 21:
	window is [3, 6, 7, 9, 10, 13, 14]
	0.000093
	Max: -60.167438 (0x111,0x40) (0x191,0x40) (0x4111,0x40) (0x4191,0x40)
Round 22:
	window is [1, 5, 8, 9, 12, 15, 16]
	0.000106
	Max: -65.243089 (0x404,0x111) (0x406,0x111) (0x424,0x111) (0x426,0x111) (0x504,0x111) (0x506,0x111) (0x524,0x111) (0x526,0x111) (0x604,0x111) (0x606,0x111) (0x624,0x111) (0x626,0x111) (0x704,0x111) (0x706,0x111) (0x724,0x111) (0x726,0x111) (0x1404,0x111) (0x1406,0x111) (0x1424,0x111) (0x1426,0x111) (0x1504,0x111) (0x1506,0x111) (0x1524,0x111) (0x1526,0x111) (0x1604,0x111) (0x1606,0x111) (0x1624,0x111) (0x1626,0x111) (0x1704,0x111) (0x1706,0x111) (0x1724,0x111) (0x1726,0x111) (0x10404,0x111) (0x10406,0x111) (0x10424,0x111) (0x10426,0x111) (0x10504,0x111) (0x10506,0x111) (0x10524,0x111) (0x10526,0x111) (0x10604,0x111) (0x10606,0x111) (0x10624,0x111) (0x10626,0x111) (0x10704,0x111) (0x10706,0x111) (0x10724,0x111) (0x10726,0x111) (0x11404,0x111) (0x11406,0x111) (0x11424,0x111) (0x11426,0x111) (0x11504,0x111) (0x11506,0x111) (0x11524,0x111) (0x11526,0x111) (0x11604,0x111) (0x11606,0x111) (0x11624,0x111) (0x11626,0x111) (0x11704,0x111) (0x11706,0x111) (0x11724,0x111) (0x11726,0x111)
over.
