Input: (0x1, 0x400000000044)
	Max: 0.000000 (0x1,0x400000000044)
Round 1:
	window is [40, 47]
	Max: -2.000000 (0x44,0x1) (0x10000000044,0x1) (0x800000000044,0x1) (0x810000000044,0x1)
Round 2:
	window is [1, 5, 32, 38, 39, 42, 45, 46]
	Max: -6.000000 (0x10,0x44) (0x12,0x44) (0x30,0x44) (0x32,0x44) (0x40000000010,0x44) (0x40000000012,0x44) (0x40000000030,0x44) (0x40000000032,0x44) (0x200000000010,0x800000000044) (0x200000000012,0x800000000044) (0x208000000030,0x800000000044) (0x208000000032,0x800000000044) (0x240000000010,0x800000000044) (0x240000000012,0x800000000044) (0x248000000030,0x800000000044) (0x248000000032,0x800000000044) (0x400000000010,0x44) (0x400000000012,0x44) (0x400000000030,0x44) (0x400000000032,0x44) (0x440000000010,0x44) (0x440000000012,0x44) (0x440000000030,0x44) (0x440000000032,0x44) (0x600000000010,0x800000000044) (0x600000000012,0x800000000044) (0x608000000030,0x800000000044) (0x608000000032,0x800000000044) (0x640000000010,0x800000000044) (0x640000000012,0x800000000044) (0x648000000030,0x800000000044) (0x648000000032,0x800000000044)
Round 3:
	window is [0, 3, 4, 30, 34, 36, 37, 38, 40, 41, 43, 44, 45, 47]
	Max: -8.000000 (0x40,0x10) (0x48,0x10) (0x100000000040,0x10) (0x100000000048,0x10) (0x880000000040,0x200000000010) (0x882000000048,0x200000000010) (0x980000000040,0x200000000010) (0x982000000048,0x200000000010)
Round 4:
	window is [1, 2, 5, 32, 34, 36, 37, 38, 39, 41, 42, 43, 45, 46]
	Max: -9.192645 (0,0x40) (0x20,0x40) (0x400000000000,0x40) (0x400000000020,0x40)
Round 5:
	window is [0, 3, 4, 34, 35, 36, 38, 39, 40, 41, 43, 44, 45, 47]
	Max: -9.192645 (0x40,0)
Round 6:
	window is [1, 2, 5, 33, 36, 37, 38, 39, 41, 42, 43, 44, 45, 46]
	Max: -11.192645 (0x10,0x40) (0x30,0x40) (0x400000000010,0x40) (0x400000000030,0x40)
Round 7:
	window is [0, 3, 4, 34, 35, 37, 38, 40, 41, 42, 43, 44, 45, 47]
	Max: -13.192645 (0x44,0x10) (0x4c,0x10) (0x100000000044,0x10) (0x10000000004c,0x10)
Round 8:
	window is [1, 2, 5, 35, 36, 37, 38, 39, 41, 42, 43, 44, 45, 46]
	Max: -16.385290 (0x1,0x44) (0x3,0x44) (0x21,0x44) (0x23,0x44) (0x40000000001,0x44) (0x40000000003,0x44) (0x40000000021,0x44) (0x40000000023,0x44) (0x400000000001,0x44) (0x400000000003,0x44) (0x400000000021,0x44) (0x400000000023,0x44) (0x440000000001,0x44) (0x440000000003,0x44) (0x440000000021,0x44) (0x440000000023,0x44)
Round 9:
	window is [0, 3, 4, 34, 35, 36, 38, 40, 41, 42, 43, 44, 45, 47]
	Max: -18.385290 (0x400000000044,0x1) (0x410000000044,0x1) (0xc00000000044,0x1) (0xc10000000044,0x1)
Round 10:
	window is [1, 2, 5, 32, 33, 36, 38, 39, 40, 42, 43, 44, 45, 46]
	Max: -23.293849 (0x100000000010,0x400000000044) (0x100000000012,0x400000000044) (0x100000000030,0x400000000044) (0x100000000032,0x400000000044) (0x104000000010,0x400000000044) (0x104000000012,0x400000000044) (0x104000000030,0x400000000044) (0x104000000032,0x400000000044) (0x140000000010,0x400000000044) (0x140000000012,0x400000000044) (0x140000000030,0x400000000044) (0x140000000032,0x400000000044) (0x144000000010,0x400000000044) (0x144000000012,0x400000000044) (0x144000000030,0x400000000044) (0x144000000032,0x400000000044) (0x300000000010,0x400000000044) (0x300000000012,0x400000000044) (0x300000000030,0x400000000044) (0x300000000032,0x400000000044) (0x304000000010,0x400000000044) (0x304000000012,0x400000000044) (0x304000000030,0x400000000044) (0x304000000032,0x400000000044) (0x340000000010,0x400000000044) (0x340000000012,0x400000000044) (0x340000000030,0x400000000044) (0x340000000032,0x400000000044) (0x344000000010,0x400000000044) (0x344000000012,0x400000000044) (0x344000000030,0x400000000044) (0x344000000032,0x400000000044) (0x500000000010,0x400000000044) (0x500000000012,0x400000000044) (0x500000000030,0x400000000044) (0x500000000032,0x400000000044) (0x504000000010,0x400000000044) (0x504000000012,0x400000000044) (0x504000000030,0x400000000044) (0x504000000032,0x400000000044) (0x540000000010,0x400000000044) (0x540000000012,0x400000000044) (0x540000000030,0x400000000044) (0x540000000032,0x400000000044) (0x544000000010,0x400000000044) (0x544000000012,0x400000000044) (0x544000000030,0x400000000044) (0x544000000032,0x400000000044) (0x700000000010,0x400000000044) (0x700000000012,0x400000000044) (0x700000000030,0x400000000044) (0x700000000032,0x400000000044) (0x704000000010,0x400000000044) (0x704000000012,0x400000000044) (0x704000000030,0x400000000044) (0x704000000032,0x400000000044) (0x740000000010,0x400000000044) (0x740000000012,0x400000000044) (0x740000000030,0x400000000044) (0x740000000032,0x400000000044) (0x744000000010,0x400000000044) (0x744000000012,0x400000000044) (0x744000000030,0x400000000044) (0x744000000032,0x400000000044)
Round 11:
	window is [0, 3, 4, 34, 36, 37, 38, 40, 41, 42, 43, 44, 45, 47]
	Max: -26.778504 (0x440000000040,0x100000000010) (0x440000000048,0x100000000010) (0x441000000040,0x100000000010) (0x441000000048,0x100000000010) (0x4c0000000040,0x100000000010) (0x4c0000000048,0x100000000010) (0x4c1000000040,0x100000000010) (0x4c1000000048,0x100000000010) (0x540000000040,0x100000000010) (0x540000000048,0x100000000010) (0x541000000040,0x100000000010) (0x541000000048,0x100000000010) (0x5c0000000040,0x100000000010) (0x5c0000000048,0x100000000010) (0x5c1000000040,0x100000000010) (0x5c1000000048,0x100000000010)
Round 12:
	window is [1, 2, 5, 34, 36, 38, 39, 40, 41, 42, 43, 44, 45, 46]
	Max: -30.838184 (0x10000000000,0x440000000040) (0x10000000020,0x440000000040) (0x10400000000,0x440000000040) (0x10400000020,0x440000000040) (0x14000000000,0x440000000040) (0x14000000020,0x440000000040) (0x14400000000,0x440000000040) (0x14400000020,0x440000000040) (0x30000000000,0x440000000040) (0x30000000020,0x440000000040) (0x30400000000,0x440000000040) (0x30400000020,0x440000000040) (0x34000000000,0x440000000040) (0x34000000020,0x440000000040) (0x34400000000,0x440000000040) (0x34400000020,0x440000000040) (0x210000000000,0x440000000040) (0x210000000020,0x440000000040) (0x210400000000,0x440000000040) (0x210400000020,0x440000000040) (0x214000000000,0x440000000040) (0x214000000020,0x440000000040) (0x214400000000,0x440000000040) (0x214400000020,0x440000000040) (0x230000000000,0x440000000040) (0x230000000020,0x440000000040) (0x230400000000,0x440000000040) (0x230400000020,0x440000000040) (0x234000000000,0x440000000040) (0x234000000020,0x440000000040) (0x234400000000,0x440000000040) (0x234400000020,0x440000000040) (0x410000000000,0x440000000040) (0x410000000020,0x440000000040) (0x410400000000,0x440000000040) (0x410400000020,0x440000000040) (0x414000000000,0x440000000040) (0x414000000020,0x440000000040) (0x414400000000,0x440000000040) (0x414400000020,0x440000000040) (0x430000000000,0x440000000040) (0x430000000020,0x440000000040) (0x430400000000,0x440000000040) (0x430400000020,0x440000000040) (0x434000000000,0x440000000040) (0x434000000020,0x440000000040) (0x434400000000,0x440000000040) (0x434400000020,0x440000000040) (0x610000000000,0x440000000040) (0x610000000020,0x440000000040) (0x610400000000,0x440000000040) (0x610400000020,0x440000000040) (0x614000000000,0x440000000040) (0x614000000020,0x440000000040) (0x614400000000,0x440000000040) (0x614400000020,0x440000000040) (0x630000000000,0x440000000040) (0x630000000020,0x440000000040) (0x630400000000,0x440000000040) (0x630400000020,0x440000000040) (0x634000000000,0x440000000040) (0x634000000020,0x440000000040) (0x634400000000,0x440000000040) (0x634400000020,0x440000000040)
Round 13:
	window is [0, 3, 32, 36, 37, 38, 39, 40, 41, 42, 43, 44, 45, 47]
	Max: -32.838184 (0x444000000040,0x10000000000) (0x444100000040,0x10000000000) (0x44c000000040,0x10000000000) (0x44c100000040,0x10000000000)
Round 14:
	window is [1, 2, 5, 34, 36, 38, 39, 40, 41, 42, 43, 44, 45, 46]
	Max: -39.639708 (0x101000000010,0x444000000040) (0x101000000030,0x444000000040) (0x101400000010,0x444000000040) (0x101400000030,0x444000000040) (0x105000000010,0x444000000040) (0x105000000030,0x444000000040) (0x105400000010,0x444000000040) (0x105400000030,0x444000000040) (0x121000000010,0x444000000040) (0x121000000030,0x444000000040) (0x121400000010,0x444000000040) (0x121400000030,0x444000000040) (0x125000000010,0x444000000040) (0x125000000030,0x444000000040) (0x125400000010,0x444000000040) (0x125400000030,0x444000000040) (0x301000000010,0x444000000040) (0x301000000030,0x444000000040) (0x301400000010,0x444000000040) (0x301400000030,0x444000000040) (0x305000000010,0x444000000040) (0x305000000030,0x444000000040) (0x305400000010,0x444000000040) (0x305400000030,0x444000000040) (0x321000000010,0x444000000040) (0x321000000030,0x444000000040) (0x321400000010,0x444000000040) (0x321400000030,0x444000000040) (0x325000000010,0x444000000040) (0x325000000030,0x444000000040) (0x325400000010,0x444000000040) (0x325400000030,0x444000000040) (0x501000000010,0x444000000040) (0x501000000030,0x444000000040) (0x501400000010,0x444000000040) (0x501400000030,0x444000000040) (0x505000000010,0x444000000040) (0x505000000030,0x444000000040) (0x505400000010,0x444000000040) (0x505400000030,0x444000000040) (0x521000000010,0x444000000040) (0x521000000030,0x444000000040) (0x521400000010,0x444000000040) (0x521400000030,0x444000000040) (0x525000000010,0x444000000040) (0x525000000030,0x444000000040) (0x525400000010,0x444000000040) (0x525400000030,0x444000000040) (0x701000000010,0x444000000040) (0x701000000030,0x444000000040) (0x701400000010,0x444000000040) (0x701400000030,0x444000000040) (0x705000000010,0x444000000040) (0x705000000030,0x444000000040) (0x705400000010,0x444000000040) (0x705400000030,0x444000000040) (0x721000000010,0x444000000040) (0x721000000030,0x444000000040) (0x721400000010,0x444000000040) (0x721400000030,0x444000000040) (0x725000000010,0x444000000040) (0x725000000030,0x444000000040) (0x725400000010,0x444000000040) (0x725400000030,0x444000000040)
Round 15:
	window is [0, 3, 34, 36, 37, 38, 39, 40, 41, 42, 43, 44, 45, 47]
	Max: -44.135633 (0x444000000044,0x10000000010) (0x44400000004c,0x10000000010) (0x44c000000044,0x10000000010) (0x44c00000004c,0x10000000010) (0x544000000044,0x10000000010) (0x54400000004c,0x10000000010) (0x54c000000044,0x10000000010) (0x54c00000004c,0x10000000010)
Round 16:
	window is [1, 5, 35, 36, 37, 38, 39, 40, 41, 42, 43, 44, 45, 46]
	Max: -48.912313 (0x1,0x400000000044) (0x3,0x400000000044) (0x21,0x400000000044) (0x23,0x400000000044) (0x4000000001,0x400000000044) (0x4000000003,0x400000000044) (0x4000000021,0x400000000044) (0x4000000023,0x400000000044) (0x40000000001,0x400000000044) (0x40000000003,0x400000000044) (0x40000000021,0x400000000044) (0x40000000023,0x400000000044) (0x44000000001,0x400000000044) (0x44000000003,0x400000000044) (0x44000000021,0x400000000044) (0x44000000023,0x400000000044) (0x200000000001,0x400000000044) (0x200000000003,0x400000000044) (0x200000000021,0x400000000044) (0x200000000023,0x400000000044) (0x204000000001,0x400000000044) (0x204000000003,0x400000000044) (0x204000000021,0x400000000044) (0x204000000023,0x400000000044) (0x240000000001,0x400000000044) (0x240000000003,0x400000000044) (0x240000000021,0x400000000044) (0x240000000023,0x400000000044) (0x244000000001,0x400000000044) (0x244000000003,0x400000000044) (0x244000000021,0x400000000044) (0x244000000023,0x400000000044) (0x400000000001,0x400000000044) (0x400000000003,0x400000000044) (0x400000000021,0x400000000044) (0x400000000023,0x400000000044) (0x404000000001,0x400000000044) (0x404000000003,0x400000000044) (0x404000000021,0x400000000044) (0x404000000023,0x400000000044) (0x440000000001,0x400000000044) (0x440000000003,0x400000000044) (0x440000000021,0x400000000044) (0x440000000023,0x400000000044) (0x444000000001,0x400000000044) (0x444000000003,0x400000000044) (0x444000000021,0x400000000044) (0x444000000023,0x400000000044) (0x600000000001,0x400000000044) (0x600000000003,0x400000000044) (0x600000000021,0x400000000044) (0x600000000023,0x400000000044) (0x604000000001,0x400000000044) (0x604000000003,0x400000000044) (0x604000000021,0x400000000044) (0x604000000023,0x400000000044) (0x640000000001,0x400000000044) (0x640000000003,0x400000000044) (0x640000000021,0x400000000044) (0x640000000023,0x400000000044) (0x644000000001,0x400000000044) (0x644000000003,0x400000000044) (0x644000000021,0x400000000044) (0x644000000023,0x400000000044)
Round 17:
	window is [0, 3, 34, 36, 37, 38, 39, 40, 41, 42, 43, 44, 45, 47]
	Max: -49.895207 (0x44,0x1) (0x10000000044,0x1) (0x800000000044,0x1) (0x810000000044,0x1)
Round 18:
	window is [1, 5, 35, 36, 37, 38, 39, 40, 41, 42, 43, 44, 45, 46]
	Max: -52.661164 (0x10,0x44) (0x12,0x44) (0x30,0x44) (0x32,0x44) (0x40000000010,0x44) (0x40000000012,0x44) (0x40000000030,0x44) (0x40000000032,0x44) (0x400000000010,0x44) (0x400000000012,0x44) (0x400000000030,0x44) (0x400000000032,0x44) (0x440000000010,0x44) (0x440000000012,0x44) (0x440000000030,0x44) (0x440000000032,0x44)
Round 19:
	window is [0, 3, 34, 36, 37, 38, 39, 40, 41, 42, 43, 44, 45, 47]
	Max: -54.105415 (0x40,0x10) (0x48,0x10) (0x100000000040,0x10) (0x100000000048,0x10)
Round 20:
	window is [1, 5, 35, 36, 37, 38, 39, 40, 41, 42, 43, 44, 45, 46]
	Max: -55.249228 (0,0x40) (0x20,0x40) (0x400000000000,0x40) (0x400000000020,0x40)
Round 21:
	window is [0, 3, 4, 34, 36, 37, 38, 39, 40, 41, 43, 44, 45, 47]
	Max: -55.249228 (0x40,0)
Round 22:
	window is [1, 2, 5, 36, 37, 38, 39, 40, 41, 42, 43, 44, 45, 46]
	Max: -57.248801 (0x10,0x40) (0x30,0x40) (0x400000000010,0x40) (0x400000000030,0x40)
Round 23:
	window is [0, 3, 4, 34, 35, 37, 38, 40, 41, 42, 43, 44, 45, 47]
	Max: -59.248769 (0x44,0x10) (0x4c,0x10) (0x100000000044,0x10) (0x10000000004c,0x10)
Round 24:
	window is [1, 2, 5, 35, 36, 37, 38, 39, 41, 42, 43, 44, 45, 46]
	Max: -62.441403 (0x1,0x44) (0x3,0x44) (0x21,0x44) (0x23,0x44) (0x40000000001,0x44) (0x40000000003,0x44) (0x40000000021,0x44) (0x40000000023,0x44) (0x400000000001,0x44) (0x400000000003,0x44) (0x400000000021,0x44) (0x400000000023,0x44) (0x440000000001,0x44) (0x440000000003,0x44) (0x440000000021,0x44) (0x440000000023,0x44)
Round 25:
	window is [0, 3, 4, 34, 35, 36, 38, 40, 41, 42, 43, 44, 45, 47]
	Max: -64.441402 (0x400000000044,0x1) (0x410000000044,0x1) (0xc00000000044,0x1) (0xc10000000044,0x1)
Round 26:
	window is [1, 2, 5, 32, 33, 36, 38, 39, 40, 42, 43, 44, 45, 46]
	Max: -69.349713 (0x100000000010,0x400000000044) (0x100000000012,0x400000000044) (0x100000000030,0x400000000044) (0x100000000032,0x400000000044) (0x104000000010,0x400000000044) (0x104000000012,0x400000000044) (0x104000000030,0x400000000044) (0x104000000032,0x400000000044) (0x140000000010,0x400000000044) (0x140000000012,0x400000000044) (0x140000000030,0x400000000044) (0x140000000032,0x400000000044) (0x144000000010,0x400000000044) (0x144000000012,0x400000000044) (0x144000000030,0x400000000044) (0x144000000032,0x400000000044) (0x300000000010,0x400000000044) (0x300000000012,0x400000000044) (0x300000000030,0x400000000044) (0x300000000032,0x400000000044) (0x304000000010,0x400000000044) (0x304000000012,0x400000000044) (0x304000000030,0x400000000044) (0x304000000032,0x400000000044) (0x340000000010,0x400000000044) (0x340000000012,0x400000000044) (0x340000000030,0x400000000044) (0x340000000032,0x400000000044) (0x344000000010,0x400000000044) (0x344000000012,0x400000000044) (0x344000000030,0x400000000044) (0x344000000032,0x400000000044) (0x500000000010,0x400000000044) (0x500000000012,0x400000000044) (0x500000000030,0x400000000044) (0x500000000032,0x400000000044) (0x504000000010,0x400000000044) (0x504000000012,0x400000000044) (0x504000000030,0x400000000044) (0x504000000032,0x400000000044) (0x540000000010,0x400000000044) (0x540000000012,0x400000000044) (0x540000000030,0x400000000044) (0x540000000032,0x400000000044) (0x544000000010,0x400000000044) (0x544000000012,0x400000000044) (0x544000000030,0x400000000044) (0x544000000032,0x400000000044) (0x700000000010,0x400000000044) (0x700000000012,0x400000000044) (0x700000000030,0x400000000044) (0x700000000032,0x400000000044) (0x704000000010,0x400000000044) (0x704000000012,0x400000000044) (0x704000000030,0x400000000044) (0x704000000032,0x400000000044) (0x740000000010,0x400000000044) (0x740000000012,0x400000000044) (0x740000000030,0x400000000044) (0x740000000032,0x400000000044) (0x744000000010,0x400000000044) (0x744000000012,0x400000000044) (0x744000000030,0x400000000044) (0x744000000032,0x400000000044)
Round 27:
	window is [0, 3, 4, 34, 36, 37, 38, 40, 41, 42, 43, 44, 45, 47]
	Max: -72.834334 (0x440000000040,0x100000000010) (0x440000000048,0x100000000010) (0x441000000040,0x100000000010) (0x441000000048,0x100000000010) (0x4c0000000040,0x100000000010) (0x4c0000000048,0x100000000010) (0x4c1000000040,0x100000000010) (0x4c1000000048,0x100000000010) (0x540000000040,0x100000000010) (0x540000000048,0x100000000010) (0x541000000040,0x100000000010) (0x541000000048,0x100000000010) (0x5c0000000040,0x100000000010) (0x5c0000000048,0x100000000010) (0x5c1000000040,0x100000000010) (0x5c1000000048,0x100000000010)
Round 28:
	window is [1, 2, 5, 34, 36, 38, 39, 40, 41, 42, 43, 44, 45, 46]
	Max: -76.894014 (0x10000000000,0x440000000040) (0x10000000020,0x440000000040) (0x10400000000,0x440000000040) (0x10400000020,0x440000000040) (0x14000000000,0x440000000040) (0x14000000020,0x440000000040) (0x14400000000,0x440000000040) (0x14400000020,0x440000000040) (0x30000000000,0x440000000040) (0x30000000020,0x440000000040) (0x30400000000,0x440000000040) (0x30400000020,0x440000000040) (0x34000000000,0x440000000040) (0x34000000020,0x440000000040) (0x34400000000,0x440000000040) (0x34400000020,0x440000000040) (0x210000000000,0x440000000040) (0x210000000020,0x440000000040) (0x210400000000,0x440000000040) (0x210400000020,0x440000000040) (0x214000000000,0x440000000040) (0x214000000020,0x440000000040) (0x214400000000,0x440000000040) (0x214400000020,0x440000000040) (0x230000000000,0x440000000040) (0x230000000020,0x440000000040) (0x230400000000,0x440000000040) (0x230400000020,0x440000000040) (0x234000000000,0x440000000040) (0x234000000020,0x440000000040) (0x234400000000,0x440000000040) (0x234400000020,0x440000000040) (0x410000000000,0x440000000040) (0x410000000020,0x440000000040) (0x410400000000,0x440000000040) (0x410400000020,0x440000000040) (0x414000000000,0x440000000040) (0x414000000020,0x440000000040) (0x414400000000,0x440000000040) (0x414400000020,0x440000000040) (0x430000000000,0x440000000040) (0x430000000020,0x440000000040) (0x430400000000,0x440000000040) (0x430400000020,0x440000000040) (0x434000000000,0x440000000040) (0x434000000020,0x440000000040) (0x434400000000,0x440000000040) (0x434400000020,0x440000000040) (0x610000000000,0x440000000040) (0x610000000020,0x440000000040) (0x610400000000,0x440000000040) (0x610400000020,0x440000000040) (0x614000000000,0x440000000040) (0x614000000020,0x440000000040) (0x614400000000,0x440000000040) (0x614400000020,0x440000000040) (0x630000000000,0x440000000040) (0x630000000020,0x440000000040) (0x630400000000,0x440000000040) (0x630400000020,0x440000000040) (0x634000000000,0x440000000040) (0x634000000020,0x440000000040) (0x634400000000,0x440000000040) (0x634400000020,0x440000000040)
Round 29:
	window is [0, 3, 32, 36, 37, 38, 39, 40, 41, 42, 43, 44, 45, 47]
	Max: -78.894014 (0x444000000040,0x10000000000) (0x444100000040,0x10000000000) (0x44c000000040,0x10000000000) (0x44c100000040,0x10000000000)
Round 30:
	window is [1, 2, 5, 34, 36, 38, 39, 40, 41, 42, 43, 44, 45, 46]
	Max: -85.695528 (0x101000000010,0x444000000040) (0x101000000030,0x444000000040) (0x101400000010,0x444000000040) (0x101400000030,0x444000000040) (0x105000000010,0x444000000040) (0x105000000030,0x444000000040) (0x105400000010,0x444000000040) (0x105400000030,0x444000000040) (0x121000000010,0x444000000040) (0x121000000030,0x444000000040) (0x121400000010,0x444000000040) (0x121400000030,0x444000000040) (0x125000000010,0x444000000040) (0x125000000030,0x444000000040) (0x125400000010,0x444000000040) (0x125400000030,0x444000000040) (0x301000000010,0x444000000040) (0x301000000030,0x444000000040) (0x301400000010,0x444000000040) (0x301400000030,0x444000000040) (0x305000000010,0x444000000040) (0x305000000030,0x444000000040) (0x305400000010,0x444000000040) (0x305400000030,0x444000000040) (0x321000000010,0x444000000040) (0x321000000030,0x444000000040) (0x321400000010,0x444000000040) (0x321400000030,0x444000000040) (0x325000000010,0x444000000040) (0x325000000030,0x444000000040) (0x325400000010,0x444000000040) (0x325400000030,0x444000000040) (0x501000000010,0x444000000040) (0x501000000030,0x444000000040) (0x501400000010,0x444000000040) (0x501400000030,0x444000000040) (0x505000000010,0x444000000040) (0x505000000030,0x444000000040) (0x505400000010,0x444000000040) (0x505400000030,0x444000000040) (0x521000000010,0x444000000040) (0x521000000030,0x444000000040) (0x521400000010,0x444000000040) (0x521400000030,0x444000000040) (0x525000000010,0x444000000040) (0x525000000030,0x444000000040) (0x525400000010,0x444000000040) (0x525400000030,0x444000000040) (0x701000000010,0x444000000040) (0x701000000030,0x444000000040) (0x701400000010,0x444000000040) (0x701400000030,0x444000000040) (0x705000000010,0x444000000040) (0x705000000030,0x444000000040) (0x705400000010,0x444000000040) (0x705400000030,0x444000000040) (0x721000000010,0x444000000040) (0x721000000030,0x444000000040) (0x721400000010,0x444000000040) (0x721400000030,0x444000000040) (0x725000000010,0x444000000040) (0x725000000030,0x444000000040) (0x725400000010,0x444000000040) (0x725400000030,0x444000000040)
Round 31:
	window is [0, 3, 34, 36, 37, 38, 39, 40, 41, 42, 43, 44, 45, 47]
	Max: -90.191288 (0x444000000044,0x10000000010) (0x44400000004c,0x10000000010) (0x44c000000044,0x10000000010) (0x44c00000004c,0x10000000010) (0x544000000044,0x10000000010) (0x54400000004c,0x10000000010) (0x54c000000044,0x10000000010) (0x54c00000004c,0x10000000010)
Round 32:
	window is [1, 5, 35, 36, 37, 38, 39, 40, 41, 42, 43, 44, 45, 46]
	Max: -94.968011 (0x1,0x400000000044) (0x3,0x400000000044) (0x21,0x400000000044) (0x23,0x400000000044) (0x4000000001,0x400000000044) (0x4000000003,0x400000000044) (0x4000000021,0x400000000044) (0x4000000023,0x400000000044) (0x40000000001,0x400000000044) (0x40000000003,0x400000000044) (0x40000000021,0x400000000044) (0x40000000023,0x400000000044) (0x44000000001,0x400000000044) (0x44000000003,0x400000000044) (0x44000000021,0x400000000044) (0x44000000023,0x400000000044) (0x200000000001,0x400000000044) (0x200000000003,0x400000000044) (0x200000000021,0x400000000044) (0x200000000023,0x400000000044) (0x204000000001,0x400000000044) (0x204000000003,0x400000000044) (0x204000000021,0x400000000044) (0x204000000023,0x400000000044) (0x240000000001,0x400000000044) (0x240000000003,0x400000000044) (0x240000000021,0x400000000044) (0x240000000023,0x400000000044) (0x244000000001,0x400000000044) (0x244000000003,0x400000000044) (0x244000000021,0x400000000044) (0x244000000023,0x400000000044) (0x400000000001,0x400000000044) (0x400000000003,0x400000000044) (0x400000000021,0x400000000044) (0x400000000023,0x400000000044) (0x404000000001,0x400000000044) (0x404000000003,0x400000000044) (0x404000000021,0x400000000044) (0x404000000023,0x400000000044) (0x440000000001,0x400000000044) (0x440000000003,0x400000000044) (0x440000000021,0x400000000044) (0x440000000023,0x400000000044) (0x444000000001,0x400000000044) (0x444000000003,0x400000000044) (0x444000000021,0x400000000044) (0x444000000023,0x400000000044) (0x600000000001,0x400000000044) (0x600000000003,0x400000000044) (0x600000000021,0x400000000044) (0x600000000023,0x400000000044) (0x604000000001,0x400000000044) (0x604000000003,0x400000000044) (0x604000000021,0x400000000044) (0x604000000023,0x400000000044) (0x640000000001,0x400000000044) (0x640000000003,0x400000000044) (0x640000000021,0x400000000044) (0x640000000023,0x400000000044) (0x644000000001,0x400000000044) (0x644000000003,0x400000000044) (0x644000000021,0x400000000044) (0x644000000023,0x400000000044)
Round 33:
	window is [0, 3, 34, 36, 37, 38, 39, 40, 41, 42, 43, 44, 45, 47]
	Max: -95.950894 (0x44,0x1) (0x10000000044,0x1) (0x800000000044,0x1) (0x810000000044,0x1)
Round 34:
	window is [1, 5, 35, 36, 37, 38, 39, 40, 41, 42, 43, 44, 45, 46]
	Max: -98.716786 (0x10,0x44) (0x12,0x44) (0x30,0x44) (0x32,0x44) (0x40000000010,0x44) (0x40000000012,0x44) (0x40000000030,0x44) (0x40000000032,0x44) (0x400000000010,0x44) (0x400000000012,0x44) (0x400000000030,0x44) (0x400000000032,0x44) (0x440000000010,0x44) (0x440000000012,0x44) (0x440000000030,0x44) (0x440000000032,0x44)
over.
