Input: (0x80000, 0x222000)
	Max: 0.000000 (0x80000,0x222000)
Round 1:
	window is [20, 27]
	Max: -2.000000 (0x22000,0x80000) (0x122000,0x80000) (0x8022000,0x80000) (0x8122000,0x80000)
Round 2:
	window is [3, 14, 18, 21, 22, 25, 28, 29]
	Max: -6.000000 (0x8000,0x22000) (0xc000,0x22000) (0x48000,0x22000) (0x4c000,0x22000) (0x208000,0x22000) (0x20c000,0x22000) (0x248000,0x22000) (0x24c000,0x22000) (0x2008000,0x22000) (0x200c000,0x22000) (0x2048000,0x22000) (0x204c000,0x22000) (0x2208000,0x22000) (0x220c000,0x22000) (0x2248000,0x22000) (0x224c000,0x22000)
Round 3:
	window is [1, 5, 15, 16, 19, 20, 22, 23, 24, 26, 27, 29, 30, 31]
	Max: -8.000000 (0x2000,0x8000) (0x12000,0x8000) (0x802000,0x8000) (0x812000,0x8000)
Round 4:
	window is [1, 3, 14, 17, 18, 21, 22, 23, 24, 25, 26, 28, 29, 31]
	Max: -9.299560 (0,0x2000) (0x4000,0x2000) (0x200000,0x2000) (0x204000,0x2000)
Round 5:
	window is [1, 15, 16, 19, 20, 22, 23, 24, 25, 26, 27, 28, 29, 31]
	Max: -9.299560 (0x2000,0)
Round 6:
	window is [1, 3, 14, 17, 18, 21, 22, 23, 24, 25, 26, 28, 29, 31]
	Max: -11.299560 (0x8000,0x2000) (0xc000,0x2000) (0x208000,0x2000) (0x20c000,0x2000)
Round 7:
	window is [1, 15, 16, 19, 20, 22, 23, 24, 25, 26, 27, 29, 30, 31]
	Max: -13.299560 (0x22000,0x8000) (0x32000,0x8000) (0x822000,0x8000) (0x832000,0x8000)
Round 8:
	window is [14, 16, 17, 18, 21, 22, 23, 24, 25, 26, 28, 29, 30, 31]
	Max: -16.599120 (0x80000,0x22000) (0x84000,0x22000) (0xc0000,0x22000) (0xc4000,0x22000) (0x280000,0x22000) (0x284000,0x22000) (0x2c0000,0x22000) (0x2c4000,0x22000) (0x2080000,0x22000) (0x2084000,0x22000) (0x20c0000,0x22000) (0x20c4000,0x22000) (0x2280000,0x22000) (0x2284000,0x22000) (0x22c0000,0x22000) (0x22c4000,0x22000)
Round 9:
	window is [0, 1, 15, 16, 18, 19, 20, 22, 23, 24, 25, 26, 27, 29]
	Max: -18.599120 (0x222000,0x80000) (0x322000,0x80000) (0x8222000,0x80000) (0x8322000,0x80000)
Round 10:
	window is [2, 3, 14, 17, 18, 21, 22, 23, 24, 25, 27, 28, 29, 31]
	Max: -23.674746 (0x808000,0x222000) (0x80c000,0x222000) (0x848000,0x222000) (0x84c000,0x222000) (0xa08000,0x222000) (0xa0c000,0x222000) (0xa48000,0x222000) (0xa4c000,0x222000) (0xc08000,0x222000) (0xc0c000,0x222000) (0xc48000,0x222000) (0xc4c000,0x222000) (0xe08000,0x222000) (0xe0c000,0x222000) (0xe48000,0x222000) (0xe4c000,0x222000) (0x2808000,0x222000) (0x280c000,0x222000) (0x2848000,0x222000) (0x284c000,0x222000) (0x2a08000,0x222000) (0x2a0c000,0x222000) (0x2a48000,0x222000) (0x2a4c000,0x222000) (0x2c08000,0x222000) (0x2c0c000,0x222000) (0x2c48000,0x222000) (0x2c4c000,0x222000) (0x2e08000,0x222000) (0x2e0c000,0x222000) (0x2e48000,0x222000) (0x2e4c000,0x222000) (0x20808000,0x222000) (0x2080c000,0x222000) (0x20848000,0x222000) (0x2084c000,0x222000) (0x20a08000,0x222000) (0x20a0c000,0x222000) (0x20a48000,0x222000) (0x20a4c000,0x222000) (0x20c08000,0x222000) (0x20c0c000,0x222000) (0x20c48000,0x222000) (0x20c4c000,0x222000) (0x20e08000,0x222000) (0x20e0c000,0x222000) (0x20e48000,0x222000) (0x20e4c000,0x222000) (0x22808000,0x222000) (0x2280c000,0x222000) (0x22848000,0x222000) (0x2284c000,0x222000) (0x22a08000,0x222000) (0x22a0c000,0x222000) (0x22a48000,0x222000) (0x22a4c000,0x222000) (0x22c08000,0x222000) (0x22c0c000,0x222000) (0x22c48000,0x222000) (0x22c4c000,0x222000) (0x22e08000,0x222000) (0x22e0c000,0x222000) (0x22e48000,0x222000) (0x22e4c000,0x222000)
Round 11:
	window is [1, 15, 16, 19, 20, 22, 23, 24, 25, 26, 27, 29, 30, 31]
	Max: -27.274776 (0x2202000,0x808000) (0x2212000,0x808000) (0x2a02000,0x808000) (0x2a12000,0x808000) (0x3202000,0x808000) (0x3212000,0x808000) (0x3a02000,0x808000) (0x3a12000,0x808000) (0x82202000,0x808000) (0x82212000,0x808000) (0x82a02000,0x808000) (0x82a12000,0x808000) (0x83202000,0x808000) (0x83212000,0x808000) (0x83a02000,0x808000) (0x83a12000,0x808000)
Round 12:
	window is [1, 14, 17, 18, 21, 22, 23, 24, 25, 26, 27, 28, 29, 31]
	Max: -31.464741 (0x8000000,0x2202000) (0x8000002,0x2202000) (0x8004000,0x2202000) (0x8004002,0x2202000) (0x8200000,0x2202000) (0x8200002,0x2202000) (0x8204000,0x2202000) (0x8204002,0x2202000) (0x8400000,0x2202000) (0x8400002,0x2202000) (0x8404000,0x2202000) (0x8404002,0x2202000) (0x8600000,0x2202000) (0x8600002,0x2202000) (0x8604000,0x2202000) (0x8604002,0x2202000) (0xc000000,0x2202000) (0xc000002,0x2202000) (0xc004000,0x2202000) (0xc004002,0x2202000) (0xc200000,0x2202000) (0xc200002,0x2202000) (0xc204000,0x2202000) (0xc204002,0x2202000) (0xc400000,0x2202000) (0xc400002,0x2202000) (0xc404000,0x2202000) (0xc404002,0x2202000) (0xc600000,0x2202000) (0xc600002,0x2202000) (0xc604000,0x2202000) (0xc604002,0x2202000) (0x28000000,0x2202000) (0x28000002,0x2202000) (0x28004000,0x2202000) (0x28004002,0x2202000) (0x28200000,0x2202000) (0x28200002,0x2202000) (0x28204000,0x2202000) (0x28204002,0x2202000) (0x28400000,0x2202000) (0x28400002,0x2202000) (0x28404000,0x2202000) (0x28404002,0x2202000) (0x28600000,0x2202000) (0x28600002,0x2202000) (0x28604000,0x2202000) (0x28604002,0x2202000) (0x2c000000,0x2202000) (0x2c000002,0x2202000) (0x2c004000,0x2202000) (0x2c004002,0x2202000) (0x2c200000,0x2202000) (0x2c200002,0x2202000) (0x2c204000,0x2202000) (0x2c204002,0x2202000) (0x2c400000,0x2202000) (0x2c400002,0x2202000) (0x2c404000,0x2202000) (0x2c404002,0x2202000) (0x2c600000,0x2202000) (0x2c600002,0x2202000) (0x2c604000,0x2202000) (0x2c604002,0x2202000)
Round 13:
	window is [3, 16, 19, 20, 22, 23, 24, 25, 26, 27, 28, 29, 30, 31]
	Max: -33.464741 (0x22202000,0x8000000) (0x22202008,0x8000000) (0x32202000,0x8000000) (0x32202008,0x8000000)
Round 14:
	window is [1, 14, 17, 18, 21, 22, 23, 24, 25, 26, 27, 28, 29, 31]
	Max: -40.318357 (0x80808000,0x22202000) (0x80808002,0x22202000) (0x8080c000,0x22202000) (0x8080c002,0x22202000) (0x80a08000,0x22202000) (0x80a08002,0x22202000) (0x80a0c000,0x22202000) (0x80a0c002,0x22202000) (0x80c08000,0x22202000) (0x80c08002,0x22202000) (0x80c0c000,0x22202000) (0x80c0c002,0x22202000) (0x80e08000,0x22202000) (0x80e08002,0x22202000) (0x80e0c000,0x22202000) (0x80e0c002,0x22202000) (0x84808000,0x22202000) (0x84808002,0x22202000) (0x8480c000,0x22202000) (0x8480c002,0x22202000) (0x84a08000,0x22202000) (0x84a08002,0x22202000) (0x84a0c000,0x22202000) (0x84a0c002,0x22202000) (0x84c08000,0x22202000) (0x84c08002,0x22202000) (0x84c0c000,0x22202000) (0x84c0c002,0x22202000) (0x84e08000,0x22202000) (0x84e08002,0x22202000) (0x84e0c000,0x22202000) (0x84e0c002,0x22202000) (0xa0808000,0x22202000) (0xa0808002,0x22202000) (0xa080c000,0x22202000) (0xa080c002,0x22202000) (0xa0a08000,0x22202000) (0xa0a08002,0x22202000) (0xa0a0c000,0x22202000) (0xa0a0c002,0x22202000) (0xa0c08000,0x22202000) (0xa0c08002,0x22202000) (0xa0c0c000,0x22202000) (0xa0c0c002,0x22202000) (0xa0e08000,0x22202000) (0xa0e08002,0x22202000) (0xa0e0c000,0x22202000) (0xa0e0c002,0x22202000) (0xa4808000,0x22202000) (0xa4808002,0x22202000) (0xa480c000,0x22202000) (0xa480c002,0x22202000) (0xa4a08000,0x22202000) (0xa4a08002,0x22202000) (0xa4a0c000,0x22202000) (0xa4a0c002,0x22202000) (0xa4c08000,0x22202000) (0xa4c08002,0x22202000) (0xa4c0c000,0x22202000) (0xa4c0c002,0x22202000) (0xa4e08000,0x22202000) (0xa4e08002,0x22202000) (0xa4e0c000,0x22202000) (0xa4e0c002,0x22202000)
Round 15:
	window is [3, 16, 19, 20, 22, 23, 24, 25, 26, 27, 28, 29, 30, 31]
	Max: -44.953206 (0x22222000,0x8008000) (0x22222008,0x8008000) (0x22232000,0x8008000) (0x22232008,0x8008000) (0x22a22000,0x8008000) (0x22a22008,0x8008000) (0x22a32000,0x8008000) (0x22a32008,0x8008000) (0x32222000,0x8008000) (0x32222008,0x8008000) (0x32232000,0x8008000) (0x32232008,0x8008000) (0x32a22000,0x8008000) (0x32a22008,0x8008000) (0x32a32000,0x8008000) (0x32a32008,0x8008000)
Round 16:
	window is [1, 5, 14, 18, 21, 22, 23, 24, 25, 26, 27, 28, 29, 31]
	Max: -49.400084 (0x80000,0x222000) (0x84000,0x222000) (0xc0000,0x222000) (0xc4000,0x222000) (0x280000,0x222000) (0x284000,0x222000) (0x2c0000,0x222000) (0x2c4000,0x222000) (0x480000,0x222000) (0x484000,0x222000) (0x4c0000,0x222000) (0x4c4000,0x222000) (0x680000,0x222000) (0x684000,0x222000) (0x6c0000,0x222000) (0x6c4000,0x222000) (0x2080000,0x222000) (0x2084000,0x222000) (0x20c0000,0x222000) (0x20c4000,0x222000) (0x2280000,0x222000) (0x2284000,0x222000) (0x22c0000,0x222000) (0x22c4000,0x222000) (0x2480000,0x222000) (0x2484000,0x222000) (0x24c0000,0x222000) (0x24c4000,0x222000) (0x2680000,0x222000) (0x2684000,0x222000) (0x26c0000,0x222000) (0x26c4000,0x222000) (0x20080000,0x222000) (0x20084000,0x222000) (0x200c0000,0x222000) (0x200c4000,0x222000) (0x20280000,0x222000) (0x20284000,0x222000) (0x202c0000,0x222000) (0x202c4000,0x222000) (0x20480000,0x222000) (0x20484000,0x222000) (0x204c0000,0x222000) (0x204c4000,0x222000) (0x20680000,0x222000) (0x20684000,0x222000) (0x206c0000,0x222000) (0x206c4000,0x222000) (0x22080000,0x222000) (0x22084000,0x222000) (0x220c0000,0x222000) (0x220c4000,0x222000) (0x22280000,0x222000) (0x22284000,0x222000) (0x222c0000,0x222000) (0x222c4000,0x222000) (0x22480000,0x222000) (0x22484000,0x222000) (0x224c0000,0x222000) (0x224c4000,0x222000) (0x22680000,0x222000) (0x22684000,0x222000) (0x226c0000,0x222000) (0x226c4000,0x222000)
Round 17:
	window is [3, 16, 19, 20, 22, 23, 24, 25, 26, 27, 28, 29, 30, 31]
	Max: -50.687875 (0x22000,0x80000) (0x122000,0x80000) (0x8022000,0x80000) (0x8122000,0x80000)
Round 18:
	window is [1, 5, 14, 18, 21, 22, 23, 24, 25, 26, 27, 28, 29, 31]
	Max: -53.624906 (0x8000,0x22000) (0xc000,0x22000) (0x48000,0x22000) (0x4c000,0x22000) (0x208000,0x22000) (0x20c000,0x22000) (0x248000,0x22000) (0x24c000,0x22000) (0x2008000,0x22000) (0x200c000,0x22000) (0x2048000,0x22000) (0x204c000,0x22000) (0x2208000,0x22000) (0x220c000,0x22000) (0x2248000,0x22000) (0x224c000,0x22000)
Round 19:
	window is [3, 16, 19, 20, 22, 23, 24, 25, 26, 27, 28, 29, 30, 31]
	Max: -55.175367 (0x2000,0x8000) (0x12000,0x8000) (0x802000,0x8000) (0x812000,0x8000)
Round 20:
	window is [1, 14, 18, 21, 22, 23, 24, 25, 26, 27, 28, 29, 30, 31]
	Max: -56.433765 (0,0x2000) (0x4000,0x2000) (0x200000,0x2000) (0x204000,0x2000)
Round 21:
	window is [1, 15, 16, 19, 20, 22, 23, 24, 25, 26, 27, 28, 29, 30]
	Max: -56.433765 (0x2000,0)
Round 22:
	window is [14, 17, 18, 21, 22, 23, 24, 25, 26, 27, 28, 29, 30, 31]
	Max: -58.433432 (0x8000,0x2000) (0xc000,0x2000) (0x208000,0x2000) (0x20c000,0x2000)
Round 23:
	window is [1, 15, 16, 19, 20, 22, 23, 24, 25, 26, 27, 29, 30, 31]
	Max: -60.433410 (0x22000,0x8000) (0x32000,0x8000) (0x822000,0x8000) (0x832000,0x8000)
Round 24:
	window is [5, 14, 16, 17, 18, 21, 22, 23, 24, 25, 28, 29, 30, 31]
	Max: -63.732964 (0x80000,0x22000) (0x84000,0x22000) (0xc0000,0x22000) (0xc4000,0x22000) (0x280000,0x22000) (0x284000,0x22000) (0x2c0000,0x22000) (0x2c4000,0x22000) (0x2080000,0x22000) (0x2084000,0x22000) (0x20c0000,0x22000) (0x20c4000,0x22000) (0x2280000,0x22000) (0x2284000,0x22000) (0x22c0000,0x22000) (0x22c4000,0x22000)
Round 25:
	window is [0, 1, 7, 15, 16, 18, 19, 20, 22, 23, 25, 26, 27, 29]
	Max: -65.732964 (0x222000,0x80000) (0x322000,0x80000) (0x8222000,0x80000) (0x8322000,0x80000)
over.
