Input: (0, 0x1)
	Max: 0.000000 (0,0x1)
Round 1:
	window is []
	0.000000
	Max: 0.000000 (0x1,0)
Round 2:
	window is [1, 8]
	0.000000
	Max: -2.000000 (0x4,0x1) (0x6,0x1) (0x104,0x1) (0x106,0x1)
Round 3:
	window is [2, 3, 9, 10, 16]
	0.000000
	Max: -4.000000 (0x11,0x4) (0x19,0x4) (0x411,0x4) (0x419,0x4)
Round 4:
	window is [1, 3, 4, 5, 8, 10, 11, 12, 17, 18]
	0.000001
	Max: -7.299560 (0x40,0x11) (0x42,0x11) (0x60,0x11) (0x62,0x11) (0x140,0x11) (0x142,0x11) (0x160,0x11) (0x162,0x11) (0x1040,0x11) (0x1042,0x11) (0x1060,0x11) (0x1062,0x11) (0x1140,0x11) (0x1142,0x11) (0x1160,0x11) (0x1162,0x11)
Round 5:
	window is [2, 3, 6, 7, 9, 10, 13, 14, 16, 20]
	0.000026
	Max: -9.299560 (0x111,0x40) (0x191,0x40) (0x4111,0x40) (0x4191,0x40)
Round 6:
	window is [1, 5, 8, 9, 10, 11, 12, 15, 16, 22]
	0.001625
	Max: -14.375212 (0x404,0x111) (0x406,0x111) (0x424,0x111) (0x426,0x111) (0x504,0x111) (0x506,0x111) (0x524,0x111) (0x526,0x111) (0x604,0x111) (0x606,0x111) (0x624,0x111) (0x626,0x111) (0x704,0x111) (0x706,0x111) (0x724,0x111) (0x726,0x111) (0x1404,0x111) (0x1406,0x111) (0x1424,0x111) (0x1426,0x111) (0x1504,0x111) (0x1506,0x111) (0x1524,0x111) (0x1526,0x111) (0x1604,0x111) (0x1606,0x111) (0x1624,0x111) (0x1626,0x111) (0x1704,0x111) (0x1706,0x111) (0x1724,0x111) (0x1726,0x111) (0x10404,0x111) (0x10406,0x111) (0x10424,0x111) (0x10426,0x111) (0x10504,0x111) (0x10506,0x111) (0x10524,0x111) (0x10526,0x111) (0x10604,0x111) (0x10606,0x111) (0x10624,0x111) (0x10626,0x111) (0x10704,0x111) (0x10706,0x111) (0x10724,0x111) (0x10726,0x111) (0x11404,0x111) (0x11406,0x111) (0x11424,0x111) (0x11426,0x111) (0x11504,0x111) (0x11506,0x111) (0x11524,0x111) (0x11526,0x111) (0x11604,0x111) (0x11606,0x111) (0x11624,0x111) (0x11626,0x111) (0x11704,0x111) (0x11706,0x111) (0x11724,0x111) (0x11726,0x111)
Round 7:
	window is [3, 7, 9, 10, 11, 12, 13, 14, 17, 18]
	0.002280
	Max: -17.975248 (0x1101,0x404) (0x1109,0x404) (0x1501,0x404) (0x1509,0x404) (0x1901,0x404) (0x1909,0x404) (0x1d01,0x404) (0x1d09,0x404) (0x41101,0x404) (0x41109,0x404) (0x41501,0x404) (0x41509,0x404) (0x41901,0x404) (0x41909,0x404) (0x41d01,0x404) (0x41d09,0x404)
Round 8:
	window is [1, 5, 8, 9, 10, 11, 12, 14, 15, 16]
	0.002997
	Max: -22.165239 (0x4000,0x1101) (0x4002,0x1101) (0x4100,0x1101) (0x4102,0x1101) (0x4200,0x1101) (0x4202,0x1101) (0x4300,0x1101) (0x4302,0x1101) (0x14000,0x1101) (0x14002,0x1101) (0x14100,0x1101) (0x14102,0x1101) (0x14200,0x1101) (0x14202,0x1101) (0x14300,0x1101) (0x14302,0x1101)
Round 9:
	window is [3, 7, 9, 10, 11, 13, 14, 16, 17, 18]
	0.003499
	Max: -24.165239 (0x11101,0x4000)
Round 10:
	window is [1, 5, 8, 9, 10, 12, 14, 15, 16, 18]
	0.005658
	Max: -31.734206 (0x4004,0x1101) (0x4006,0x1101) (0x4104,0x1101) (0x4106,0x1101) (0x4204,0x1101) (0x4206,0x1101) (0x4304,0x1101) (0x4306,0x1101) (0x14004,0x1101) (0x14006,0x1101) (0x14104,0x1101) (0x14106,0x1101) (0x14204,0x1101) (0x14206,0x1101) (0x14304,0x1101) (0x14306,0x1101)
Round 11:
	window is [3, 7, 9, 10, 11, 12, 14, 16, 17, 18]
	0.006535
	Max: -35.711141 (0x11111,0x4004) (0x11119,0x4004) (0x11511,0x4004) (0x11519,0x4004)
Round 12:
	window is [1, 5, 8, 9, 10, 12, 13, 16, 19, 20]
	0.007453
	Max: -41.151443 (0x40,0x111) (0x42,0x111) (0x60,0x111) (0x62,0x111) (0x140,0x111) (0x142,0x111) (0x160,0x111) (0x162,0x111) (0x240,0x111) (0x242,0x111) (0x260,0x111) (0x262,0x111) (0x340,0x111) (0x342,0x111) (0x360,0x111) (0x362,0x111) (0x1040,0x111) (0x1042,0x111) (0x1060,0x111) (0x1062,0x111) (0x1140,0x111) (0x1142,0x111) (0x1160,0x111) (0x1162,0x111) (0x1240,0x111) (0x1242,0x111) (0x1260,0x111) (0x1262,0x111) (0x1340,0x111) (0x1342,0x111) (0x1360,0x111) (0x1362,0x111) (0x10040,0x111) (0x10042,0x111) (0x10060,0x111) (0x10062,0x111) (0x10140,0x111) (0x10142,0x111) (0x10160,0x111) (0x10162,0x111) (0x10240,0x111) (0x10242,0x111) (0x10260,0x111) (0x10262,0x111) (0x10340,0x111) (0x10342,0x111) (0x10360,0x111) (0x10362,0x111) (0x11040,0x111) (0x11042,0x111) (0x11060,0x111) (0x11062,0x111) (0x11140,0x111) (0x11142,0x111) (0x11160,0x111) (0x11162,0x111) (0x11240,0x111) (0x11242,0x111) (0x11260,0x111) (0x11262,0x111) (0x11340,0x111) (0x11342,0x111) (0x11360,0x111) (0x11362,0x111)
Round 13:
	window is [3, 7, 10, 11, 14, 15, 17, 18, 21, 22]
	0.007960
	Max: -42.512274 (0x11,0x40) (0x91,0x40) (0x4011,0x40) (0x4091,0x40)
Round 14:
	window is [1, 5, 8, 9, 12, 13, 16, 19, 20, 24]
	0.008184
	Max: -45.595948 (0x4,0x11) (0x6,0x11) (0x24,0x11) (0x26,0x11) (0x104,0x11) (0x106,0x11) (0x124,0x11) (0x126,0x11) (0x1004,0x11) (0x1006,0x11) (0x1024,0x11) (0x1026,0x11) (0x1104,0x11) (0x1106,0x11) (0x1124,0x11) (0x1126,0x11)
Round 15:
	window is [3, 7, 10, 11, 13, 14, 15, 17, 18, 22]
	0.008377
	Max: -47.237041 (0x1,0x4) (0x9,0x4) (0x401,0x4) (0x409,0x4)
Round 16:
	window is [1, 5, 8, 9, 11, 12, 13, 15, 16, 20]
	0.008572
	Max: -48.536602 (0,0x1) (0x2,0x1) (0x100,0x1) (0x102,0x1)
Round 17:
	window is [2, 3, 6, 7, 9, 10, 11, 13, 14, 16]
	0.008765
	Max: -48.536602 (0x1,0)
Round 18:
	window is [1, 4, 5, 8, 9, 11, 12, 15, 16, 18]
	0.008957
	Max: -50.536602 (0x4,0x1) (0x6,0x1) (0x104,0x1) (0x106,0x1)
Round 19:
	window is [2, 3, 6, 7, 9, 10, 11, 13, 14, 16]
	0.009156
	Max: -52.536602 (0x11,0x4) (0x19,0x4) (0x411,0x4) (0x419,0x4)
Round 20:
	window is [1, 4, 5, 8, 9, 10, 11, 12, 17, 18]
	0.009357
	Max: -55.836162 (0x40,0x11) (0x42,0x11) (0x60,0x11) (0x62,0x11) (0x140,0x11) (0x142,0x11) (0x160,0x11) (0x162,0x11) (0x1040,0x11) (0x1042,0x11) (0x1060,0x11) (0x1062,0x11) (0x1140,0x11) (0x1142,0x11) (0x1160,0x11) (0x1162,0x11)
Round 21:
	window is [2, 3, 6, 7, 9, 10, 13, 14, 16, 20]
	0.009614
	Max: -57.836162 (0x111,0x40) (0x191,0x40) (0x4111,0x40) (0x4191,0x40)
Round 22:
	window is [1, 5, 8, 9, 10, 11, 12, 15, 16, 22]
	0.011707
	Max: -62.911813 (0x404,0x111) (0x406,0x111) (0x424,0x111) (0x426,0x111) (0x504,0x111) (0x506,0x111) (0x524,0x111) (0x526,0x111) (0x604,0x111) (0x606,0x111) (0x624,0x111) (0x626,0x111) (0x704,0x111) (0x706,0x111) (0x724,0x111) (0x726,0x111) (0x1404,0x111) (0x1406,0x111) (0x1424,0x111) (0x1426,0x111) (0x1504,0x111) (0x1506,0x111) (0x1524,0x111) (0x1526,0x111) (0x1604,0x111) (0x1606,0x111) (0x1624,0x111) (0x1626,0x111) (0x1704,0x111) (0x1706,0x111) (0x1724,0x111) (0x1726,0x111) (0x10404,0x111) (0x10406,0x111) (0x10424,0x111) (0x10426,0x111) (0x10504,0x111) (0x10506,0x111) (0x10524,0x111) (0x10526,0x111) (0x10604,0x111) (0x10606,0x111) (0x10624,0x111) (0x10626,0x111) (0x10704,0x111) (0x10706,0x111) (0x10724,0x111) (0x10726,0x111) (0x11404,0x111) (0x11406,0x111) (0x11424,0x111) (0x11426,0x111) (0x11504,0x111) (0x11506,0x111) (0x11524,0x111) (0x11526,0x111) (0x11604,0x111) (0x11606,0x111) (0x11624,0x111) (0x11626,0x111) (0x11704,0x111) (0x11706,0x111) (0x11724,0x111) (0x11726,0x111)
Round 23:
	window is [3, 7, 9, 10, 11, 12, 13, 14, 17, 18]
	0.012379
	Max: -66.511850 (0x1101,0x404) (0x1109,0x404) (0x1501,0x404) (0x1509,0x404) (0x1901,0x404) (0x1909,0x404) (0x1d01,0x404) (0x1d09,0x404) (0x41101,0x404) (0x41109,0x404) (0x41501,0x404) (0x41509,0x404) (0x41901,0x404) (0x41909,0x404) (0x41d01,0x404) (0x41d09,0x404)
over.
