Input: (0x1, 0x400004)
	Max: 0.000000 (0x1,0x400004)
Round 1:
	window is [16, 23]
	0.000000
	Max: -2.000000 (0x4,0x1) (0x10004,0x1) (0x800004,0x1) (0x810004,0x1)
Round 2:
	window is [1, 8, 14, 15, 18, 21, 22]
	0.000000
	Max: -4.000000 (0,0x4) (0x2,0x4) (0x40000,0x4) (0x40002,0x4)
Round 3:
	window is [0, 6, 7, 10, 12, 13, 14, 16, 17, 19, 20, 21, 23]
	0.000005
	Max: -4.000000 (0x4,0)
Round 4:
	window is [1, 4, 5, 8, 9, 10, 11, 12, 14, 15, 16, 17, 18, 19, 21, 22, 23]
	0.004663
	Max: -6.000000 (0x1,0x4) (0x3,0x4) (0x40001,0x4) (0x40003,0x4)
Round 5:
	window is [0, 3, 6, 7, 8, 9, 10, 12, 13, 14, 15, 16, 17, 19, 20, 21, 23]
