Input: (0x1, 0x800000)
	Max: 0.000000 (0x1,0x800000)
Round 1:
	window is [0, 19]
	0.000000
	Max: -2.000000 (0,0x1) (0x1,0x1) (0x80000,0x1) (0x80001,0x1)
Round 2:
	window is [0, 14, 18, 19, 23]
	0.000000
	Max: -2.000000 (0x1,0)
Round 3:
	window is [0, 9, 13, 14, 17, 18, 19, 22, 23]
	0.000000
	Max: -4.000000 (0x800000,0x1) (0x800001,0x1) (0x880000,0x1) (0x880001,0x1)
Round 4:
	window is [0, 4, 8, 9, 12, 13, 14, 16, 17, 18, 19, 21, 22, 23]
	0.000012
	Max: -6.000000 (0x400001,0x800000) (0x440001,0x800000) (0xc00001,0x800000) (0xc40001,0x800000)
Round 5:
	window is [0, 9, 12, 13, 14, 15, 16, 17, 18, 19, 20, 21, 22, 23]
	0.001092
	Max: -9.192645 (0x200000,0x400001) (0x200001,0x400001) (0x220000,0x400001) (0x220001,0x400001) (0x280000,0x400001) (0x280001,0x400001) (0x2a0000,0x400001) (0x2a0001,0x400001) (0x600000,0x400001) (0x600001,0x400001) (0x620000,0x400001) (0x620001,0x400001) (0x680000,0x400001) (0x680001,0x400001) (0x6a0000,0x400001) (0x6a0001,0x400001)
Round 6:
	window is [0, 8, 12, 13, 14, 15, 16, 17, 18, 19, 20, 21, 22, 23]
	0.034159
	Max: -11.192645 (0x500001,0x200000) (0x510001,0x200000) (0x700001,0x200000) (0x710001,0x200000)
Round 7:
	window is [0, 11, 12, 13, 14, 15, 16, 17, 18, 19, 20, 21, 22, 23]
	0.248091
	Max: -16.005159 (0x800000,0x500001) (0x800001,0x500001) (0x808000,0x500001) (0x808001,0x500001) (0x820000,0x500001) (0x820001,0x500001) (0x828000,0x500001) (0x828001,0x500001) (0x880000,0x500001) (0x880001,0x500001) (0x888000,0x500001) (0x888001,0x500001) (0x8a0000,0x500001) (0x8a0001,0x500001) (0x8a8000,0x500001) (0x8a8001,0x500001) (0x900000,0x500001) (0x900001,0x500001) (0x908000,0x500001) (0x908001,0x500001) (0x920000,0x500001) (0x920001,0x500001) (0x928000,0x500001) (0x928001,0x500001) (0x980000,0x500001) (0x980001,0x500001) (0x988000,0x500001) (0x988001,0x500001) (0x9a0000,0x500001) (0x9a0001,0x500001) (0x9a8000,0x500001) (0x9a8001,0x500001) (0xc00000,0x500001) (0xc00001,0x500001) (0xc08000,0x500001) (0xc08001,0x500001) (0xc20000,0x500001) (0xc20001,0x500001) (0xc28000,0x500001) (0xc28001,0x500001) (0xc80000,0x500001) (0xc80001,0x500001) (0xc88000,0x500001) (0xc88001,0x500001) (0xca0000,0x500001) (0xca0001,0x500001) (0xca8000,0x500001) (0xca8001,0x500001) (0xd00000,0x500001) (0xd00001,0x500001) (0xd08000,0x500001) (0xd08001,0x500001) (0xd20000,0x500001) (0xd20001,0x500001) (0xd28000,0x500001) (0xd28001,0x500001) (0xd80000,0x500001) (0xd80001,0x500001) (0xd88000,0x500001) (0xd88001,0x500001) (0xda0000,0x500001) (0xda0001,0x500001) (0xda8000,0x500001) (0xda8001,0x500001)
Round 8:
	window is [0, 10, 12, 13, 14, 15, 16, 17, 18, 19, 20, 21, 22, 23]
	0.980292
	Max: -17.466795 (0x100001,0x800000) (0x140001,0x800000) (0x900001,0x800000) (0x940001,0x800000)
Round 9:
	window is [0, 11, 12, 13, 14, 15, 16, 17, 18, 19, 20, 21, 22, 23]
	2.470867
	Max: -20.241416 (0,0x100001) (0x1,0x100001) (0x8000,0x100001) (0x8001,0x100001) (0x80000,0x100001) (0x80001,0x100001) (0x88000,0x100001) (0x88001,0x100001) (0x100000,0x100001) (0x100001,0x100001) (0x108000,0x100001) (0x108001,0x100001) (0x180000,0x100001) (0x180001,0x100001) (0x188000,0x100001) (0x188001,0x100001)
Round 10:
	window is [0, 10, 12, 13, 14, 15, 16, 17, 18, 19, 20, 21, 22, 23]
	4.400563
	Max: -20.241416 (0x100001,0)
Round 11:
	window is [0, 11, 12, 13, 14, 15, 16, 17, 18, 19, 20, 21, 22, 23]
	6.661616
	Max: -23.686246 (0x940000,0x80001) (0x944001,0x80001) (0x9c0000,0x80001) (0x9c4001,0x80001)
Round 12:
	window is [0, 10, 12, 13, 14, 15, 16, 17, 18, 19, 20, 21, 22, 23]
	9.378454
	Max: -25.585370 (0x1,0)
Round 13:
	window is [0, 11, 12, 13, 14, 15, 16, 17, 18, 19, 20, 21, 22, 23]
	12.509376
	Max: -27.321442 (0x800000,0x1) (0x800001,0x1) (0x880000,0x1) (0x880001,0x1)
Round 14:
	window is [0, 10, 12, 13, 14, 15, 16, 17, 18, 19, 20, 21, 22, 23]
	14.489715
	Max: -29.240264 (0x400001,0x800000) (0x440001,0x800000) (0xc00001,0x800000) (0xc40001,0x800000)
Round 15:
	window is [0, 11, 12, 13, 14, 15, 16, 17, 18, 19, 20, 21, 22, 23]
	16.726199
	Max: -31.316274 (0x800000,0x1) (0x800001,0x1) (0x880000,0x1) (0x880001,0x1)
Round 16:
	window is [0, 10, 12, 13, 14, 15, 16, 17, 18, 19, 20, 21, 22, 23]
	18.729371
	Max: -33.225907 (0x400001,0x800000) (0x440001,0x800000) (0xc00001,0x800000) (0xc40001,0x800000)
Round 17:
	window is [0, 11, 12, 13, 14, 15, 16, 17, 18, 19, 20, 21, 22, 23]
	21.203024
	Max: -35.166267 (0x800000,0x1) (0x800001,0x1) (0x880000,0x1) (0x880001,0x1)
Round 18:
	window is [0, 10, 12, 13, 14, 15, 16, 17, 18, 19, 20, 21, 22, 23]
	23.165978
	Max: -36.920929 (0x800000,0x1) (0x800001,0x1) (0x880000,0x1) (0x880001,0x1)
Round 19:
	window is [0, 11, 12, 13, 14, 15, 16, 17, 18, 19, 20, 21, 22, 23]
	25.683858
	Max: -38.758709 (0x800000,0x1) (0x800001,0x1) (0x880000,0x1) (0x880001,0x1)
Round 20:
	window is [0, 10, 12, 13, 14, 15, 16, 17, 18, 19, 20, 21, 22, 23]
	28.321028
	Max: -40.698367 (0x400001,0x800000) (0x440001,0x800000) (0xc00001,0x800000) (0xc40001,0x800000)
Round 21:
	window is [0, 11, 12, 13, 14, 15, 16, 17, 18, 19, 20, 21, 22, 23]
	30.755098
	Max: -43.326767 (0x400001,0x800000) (0x440001,0x800000) (0xc00001,0x800000) (0xc40001,0x800000)
Round 22:
	window is [0, 10, 12, 13, 14, 15, 16, 17, 18, 19, 20, 21, 22, 23]
	33.433951
	Max: -45.244847 (0x800000,0x1) (0x800001,0x1) (0x880000,0x1) (0x880001,0x1)
Round 23:
	window is [0, 11, 12, 13, 14, 15, 16, 17, 18, 19, 20, 21, 22, 23]
	36.385086
	Max: -47.111111 (0x800000,0x1) (0x800001,0x1) (0x880000,0x1) (0x880001,0x1)
Round 24:
	window is [0, 10, 12, 13, 14, 15, 16, 17, 18, 19, 20, 21, 22, 23]
	39.252562
	Max: -49.009183 (0x400001,0x800000) (0x440001,0x800000) (0xc00001,0x800000) (0xc40001,0x800000)
over.
