Input: (0, 0x1)
	Max: 0.000000 (0,0x1)
Round 1:
	window is []
	0.000000
	Max: 0.000000 (0x1,0)
Round 2:
	window is [1, 8]
	0.000000
	Max: -2.000000 (0x4,0x1) (0x6,0x1) (0x104,0x1) (0x106,0x1)
Round 3:
	window is [2, 3, 9, 10, 16]
	0.000000
	Max: -4.000000 (0x11,0x4) (0x19,0x4) (0x411,0x4) (0x419,0x4)
Round 4:
	window is [1, 3, 4, 5, 8, 10, 11, 12, 17, 18, 24]
	0.000001
	Max: -7.299560 (0x40,0x11) (0x42,0x11) (0x60,0x11) (0x62,0x11) (0x140,0x11) (0x142,0x11) (0x160,0x11) (0x162,0x11) (0x1040,0x11) (0x1042,0x11) (0x1060,0x11) (0x1062,0x11) (0x1140,0x11) (0x1142,0x11) (0x1160,0x11) (0x1162,0x11)
Round 5:
	window is [2, 3, 6, 7, 9, 10, 12, 13, 14, 16, 19, 20, 26]
	0.000226
	Max: -9.299560 (0x111,0x40) (0x191,0x40) (0x4111,0x40) (0x4191,0x40)
Round 6:
	window is [1, 4, 5, 8, 9, 10, 11, 12, 15, 16, 18, 21, 22]
	0.080830
	Max: -14.375212 (0x404,0x111) (0x406,0x111) (0x424,0x111) (0x426,0x111) (0x504,0x111) (0x506,0x111) (0x524,0x111) (0x526,0x111) (0x604,0x111) (0x606,0x111) (0x624,0x111) (0x626,0x111) (0x704,0x111) (0x706,0x111) (0x724,0x111) (0x726,0x111) (0x1404,0x111) (0x1406,0x111) (0x1424,0x111) (0x1426,0x111) (0x1504,0x111) (0x1506,0x111) (0x1524,0x111) (0x1526,0x111) (0x1604,0x111) (0x1606,0x111) (0x1624,0x111) (0x1626,0x111) (0x1704,0x111) (0x1706,0x111) (0x1724,0x111) (0x1726,0x111) (0x10404,0x111) (0x10406,0x111) (0x10424,0x111) (0x10426,0x111) (0x10504,0x111) (0x10506,0x111) (0x10524,0x111) (0x10526,0x111) (0x10604,0x111) (0x10606,0x111) (0x10624,0x111) (0x10626,0x111) (0x10704,0x111) (0x10706,0x111) (0x10724,0x111) (0x10726,0x111) (0x11404,0x111) (0x11406,0x111) (0x11424,0x111) (0x11426,0x111) (0x11504,0x111) (0x11506,0x111) (0x11524,0x111) (0x11526,0x111) (0x11604,0x111) (0x11606,0x111) (0x11624,0x111) (0x11626,0x111) (0x11704,0x111) (0x11706,0x111) (0x11724,0x111) (0x11726,0x111)
Round 7:
	window is [2, 3, 6, 7, 9, 10, 11, 12, 13, 14, 17, 18, 20]
	0.186559
	Max: -17.975248 (0x1101,0x404) (0x1109,0x404) (0x1501,0x404) (0x1509,0x404) (0x1901,0x404) (0x1909,0x404) (0x1d01,0x404) (0x1d09,0x404) (0x41101,0x404) (0x41109,0x404) (0x41501,0x404) (0x41509,0x404) (0x41901,0x404) (0x41909,0x404) (0x41d01,0x404) (0x41d09,0x404)
Round 8:
	window is [1, 4, 5, 8, 9, 10, 11, 12, 13, 14, 15, 16, 20]
	0.546101
	Max: -22.165068 (0x4000,0x1101) (0x4002,0x1101) (0x4100,0x1101) (0x4102,0x1101) (0x4200,0x1101) (0x4202,0x1101) (0x4300,0x1101) (0x4302,0x1101) (0x6000,0x1101) (0x6002,0x1101) (0x6100,0x1101) (0x6102,0x1101) (0x6200,0x1101) (0x6202,0x1101) (0x6300,0x1101) (0x6302,0x1101) (0x14000,0x1101) (0x14002,0x1101) (0x14100,0x1101) (0x14102,0x1101) (0x14200,0x1101) (0x14202,0x1101) (0x14300,0x1101) (0x14302,0x1101) (0x16000,0x1101) (0x16002,0x1101) (0x16100,0x1101) (0x16102,0x1101) (0x16200,0x1101) (0x16202,0x1101) (0x16300,0x1101) (0x16302,0x1101) (0x104000,0x1101) (0x104002,0x1101) (0x104100,0x1101) (0x104102,0x1101) (0x104200,0x1101) (0x104202,0x1101) (0x104300,0x1101) (0x104302,0x1101) (0x106000,0x1101) (0x106002,0x1101) (0x106100,0x1101) (0x106102,0x1101) (0x106200,0x1101) (0x106202,0x1101) (0x106300,0x1101) (0x106302,0x1101) (0x114000,0x1101) (0x114002,0x1101) (0x114100,0x1101) (0x114102,0x1101) (0x114200,0x1101) (0x114202,0x1101) (0x114300,0x1101) (0x114302,0x1101) (0x116000,0x1101) (0x116002,0x1101) (0x116100,0x1101) (0x116102,0x1101) (0x116200,0x1101) (0x116202,0x1101) (0x116300,0x1101) (0x116302,0x1101)
Round 9:
	window is [3, 6, 7, 9, 10, 11, 12, 13, 14, 15, 16, 17, 18]
	0.778105
	Max: -24.165068 (0x11101,0x4000) (0x19101,0x4000)
Round 10:
	window is [1, 5, 8, 9, 10, 11, 12, 13, 14, 15, 16, 18, 20]
	1.493708
	Max: -31.020446 (0x40404,0x11101) (0x40406,0x11101) (0x40504,0x11101) (0x40506,0x11101) (0x40604,0x11101) (0x40606,0x11101) (0x40704,0x11101) (0x40706,0x11101) (0x42404,0x11101) (0x42406,0x11101) (0x42504,0x11101) (0x42506,0x11101) (0x42604,0x11101) (0x42606,0x11101) (0x42704,0x11101) (0x42706,0x11101) (0x50404,0x11101) (0x50406,0x11101) (0x50504,0x11101) (0x50506,0x11101) (0x50604,0x11101) (0x50606,0x11101) (0x50704,0x11101) (0x50706,0x11101) (0x52404,0x11101) (0x52406,0x11101) (0x52504,0x11101) (0x52506,0x11101) (0x52604,0x11101) (0x52606,0x11101) (0x52704,0x11101) (0x52706,0x11101) (0x140404,0x11101) (0x140406,0x11101) (0x140504,0x11101) (0x140506,0x11101) (0x140604,0x11101) (0x140606,0x11101) (0x140704,0x11101) (0x140706,0x11101) (0x142404,0x11101) (0x142406,0x11101) (0x142504,0x11101) (0x142506,0x11101) (0x142604,0x11101) (0x142606,0x11101) (0x142704,0x11101) (0x142706,0x11101) (0x150404,0x11101) (0x150406,0x11101) (0x150504,0x11101) (0x150506,0x11101) (0x150604,0x11101) (0x150606,0x11101) (0x150704,0x11101) (0x150706,0x11101) (0x152404,0x11101) (0x152406,0x11101) (0x152504,0x11101) (0x152506,0x11101) (0x152604,0x11101) (0x152606,0x11101) (0x152704,0x11101) (0x152706,0x11101)
Round 11:
	window is [3, 7, 9, 10, 11, 12, 13, 14, 15, 16, 17, 18, 22]
	1.999636
	Max: -35.661211 (0x11111,0x4004) (0x11119,0x4004) (0x11511,0x4004) (0x11519,0x4004) (0x19111,0x4004) (0x19119,0x4004) (0x19511,0x4004) (0x19519,0x4004) (0x411111,0x4004) (0x411119,0x4004) (0x411511,0x4004) (0x411519,0x4004) (0x419111,0x4004) (0x419119,0x4004) (0x419511,0x4004) (0x419519,0x4004)
Round 12:
	window is [1, 5, 8, 9, 10, 11, 12, 13, 14, 15, 16, 20, 24]
	2.908863
	Max: -40.226034 (0x40,0x111) (0x42,0x111) (0x60,0x111) (0x62,0x111) (0x140,0x111) (0x142,0x111) (0x160,0x111) (0x162,0x111) (0x240,0x111) (0x242,0x111) (0x260,0x111) (0x262,0x111) (0x340,0x111) (0x342,0x111) (0x360,0x111) (0x362,0x111) (0x1040,0x111) (0x1042,0x111) (0x1060,0x111) (0x1062,0x111) (0x1140,0x111) (0x1142,0x111) (0x1160,0x111) (0x1162,0x111) (0x1240,0x111) (0x1242,0x111) (0x1260,0x111) (0x1262,0x111) (0x1340,0x111) (0x1342,0x111) (0x1360,0x111) (0x1362,0x111) (0x10040,0x111) (0x10042,0x111) (0x10060,0x111) (0x10062,0x111) (0x10140,0x111) (0x10142,0x111) (0x10160,0x111) (0x10162,0x111) (0x10240,0x111) (0x10242,0x111) (0x10260,0x111) (0x10262,0x111) (0x10340,0x111) (0x10342,0x111) (0x10360,0x111) (0x10362,0x111) (0x11040,0x111) (0x11042,0x111) (0x11060,0x111) (0x11062,0x111) (0x11140,0x111) (0x11142,0x111) (0x11160,0x111) (0x11162,0x111) (0x11240,0x111) (0x11242,0x111) (0x11260,0x111) (0x11262,0x111) (0x11340,0x111) (0x11342,0x111) (0x11360,0x111) (0x11362,0x111)
Round 13:
	window is [3, 7, 9, 10, 11, 12, 13, 14, 15, 16, 17, 18, 22]
	3.511271
	Max: -41.516239 (0x11,0x40) (0x91,0x40) (0x4011,0x40) (0x4091,0x40)
Round 14:
	window is [1, 5, 8, 9, 10, 11, 12, 13, 14, 15, 16, 19, 20]
	3.839551
	Max: -44.506405 (0x4,0x11) (0x6,0x11) (0x24,0x11) (0x26,0x11) (0x104,0x11) (0x106,0x11) (0x124,0x11) (0x126,0x11) (0x1004,0x11) (0x1006,0x11) (0x1024,0x11) (0x1026,0x11) (0x1104,0x11) (0x1106,0x11) (0x1124,0x11) (0x1126,0x11)
Round 15:
	window is [3, 7, 9, 10, 11, 12, 13, 14, 15, 16, 17, 18, 22]
	4.407884
	Max: -46.084661 (0x1,0x4) (0x9,0x4) (0x401,0x4) (0x409,0x4)
Round 16:
	window is [1, 5, 8, 9, 10, 11, 12, 13, 14, 15, 16, 18, 20]
	4.773115
	Max: -47.346109 (0,0x1) (0x2,0x1) (0x100,0x1) (0x102,0x1)
Round 17:
	window is [2, 3, 7, 9, 10, 11, 12, 13, 14, 15, 16, 17, 20]
	5.105956
	Max: -47.346109 (0x1,0)
Round 18:
	window is [1, 4, 5, 8, 9, 10, 11, 12, 13, 15, 16, 17, 18]
	5.340305
	Max: -49.345868 (0x4,0x1) (0x6,0x1) (0x104,0x1) (0x106,0x1)
Round 19:
	window is [2, 3, 6, 7, 9, 10, 11, 12, 13, 14, 16, 18, 20]
	5.579811
	Max: -51.345854 (0x11,0x4) (0x19,0x4) (0x411,0x4) (0x419,0x4)
Round 20:
	window is [1, 3, 4, 5, 8, 9, 10, 11, 12, 15, 16, 17, 18]
	5.750920
	Max: -54.645411 (0x40,0x11) (0x42,0x11) (0x60,0x11) (0x62,0x11) (0x140,0x11) (0x142,0x11) (0x160,0x11) (0x162,0x11) (0x1040,0x11) (0x1042,0x11) (0x1060,0x11) (0x1062,0x11) (0x1140,0x11) (0x1142,0x11) (0x1160,0x11) (0x1162,0x11)
Round 21:
	window is [2, 3, 5, 6, 7, 9, 10, 12, 13, 14, 16, 19, 20]
	6.150066
	Max: -56.645410 (0x111,0x40) (0x191,0x40) (0x4111,0x40) (0x4191,0x40)
Round 22:
	window is [1, 4, 5, 8, 9, 10, 11, 12, 15, 16, 18, 21, 22]
	7.390729
	Max: -61.721060 (0x404,0x111) (0x406,0x111) (0x424,0x111) (0x426,0x111) (0x504,0x111) (0x506,0x111) (0x524,0x111) (0x526,0x111) (0x604,0x111) (0x606,0x111) (0x624,0x111) (0x626,0x111) (0x704,0x111) (0x706,0x111) (0x724,0x111) (0x726,0x111) (0x1404,0x111) (0x1406,0x111) (0x1424,0x111) (0x1426,0x111) (0x1504,0x111) (0x1506,0x111) (0x1524,0x111) (0x1526,0x111) (0x1604,0x111) (0x1606,0x111) (0x1624,0x111) (0x1626,0x111) (0x1704,0x111) (0x1706,0x111) (0x1724,0x111) (0x1726,0x111) (0x10404,0x111) (0x10406,0x111) (0x10424,0x111) (0x10426,0x111) (0x10504,0x111) (0x10506,0x111) (0x10524,0x111) (0x10526,0x111) (0x10604,0x111) (0x10606,0x111) (0x10624,0x111) (0x10626,0x111) (0x10704,0x111) (0x10706,0x111) (0x10724,0x111) (0x10726,0x111) (0x11404,0x111) (0x11406,0x111) (0x11424,0x111) (0x11426,0x111) (0x11504,0x111) (0x11506,0x111) (0x11524,0x111) (0x11526,0x111) (0x11604,0x111) (0x11606,0x111) (0x11624,0x111) (0x11626,0x111) (0x11704,0x111) (0x11706,0x111) (0x11724,0x111) (0x11726,0x111)
Round 23:
	window is [2, 3, 6, 7, 9, 10, 11, 12, 13, 14, 17, 18, 20]
	7.491804
	Max: -65.321096 (0x1101,0x404) (0x1109,0x404) (0x1501,0x404) (0x1509,0x404) (0x1901,0x404) (0x1909,0x404) (0x1d01,0x404) (0x1d09,0x404) (0x41101,0x404) (0x41109,0x404) (0x41501,0x404) (0x41509,0x404) (0x41901,0x404) (0x41909,0x404) (0x41d01,0x404) (0x41d09,0x404)
over.
