Input: (0, 0x1)
	Max: 0.000000 (0,0x1)
Round 1:
	window is []
	0.000000
	Max: 0.000000 (0x1,0)
Round 2:
	window is [0, 5]
	0.000000
	Max: -2.000000 (0x2,0x1) (0x3,0x1) (0x22,0x1) (0x23,0x1)
Round 3:
	window is [0, 1, 5, 6, 10]
	0.000000
	Max: -4.000000 (0x5,0x2) (0x7,0x2) (0x45,0x2) (0x47,0x2)
Round 4:
	window is [0, 1, 2, 5, 6, 7, 10, 11, 15]
	0.000000
	Max: -7.299560 (0x8,0x5) (0x9,0x5) (0xc,0x5) (0xd,0x5) (0x28,0x5) (0x29,0x5) (0x2c,0x5) (0x2d,0x5) (0x88,0x5) (0x89,0x5) (0x8c,0x5) (0x8d,0x5) (0xa8,0x5) (0xa9,0x5) (0xac,0x5) (0xad,0x5)
Round 5:
	window is [0, 1, 2, 3, 5, 6, 7, 8, 10, 11, 12, 15, 16, 20]
	0.000105
	Max: -9.299560 (0x15,0x8) (0x1d,0x8) (0x115,0x8) (0x11d,0x8)
Round 6:
	window is [0, 1, 2, 3, 4, 5, 6, 7, 8, 9, 10, 11, 12, 13]
	0.027055
	Max: -14.283797 (0x2,0x15) (0x3,0x15) (0x6,0x15) (0x7,0x15) (0x12,0x15) (0x13,0x15) (0x16,0x15) (0x17,0x15) (0x22,0x15) (0x23,0x15) (0x26,0x15) (0x27,0x15) (0x32,0x15) (0x33,0x15) (0x36,0x15) (0x37,0x15) (0x82,0x15) (0x83,0x15) (0x86,0x15) (0x87,0x15) (0x92,0x15) (0x93,0x15) (0x96,0x15) (0x97,0x15) (0xa2,0x15) (0xa3,0x15) (0xa6,0x15) (0xa7,0x15) (0xb2,0x15) (0xb3,0x15) (0xb6,0x15) (0xb7,0x15) (0x202,0x15) (0x203,0x15) (0x206,0x15) (0x207,0x15) (0x212,0x15) (0x213,0x15) (0x216,0x15) (0x217,0x15) (0x222,0x15) (0x223,0x15) (0x226,0x15) (0x227,0x15) (0x232,0x15) (0x233,0x15) (0x236,0x15) (0x237,0x15) (0x282,0x15) (0x283,0x15) (0x286,0x15) (0x287,0x15) (0x292,0x15) (0x293,0x15) (0x296,0x15) (0x297,0x15) (0x2a2,0x15) (0x2a3,0x15) (0x2a6,0x15) (0x2a7,0x15) (0x2b2,0x15) (0x2b3,0x15) (0x2b6,0x15) (0x2b7,0x15)
Round 7:
	window is [0, 1, 2, 3, 4, 5, 6, 7, 8, 9, 10, 11, 12, 14]
	0.561508
	Max: -15.851154 (0x11,0x2) (0x13,0x2) (0x51,0x2) (0x53,0x2)
Round 8:
	window is [0, 1, 2, 3, 4, 5, 6, 7, 8, 9, 10, 11, 12, 13]
	2.699053
	Max: -18.267129 (0xa,0x1) (0xb,0x1) (0x2a,0x1) (0x2b,0x1)
Round 9:
	window is [0, 1, 2, 3, 4, 5, 6, 7, 8, 9, 10, 11, 12, 14]
	6.611364
	Max: -18.695302 (0x11,0)
Round 10:
	window is [0, 1, 2, 3, 4, 5, 6, 7, 8, 9, 10, 11, 12, 13]
	10.938119
	Max: -22.571590 (0x2,0x11) (0x3,0x11) (0x12,0x11) (0x13,0x11) (0x22,0x11) (0x23,0x11) (0x32,0x11) (0x33,0x11) (0x202,0x11) (0x203,0x11) (0x212,0x11) (0x213,0x11) (0x222,0x11) (0x223,0x11) (0x232,0x11) (0x233,0x11)
Round 11:
	window is [0, 1, 2, 3, 4, 5, 6, 7, 8, 9, 10, 11, 12, 14]
	15.199751
	Max: -23.254277 (0x1,0)
Round 12:
	window is [0, 1, 2, 3, 4, 5, 6, 7, 8, 9, 10, 11, 12, 13]
	19.552567
	Max: -25.092062 (0x2,0x1) (0x3,0x1) (0x22,0x1) (0x23,0x1)
Round 13:
	window is [0, 1, 2, 3, 4, 5, 6, 7, 8, 9, 10, 11, 12, 13]
	23.821622
	Max: -27.039384 (0x5,0x2) (0x7,0x2) (0x45,0x2) (0x47,0x2)
Round 14:
	window is [0, 1, 2, 3, 4, 5, 6, 7, 8, 9, 10, 11, 12, 13]
	28.652033
	Max: -29.706663 (0x2,0x1) (0x3,0x1) (0x22,0x1) (0x23,0x1)
Round 15:
	window is [0, 1, 2, 3, 4, 5, 6, 7, 8, 9, 10, 11, 12, 13]
	32.946455
	Max: -31.624811 (0x5,0x2) (0x7,0x2) (0x45,0x2) (0x47,0x2)
Round 16:
	window is [0, 1, 2, 3, 4, 5, 6, 7, 8, 9, 10, 11, 12, 13]
	37.191681
	Max: -33.623758 (0x5,0x2) (0x7,0x2) (0x45,0x2) (0x47,0x2)
Round 17:
	window is [0, 1, 2, 3, 4, 5, 6, 7, 8, 9, 10, 11, 12, 13]
	41.442856
	Max: -35.548083 (0x1,0)
Round 18:
	window is [0, 1, 2, 3, 4, 5, 6, 7, 8, 9, 10, 11, 12, 13]
	45.677375
	Max: -37.310756 (0x2,0x1) (0x3,0x1) (0x22,0x1) (0x23,0x1)
Round 19:
	window is [0, 1, 2, 3, 4, 5, 6, 7, 8, 9, 10, 11, 12, 13]
	49.928550
	Max: -39.241972 (0x5,0x2) (0x7,0x2) (0x45,0x2) (0x47,0x2)
Round 20:
	window is [0, 1, 2, 3, 4, 5, 6, 7, 8, 9, 10, 11, 12, 13]
	54.149477
	Max: -41.649466 (0x5,0x2) (0x7,0x2) (0x45,0x2) (0x47,0x2)
Round 21:
	window is [0, 1, 2, 3, 4, 5, 6, 7, 8, 9, 10, 11, 12, 13]
	57.180768
	Max: -43.565088 (0x2,0x1) (0x3,0x1) (0x22,0x1) (0x23,0x1)
Round 22:
	window is [0, 1, 2, 3, 4, 5, 6, 7, 8, 9, 10, 11, 12, 13]
	60.413051
	Max: -45.353182 (0x2,0x1) (0x3,0x1) (0x22,0x1) (0x23,0x1)
Round 23:
	window is [0, 1, 2, 3, 4, 5, 6, 7, 8, 9, 10, 11, 12, 13]
	63.509456
	Max: -47.254951 (0x5,0x2) (0x7,0x2) (0x45,0x2) (0x47,0x2)
Round 24:
	window is [0, 1, 2, 3, 4, 5, 6, 7, 8, 9, 10, 11, 12, 13]
	66.783932
	Max: -49.200711 (0x2,0x1) (0x3,0x1) (0x22,0x1) (0x23,0x1)
Round 25:
	window is [0, 1, 2, 3, 4, 5, 6, 7, 8, 9, 10, 11, 12, 13]
	70.465040
	Max: -51.100036 (0x5,0x2) (0x7,0x2) (0x45,0x2) (0x47,0x2)
Round 26:
	window is [0, 1, 2, 3, 4, 5, 6, 7, 8, 9, 10, 11, 12, 13]
	80.848595
	Max: -52.999870 (0x5,0x2) (0x7,0x2) (0x45,0x2) (0x47,0x2)
Round 27:
	window is [0, 1, 2, 3, 4, 5, 6, 7, 8, 9, 10, 11, 12, 13]
	86.648641
	Max: -54.900128 (0x2,0x1) (0x3,0x1) (0x22,0x1) (0x23,0x1)
Round 28:
	window is [0, 1, 2, 3, 4, 5, 6, 7, 8, 9, 10, 11, 12, 13]
	91.016326
	Max: -56.785448 (0x2,0x1) (0x3,0x1) (0x22,0x1) (0x23,0x1)
Round 29:
	window is [0, 1, 2, 3, 4, 5, 6, 7, 8, 9, 10, 11, 12, 13]
	95.315379
	Max: -58.690517 (0x5,0x2) (0x7,0x2) (0x45,0x2) (0x47,0x2)
Round 30:
	window is [0, 1, 2, 3, 4, 5, 6, 7, 8, 9, 10, 11, 12, 13]
	99.458005
	Max: -60.644195 (0x5,0x2) (0x7,0x2) (0x45,0x2) (0x47,0x2)
Round 31:
	window is [0, 1, 2, 3, 4, 5, 6, 7, 8, 9, 10, 11, 12, 13]
	103.684572
	Max: -62.565634 (0x5,0x2) (0x7,0x2) (0x45,0x2) (0x47,0x2)
Round 32:
	window is [0, 1, 2, 3, 4, 5, 6, 7, 8, 9, 10, 11, 12, 13]
	107.785810
	Max: -64.483982 (0x5,0x2) (0x7,0x2) (0x45,0x2) (0x47,0x2)
over.
