Input: (0x100000, 0x280000)
	Max: 0.000000 (0x100000,0x280000)
Round 1:
	window is [15, 20]
	0.000000
	Max: -2.000000 (0x200000,0x100000) (0x208000,0x100000) (0x300000,0x100000) (0x308000,0x100000)
Round 2:
	window is [10, 14, 15, 16, 19, 20, 21]
	0.000000
	Max: -4.000000 (0,0x200000) (0x10000,0x200000) (0x200000,0x200000) (0x210000,0x200000)
Round 3:
	window is [5, 9, 10, 11, 13, 14, 15, 16, 18, 19, 20, 21]
	0.000001
	Max: -4.000000 (0x200000,0)
Round 4:
	window is [6, 9, 10, 11, 12, 13, 14, 15, 16, 17, 18, 19, 20, 21]
	0.000126
	Max: -6.000000 (0x100000,0x200000) (0x110000,0x200000) (0x300000,0x200000) (0x310000,0x200000)
Round 5:
	window is [5, 9, 10, 11, 12, 13, 14, 15, 16, 17, 18, 19, 20, 21]
	0.007643
	Max: -8.000000 (0x280000,0x100000) (0x288000,0x100000) (0x380000,0x100000) (0x388000,0x100000)
Round 6:
	window is [8, 9, 10, 11, 12, 13, 14, 15, 16, 17, 18, 19, 20, 21]
	0.144760
	Max: -11.192645 (0x40000,0x280000) (0x44000,0x280000) (0x50000,0x280000) (0x54000,0x280000) (0xc0000,0x280000) (0xc4000,0x280000) (0xd0000,0x280000) (0xd4000,0x280000) (0x240000,0x280000) (0x244000,0x280000) (0x250000,0x280000) (0x254000,0x280000) (0x2c0000,0x280000) (0x2c4000,0x280000) (0x2d0000,0x280000) (0x2d4000,0x280000)
Round 7:
	window is [8, 9, 10, 11, 12, 13, 14, 15, 16, 17, 18, 19, 20, 21]
	0.906134
	Max: -13.191602 (0x2a0000,0x40000) (0x2a2000,0x40000) (0x2e0000,0x40000) (0x2e2000,0x40000)
Round 8:
	window is [8, 9, 10, 11, 12, 13, 14, 15, 16, 17, 18, 19, 20, 21]
	2.385758
	Max: -18.002370 (0x100000,0x2a0000) (0x101000,0x2a0000) (0x104000,0x2a0000) (0x105000,0x2a0000) (0x110000,0x2a0000) (0x111000,0x2a0000) (0x114000,0x2a0000) (0x115000,0x2a0000) (0x120000,0x2a0000) (0x121000,0x2a0000) (0x124000,0x2a0000) (0x125000,0x2a0000) (0x130000,0x2a0000) (0x131000,0x2a0000) (0x134000,0x2a0000) (0x135000,0x2a0000) (0x180000,0x2a0000) (0x181000,0x2a0000) (0x184000,0x2a0000) (0x185000,0x2a0000) (0x190000,0x2a0000) (0x191000,0x2a0000) (0x194000,0x2a0000) (0x195000,0x2a0000) (0x1a0000,0x2a0000) (0x1a1000,0x2a0000) (0x1a4000,0x2a0000) (0x1a5000,0x2a0000) (0x1b0000,0x2a0000) (0x1b1000,0x2a0000) (0x1b4000,0x2a0000) (0x1b5000,0x2a0000) (0x300000,0x2a0000) (0x301000,0x2a0000) (0x304000,0x2a0000) (0x305000,0x2a0000) (0x310000,0x2a0000) (0x311000,0x2a0000) (0x314000,0x2a0000) (0x315000,0x2a0000) (0x320000,0x2a0000) (0x321000,0x2a0000) (0x324000,0x2a0000) (0x325000,0x2a0000) (0x330000,0x2a0000) (0x331000,0x2a0000) (0x334000,0x2a0000) (0x335000,0x2a0000) (0x380000,0x2a0000) (0x381000,0x2a0000) (0x384000,0x2a0000) (0x385000,0x2a0000) (0x390000,0x2a0000) (0x391000,0x2a0000) (0x394000,0x2a0000) (0x395000,0x2a0000) (0x3a0000,0x2a0000) (0x3a1000,0x2a0000) (0x3a4000,0x2a0000) (0x3a5000,0x2a0000) (0x3b0000,0x2a0000) (0x3b1000,0x2a0000) (0x3b4000,0x2a0000) (0x3b5000,0x2a0000)
Round 9:
	window is [7, 9, 10, 11, 12, 13, 14, 15, 16, 17, 18, 19, 20, 21]
	4.439623
	Max: -19.462709 (0x220000,0x100000) (0x228000,0x100000) (0x320000,0x100000) (0x328000,0x100000)
Round 10:
	window is [8, 9, 10, 11, 12, 13, 14, 15, 16, 17, 18, 19, 20, 21]
	6.648219
	Max: -22.235309 (0,0x220000) (0x1000,0x220000) (0x10000,0x220000) (0x11000,0x220000) (0x20000,0x220000) (0x21000,0x220000) (0x30000,0x220000) (0x31000,0x220000) (0x200000,0x220000) (0x201000,0x220000) (0x210000,0x220000) (0x211000,0x220000) (0x220000,0x220000) (0x221000,0x220000) (0x230000,0x220000) (0x231000,0x220000)
Round 11:
	window is [7, 9, 10, 11, 12, 13, 14, 15, 16, 17, 18, 19, 20, 21]
	9.259125
	Max: -22.235309 (0x220000,0)
Round 12:
	window is [8, 9, 10, 11, 12, 13, 14, 15, 16, 17, 18, 19, 20, 21]
	12.440289
	Max: -25.677045 (0x128000,0x210000) (0x138000,0x210000) (0x328800,0x210000) (0x338800,0x210000)
Round 13:
	window is [7, 9, 10, 11, 12, 13, 14, 15, 16, 17, 18, 19, 20, 21]
	14.778913
	Max: -27.509741 (0x200000,0)
Round 14:
	window is [8, 9, 10, 11, 12, 13, 14, 15, 16, 17, 18, 19, 20, 21]
	17.121720
	Max: -29.240767 (0x100000,0x200000) (0x110000,0x200000) (0x300000,0x200000) (0x310000,0x200000)
Round 15:
	window is [7, 9, 10, 11, 12, 13, 14, 15, 16, 17, 18, 19, 20, 21]
	19.295371
	Max: -31.158117 (0x280000,0x100000) (0x288000,0x100000) (0x380000,0x100000) (0x388000,0x100000)
Round 16:
	window is [8, 9, 10, 11, 12, 13, 14, 15, 16, 17, 18, 19, 20, 21]
	21.604592
	Max: -33.224825 (0x100000,0x200000) (0x110000,0x200000) (0x300000,0x200000) (0x310000,0x200000)
Round 17:
	window is [7, 9, 10, 11, 12, 13, 14, 15, 16, 17, 18, 19, 20, 21]
	24.126742
	Max: -35.135233 (0x280000,0x100000) (0x288000,0x100000) (0x380000,0x100000) (0x388000,0x100000)
Round 18:
	window is [8, 9, 10, 11, 12, 13, 14, 15, 16, 17, 18, 19, 20, 21]
	27.144891
	Max: -37.070859 (0x280000,0x100000) (0x288000,0x100000) (0x380000,0x100000) (0x388000,0x100000)
Round 19:
	window is [7, 9, 10, 11, 12, 13, 14, 15, 16, 17, 18, 19, 20, 21]
	29.859488
	Max: -38.858728 (0x100000,0x200000) (0x110000,0x200000) (0x300000,0x200000) (0x310000,0x200000)
Round 20:
	window is [8, 9, 10, 11, 12, 13, 14, 15, 16, 17, 18, 19, 20, 21]
	32.458086
	Max: -40.697961 (0x100000,0x200000) (0x110000,0x200000) (0x300000,0x200000) (0x310000,0x200000)
Round 21:
	window is [7, 9, 10, 11, 12, 13, 14, 15, 16, 17, 18, 19, 20, 21]
	35.021324
	Max: -42.635901 (0x280000,0x100000) (0x288000,0x100000) (0x380000,0x100000) (0x388000,0x100000)
Round 22:
	window is [8, 9, 10, 11, 12, 13, 14, 15, 16, 17, 18, 19, 20, 21]
	38.179959
	Max: -45.222605 (0x280000,0x100000) (0x288000,0x100000) (0x380000,0x100000) (0x388000,0x100000)
Round 23:
	window is [7, 9, 10, 11, 12, 13, 14, 15, 16, 17, 18, 19, 20, 21]
	40.733164
	Max: -47.141323 (0x100000,0x200000) (0x110000,0x200000) (0x300000,0x200000) (0x310000,0x200000)
Round 24:
	window is [8, 9, 10, 11, 12, 13, 14, 15, 16, 17, 18, 19, 20, 21]
	44.222995
	Max: -49.008103 (0x100000,0x200000) (0x110000,0x200000) (0x300000,0x200000) (0x310000,0x200000)
over.
