Input: (0, 0x1)
	Max: 0.000000 (0,0x1)
Round 1:
	window is []
	Max: 0.000000 (0x1,0)
Round 2:
	window is [56, 63]
	Max: -2.000000 (0x4000000000000000,0x1) (0x4100000000000000,0x1) (0xc000000000000000,0x1) (0xc100000000000000,0x1)
Round 3:
	window is [48, 54, 55, 61, 62]
	Max: -4.000000 (0x1000000000000001,0x4000000000000000) (0x1040000000000001,0x4000000000000000) (0x3000000000000001,0x4000000000000000) (0x3040000000000001,0x4000000000000000)
Round 4:
	window is [40, 46, 47, 52, 53, 54, 56, 59, 60, 61, 63]
	Max: -7.192645 (0x400000000000000,0x1000000000000001) (0x410000000000000,0x1000000000000001) (0x500000000000000,0x1000000000000001) (0x510000000000000,0x1000000000000001) (0xc00000000000000,0x1000000000000001) (0xc10000000000000,0x1000000000000001) (0xd00000000000000,0x1000000000000001) (0xd10000000000000,0x1000000000000001) (0x8400000000000000,0x1000000000000001) (0x8410000000000000,0x1000000000000001) (0x8500000000000000,0x1000000000000001) (0x8510000000000000,0x1000000000000001) (0x8c00000000000000,0x1000000000000001) (0x8c10000000000000,0x1000000000000001) (0x8d00000000000000,0x1000000000000001) (0x8d10000000000000,0x1000000000000001)
Round 5:
	window is [38, 44, 45, 48, 50, 51, 52, 54, 55, 57, 58, 59, 61, 62]
	Max: -9.192645 (0x1100000000000001,0x400000000000000) (0x1104000000000001,0x400000000000000) (0x1300000000000001,0x400000000000000) (0x1304000000000001,0x400000000000000)
Round 6:
	window is [42, 43, 46, 48, 49, 50, 52, 53, 54, 55, 56, 59, 60, 63]
	Max: -14.101210 (0x4040000000000000,0x1100000000000001) (0x4041000000000000,0x1100000000000001) (0x4050000000000000,0x1100000000000001) (0x4051000000000000,0x1100000000000001) (0x40c0000000000000,0x1100000000000001) (0x40c1000000000000,0x1100000000000001) (0x40d0000000000000,0x1100000000000001) (0x40d1000000000000,0x1100000000000001) (0x4140000000000000,0x1100000000000001) (0x4141000000000000,0x1100000000000001) (0x4150000000000000,0x1100000000000001) (0x4151000000000000,0x1100000000000001) (0x41c0000000000000,0x1100000000000001) (0x41c1000000000000,0x1100000000000001) (0x41d0000000000000,0x1100000000000001) (0x41d1000000000000,0x1100000000000001) (0x4840000000000000,0x1100000000000001) (0x4841000000000000,0x1100000000000001) (0x4850000000000000,0x1100000000000001) (0x4851000000000000,0x1100000000000001) (0x48c0000000000000,0x1100000000000001) (0x48c1000000000000,0x1100000000000001) (0x48d0000000000000,0x1100000000000001) (0x48d1000000000000,0x1100000000000001) (0x4940000000000000,0x1100000000000001) (0x4941000000000000,0x1100000000000001) (0x4950000000000000,0x1100000000000001) (0x4951000000000000,0x1100000000000001) (0x49c0000000000000,0x1100000000000001) (0x49c1000000000000,0x1100000000000001) (0x49d0000000000000,0x1100000000000001) (0x49d1000000000000,0x1100000000000001) (0xc040000000000000,0x1100000000000001) (0xc041000000000000,0x1100000000000001) (0xc050000000000000,0x1100000000000001) (0xc051000000000000,0x1100000000000001) (0xc0c0000000000000,0x1100000000000001) (0xc0c1000000000000,0x1100000000000001) (0xc0d0000000000000,0x1100000000000001) (0xc0d1000000000000,0x1100000000000001) (0xc140000000000000,0x1100000000000001) (0xc141000000000000,0x1100000000000001) (0xc150000000000000,0x1100000000000001) (0xc151000000000000,0x1100000000000001) (0xc1c0000000000000,0x1100000000000001) (0xc1c1000000000000,0x1100000000000001) (0xc1d0000000000000,0x1100000000000001) (0xc1d1000000000000,0x1100000000000001) (0xc840000000000000,0x1100000000000001) (0xc841000000000000,0x1100000000000001) (0xc850000000000000,0x1100000000000001) (0xc851000000000000,0x1100000000000001) (0xc8c0000000000000,0x1100000000000001) (0xc8c1000000000000,0x1100000000000001) (0xc8d0000000000000,0x1100000000000001) (0xc8d1000000000000,0x1100000000000001) (0xc940000000000000,0x1100000000000001) (0xc941000000000000,0x1100000000000001) (0xc950000000000000,0x1100000000000001) (0xc951000000000000,0x1100000000000001) (0xc9c0000000000000,0x1100000000000001) (0xc9c1000000000000,0x1100000000000001) (0xc9d0000000000000,0x1100000000000001) (0xc9d1000000000000,0x1100000000000001)
Round 7:
	window is [44, 46, 47, 48, 50, 51, 52, 53, 54, 55, 57, 58, 61, 62]
	Max: -17.585868 (0x110000000000001,0x4040000000000000) (0x110400000000001,0x4040000000000000) (0x130000000000001,0x4040000000000000) (0x130400000000001,0x4040000000000000) (0x150000000000001,0x4040000000000000) (0x150400000000001,0x4040000000000000) (0x170000000000001,0x4040000000000000) (0x170400000000001,0x4040000000000000) (0x2110000000000001,0x4040000000000000) (0x2110400000000001,0x4040000000000000) (0x2130000000000001,0x4040000000000000) (0x2130400000000001,0x4040000000000000) (0x2150000000000001,0x4040000000000000) (0x2150400000000001,0x4040000000000000) (0x2170000000000001,0x4040000000000000) (0x2170400000000001,0x4040000000000000)
Round 8:
	window is [44, 46, 48, 49, 50, 51, 52, 53, 54, 55, 56, 59, 60, 63]
	Max: -21.645488 (0x4000000000000,0x110000000000001) (0x4100000000000,0x110000000000001) (0x5000000000000,0x110000000000001) (0x5100000000000,0x110000000000001) (0xc000000000000,0x110000000000001) (0xc100000000000,0x110000000000001) (0xd000000000000,0x110000000000001) (0xd100000000000,0x110000000000001) (0x84000000000000,0x110000000000001) (0x84100000000000,0x110000000000001) (0x85000000000000,0x110000000000001) (0x85100000000000,0x110000000000001) (0x8c000000000000,0x110000000000001) (0x8c100000000000,0x110000000000001) (0x8d000000000000,0x110000000000001) (0x8d100000000000,0x110000000000001) (0x104000000000000,0x110000000000001) (0x104100000000000,0x110000000000001) (0x105000000000000,0x110000000000001) (0x105100000000000,0x110000000000001) (0x10c000000000000,0x110000000000001) (0x10c100000000000,0x110000000000001) (0x10d000000000000,0x110000000000001) (0x10d100000000000,0x110000000000001) (0x184000000000000,0x110000000000001) (0x184100000000000,0x110000000000001) (0x185000000000000,0x110000000000001) (0x185100000000000,0x110000000000001) (0x18c000000000000,0x110000000000001) (0x18c100000000000,0x110000000000001) (0x18d000000000000,0x110000000000001) (0x18d100000000000,0x110000000000001) (0x8004000000000000,0x110000000000001) (0x8004100000000000,0x110000000000001) (0x8005000000000000,0x110000000000001) (0x8005100000000000,0x110000000000001) (0x800c000000000000,0x110000000000001) (0x800c100000000000,0x110000000000001) (0x800d000000000000,0x110000000000001) (0x800d100000000000,0x110000000000001) (0x8084000000000000,0x110000000000001) (0x8084100000000000,0x110000000000001) (0x8085000000000000,0x110000000000001) (0x8085100000000000,0x110000000000001) (0x808c000000000000,0x110000000000001) (0x808c100000000000,0x110000000000001) (0x808d000000000000,0x110000000000001) (0x808d100000000000,0x110000000000001) (0x8104000000000000,0x110000000000001) (0x8104100000000000,0x110000000000001) (0x8105000000000000,0x110000000000001) (0x8105100000000000,0x110000000000001) (0x810c000000000000,0x110000000000001) (0x810c100000000000,0x110000000000001) (0x810d000000000000,0x110000000000001) (0x810d100000000000,0x110000000000001) (0x8184000000000000,0x110000000000001) (0x8184100000000000,0x110000000000001) (0x8185000000000000,0x110000000000001) (0x8185100000000000,0x110000000000001) (0x818c000000000000,0x110000000000001) (0x818c100000000000,0x110000000000001) (0x818d000000000000,0x110000000000001) (0x818d100000000000,0x110000000000001)
Round 9:
	window is [46, 47, 48, 49, 50, 51, 52, 53, 54, 55, 57, 58, 61, 62]
	Max: -23.645488 (0x111000000000001,0x4000000000000) (0x113000000000001,0x4000000000000)
Round 10:
	window is [44, 46, 48, 49, 50, 51, 52, 53, 54, 55, 56, 59, 60, 63]
	Max: -30.446986 (0x4040400000000000,0x111000000000001) (0x4040500000000000,0x111000000000001) (0x4041400000000000,0x111000000000001) (0x4041500000000000,0x111000000000001) (0x4048400000000000,0x111000000000001) (0x4048500000000000,0x111000000000001) (0x4049400000000000,0x111000000000001) (0x4049500000000000,0x111000000000001) (0x40c0400000000000,0x111000000000001) (0x40c0500000000000,0x111000000000001) (0x40c1400000000000,0x111000000000001) (0x40c1500000000000,0x111000000000001) (0x40c8400000000000,0x111000000000001) (0x40c8500000000000,0x111000000000001) (0x40c9400000000000,0x111000000000001) (0x40c9500000000000,0x111000000000001) (0x4140400000000000,0x111000000000001) (0x4140500000000000,0x111000000000001) (0x4141400000000000,0x111000000000001) (0x4141500000000000,0x111000000000001) (0x4148400000000000,0x111000000000001) (0x4148500000000000,0x111000000000001) (0x4149400000000000,0x111000000000001) (0x4149500000000000,0x111000000000001) (0x41c0400000000000,0x111000000000001) (0x41c0500000000000,0x111000000000001) (0x41c1400000000000,0x111000000000001) (0x41c1500000000000,0x111000000000001) (0x41c8400000000000,0x111000000000001) (0x41c8500000000000,0x111000000000001) (0x41c9400000000000,0x111000000000001) (0x41c9500000000000,0x111000000000001) (0xc040400000000000,0x111000000000001) (0xc040500000000000,0x111000000000001) (0xc041400000000000,0x111000000000001) (0xc041500000000000,0x111000000000001) (0xc048400000000000,0x111000000000001) (0xc048500000000000,0x111000000000001) (0xc049400000000000,0x111000000000001) (0xc049500000000000,0x111000000000001) (0xc0c0400000000000,0x111000000000001) (0xc0c0500000000000,0x111000000000001) (0xc0c1400000000000,0x111000000000001) (0xc0c1500000000000,0x111000000000001) (0xc0c8400000000000,0x111000000000001) (0xc0c8500000000000,0x111000000000001) (0xc0c9400000000000,0x111000000000001) (0xc0c9500000000000,0x111000000000001) (0xc140400000000000,0x111000000000001) (0xc140500000000000,0x111000000000001) (0xc141400000000000,0x111000000000001) (0xc141500000000000,0x111000000000001) (0xc148400000000000,0x111000000000001) (0xc148500000000000,0x111000000000001) (0xc149400000000000,0x111000000000001) (0xc149500000000000,0x111000000000001) (0xc1c0400000000000,0x111000000000001) (0xc1c0500000000000,0x111000000000001) (0xc1c1400000000000,0x111000000000001) (0xc1c1500000000000,0x111000000000001) (0xc1c8400000000000,0x111000000000001) (0xc1c8500000000000,0x111000000000001) (0xc1c9400000000000,0x111000000000001) (0xc1c9500000000000,0x111000000000001)
Round 11:
	window is [46, 47, 48, 49, 50, 51, 52, 53, 54, 55, 57, 58, 61, 62]
	Max: -34.943208 (0x1111000000000001,0x4004000000000000) (0x1113000000000001,0x4004000000000000) (0x1151000000000001,0x4004000000000000) (0x1153000000000001,0x4004000000000000) (0x3111000000000001,0x4004000000000000) (0x3113000000000001,0x4004000000000000) (0x3151000000000001,0x4004000000000000) (0x3153000000000001,0x4004000000000000)
Round 12:
	window is [46, 47, 48, 49, 50, 51, 52, 53, 54, 55, 56, 59, 60, 63]
	Max: -39.713669 (0x400000000000000,0x1100000000000001) (0x401000000000000,0x1100000000000001) (0x410000000000000,0x1100000000000001) (0x411000000000000,0x1100000000000001) (0x480000000000000,0x1100000000000001) (0x481000000000000,0x1100000000000001) (0x490000000000000,0x1100000000000001) (0x491000000000000,0x1100000000000001) (0x500000000000000,0x1100000000000001) (0x501000000000000,0x1100000000000001) (0x510000000000000,0x1100000000000001) (0x511000000000000,0x1100000000000001) (0x580000000000000,0x1100000000000001) (0x581000000000000,0x1100000000000001) (0x590000000000000,0x1100000000000001) (0x591000000000000,0x1100000000000001) (0xc00000000000000,0x1100000000000001) (0xc01000000000000,0x1100000000000001) (0xc10000000000000,0x1100000000000001) (0xc11000000000000,0x1100000000000001) (0xc80000000000000,0x1100000000000001) (0xc81000000000000,0x1100000000000001) (0xc90000000000000,0x1100000000000001) (0xc91000000000000,0x1100000000000001) (0xd00000000000000,0x1100000000000001) (0xd01000000000000,0x1100000000000001) (0xd10000000000000,0x1100000000000001) (0xd11000000000000,0x1100000000000001) (0xd80000000000000,0x1100000000000001) (0xd81000000000000,0x1100000000000001) (0xd90000000000000,0x1100000000000001) (0xd91000000000000,0x1100000000000001) (0x8400000000000000,0x1100000000000001) (0x8401000000000000,0x1100000000000001) (0x8410000000000000,0x1100000000000001) (0x8411000000000000,0x1100000000000001) (0x8480000000000000,0x1100000000000001) (0x8481000000000000,0x1100000000000001) (0x8490000000000000,0x1100000000000001) (0x8491000000000000,0x1100000000000001) (0x8500000000000000,0x1100000000000001) (0x8501000000000000,0x1100000000000001) (0x8510000000000000,0x1100000000000001) (0x8511000000000000,0x1100000000000001) (0x8580000000000000,0x1100000000000001) (0x8581000000000000,0x1100000000000001) (0x8590000000000000,0x1100000000000001) (0x8591000000000000,0x1100000000000001) (0x8c00000000000000,0x1100000000000001) (0x8c01000000000000,0x1100000000000001) (0x8c10000000000000,0x1100000000000001) (0x8c11000000000000,0x1100000000000001) (0x8c80000000000000,0x1100000000000001) (0x8c81000000000000,0x1100000000000001) (0x8c90000000000000,0x1100000000000001) (0x8c91000000000000,0x1100000000000001) (0x8d00000000000000,0x1100000000000001) (0x8d01000000000000,0x1100000000000001) (0x8d10000000000000,0x1100000000000001) (0x8d11000000000000,0x1100000000000001) (0x8d80000000000000,0x1100000000000001) (0x8d81000000000000,0x1100000000000001) (0x8d90000000000000,0x1100000000000001) (0x8d91000000000000,0x1100000000000001)
Round 13:
	window is [46, 47, 48, 49, 50, 51, 52, 53, 54, 55, 57, 58, 61, 62]
	Max: -40.698252 (0x1000000000000001,0x400000000000000) (0x1004000000000001,0x400000000000000) (0x1200000000000001,0x400000000000000) (0x1204000000000001,0x400000000000000)
Round 14:
	window is [46, 47, 48, 49, 50, 51, 52, 53, 54, 55, 56, 59, 60, 63]
	Max: -43.435645 (0x4000000000000000,0x1000000000000001) (0x4010000000000000,0x1000000000000001) (0x4100000000000000,0x1000000000000001) (0x4110000000000000,0x1000000000000001) (0x4800000000000000,0x1000000000000001) (0x4810000000000000,0x1000000000000001) (0x4900000000000000,0x1000000000000001) (0x4910000000000000,0x1000000000000001) (0xc000000000000000,0x1000000000000001) (0xc010000000000000,0x1000000000000001) (0xc100000000000000,0x1000000000000001) (0xc110000000000000,0x1000000000000001) (0xc800000000000000,0x1000000000000001) (0xc810000000000000,0x1000000000000001) (0xc900000000000000,0x1000000000000001) (0xc910000000000000,0x1000000000000001)
Round 15:
	window is [44, 47, 48, 49, 50, 51, 52, 53, 54, 55, 57, 58, 61, 62]
	Max: -44.864901 (0x1,0x4000000000000000) (0x40000000000001,0x4000000000000000) (0x2000000000000001,0x4000000000000000) (0x2040000000000001,0x4000000000000000)
Round 16:
	window is [46, 47, 48, 49, 50, 51, 52, 53, 54, 55, 56, 59, 60, 63]
	Max: -45.997554 (0,0x1) (0x100000000000000,0x1) (0x8000000000000000,0x1) (0x8100000000000000,0x1)
Round 17:
	window is [44, 46, 48, 49, 50, 51, 52, 53, 54, 55, 57, 58, 61, 62]
	Max: -45.997554 (0x1,0)
Round 18:
	window is [46, 47, 48, 49, 50, 51, 52, 53, 54, 55, 56, 59, 60, 63]
	Max: -47.996829 (0x4000000000000000,0x1) (0x4100000000000000,0x1) (0xc000000000000000,0x1) (0xc100000000000000,0x1)
Round 19:
	window is [44, 45, 47, 48, 50, 51, 52, 53, 54, 55, 57, 58, 61, 62]
	Max: -49.996776 (0x1000000000000001,0x4000000000000000) (0x1040000000000001,0x4000000000000000) (0x3000000000000001,0x4000000000000000) (0x3040000000000001,0x4000000000000000)
Round 20:
	window is [46, 47, 48, 49, 50, 51, 52, 53, 54, 55, 56, 59, 60, 63]
	Max: -53.189374 (0x400000000000000,0x1000000000000001) (0x410000000000000,0x1000000000000001) (0x500000000000000,0x1000000000000001) (0x510000000000000,0x1000000000000001) (0xc00000000000000,0x1000000000000001) (0xc10000000000000,0x1000000000000001) (0xd00000000000000,0x1000000000000001) (0xd10000000000000,0x1000000000000001) (0x8400000000000000,0x1000000000000001) (0x8410000000000000,0x1000000000000001) (0x8500000000000000,0x1000000000000001) (0x8510000000000000,0x1000000000000001) (0x8c00000000000000,0x1000000000000001) (0x8c10000000000000,0x1000000000000001) (0x8d00000000000000,0x1000000000000001) (0x8d10000000000000,0x1000000000000001)
Round 21:
	window is [44, 45, 48, 50, 51, 52, 53, 54, 55, 57, 58, 59, 61, 62]
	Max: -55.189374 (0x1100000000000001,0x400000000000000) (0x1104000000000001,0x400000000000000) (0x1300000000000001,0x400000000000000) (0x1304000000000001,0x400000000000000)
Round 22:
	window is [42, 43, 46, 48, 49, 50, 52, 53, 54, 55, 56, 59, 60, 63]
	Max: -60.097614 (0x4040000000000000,0x1100000000000001) (0x4041000000000000,0x1100000000000001) (0x4050000000000000,0x1100000000000001) (0x4051000000000000,0x1100000000000001) (0x40c0000000000000,0x1100000000000001) (0x40c1000000000000,0x1100000000000001) (0x40d0000000000000,0x1100000000000001) (0x40d1000000000000,0x1100000000000001) (0x4140000000000000,0x1100000000000001) (0x4141000000000000,0x1100000000000001) (0x4150000000000000,0x1100000000000001) (0x4151000000000000,0x1100000000000001) (0x41c0000000000000,0x1100000000000001) (0x41c1000000000000,0x1100000000000001) (0x41d0000000000000,0x1100000000000001) (0x41d1000000000000,0x1100000000000001) (0x4840000000000000,0x1100000000000001) (0x4841000000000000,0x1100000000000001) (0x4850000000000000,0x1100000000000001) (0x4851000000000000,0x1100000000000001) (0x48c0000000000000,0x1100000000000001) (0x48c1000000000000,0x1100000000000001) (0x48d0000000000000,0x1100000000000001) (0x48d1000000000000,0x1100000000000001) (0x4940000000000000,0x1100000000000001) (0x4941000000000000,0x1100000000000001) (0x4950000000000000,0x1100000000000001) (0x4951000000000000,0x1100000000000001) (0x49c0000000000000,0x1100000000000001) (0x49c1000000000000,0x1100000000000001) (0x49d0000000000000,0x1100000000000001) (0x49d1000000000000,0x1100000000000001) (0xc040000000000000,0x1100000000000001) (0xc041000000000000,0x1100000000000001) (0xc050000000000000,0x1100000000000001) (0xc051000000000000,0x1100000000000001) (0xc0c0000000000000,0x1100000000000001) (0xc0c1000000000000,0x1100000000000001) (0xc0d0000000000000,0x1100000000000001) (0xc0d1000000000000,0x1100000000000001) (0xc140000000000000,0x1100000000000001) (0xc141000000000000,0x1100000000000001) (0xc150000000000000,0x1100000000000001) (0xc151000000000000,0x1100000000000001) (0xc1c0000000000000,0x1100000000000001) (0xc1c1000000000000,0x1100000000000001) (0xc1d0000000000000,0x1100000000000001) (0xc1d1000000000000,0x1100000000000001) (0xc840000000000000,0x1100000000000001) (0xc841000000000000,0x1100000000000001) (0xc850000000000000,0x1100000000000001) (0xc851000000000000,0x1100000000000001) (0xc8c0000000000000,0x1100000000000001) (0xc8c1000000000000,0x1100000000000001) (0xc8d0000000000000,0x1100000000000001) (0xc8d1000000000000,0x1100000000000001) (0xc940000000000000,0x1100000000000001) (0xc941000000000000,0x1100000000000001) (0xc950000000000000,0x1100000000000001) (0xc951000000000000,0x1100000000000001) (0xc9c0000000000000,0x1100000000000001) (0xc9c1000000000000,0x1100000000000001) (0xc9d0000000000000,0x1100000000000001) (0xc9d1000000000000,0x1100000000000001)
Round 23:
	window is [44, 46, 47, 48, 50, 51, 52, 53, 54, 55, 57, 58, 61, 62]
	Max: -63.582193 (0x110000000000001,0x4040000000000000) (0x110400000000001,0x4040000000000000) (0x130000000000001,0x4040000000000000) (0x130400000000001,0x4040000000000000) (0x150000000000001,0x4040000000000000) (0x150400000000001,0x4040000000000000) (0x170000000000001,0x4040000000000000) (0x170400000000001,0x4040000000000000) (0x2110000000000001,0x4040000000000000) (0x2110400000000001,0x4040000000000000) (0x2130000000000001,0x4040000000000000) (0x2130400000000001,0x4040000000000000) (0x2150000000000001,0x4040000000000000) (0x2150400000000001,0x4040000000000000) (0x2170000000000001,0x4040000000000000) (0x2170400000000001,0x4040000000000000)
Round 24:
	window is [44, 46, 48, 49, 50, 51, 52, 53, 54, 55, 56, 59, 60, 63]
	Max: -67.641872 (0x4000000000000,0x110000000000001) (0x4100000000000,0x110000000000001) (0x5000000000000,0x110000000000001) (0x5100000000000,0x110000000000001) (0xc000000000000,0x110000000000001) (0xc100000000000,0x110000000000001) (0xd000000000000,0x110000000000001) (0xd100000000000,0x110000000000001) (0x84000000000000,0x110000000000001) (0x84100000000000,0x110000000000001) (0x85000000000000,0x110000000000001) (0x85100000000000,0x110000000000001) (0x8c000000000000,0x110000000000001) (0x8c100000000000,0x110000000000001) (0x8d000000000000,0x110000000000001) (0x8d100000000000,0x110000000000001) (0x104000000000000,0x110000000000001) (0x104100000000000,0x110000000000001) (0x105000000000000,0x110000000000001) (0x105100000000000,0x110000000000001) (0x10c000000000000,0x110000000000001) (0x10c100000000000,0x110000000000001) (0x10d000000000000,0x110000000000001) (0x10d100000000000,0x110000000000001) (0x184000000000000,0x110000000000001) (0x184100000000000,0x110000000000001) (0x185000000000000,0x110000000000001) (0x185100000000000,0x110000000000001) (0x18c000000000000,0x110000000000001) (0x18c100000000000,0x110000000000001) (0x18d000000000000,0x110000000000001) (0x18d100000000000,0x110000000000001) (0x8004000000000000,0x110000000000001) (0x8004100000000000,0x110000000000001) (0x8005000000000000,0x110000000000001) (0x8005100000000000,0x110000000000001) (0x800c000000000000,0x110000000000001) (0x800c100000000000,0x110000000000001) (0x800d000000000000,0x110000000000001) (0x800d100000000000,0x110000000000001) (0x8084000000000000,0x110000000000001) (0x8084100000000000,0x110000000000001) (0x8085000000000000,0x110000000000001) (0x8085100000000000,0x110000000000001) (0x808c000000000000,0x110000000000001) (0x808c100000000000,0x110000000000001) (0x808d000000000000,0x110000000000001) (0x808d100000000000,0x110000000000001) (0x8104000000000000,0x110000000000001) (0x8104100000000000,0x110000000000001) (0x8105000000000000,0x110000000000001) (0x8105100000000000,0x110000000000001) (0x810c000000000000,0x110000000000001) (0x810c100000000000,0x110000000000001) (0x810d000000000000,0x110000000000001) (0x810d100000000000,0x110000000000001) (0x8184000000000000,0x110000000000001) (0x8184100000000000,0x110000000000001) (0x8185000000000000,0x110000000000001) (0x8185100000000000,0x110000000000001) (0x818c000000000000,0x110000000000001) (0x818c100000000000,0x110000000000001) (0x818d000000000000,0x110000000000001) (0x818d100000000000,0x110000000000001)
Round 25:
	window is [46, 47, 48, 49, 50, 51, 52, 53, 54, 55, 57, 58, 61, 62]
	Max: -69.641872 (0x111000000000001,0x4000000000000) (0x113000000000001,0x4000000000000)
Round 26:
	window is [44, 46, 48, 49, 50, 51, 52, 53, 54, 55, 56, 59, 60, 63]
	Max: -76.443366 (0x4040400000000000,0x111000000000001) (0x4040500000000000,0x111000000000001) (0x4041400000000000,0x111000000000001) (0x4041500000000000,0x111000000000001) (0x4048400000000000,0x111000000000001) (0x4048500000000000,0x111000000000001) (0x4049400000000000,0x111000000000001) (0x4049500000000000,0x111000000000001) (0x40c0400000000000,0x111000000000001) (0x40c0500000000000,0x111000000000001) (0x40c1400000000000,0x111000000000001) (0x40c1500000000000,0x111000000000001) (0x40c8400000000000,0x111000000000001) (0x40c8500000000000,0x111000000000001) (0x40c9400000000000,0x111000000000001) (0x40c9500000000000,0x111000000000001) (0x4140400000000000,0x111000000000001) (0x4140500000000000,0x111000000000001) (0x4141400000000000,0x111000000000001) (0x4141500000000000,0x111000000000001) (0x4148400000000000,0x111000000000001) (0x4148500000000000,0x111000000000001) (0x4149400000000000,0x111000000000001) (0x4149500000000000,0x111000000000001) (0x41c0400000000000,0x111000000000001) (0x41c0500000000000,0x111000000000001) (0x41c1400000000000,0x111000000000001) (0x41c1500000000000,0x111000000000001) (0x41c8400000000000,0x111000000000001) (0x41c8500000000000,0x111000000000001) (0x41c9400000000000,0x111000000000001) (0x41c9500000000000,0x111000000000001) (0xc040400000000000,0x111000000000001) (0xc040500000000000,0x111000000000001) (0xc041400000000000,0x111000000000001) (0xc041500000000000,0x111000000000001) (0xc048400000000000,0x111000000000001) (0xc048500000000000,0x111000000000001) (0xc049400000000000,0x111000000000001) (0xc049500000000000,0x111000000000001) (0xc0c0400000000000,0x111000000000001) (0xc0c0500000000000,0x111000000000001) (0xc0c1400000000000,0x111000000000001) (0xc0c1500000000000,0x111000000000001) (0xc0c8400000000000,0x111000000000001) (0xc0c8500000000000,0x111000000000001) (0xc0c9400000000000,0x111000000000001) (0xc0c9500000000000,0x111000000000001) (0xc140400000000000,0x111000000000001) (0xc140500000000000,0x111000000000001) (0xc141400000000000,0x111000000000001) (0xc141500000000000,0x111000000000001) (0xc148400000000000,0x111000000000001) (0xc148500000000000,0x111000000000001) (0xc149400000000000,0x111000000000001) (0xc149500000000000,0x111000000000001) (0xc1c0400000000000,0x111000000000001) (0xc1c0500000000000,0x111000000000001) (0xc1c1400000000000,0x111000000000001) (0xc1c1500000000000,0x111000000000001) (0xc1c8400000000000,0x111000000000001) (0xc1c8500000000000,0x111000000000001) (0xc1c9400000000000,0x111000000000001) (0xc1c9500000000000,0x111000000000001)
Round 27:
	window is [46, 47, 48, 49, 50, 51, 52, 53, 54, 55, 57, 58, 61, 62]
	Max: -80.938767 (0x1111000000000001,0x4004000000000000) (0x1113000000000001,0x4004000000000000) (0x1151000000000001,0x4004000000000000) (0x1153000000000001,0x4004000000000000) (0x3111000000000001,0x4004000000000000) (0x3113000000000001,0x4004000000000000) (0x3151000000000001,0x4004000000000000) (0x3153000000000001,0x4004000000000000)
Round 28:
	window is [46, 47, 48, 49, 50, 51, 52, 53, 54, 55, 56, 59, 60, 63]
	Max: -85.710174 (0x400000000000000,0x1100000000000001) (0x401000000000000,0x1100000000000001) (0x410000000000000,0x1100000000000001) (0x411000000000000,0x1100000000000001) (0x480000000000000,0x1100000000000001) (0x481000000000000,0x1100000000000001) (0x490000000000000,0x1100000000000001) (0x491000000000000,0x1100000000000001) (0x500000000000000,0x1100000000000001) (0x501000000000000,0x1100000000000001) (0x510000000000000,0x1100000000000001) (0x511000000000000,0x1100000000000001) (0x580000000000000,0x1100000000000001) (0x581000000000000,0x1100000000000001) (0x590000000000000,0x1100000000000001) (0x591000000000000,0x1100000000000001) (0xc00000000000000,0x1100000000000001) (0xc01000000000000,0x1100000000000001) (0xc10000000000000,0x1100000000000001) (0xc11000000000000,0x1100000000000001) (0xc80000000000000,0x1100000000000001) (0xc81000000000000,0x1100000000000001) (0xc90000000000000,0x1100000000000001) (0xc91000000000000,0x1100000000000001) (0xd00000000000000,0x1100000000000001) (0xd01000000000000,0x1100000000000001) (0xd10000000000000,0x1100000000000001) (0xd11000000000000,0x1100000000000001) (0xd80000000000000,0x1100000000000001) (0xd81000000000000,0x1100000000000001) (0xd90000000000000,0x1100000000000001) (0xd91000000000000,0x1100000000000001) (0x8400000000000000,0x1100000000000001) (0x8401000000000000,0x1100000000000001) (0x8410000000000000,0x1100000000000001) (0x8411000000000000,0x1100000000000001) (0x8480000000000000,0x1100000000000001) (0x8481000000000000,0x1100000000000001) (0x8490000000000000,0x1100000000000001) (0x8491000000000000,0x1100000000000001) (0x8500000000000000,0x1100000000000001) (0x8501000000000000,0x1100000000000001) (0x8510000000000000,0x1100000000000001) (0x8511000000000000,0x1100000000000001) (0x8580000000000000,0x1100000000000001) (0x8581000000000000,0x1100000000000001) (0x8590000000000000,0x1100000000000001) (0x8591000000000000,0x1100000000000001) (0x8c00000000000000,0x1100000000000001) (0x8c01000000000000,0x1100000000000001) (0x8c10000000000000,0x1100000000000001) (0x8c11000000000000,0x1100000000000001) (0x8c80000000000000,0x1100000000000001) (0x8c81000000000000,0x1100000000000001) (0x8c90000000000000,0x1100000000000001) (0x8c91000000000000,0x1100000000000001) (0x8d00000000000000,0x1100000000000001) (0x8d01000000000000,0x1100000000000001) (0x8d10000000000000,0x1100000000000001) (0x8d11000000000000,0x1100000000000001) (0x8d80000000000000,0x1100000000000001) (0x8d81000000000000,0x1100000000000001) (0x8d90000000000000,0x1100000000000001) (0x8d91000000000000,0x1100000000000001)
Round 29:
	window is [46, 47, 48, 49, 50, 51, 52, 53, 54, 55, 57, 58, 61, 62]
	Max: -86.694740 (0x1000000000000001,0x400000000000000) (0x1004000000000001,0x400000000000000) (0x1200000000000001,0x400000000000000) (0x1204000000000001,0x400000000000000)
Round 30:
	window is [46, 47, 48, 49, 50, 51, 52, 53, 54, 55, 56, 59, 60, 63]
	Max: -89.431854 (0x4000000000000000,0x1000000000000001) (0x4010000000000000,0x1000000000000001) (0x4100000000000000,0x1000000000000001) (0x4110000000000000,0x1000000000000001) (0x4800000000000000,0x1000000000000001) (0x4810000000000000,0x1000000000000001) (0x4900000000000000,0x1000000000000001) (0x4910000000000000,0x1000000000000001) (0xc000000000000000,0x1000000000000001) (0xc010000000000000,0x1000000000000001) (0xc100000000000000,0x1000000000000001) (0xc110000000000000,0x1000000000000001) (0xc800000000000000,0x1000000000000001) (0xc810000000000000,0x1000000000000001) (0xc900000000000000,0x1000000000000001) (0xc910000000000000,0x1000000000000001)
Round 31:
	window is [44, 47, 48, 49, 50, 51, 52, 53, 54, 55, 57, 58, 61, 62]
	Max: -90.860987 (0x1,0x4000000000000000) (0x40000000000001,0x4000000000000000) (0x2000000000000001,0x4000000000000000) (0x2040000000000001,0x4000000000000000)
Round 32:
	window is [46, 47, 48, 49, 50, 51, 52, 53, 54, 55, 56, 59, 60, 63]
	Max: -91.993603 (0,0x1) (0x100000000000000,0x1) (0x8000000000000000,0x1) (0x8100000000000000,0x1)
Round 33:
	window is [44, 46, 48, 49, 50, 51, 52, 53, 54, 55, 57, 58, 61, 62]
	Max: -91.993603 (0x1,0)
Round 34:
	window is [46, 47, 48, 49, 50, 51, 52, 53, 54, 55, 56, 59, 60, 63]
	Max: -93.992877 (0x4000000000000000,0x1) (0x4100000000000000,0x1) (0xc000000000000000,0x1) (0xc100000000000000,0x1)
Round 35:
	window is [44, 45, 47, 48, 50, 51, 52, 53, 54, 55, 57, 58, 61, 62]
	Max: -95.992825 (0x1000000000000001,0x4000000000000000) (0x1040000000000001,0x4000000000000000) (0x3000000000000001,0x4000000000000000) (0x3040000000000001,0x4000000000000000)
Round 36:
	window is [46, 47, 48, 49, 50, 51, 52, 53, 54, 55, 56, 59, 60, 63]
	Max: -99.185423 (0x400000000000000,0x1000000000000001) (0x410000000000000,0x1000000000000001) (0x500000000000000,0x1000000000000001) (0x510000000000000,0x1000000000000001) (0xc00000000000000,0x1000000000000001) (0xc10000000000000,0x1000000000000001) (0xd00000000000000,0x1000000000000001) (0xd10000000000000,0x1000000000000001) (0x8400000000000000,0x1000000000000001) (0x8410000000000000,0x1000000000000001) (0x8500000000000000,0x1000000000000001) (0x8510000000000000,0x1000000000000001) (0x8c00000000000000,0x1000000000000001) (0x8c10000000000000,0x1000000000000001) (0x8d00000000000000,0x1000000000000001) (0x8d10000000000000,0x1000000000000001)
Round 37:
	window is [44, 45, 48, 50, 51, 52, 53, 54, 55, 57, 58, 59, 61, 62]
	Max: -101.185422 (0x1100000000000001,0x400000000000000) (0x1104000000000001,0x400000000000000) (0x1300000000000001,0x400000000000000) (0x1304000000000001,0x400000000000000)
Round 38:
	window is [42, 43, 46, 48, 49, 50, 52, 53, 54, 55, 56, 59, 60, 63]
	Max: -106.093662 (0x4040000000000000,0x1100000000000001) (0x4041000000000000,0x1100000000000001) (0x4050000000000000,0x1100000000000001) (0x4051000000000000,0x1100000000000001) (0x40c0000000000000,0x1100000000000001) (0x40c1000000000000,0x1100000000000001) (0x40d0000000000000,0x1100000000000001) (0x40d1000000000000,0x1100000000000001) (0x4140000000000000,0x1100000000000001) (0x4141000000000000,0x1100000000000001) (0x4150000000000000,0x1100000000000001) (0x4151000000000000,0x1100000000000001) (0x41c0000000000000,0x1100000000000001) (0x41c1000000000000,0x1100000000000001) (0x41d0000000000000,0x1100000000000001) (0x41d1000000000000,0x1100000000000001) (0x4840000000000000,0x1100000000000001) (0x4841000000000000,0x1100000000000001) (0x4850000000000000,0x1100000000000001) (0x4851000000000000,0x1100000000000001) (0x48c0000000000000,0x1100000000000001) (0x48c1000000000000,0x1100000000000001) (0x48d0000000000000,0x1100000000000001) (0x48d1000000000000,0x1100000000000001) (0x4940000000000000,0x1100000000000001) (0x4941000000000000,0x1100000000000001) (0x4950000000000000,0x1100000000000001) (0x4951000000000000,0x1100000000000001) (0x49c0000000000000,0x1100000000000001) (0x49c1000000000000,0x1100000000000001) (0x49d0000000000000,0x1100000000000001) (0x49d1000000000000,0x1100000000000001) (0xc040000000000000,0x1100000000000001) (0xc041000000000000,0x1100000000000001) (0xc050000000000000,0x1100000000000001) (0xc051000000000000,0x1100000000000001) (0xc0c0000000000000,0x1100000000000001) (0xc0c1000000000000,0x1100000000000001) (0xc0d0000000000000,0x1100000000000001) (0xc0d1000000000000,0x1100000000000001) (0xc140000000000000,0x1100000000000001) (0xc141000000000000,0x1100000000000001) (0xc150000000000000,0x1100000000000001) (0xc151000000000000,0x1100000000000001) (0xc1c0000000000000,0x1100000000000001) (0xc1c1000000000000,0x1100000000000001) (0xc1d0000000000000,0x1100000000000001) (0xc1d1000000000000,0x1100000000000001) (0xc840000000000000,0x1100000000000001) (0xc841000000000000,0x1100000000000001) (0xc850000000000000,0x1100000000000001) (0xc851000000000000,0x1100000000000001) (0xc8c0000000000000,0x1100000000000001) (0xc8c1000000000000,0x1100000000000001) (0xc8d0000000000000,0x1100000000000001) (0xc8d1000000000000,0x1100000000000001) (0xc940000000000000,0x1100000000000001) (0xc941000000000000,0x1100000000000001) (0xc950000000000000,0x1100000000000001) (0xc951000000000000,0x1100000000000001) (0xc9c0000000000000,0x1100000000000001) (0xc9c1000000000000,0x1100000000000001) (0xc9d0000000000000,0x1100000000000001) (0xc9d1000000000000,0x1100000000000001)
Round 39:
	window is [44, 46, 47, 48, 50, 51, 52, 53, 54, 55, 57, 58, 61, 62]
	Max: -109.578242 (0x110000000000001,0x4040000000000000) (0x110400000000001,0x4040000000000000) (0x130000000000001,0x4040000000000000) (0x130400000000001,0x4040000000000000) (0x150000000000001,0x4040000000000000) (0x150400000000001,0x4040000000000000) (0x170000000000001,0x4040000000000000) (0x170400000000001,0x4040000000000000) (0x2110000000000001,0x4040000000000000) (0x2110400000000001,0x4040000000000000) (0x2130000000000001,0x4040000000000000) (0x2130400000000001,0x4040000000000000) (0x2150000000000001,0x4040000000000000) (0x2150400000000001,0x4040000000000000) (0x2170000000000001,0x4040000000000000) (0x2170400000000001,0x4040000000000000)
Round 40:
	window is [44, 46, 48, 49, 50, 51, 52, 53, 54, 55, 56, 59, 60, 63]
	Max: -113.637921 (0x4000000000000,0x110000000000001) (0x4100000000000,0x110000000000001) (0x5000000000000,0x110000000000001) (0x5100000000000,0x110000000000001) (0xc000000000000,0x110000000000001) (0xc100000000000,0x110000000000001) (0xd000000000000,0x110000000000001) (0xd100000000000,0x110000000000001) (0x84000000000000,0x110000000000001) (0x84100000000000,0x110000000000001) (0x85000000000000,0x110000000000001) (0x85100000000000,0x110000000000001) (0x8c000000000000,0x110000000000001) (0x8c100000000000,0x110000000000001) (0x8d000000000000,0x110000000000001) (0x8d100000000000,0x110000000000001) (0x104000000000000,0x110000000000001) (0x104100000000000,0x110000000000001) (0x105000000000000,0x110000000000001) (0x105100000000000,0x110000000000001) (0x10c000000000000,0x110000000000001) (0x10c100000000000,0x110000000000001) (0x10d000000000000,0x110000000000001) (0x10d100000000000,0x110000000000001) (0x184000000000000,0x110000000000001) (0x184100000000000,0x110000000000001) (0x185000000000000,0x110000000000001) (0x185100000000000,0x110000000000001) (0x18c000000000000,0x110000000000001) (0x18c100000000000,0x110000000000001) (0x18d000000000000,0x110000000000001) (0x18d100000000000,0x110000000000001) (0x8004000000000000,0x110000000000001) (0x8004100000000000,0x110000000000001) (0x8005000000000000,0x110000000000001) (0x8005100000000000,0x110000000000001) (0x800c000000000000,0x110000000000001) (0x800c100000000000,0x110000000000001) (0x800d000000000000,0x110000000000001) (0x800d100000000000,0x110000000000001) (0x8084000000000000,0x110000000000001) (0x8084100000000000,0x110000000000001) (0x8085000000000000,0x110000000000001) (0x8085100000000000,0x110000000000001) (0x808c000000000000,0x110000000000001) (0x808c100000000000,0x110000000000001) (0x808d000000000000,0x110000000000001) (0x808d100000000000,0x110000000000001) (0x8104000000000000,0x110000000000001) (0x8104100000000000,0x110000000000001) (0x8105000000000000,0x110000000000001) (0x8105100000000000,0x110000000000001) (0x810c000000000000,0x110000000000001) (0x810c100000000000,0x110000000000001) (0x810d000000000000,0x110000000000001) (0x810d100000000000,0x110000000000001) (0x8184000000000000,0x110000000000001) (0x8184100000000000,0x110000000000001) (0x8185000000000000,0x110000000000001) (0x8185100000000000,0x110000000000001) (0x818c000000000000,0x110000000000001) (0x818c100000000000,0x110000000000001) (0x818d000000000000,0x110000000000001) (0x818d100000000000,0x110000000000001)
Round 41:
	window is [46, 47, 48, 49, 50, 51, 52, 53, 54, 55, 57, 58, 61, 62]
	Max: -115.637921 (0x111000000000001,0x4000000000000) (0x113000000000001,0x4000000000000)
Round 42:
	window is [44, 46, 48, 49, 50, 51, 52, 53, 54, 55, 56, 59, 60, 63]
	Max: -122.439415 (0x4040400000000000,0x111000000000001) (0x4040500000000000,0x111000000000001) (0x4041400000000000,0x111000000000001) (0x4041500000000000,0x111000000000001) (0x4048400000000000,0x111000000000001) (0x4048500000000000,0x111000000000001) (0x4049400000000000,0x111000000000001) (0x4049500000000000,0x111000000000001) (0x40c0400000000000,0x111000000000001) (0x40c0500000000000,0x111000000000001) (0x40c1400000000000,0x111000000000001) (0x40c1500000000000,0x111000000000001) (0x40c8400000000000,0x111000000000001) (0x40c8500000000000,0x111000000000001) (0x40c9400000000000,0x111000000000001) (0x40c9500000000000,0x111000000000001) (0x4140400000000000,0x111000000000001) (0x4140500000000000,0x111000000000001) (0x4141400000000000,0x111000000000001) (0x4141500000000000,0x111000000000001) (0x4148400000000000,0x111000000000001) (0x4148500000000000,0x111000000000001) (0x4149400000000000,0x111000000000001) (0x4149500000000000,0x111000000000001) (0x41c0400000000000,0x111000000000001) (0x41c0500000000000,0x111000000000001) (0x41c1400000000000,0x111000000000001) (0x41c1500000000000,0x111000000000001) (0x41c8400000000000,0x111000000000001) (0x41c8500000000000,0x111000000000001) (0x41c9400000000000,0x111000000000001) (0x41c9500000000000,0x111000000000001) (0xc040400000000000,0x111000000000001) (0xc040500000000000,0x111000000000001) (0xc041400000000000,0x111000000000001) (0xc041500000000000,0x111000000000001) (0xc048400000000000,0x111000000000001) (0xc048500000000000,0x111000000000001) (0xc049400000000000,0x111000000000001) (0xc049500000000000,0x111000000000001) (0xc0c0400000000000,0x111000000000001) (0xc0c0500000000000,0x111000000000001) (0xc0c1400000000000,0x111000000000001) (0xc0c1500000000000,0x111000000000001) (0xc0c8400000000000,0x111000000000001) (0xc0c8500000000000,0x111000000000001) (0xc0c9400000000000,0x111000000000001) (0xc0c9500000000000,0x111000000000001) (0xc140400000000000,0x111000000000001) (0xc140500000000000,0x111000000000001) (0xc141400000000000,0x111000000000001) (0xc141500000000000,0x111000000000001) (0xc148400000000000,0x111000000000001) (0xc148500000000000,0x111000000000001) (0xc149400000000000,0x111000000000001) (0xc149500000000000,0x111000000000001) (0xc1c0400000000000,0x111000000000001) (0xc1c0500000000000,0x111000000000001) (0xc1c1400000000000,0x111000000000001) (0xc1c1500000000000,0x111000000000001) (0xc1c8400000000000,0x111000000000001) (0xc1c8500000000000,0x111000000000001) (0xc1c9400000000000,0x111000000000001) (0xc1c9500000000000,0x111000000000001)
Round 43:
	window is [46, 47, 48, 49, 50, 51, 52, 53, 54, 55, 57, 58, 61, 62]
	Max: -126.934815 (0x1111000000000001,0x4004000000000000) (0x1113000000000001,0x4004000000000000) (0x1151000000000001,0x4004000000000000) (0x1153000000000001,0x4004000000000000) (0x3111000000000001,0x4004000000000000) (0x3113000000000001,0x4004000000000000) (0x3151000000000001,0x4004000000000000) (0x3153000000000001,0x4004000000000000)
Round 44:
	window is [46, 47, 48, 49, 50, 51, 52, 53, 54, 55, 56, 59, 60, 63]
	Max: -131.706222 (0x400000000000000,0x1100000000000001) (0x401000000000000,0x1100000000000001) (0x410000000000000,0x1100000000000001) (0x411000000000000,0x1100000000000001) (0x480000000000000,0x1100000000000001) (0x481000000000000,0x1100000000000001) (0x490000000000000,0x1100000000000001) (0x491000000000000,0x1100000000000001) (0x500000000000000,0x1100000000000001) (0x501000000000000,0x1100000000000001) (0x510000000000000,0x1100000000000001) (0x511000000000000,0x1100000000000001) (0x580000000000000,0x1100000000000001) (0x581000000000000,0x1100000000000001) (0x590000000000000,0x1100000000000001) (0x591000000000000,0x1100000000000001) (0xc00000000000000,0x1100000000000001) (0xc01000000000000,0x1100000000000001) (0xc10000000000000,0x1100000000000001) (0xc11000000000000,0x1100000000000001) (0xc80000000000000,0x1100000000000001) (0xc81000000000000,0x1100000000000001) (0xc90000000000000,0x1100000000000001) (0xc91000000000000,0x1100000000000001) (0xd00000000000000,0x1100000000000001) (0xd01000000000000,0x1100000000000001) (0xd10000000000000,0x1100000000000001) (0xd11000000000000,0x1100000000000001) (0xd80000000000000,0x1100000000000001) (0xd81000000000000,0x1100000000000001) (0xd90000000000000,0x1100000000000001) (0xd91000000000000,0x1100000000000001) (0x8400000000000000,0x1100000000000001) (0x8401000000000000,0x1100000000000001) (0x8410000000000000,0x1100000000000001) (0x8411000000000000,0x1100000000000001) (0x8480000000000000,0x1100000000000001) (0x8481000000000000,0x1100000000000001) (0x8490000000000000,0x1100000000000001) (0x8491000000000000,0x1100000000000001) (0x8500000000000000,0x1100000000000001) (0x8501000000000000,0x1100000000000001) (0x8510000000000000,0x1100000000000001) (0x8511000000000000,0x1100000000000001) (0x8580000000000000,0x1100000000000001) (0x8581000000000000,0x1100000000000001) (0x8590000000000000,0x1100000000000001) (0x8591000000000000,0x1100000000000001) (0x8c00000000000000,0x1100000000000001) (0x8c01000000000000,0x1100000000000001) (0x8c10000000000000,0x1100000000000001) (0x8c11000000000000,0x1100000000000001) (0x8c80000000000000,0x1100000000000001) (0x8c81000000000000,0x1100000000000001) (0x8c90000000000000,0x1100000000000001) (0x8c91000000000000,0x1100000000000001) (0x8d00000000000000,0x1100000000000001) (0x8d01000000000000,0x1100000000000001) (0x8d10000000000000,0x1100000000000001) (0x8d11000000000000,0x1100000000000001) (0x8d80000000000000,0x1100000000000001) (0x8d81000000000000,0x1100000000000001) (0x8d90000000000000,0x1100000000000001) (0x8d91000000000000,0x1100000000000001)
over.
