Input: (0x1, 0x4000000000000044)
	Max: 0.000000 (0x1,0x4000000000000044)
Round 1:
	window is [56, 63]
	Max: -2.000000 (0x44,0x1) (0x100000000000044,0x1) (0x8000000000000044,0x1) (0x8100000000000044,0x1)
Round 2:
	window is [1, 5, 48, 54, 55, 58, 61, 62]
	Max: -6.000000 (0x10,0x44) (0x12,0x44) (0x30,0x44) (0x32,0x44) (0x400000000000010,0x44) (0x400000000000012,0x44) (0x400000000000030,0x44) (0x400000000000032,0x44) (0x2000000000000010,0x8000000000000044) (0x2000000000000012,0x8000000000000044) (0x2080000000000030,0x8000000000000044) (0x2080000000000032,0x8000000000000044) (0x2400000000000010,0x8000000000000044) (0x2400000000000012,0x8000000000000044) (0x2480000000000030,0x8000000000000044) (0x2480000000000032,0x8000000000000044) (0x4000000000000010,0x44) (0x4000000000000012,0x44) (0x4000000000000030,0x44) (0x4000000000000032,0x44) (0x4400000000000010,0x44) (0x4400000000000012,0x44) (0x4400000000000030,0x44) (0x4400000000000032,0x44) (0x6000000000000010,0x8000000000000044) (0x6000000000000012,0x8000000000000044) (0x6080000000000030,0x8000000000000044) (0x6080000000000032,0x8000000000000044) (0x6400000000000010,0x8000000000000044) (0x6400000000000012,0x8000000000000044) (0x6480000000000030,0x8000000000000044) (0x6480000000000032,0x8000000000000044)
Round 3:
	window is [0, 3, 4, 46, 50, 52, 53, 54, 56, 57, 59, 60, 61, 63]
	Max: -8.000000 (0x40,0x10) (0x48,0x10) (0x1000000000000040,0x10) (0x1000000000000048,0x10) (0x8800000000000040,0x2000000000000010) (0x8820000000000048,0x2000000000000010) (0x9800000000000040,0x2000000000000010) (0x9820000000000048,0x2000000000000010)
Round 4:
	window is [1, 2, 5, 48, 50, 52, 53, 54, 55, 57, 58, 59, 61, 62]
	Max: -9.192645 (0,0x40) (0x20,0x40) (0x4000000000000000,0x40) (0x4000000000000020,0x40)
Round 5:
	window is [0, 3, 4, 50, 51, 52, 54, 55, 56, 57, 59, 60, 61, 63]
	Max: -9.192645 (0x40,0)
Round 6:
	window is [1, 2, 5, 49, 52, 53, 54, 55, 57, 58, 59, 60, 61, 62]
	Max: -11.192645 (0x10,0x40) (0x30,0x40) (0x4000000000000010,0x40) (0x4000000000000030,0x40)
Round 7:
	window is [0, 3, 4, 50, 51, 53, 54, 56, 57, 58, 59, 60, 61, 63]
	Max: -13.192645 (0x44,0x10) (0x4c,0x10) (0x1000000000000044,0x10) (0x100000000000004c,0x10)
Round 8:
	window is [1, 2, 5, 51, 52, 53, 54, 55, 57, 58, 59, 60, 61, 62]
	Max: -16.385290 (0x1,0x44) (0x3,0x44) (0x21,0x44) (0x23,0x44) (0x400000000000001,0x44) (0x400000000000003,0x44) (0x400000000000021,0x44) (0x400000000000023,0x44) (0x4000000000000001,0x44) (0x4000000000000003,0x44) (0x4000000000000021,0x44) (0x4000000000000023,0x44) (0x4400000000000001,0x44) (0x4400000000000003,0x44) (0x4400000000000021,0x44) (0x4400000000000023,0x44)
Round 9:
	window is [0, 3, 4, 50, 51, 52, 54, 56, 57, 58, 59, 60, 61, 63]
	Max: -18.385290 (0x4000000000000044,0x1) (0x4100000000000044,0x1) (0xc000000000000044,0x1) (0xc100000000000044,0x1)
Round 10:
	window is [1, 2, 5, 48, 49, 52, 54, 55, 56, 58, 59, 60, 61, 62]
	Max: -23.293849 (0x1000000000000010,0x4000000000000044) (0x1000000000000012,0x4000000000000044) (0x1000000000000030,0x4000000000000044) (0x1000000000000032,0x4000000000000044) (0x1040000000000010,0x4000000000000044) (0x1040000000000012,0x4000000000000044) (0x1040000000000030,0x4000000000000044) (0x1040000000000032,0x4000000000000044) (0x1400000000000010,0x4000000000000044) (0x1400000000000012,0x4000000000000044) (0x1400000000000030,0x4000000000000044) (0x1400000000000032,0x4000000000000044) (0x1440000000000010,0x4000000000000044) (0x1440000000000012,0x4000000000000044) (0x1440000000000030,0x4000000000000044) (0x1440000000000032,0x4000000000000044) (0x3000000000000010,0x4000000000000044) (0x3000000000000012,0x4000000000000044) (0x3000000000000030,0x4000000000000044) (0x3000000000000032,0x4000000000000044) (0x3040000000000010,0x4000000000000044) (0x3040000000000012,0x4000000000000044) (0x3040000000000030,0x4000000000000044) (0x3040000000000032,0x4000000000000044) (0x3400000000000010,0x4000000000000044) (0x3400000000000012,0x4000000000000044) (0x3400000000000030,0x4000000000000044) (0x3400000000000032,0x4000000000000044) (0x3440000000000010,0x4000000000000044) (0x3440000000000012,0x4000000000000044) (0x3440000000000030,0x4000000000000044) (0x3440000000000032,0x4000000000000044) (0x5000000000000010,0x4000000000000044) (0x5000000000000012,0x4000000000000044) (0x5000000000000030,0x4000000000000044) (0x5000000000000032,0x4000000000000044) (0x5040000000000010,0x4000000000000044) (0x5040000000000012,0x4000000000000044) (0x5040000000000030,0x4000000000000044) (0x5040000000000032,0x4000000000000044) (0x5400000000000010,0x4000000000000044) (0x5400000000000012,0x4000000000000044) (0x5400000000000030,0x4000000000000044) (0x5400000000000032,0x4000000000000044) (0x5440000000000010,0x4000000000000044) (0x5440000000000012,0x4000000000000044) (0x5440000000000030,0x4000000000000044) (0x5440000000000032,0x4000000000000044) (0x7000000000000010,0x4000000000000044) (0x7000000000000012,0x4000000000000044) (0x7000000000000030,0x4000000000000044) (0x7000000000000032,0x4000000000000044) (0x7040000000000010,0x4000000000000044) (0x7040000000000012,0x4000000000000044) (0x7040000000000030,0x4000000000000044) (0x7040000000000032,0x4000000000000044) (0x7400000000000010,0x4000000000000044) (0x7400000000000012,0x4000000000000044) (0x7400000000000030,0x4000000000000044) (0x7400000000000032,0x4000000000000044) (0x7440000000000010,0x4000000000000044) (0x7440000000000012,0x4000000000000044) (0x7440000000000030,0x4000000000000044) (0x7440000000000032,0x4000000000000044)
Round 11:
	window is [0, 3, 4, 50, 52, 53, 54, 56, 57, 58, 59, 60, 61, 63]
	Max: -26.778504 (0x4400000000000040,0x1000000000000010) (0x4400000000000048,0x1000000000000010) (0x4410000000000040,0x1000000000000010) (0x4410000000000048,0x1000000000000010) (0x4c00000000000040,0x1000000000000010) (0x4c00000000000048,0x1000000000000010) (0x4c10000000000040,0x1000000000000010) (0x4c10000000000048,0x1000000000000010) (0x5400000000000040,0x1000000000000010) (0x5400000000000048,0x1000000000000010) (0x5410000000000040,0x1000000000000010) (0x5410000000000048,0x1000000000000010) (0x5c00000000000040,0x1000000000000010) (0x5c00000000000048,0x1000000000000010) (0x5c10000000000040,0x1000000000000010) (0x5c10000000000048,0x1000000000000010)
Round 12:
	window is [1, 2, 5, 50, 52, 54, 55, 56, 57, 58, 59, 60, 61, 62]
	Max: -30.838184 (0x100000000000000,0x4400000000000040) (0x100000000000020,0x4400000000000040) (0x104000000000000,0x4400000000000040) (0x104000000000020,0x4400000000000040) (0x140000000000000,0x4400000000000040) (0x140000000000020,0x4400000000000040) (0x144000000000000,0x4400000000000040) (0x144000000000020,0x4400000000000040) (0x300000000000000,0x4400000000000040) (0x300000000000020,0x4400000000000040) (0x304000000000000,0x4400000000000040) (0x304000000000020,0x4400000000000040) (0x340000000000000,0x4400000000000040) (0x340000000000020,0x4400000000000040) (0x344000000000000,0x4400000000000040) (0x344000000000020,0x4400000000000040) (0x2100000000000000,0x4400000000000040) (0x2100000000000020,0x4400000000000040) (0x2104000000000000,0x4400000000000040) (0x2104000000000020,0x4400000000000040) (0x2140000000000000,0x4400000000000040) (0x2140000000000020,0x4400000000000040) (0x2144000000000000,0x4400000000000040) (0x2144000000000020,0x4400000000000040) (0x2300000000000000,0x4400000000000040) (0x2300000000000020,0x4400000000000040) (0x2304000000000000,0x4400000000000040) (0x2304000000000020,0x4400000000000040) (0x2340000000000000,0x4400000000000040) (0x2340000000000020,0x4400000000000040) (0x2344000000000000,0x4400000000000040) (0x2344000000000020,0x4400000000000040) (0x4100000000000000,0x4400000000000040) (0x4100000000000020,0x4400000000000040) (0x4104000000000000,0x4400000000000040) (0x4104000000000020,0x4400000000000040) (0x4140000000000000,0x4400000000000040) (0x4140000000000020,0x4400000000000040) (0x4144000000000000,0x4400000000000040) (0x4144000000000020,0x4400000000000040) (0x4300000000000000,0x4400000000000040) (0x4300000000000020,0x4400000000000040) (0x4304000000000000,0x4400000000000040) (0x4304000000000020,0x4400000000000040) (0x4340000000000000,0x4400000000000040) (0x4340000000000020,0x4400000000000040) (0x4344000000000000,0x4400000000000040) (0x4344000000000020,0x4400000000000040) (0x6100000000000000,0x4400000000000040) (0x6100000000000020,0x4400000000000040) (0x6104000000000000,0x4400000000000040) (0x6104000000000020,0x4400000000000040) (0x6140000000000000,0x4400000000000040) (0x6140000000000020,0x4400000000000040) (0x6144000000000000,0x4400000000000040) (0x6144000000000020,0x4400000000000040) (0x6300000000000000,0x4400000000000040) (0x6300000000000020,0x4400000000000040) (0x6304000000000000,0x4400000000000040) (0x6304000000000020,0x4400000000000040) (0x6340000000000000,0x4400000000000040) (0x6340000000000020,0x4400000000000040) (0x6344000000000000,0x4400000000000040) (0x6344000000000020,0x4400000000000040)
Round 13:
	window is [0, 3, 48, 52, 53, 54, 55, 56, 57, 58, 59, 60, 61, 63]
	Max: -32.838184 (0x4440000000000040,0x100000000000000) (0x4441000000000040,0x100000000000000) (0x44c0000000000040,0x100000000000000) (0x44c1000000000040,0x100000000000000)
Round 14:
	window is [1, 2, 5, 50, 52, 54, 55, 56, 57, 58, 59, 60, 61, 62]
	Max: -39.639708 (0x1010000000000010,0x4440000000000040) (0x1010000000000030,0x4440000000000040) (0x1014000000000010,0x4440000000000040) (0x1014000000000030,0x4440000000000040) (0x1050000000000010,0x4440000000000040) (0x1050000000000030,0x4440000000000040) (0x1054000000000010,0x4440000000000040) (0x1054000000000030,0x4440000000000040) (0x1210000000000010,0x4440000000000040) (0x1210000000000030,0x4440000000000040) (0x1214000000000010,0x4440000000000040) (0x1214000000000030,0x4440000000000040) (0x1250000000000010,0x4440000000000040) (0x1250000000000030,0x4440000000000040) (0x1254000000000010,0x4440000000000040) (0x1254000000000030,0x4440000000000040) (0x3010000000000010,0x4440000000000040) (0x3010000000000030,0x4440000000000040) (0x3014000000000010,0x4440000000000040) (0x3014000000000030,0x4440000000000040) (0x3050000000000010,0x4440000000000040) (0x3050000000000030,0x4440000000000040) (0x3054000000000010,0x4440000000000040) (0x3054000000000030,0x4440000000000040) (0x3210000000000010,0x4440000000000040) (0x3210000000000030,0x4440000000000040) (0x3214000000000010,0x4440000000000040) (0x3214000000000030,0x4440000000000040) (0x3250000000000010,0x4440000000000040) (0x3250000000000030,0x4440000000000040) (0x3254000000000010,0x4440000000000040) (0x3254000000000030,0x4440000000000040) (0x5010000000000010,0x4440000000000040) (0x5010000000000030,0x4440000000000040) (0x5014000000000010,0x4440000000000040) (0x5014000000000030,0x4440000000000040) (0x5050000000000010,0x4440000000000040) (0x5050000000000030,0x4440000000000040) (0x5054000000000010,0x4440000000000040) (0x5054000000000030,0x4440000000000040) (0x5210000000000010,0x4440000000000040) (0x5210000000000030,0x4440000000000040) (0x5214000000000010,0x4440000000000040) (0x5214000000000030,0x4440000000000040) (0x5250000000000010,0x4440000000000040) (0x5250000000000030,0x4440000000000040) (0x5254000000000010,0x4440000000000040) (0x5254000000000030,0x4440000000000040) (0x7010000000000010,0x4440000000000040) (0x7010000000000030,0x4440000000000040) (0x7014000000000010,0x4440000000000040) (0x7014000000000030,0x4440000000000040) (0x7050000000000010,0x4440000000000040) (0x7050000000000030,0x4440000000000040) (0x7054000000000010,0x4440000000000040) (0x7054000000000030,0x4440000000000040) (0x7210000000000010,0x4440000000000040) (0x7210000000000030,0x4440000000000040) (0x7214000000000010,0x4440000000000040) (0x7214000000000030,0x4440000000000040) (0x7250000000000010,0x4440000000000040) (0x7250000000000030,0x4440000000000040) (0x7254000000000010,0x4440000000000040) (0x7254000000000030,0x4440000000000040)
Round 15:
	window is [0, 3, 50, 52, 53, 54, 55, 56, 57, 58, 59, 60, 61, 63]
	Max: -44.135633 (0x4440000000000044,0x100000000000010) (0x444000000000004c,0x100000000000010) (0x44c0000000000044,0x100000000000010) (0x44c000000000004c,0x100000000000010) (0x5440000000000044,0x100000000000010) (0x544000000000004c,0x100000000000010) (0x54c0000000000044,0x100000000000010) (0x54c000000000004c,0x100000000000010)
Round 16:
	window is [1, 5, 51, 52, 53, 54, 55, 56, 57, 58, 59, 60, 61, 62]
	Max: -48.912313 (0x1,0x4000000000000044) (0x3,0x4000000000000044) (0x21,0x4000000000000044) (0x23,0x4000000000000044) (0x40000000000001,0x4000000000000044) (0x40000000000003,0x4000000000000044) (0x40000000000021,0x4000000000000044) (0x40000000000023,0x4000000000000044) (0x400000000000001,0x4000000000000044) (0x400000000000003,0x4000000000000044) (0x400000000000021,0x4000000000000044) (0x400000000000023,0x4000000000000044) (0x440000000000001,0x4000000000000044) (0x440000000000003,0x4000000000000044) (0x440000000000021,0x4000000000000044) (0x440000000000023,0x4000000000000044) (0x2000000000000001,0x4000000000000044) (0x2000000000000003,0x4000000000000044) (0x2000000000000021,0x4000000000000044) (0x2000000000000023,0x4000000000000044) (0x2040000000000001,0x4000000000000044) (0x2040000000000003,0x4000000000000044) (0x2040000000000021,0x4000000000000044) (0x2040000000000023,0x4000000000000044) (0x2400000000000001,0x4000000000000044) (0x2400000000000003,0x4000000000000044) (0x2400000000000021,0x4000000000000044) (0x2400000000000023,0x4000000000000044) (0x2440000000000001,0x4000000000000044) (0x2440000000000003,0x4000000000000044) (0x2440000000000021,0x4000000000000044) (0x2440000000000023,0x4000000000000044) (0x4000000000000001,0x4000000000000044) (0x4000000000000003,0x4000000000000044) (0x4000000000000021,0x4000000000000044) (0x4000000000000023,0x4000000000000044) (0x4040000000000001,0x4000000000000044) (0x4040000000000003,0x4000000000000044) (0x4040000000000021,0x4000000000000044) (0x4040000000000023,0x4000000000000044) (0x4400000000000001,0x4000000000000044) (0x4400000000000003,0x4000000000000044) (0x4400000000000021,0x4000000000000044) (0x4400000000000023,0x4000000000000044) (0x4440000000000001,0x4000000000000044) (0x4440000000000003,0x4000000000000044) (0x4440000000000021,0x4000000000000044) (0x4440000000000023,0x4000000000000044) (0x6000000000000001,0x4000000000000044) (0x6000000000000003,0x4000000000000044) (0x6000000000000021,0x4000000000000044) (0x6000000000000023,0x4000000000000044) (0x6040000000000001,0x4000000000000044) (0x6040000000000003,0x4000000000000044) (0x6040000000000021,0x4000000000000044) (0x6040000000000023,0x4000000000000044) (0x6400000000000001,0x4000000000000044) (0x6400000000000003,0x4000000000000044) (0x6400000000000021,0x4000000000000044) (0x6400000000000023,0x4000000000000044) (0x6440000000000001,0x4000000000000044) (0x6440000000000003,0x4000000000000044) (0x6440000000000021,0x4000000000000044) (0x6440000000000023,0x4000000000000044)
Round 17:
	window is [0, 3, 50, 52, 53, 54, 55, 56, 57, 58, 59, 60, 61, 63]
	Max: -49.895207 (0x44,0x1) (0x100000000000044,0x1) (0x8000000000000044,0x1) (0x8100000000000044,0x1)
Round 18:
	window is [1, 5, 51, 52, 53, 54, 55, 56, 57, 58, 59, 60, 61, 62]
	Max: -52.661164 (0x10,0x44) (0x12,0x44) (0x30,0x44) (0x32,0x44) (0x400000000000010,0x44) (0x400000000000012,0x44) (0x400000000000030,0x44) (0x400000000000032,0x44) (0x4000000000000010,0x44) (0x4000000000000012,0x44) (0x4000000000000030,0x44) (0x4000000000000032,0x44) (0x4400000000000010,0x44) (0x4400000000000012,0x44) (0x4400000000000030,0x44) (0x4400000000000032,0x44)
Round 19:
	window is [0, 3, 50, 52, 53, 54, 55, 56, 57, 58, 59, 60, 61, 63]
	Max: -54.105415 (0x40,0x10) (0x48,0x10) (0x1000000000000040,0x10) (0x1000000000000048,0x10)
Round 20:
	window is [1, 5, 51, 52, 53, 54, 55, 56, 57, 58, 59, 60, 61, 62]
	Max: -55.249228 (0,0x40) (0x20,0x40) (0x4000000000000000,0x40) (0x4000000000000020,0x40)
Round 21:
	window is [0, 3, 4, 50, 52, 53, 54, 55, 56, 57, 59, 60, 61, 63]
	Max: -55.249228 (0x40,0)
Round 22:
	window is [1, 2, 5, 52, 53, 54, 55, 56, 57, 58, 59, 60, 61, 62]
	Max: -57.248801 (0x10,0x40) (0x30,0x40) (0x4000000000000010,0x40) (0x4000000000000030,0x40)
Round 23:
	window is [0, 3, 4, 50, 51, 53, 54, 56, 57, 58, 59, 60, 61, 63]
	Max: -59.248769 (0x44,0x10) (0x4c,0x10) (0x1000000000000044,0x10) (0x100000000000004c,0x10)
Round 24:
	window is [1, 2, 5, 51, 52, 53, 54, 55, 57, 58, 59, 60, 61, 62]
	Max: -62.441403 (0x1,0x44) (0x3,0x44) (0x21,0x44) (0x23,0x44) (0x400000000000001,0x44) (0x400000000000003,0x44) (0x400000000000021,0x44) (0x400000000000023,0x44) (0x4000000000000001,0x44) (0x4000000000000003,0x44) (0x4000000000000021,0x44) (0x4000000000000023,0x44) (0x4400000000000001,0x44) (0x4400000000000003,0x44) (0x4400000000000021,0x44) (0x4400000000000023,0x44)
Round 25:
	window is [0, 3, 4, 50, 51, 52, 54, 56, 57, 58, 59, 60, 61, 63]
	Max: -64.441402 (0x4000000000000044,0x1) (0x4100000000000044,0x1) (0xc000000000000044,0x1) (0xc100000000000044,0x1)
Round 26:
	window is [1, 2, 5, 48, 49, 52, 54, 55, 56, 58, 59, 60, 61, 62]
	Max: -69.349713 (0x1000000000000010,0x4000000000000044) (0x1000000000000012,0x4000000000000044) (0x1000000000000030,0x4000000000000044) (0x1000000000000032,0x4000000000000044) (0x1040000000000010,0x4000000000000044) (0x1040000000000012,0x4000000000000044) (0x1040000000000030,0x4000000000000044) (0x1040000000000032,0x4000000000000044) (0x1400000000000010,0x4000000000000044) (0x1400000000000012,0x4000000000000044) (0x1400000000000030,0x4000000000000044) (0x1400000000000032,0x4000000000000044) (0x1440000000000010,0x4000000000000044) (0x1440000000000012,0x4000000000000044) (0x1440000000000030,0x4000000000000044) (0x1440000000000032,0x4000000000000044) (0x3000000000000010,0x4000000000000044) (0x3000000000000012,0x4000000000000044) (0x3000000000000030,0x4000000000000044) (0x3000000000000032,0x4000000000000044) (0x3040000000000010,0x4000000000000044) (0x3040000000000012,0x4000000000000044) (0x3040000000000030,0x4000000000000044) (0x3040000000000032,0x4000000000000044) (0x3400000000000010,0x4000000000000044) (0x3400000000000012,0x4000000000000044) (0x3400000000000030,0x4000000000000044) (0x3400000000000032,0x4000000000000044) (0x3440000000000010,0x4000000000000044) (0x3440000000000012,0x4000000000000044) (0x3440000000000030,0x4000000000000044) (0x3440000000000032,0x4000000000000044) (0x5000000000000010,0x4000000000000044) (0x5000000000000012,0x4000000000000044) (0x5000000000000030,0x4000000000000044) (0x5000000000000032,0x4000000000000044) (0x5040000000000010,0x4000000000000044) (0x5040000000000012,0x4000000000000044) (0x5040000000000030,0x4000000000000044) (0x5040000000000032,0x4000000000000044) (0x5400000000000010,0x4000000000000044) (0x5400000000000012,0x4000000000000044) (0x5400000000000030,0x4000000000000044) (0x5400000000000032,0x4000000000000044) (0x5440000000000010,0x4000000000000044) (0x5440000000000012,0x4000000000000044) (0x5440000000000030,0x4000000000000044) (0x5440000000000032,0x4000000000000044) (0x7000000000000010,0x4000000000000044) (0x7000000000000012,0x4000000000000044) (0x7000000000000030,0x4000000000000044) (0x7000000000000032,0x4000000000000044) (0x7040000000000010,0x4000000000000044) (0x7040000000000012,0x4000000000000044) (0x7040000000000030,0x4000000000000044) (0x7040000000000032,0x4000000000000044) (0x7400000000000010,0x4000000000000044) (0x7400000000000012,0x4000000000000044) (0x7400000000000030,0x4000000000000044) (0x7400000000000032,0x4000000000000044) (0x7440000000000010,0x4000000000000044) (0x7440000000000012,0x4000000000000044) (0x7440000000000030,0x4000000000000044) (0x7440000000000032,0x4000000000000044)
Round 27:
	window is [0, 3, 4, 50, 52, 53, 54, 56, 57, 58, 59, 60, 61, 63]
	Max: -72.834334 (0x4400000000000040,0x1000000000000010) (0x4400000000000048,0x1000000000000010) (0x4410000000000040,0x1000000000000010) (0x4410000000000048,0x1000000000000010) (0x4c00000000000040,0x1000000000000010) (0x4c00000000000048,0x1000000000000010) (0x4c10000000000040,0x1000000000000010) (0x4c10000000000048,0x1000000000000010) (0x5400000000000040,0x1000000000000010) (0x5400000000000048,0x1000000000000010) (0x5410000000000040,0x1000000000000010) (0x5410000000000048,0x1000000000000010) (0x5c00000000000040,0x1000000000000010) (0x5c00000000000048,0x1000000000000010) (0x5c10000000000040,0x1000000000000010) (0x5c10000000000048,0x1000000000000010)
Round 28:
	window is [1, 2, 5, 50, 52, 54, 55, 56, 57, 58, 59, 60, 61, 62]
	Max: -76.894014 (0x100000000000000,0x4400000000000040) (0x100000000000020,0x4400000000000040) (0x104000000000000,0x4400000000000040) (0x104000000000020,0x4400000000000040) (0x140000000000000,0x4400000000000040) (0x140000000000020,0x4400000000000040) (0x144000000000000,0x4400000000000040) (0x144000000000020,0x4400000000000040) (0x300000000000000,0x4400000000000040) (0x300000000000020,0x4400000000000040) (0x304000000000000,0x4400000000000040) (0x304000000000020,0x4400000000000040) (0x340000000000000,0x4400000000000040) (0x340000000000020,0x4400000000000040) (0x344000000000000,0x4400000000000040) (0x344000000000020,0x4400000000000040) (0x2100000000000000,0x4400000000000040) (0x2100000000000020,0x4400000000000040) (0x2104000000000000,0x4400000000000040) (0x2104000000000020,0x4400000000000040) (0x2140000000000000,0x4400000000000040) (0x2140000000000020,0x4400000000000040) (0x2144000000000000,0x4400000000000040) (0x2144000000000020,0x4400000000000040) (0x2300000000000000,0x4400000000000040) (0x2300000000000020,0x4400000000000040) (0x2304000000000000,0x4400000000000040) (0x2304000000000020,0x4400000000000040) (0x2340000000000000,0x4400000000000040) (0x2340000000000020,0x4400000000000040) (0x2344000000000000,0x4400000000000040) (0x2344000000000020,0x4400000000000040) (0x4100000000000000,0x4400000000000040) (0x4100000000000020,0x4400000000000040) (0x4104000000000000,0x4400000000000040) (0x4104000000000020,0x4400000000000040) (0x4140000000000000,0x4400000000000040) (0x4140000000000020,0x4400000000000040) (0x4144000000000000,0x4400000000000040) (0x4144000000000020,0x4400000000000040) (0x4300000000000000,0x4400000000000040) (0x4300000000000020,0x4400000000000040) (0x4304000000000000,0x4400000000000040) (0x4304000000000020,0x4400000000000040) (0x4340000000000000,0x4400000000000040) (0x4340000000000020,0x4400000000000040) (0x4344000000000000,0x4400000000000040) (0x4344000000000020,0x4400000000000040) (0x6100000000000000,0x4400000000000040) (0x6100000000000020,0x4400000000000040) (0x6104000000000000,0x4400000000000040) (0x6104000000000020,0x4400000000000040) (0x6140000000000000,0x4400000000000040) (0x6140000000000020,0x4400000000000040) (0x6144000000000000,0x4400000000000040) (0x6144000000000020,0x4400000000000040) (0x6300000000000000,0x4400000000000040) (0x6300000000000020,0x4400000000000040) (0x6304000000000000,0x4400000000000040) (0x6304000000000020,0x4400000000000040) (0x6340000000000000,0x4400000000000040) (0x6340000000000020,0x4400000000000040) (0x6344000000000000,0x4400000000000040) (0x6344000000000020,0x4400000000000040)
Round 29:
	window is [0, 3, 48, 52, 53, 54, 55, 56, 57, 58, 59, 60, 61, 63]
	Max: -78.894014 (0x4440000000000040,0x100000000000000) (0x4441000000000040,0x100000000000000) (0x44c0000000000040,0x100000000000000) (0x44c1000000000040,0x100000000000000)
Round 30:
	window is [1, 2, 5, 50, 52, 54, 55, 56, 57, 58, 59, 60, 61, 62]
	Max: -85.695528 (0x1010000000000010,0x4440000000000040) (0x1010000000000030,0x4440000000000040) (0x1014000000000010,0x4440000000000040) (0x1014000000000030,0x4440000000000040) (0x1050000000000010,0x4440000000000040) (0x1050000000000030,0x4440000000000040) (0x1054000000000010,0x4440000000000040) (0x1054000000000030,0x4440000000000040) (0x1210000000000010,0x4440000000000040) (0x1210000000000030,0x4440000000000040) (0x1214000000000010,0x4440000000000040) (0x1214000000000030,0x4440000000000040) (0x1250000000000010,0x4440000000000040) (0x1250000000000030,0x4440000000000040) (0x1254000000000010,0x4440000000000040) (0x1254000000000030,0x4440000000000040) (0x3010000000000010,0x4440000000000040) (0x3010000000000030,0x4440000000000040) (0x3014000000000010,0x4440000000000040) (0x3014000000000030,0x4440000000000040) (0x3050000000000010,0x4440000000000040) (0x3050000000000030,0x4440000000000040) (0x3054000000000010,0x4440000000000040) (0x3054000000000030,0x4440000000000040) (0x3210000000000010,0x4440000000000040) (0x3210000000000030,0x4440000000000040) (0x3214000000000010,0x4440000000000040) (0x3214000000000030,0x4440000000000040) (0x3250000000000010,0x4440000000000040) (0x3250000000000030,0x4440000000000040) (0x3254000000000010,0x4440000000000040) (0x3254000000000030,0x4440000000000040) (0x5010000000000010,0x4440000000000040) (0x5010000000000030,0x4440000000000040) (0x5014000000000010,0x4440000000000040) (0x5014000000000030,0x4440000000000040) (0x5050000000000010,0x4440000000000040) (0x5050000000000030,0x4440000000000040) (0x5054000000000010,0x4440000000000040) (0x5054000000000030,0x4440000000000040) (0x5210000000000010,0x4440000000000040) (0x5210000000000030,0x4440000000000040) (0x5214000000000010,0x4440000000000040) (0x5214000000000030,0x4440000000000040) (0x5250000000000010,0x4440000000000040) (0x5250000000000030,0x4440000000000040) (0x5254000000000010,0x4440000000000040) (0x5254000000000030,0x4440000000000040) (0x7010000000000010,0x4440000000000040) (0x7010000000000030,0x4440000000000040) (0x7014000000000010,0x4440000000000040) (0x7014000000000030,0x4440000000000040) (0x7050000000000010,0x4440000000000040) (0x7050000000000030,0x4440000000000040) (0x7054000000000010,0x4440000000000040) (0x7054000000000030,0x4440000000000040) (0x7210000000000010,0x4440000000000040) (0x7210000000000030,0x4440000000000040) (0x7214000000000010,0x4440000000000040) (0x7214000000000030,0x4440000000000040) (0x7250000000000010,0x4440000000000040) (0x7250000000000030,0x4440000000000040) (0x7254000000000010,0x4440000000000040) (0x7254000000000030,0x4440000000000040)
Round 31:
	window is [0, 3, 50, 52, 53, 54, 55, 56, 57, 58, 59, 60, 61, 63]
	Max: -90.191288 (0x4440000000000044,0x100000000000010) (0x444000000000004c,0x100000000000010) (0x44c0000000000044,0x100000000000010) (0x44c000000000004c,0x100000000000010) (0x5440000000000044,0x100000000000010) (0x544000000000004c,0x100000000000010) (0x54c0000000000044,0x100000000000010) (0x54c000000000004c,0x100000000000010)
Round 32:
	window is [1, 5, 51, 52, 53, 54, 55, 56, 57, 58, 59, 60, 61, 62]
	Max: -94.968011 (0x1,0x4000000000000044) (0x3,0x4000000000000044) (0x21,0x4000000000000044) (0x23,0x4000000000000044) (0x40000000000001,0x4000000000000044) (0x40000000000003,0x4000000000000044) (0x40000000000021,0x4000000000000044) (0x40000000000023,0x4000000000000044) (0x400000000000001,0x4000000000000044) (0x400000000000003,0x4000000000000044) (0x400000000000021,0x4000000000000044) (0x400000000000023,0x4000000000000044) (0x440000000000001,0x4000000000000044) (0x440000000000003,0x4000000000000044) (0x440000000000021,0x4000000000000044) (0x440000000000023,0x4000000000000044) (0x2000000000000001,0x4000000000000044) (0x2000000000000003,0x4000000000000044) (0x2000000000000021,0x4000000000000044) (0x2000000000000023,0x4000000000000044) (0x2040000000000001,0x4000000000000044) (0x2040000000000003,0x4000000000000044) (0x2040000000000021,0x4000000000000044) (0x2040000000000023,0x4000000000000044) (0x2400000000000001,0x4000000000000044) (0x2400000000000003,0x4000000000000044) (0x2400000000000021,0x4000000000000044) (0x2400000000000023,0x4000000000000044) (0x2440000000000001,0x4000000000000044) (0x2440000000000003,0x4000000000000044) (0x2440000000000021,0x4000000000000044) (0x2440000000000023,0x4000000000000044) (0x4000000000000001,0x4000000000000044) (0x4000000000000003,0x4000000000000044) (0x4000000000000021,0x4000000000000044) (0x4000000000000023,0x4000000000000044) (0x4040000000000001,0x4000000000000044) (0x4040000000000003,0x4000000000000044) (0x4040000000000021,0x4000000000000044) (0x4040000000000023,0x4000000000000044) (0x4400000000000001,0x4000000000000044) (0x4400000000000003,0x4000000000000044) (0x4400000000000021,0x4000000000000044) (0x4400000000000023,0x4000000000000044) (0x4440000000000001,0x4000000000000044) (0x4440000000000003,0x4000000000000044) (0x4440000000000021,0x4000000000000044) (0x4440000000000023,0x4000000000000044) (0x6000000000000001,0x4000000000000044) (0x6000000000000003,0x4000000000000044) (0x6000000000000021,0x4000000000000044) (0x6000000000000023,0x4000000000000044) (0x6040000000000001,0x4000000000000044) (0x6040000000000003,0x4000000000000044) (0x6040000000000021,0x4000000000000044) (0x6040000000000023,0x4000000000000044) (0x6400000000000001,0x4000000000000044) (0x6400000000000003,0x4000000000000044) (0x6400000000000021,0x4000000000000044) (0x6400000000000023,0x4000000000000044) (0x6440000000000001,0x4000000000000044) (0x6440000000000003,0x4000000000000044) (0x6440000000000021,0x4000000000000044) (0x6440000000000023,0x4000000000000044)
Round 33:
	window is [0, 3, 50, 52, 53, 54, 55, 56, 57, 58, 59, 60, 61, 63]
	Max: -95.950894 (0x44,0x1) (0x100000000000044,0x1) (0x8000000000000044,0x1) (0x8100000000000044,0x1)
Round 34:
	window is [1, 5, 51, 52, 53, 54, 55, 56, 57, 58, 59, 60, 61, 62]
	Max: -98.716786 (0x10,0x44) (0x12,0x44) (0x30,0x44) (0x32,0x44) (0x400000000000010,0x44) (0x400000000000012,0x44) (0x400000000000030,0x44) (0x400000000000032,0x44) (0x4000000000000010,0x44) (0x4000000000000012,0x44) (0x4000000000000030,0x44) (0x4000000000000032,0x44) (0x4400000000000010,0x44) (0x4400000000000012,0x44) (0x4400000000000030,0x44) (0x4400000000000032,0x44)
Round 35:
	window is [0, 3, 50, 52, 53, 54, 55, 56, 57, 58, 59, 60, 61, 63]
	Max: -100.161014 (0x40,0x10) (0x48,0x10) (0x1000000000000040,0x10) (0x1000000000000048,0x10)
Round 36:
	window is [1, 5, 51, 52, 53, 54, 55, 56, 57, 58, 59, 60, 61, 62]
	Max: -101.304825 (0,0x40) (0x20,0x40) (0x4000000000000000,0x40) (0x4000000000000020,0x40)
Round 37:
	window is [0, 3, 4, 50, 52, 53, 54, 55, 56, 57, 59, 60, 61, 63]
	Max: -101.304825 (0x40,0)
Round 38:
	window is [1, 2, 5, 52, 53, 54, 55, 56, 57, 58, 59, 60, 61, 62]
	Max: -103.304397 (0x10,0x40) (0x30,0x40) (0x4000000000000010,0x40) (0x4000000000000030,0x40)
Round 39:
	window is [0, 3, 4, 50, 51, 53, 54, 56, 57, 58, 59, 60, 61, 63]
	Max: -105.304366 (0x44,0x10) (0x4c,0x10) (0x1000000000000044,0x10) (0x100000000000004c,0x10)
Round 40:
	window is [1, 2, 5, 51, 52, 53, 54, 55, 57, 58, 59, 60, 61, 62]
	Max: -108.497000 (0x1,0x44) (0x3,0x44) (0x21,0x44) (0x23,0x44) (0x400000000000001,0x44) (0x400000000000003,0x44) (0x400000000000021,0x44) (0x400000000000023,0x44) (0x4000000000000001,0x44) (0x4000000000000003,0x44) (0x4000000000000021,0x44) (0x4000000000000023,0x44) (0x4400000000000001,0x44) (0x4400000000000003,0x44) (0x4400000000000021,0x44) (0x4400000000000023,0x44)
Round 41:
	window is [0, 3, 4, 50, 51, 52, 54, 56, 57, 58, 59, 60, 61, 63]
	Max: -110.496999 (0x4000000000000044,0x1) (0x4100000000000044,0x1) (0xc000000000000044,0x1) (0xc100000000000044,0x1)
Round 42:
	window is [1, 2, 5, 48, 49, 52, 54, 55, 56, 58, 59, 60, 61, 62]
	Max: -115.405310 (0x1000000000000010,0x4000000000000044) (0x1000000000000012,0x4000000000000044) (0x1000000000000030,0x4000000000000044) (0x1000000000000032,0x4000000000000044) (0x1040000000000010,0x4000000000000044) (0x1040000000000012,0x4000000000000044) (0x1040000000000030,0x4000000000000044) (0x1040000000000032,0x4000000000000044) (0x1400000000000010,0x4000000000000044) (0x1400000000000012,0x4000000000000044) (0x1400000000000030,0x4000000000000044) (0x1400000000000032,0x4000000000000044) (0x1440000000000010,0x4000000000000044) (0x1440000000000012,0x4000000000000044) (0x1440000000000030,0x4000000000000044) (0x1440000000000032,0x4000000000000044) (0x3000000000000010,0x4000000000000044) (0x3000000000000012,0x4000000000000044) (0x3000000000000030,0x4000000000000044) (0x3000000000000032,0x4000000000000044) (0x3040000000000010,0x4000000000000044) (0x3040000000000012,0x4000000000000044) (0x3040000000000030,0x4000000000000044) (0x3040000000000032,0x4000000000000044) (0x3400000000000010,0x4000000000000044) (0x3400000000000012,0x4000000000000044) (0x3400000000000030,0x4000000000000044) (0x3400000000000032,0x4000000000000044) (0x3440000000000010,0x4000000000000044) (0x3440000000000012,0x4000000000000044) (0x3440000000000030,0x4000000000000044) (0x3440000000000032,0x4000000000000044) (0x5000000000000010,0x4000000000000044) (0x5000000000000012,0x4000000000000044) (0x5000000000000030,0x4000000000000044) (0x5000000000000032,0x4000000000000044) (0x5040000000000010,0x4000000000000044) (0x5040000000000012,0x4000000000000044) (0x5040000000000030,0x4000000000000044) (0x5040000000000032,0x4000000000000044) (0x5400000000000010,0x4000000000000044) (0x5400000000000012,0x4000000000000044) (0x5400000000000030,0x4000000000000044) (0x5400000000000032,0x4000000000000044) (0x5440000000000010,0x4000000000000044) (0x5440000000000012,0x4000000000000044) (0x5440000000000030,0x4000000000000044) (0x5440000000000032,0x4000000000000044) (0x7000000000000010,0x4000000000000044) (0x7000000000000012,0x4000000000000044) (0x7000000000000030,0x4000000000000044) (0x7000000000000032,0x4000000000000044) (0x7040000000000010,0x4000000000000044) (0x7040000000000012,0x4000000000000044) (0x7040000000000030,0x4000000000000044) (0x7040000000000032,0x4000000000000044) (0x7400000000000010,0x4000000000000044) (0x7400000000000012,0x4000000000000044) (0x7400000000000030,0x4000000000000044) (0x7400000000000032,0x4000000000000044) (0x7440000000000010,0x4000000000000044) (0x7440000000000012,0x4000000000000044) (0x7440000000000030,0x4000000000000044) (0x7440000000000032,0x4000000000000044)
Round 43:
	window is [0, 3, 4, 50, 52, 53, 54, 56, 57, 58, 59, 60, 61, 63]
	Max: -118.889931 (0x4400000000000040,0x1000000000000010) (0x4400000000000048,0x1000000000000010) (0x4410000000000040,0x1000000000000010) (0x4410000000000048,0x1000000000000010) (0x4c00000000000040,0x1000000000000010) (0x4c00000000000048,0x1000000000000010) (0x4c10000000000040,0x1000000000000010) (0x4c10000000000048,0x1000000000000010) (0x5400000000000040,0x1000000000000010) (0x5400000000000048,0x1000000000000010) (0x5410000000000040,0x1000000000000010) (0x5410000000000048,0x1000000000000010) (0x5c00000000000040,0x1000000000000010) (0x5c00000000000048,0x1000000000000010) (0x5c10000000000040,0x1000000000000010) (0x5c10000000000048,0x1000000000000010)
Round 44:
	window is [1, 2, 5, 50, 52, 54, 55, 56, 57, 58, 59, 60, 61, 62]
	Max: -122.949611 (0x100000000000000,0x4400000000000040) (0x100000000000020,0x4400000000000040) (0x104000000000000,0x4400000000000040) (0x104000000000020,0x4400000000000040) (0x140000000000000,0x4400000000000040) (0x140000000000020,0x4400000000000040) (0x144000000000000,0x4400000000000040) (0x144000000000020,0x4400000000000040) (0x300000000000000,0x4400000000000040) (0x300000000000020,0x4400000000000040) (0x304000000000000,0x4400000000000040) (0x304000000000020,0x4400000000000040) (0x340000000000000,0x4400000000000040) (0x340000000000020,0x4400000000000040) (0x344000000000000,0x4400000000000040) (0x344000000000020,0x4400000000000040) (0x2100000000000000,0x4400000000000040) (0x2100000000000020,0x4400000000000040) (0x2104000000000000,0x4400000000000040) (0x2104000000000020,0x4400000000000040) (0x2140000000000000,0x4400000000000040) (0x2140000000000020,0x4400000000000040) (0x2144000000000000,0x4400000000000040) (0x2144000000000020,0x4400000000000040) (0x2300000000000000,0x4400000000000040) (0x2300000000000020,0x4400000000000040) (0x2304000000000000,0x4400000000000040) (0x2304000000000020,0x4400000000000040) (0x2340000000000000,0x4400000000000040) (0x2340000000000020,0x4400000000000040) (0x2344000000000000,0x4400000000000040) (0x2344000000000020,0x4400000000000040) (0x4100000000000000,0x4400000000000040) (0x4100000000000020,0x4400000000000040) (0x4104000000000000,0x4400000000000040) (0x4104000000000020,0x4400000000000040) (0x4140000000000000,0x4400000000000040) (0x4140000000000020,0x4400000000000040) (0x4144000000000000,0x4400000000000040) (0x4144000000000020,0x4400000000000040) (0x4300000000000000,0x4400000000000040) (0x4300000000000020,0x4400000000000040) (0x4304000000000000,0x4400000000000040) (0x4304000000000020,0x4400000000000040) (0x4340000000000000,0x4400000000000040) (0x4340000000000020,0x4400000000000040) (0x4344000000000000,0x4400000000000040) (0x4344000000000020,0x4400000000000040) (0x6100000000000000,0x4400000000000040) (0x6100000000000020,0x4400000000000040) (0x6104000000000000,0x4400000000000040) (0x6104000000000020,0x4400000000000040) (0x6140000000000000,0x4400000000000040) (0x6140000000000020,0x4400000000000040) (0x6144000000000000,0x4400000000000040) (0x6144000000000020,0x4400000000000040) (0x6300000000000000,0x4400000000000040) (0x6300000000000020,0x4400000000000040) (0x6304000000000000,0x4400000000000040) (0x6304000000000020,0x4400000000000040) (0x6340000000000000,0x4400000000000040) (0x6340000000000020,0x4400000000000040) (0x6344000000000000,0x4400000000000040) (0x6344000000000020,0x4400000000000040)
Round 45:
	window is [0, 3, 48, 52, 53, 54, 55, 56, 57, 58, 59, 60, 61, 63]
	Max: -124.949611 (0x4440000000000040,0x100000000000000) (0x4441000000000040,0x100000000000000) (0x44c0000000000040,0x100000000000000) (0x44c1000000000040,0x100000000000000)
Round 46:
	window is [1, 2, 5, 50, 52, 54, 55, 56, 57, 58, 59, 60, 61, 62]
	Max: -131.751124 (0x1010000000000010,0x4440000000000040) (0x1010000000000030,0x4440000000000040) (0x1014000000000010,0x4440000000000040) (0x1014000000000030,0x4440000000000040) (0x1050000000000010,0x4440000000000040) (0x1050000000000030,0x4440000000000040) (0x1054000000000010,0x4440000000000040) (0x1054000000000030,0x4440000000000040) (0x1210000000000010,0x4440000000000040) (0x1210000000000030,0x4440000000000040) (0x1214000000000010,0x4440000000000040) (0x1214000000000030,0x4440000000000040) (0x1250000000000010,0x4440000000000040) (0x1250000000000030,0x4440000000000040) (0x1254000000000010,0x4440000000000040) (0x1254000000000030,0x4440000000000040) (0x3010000000000010,0x4440000000000040) (0x3010000000000030,0x4440000000000040) (0x3014000000000010,0x4440000000000040) (0x3014000000000030,0x4440000000000040) (0x3050000000000010,0x4440000000000040) (0x3050000000000030,0x4440000000000040) (0x3054000000000010,0x4440000000000040) (0x3054000000000030,0x4440000000000040) (0x3210000000000010,0x4440000000000040) (0x3210000000000030,0x4440000000000040) (0x3214000000000010,0x4440000000000040) (0x3214000000000030,0x4440000000000040) (0x3250000000000010,0x4440000000000040) (0x3250000000000030,0x4440000000000040) (0x3254000000000010,0x4440000000000040) (0x3254000000000030,0x4440000000000040) (0x5010000000000010,0x4440000000000040) (0x5010000000000030,0x4440000000000040) (0x5014000000000010,0x4440000000000040) (0x5014000000000030,0x4440000000000040) (0x5050000000000010,0x4440000000000040) (0x5050000000000030,0x4440000000000040) (0x5054000000000010,0x4440000000000040) (0x5054000000000030,0x4440000000000040) (0x5210000000000010,0x4440000000000040) (0x5210000000000030,0x4440000000000040) (0x5214000000000010,0x4440000000000040) (0x5214000000000030,0x4440000000000040) (0x5250000000000010,0x4440000000000040) (0x5250000000000030,0x4440000000000040) (0x5254000000000010,0x4440000000000040) (0x5254000000000030,0x4440000000000040) (0x7010000000000010,0x4440000000000040) (0x7010000000000030,0x4440000000000040) (0x7014000000000010,0x4440000000000040) (0x7014000000000030,0x4440000000000040) (0x7050000000000010,0x4440000000000040) (0x7050000000000030,0x4440000000000040) (0x7054000000000010,0x4440000000000040) (0x7054000000000030,0x4440000000000040) (0x7210000000000010,0x4440000000000040) (0x7210000000000030,0x4440000000000040) (0x7214000000000010,0x4440000000000040) (0x7214000000000030,0x4440000000000040) (0x7250000000000010,0x4440000000000040) (0x7250000000000030,0x4440000000000040) (0x7254000000000010,0x4440000000000040) (0x7254000000000030,0x4440000000000040)
over.
