Input: (0x1000, 0x44400)
	Max: 0.000000 (0x1000,0x44400)
Round 1:
	window is [4, 11]
	0.000000
	Max: -2.000000 (0x44000,0x1000) (0x44010,0x1000) (0x44800,0x1000) (0x44810,0x1000)
Round 2:
	window is [2, 3, 6, 9, 10, 13, 17, 28]
	0.000000
	Max: -6.000000 (0x10000,0x44000) (0x10040,0x44000) (0x10200,0x44800) (0x10240,0x44800) (0x10400,0x44000) (0x10440,0x44000) (0x10600,0x44800) (0x10640,0x44800) (0x12000,0x44000) (0x12040,0x44000) (0x12200,0x44800) (0x12240,0x44800) (0x12400,0x44000) (0x12440,0x44000) (0x12600,0x44800) (0x12640,0x44800) (0x30000,0x44000) (0x30040,0x44000) (0x30208,0x44800) (0x30248,0x44800) (0x30400,0x44000) (0x30440,0x44000) (0x30608,0x44800) (0x30648,0x44800) (0x32000,0x44000) (0x32040,0x44000) (0x32208,0x44800) (0x32248,0x44800) (0x32400,0x44000) (0x32440,0x44000) (0x32608,0x44800) (0x32648,0x44800)
Round 3:
	window is [0, 1, 2, 4, 5, 7, 8, 9, 11, 12, 15, 16, 26, 30]
	0.000006
	Max: -8.000000 (0x40000,0x10000) (0x40100,0x10000) (0x40880,0x10200) (0x40980,0x10200) (0x48000,0x10000) (0x48100,0x10000) (0x48882,0x10200) (0x48982,0x10200)
Round 4:
	window is [0, 1, 2, 3, 5, 6, 7, 9, 10, 13, 14, 17, 28, 30]
	0.000685
	Max: -9.192645 (0,0x40000) (0x400,0x40000) (0x20000,0x40000) (0x20400,0x40000)
Round 5:
	window is [0, 2, 3, 4, 5, 7, 8, 9, 11, 12, 15, 16, 30, 31]
	0.025107
	Max: -9.192645 (0x40000,0)
Round 6:
	window is [0, 1, 2, 3, 5, 6, 7, 8, 9, 10, 13, 14, 17, 29]
	0.052670
	Max: -11.192645 (0x10000,0x40000) (0x10400,0x40000) (0x30000,0x40000) (0x30400,0x40000)
Round 7:
	window is [1, 2, 4, 5, 6, 7, 8, 9, 11, 12, 15, 16, 30, 31]
	0.112639
	Max: -13.192645 (0x44000,0x10000) (0x44100,0x10000) (0x4c000,0x10000) (0x4c100,0x10000)
Round 8:
	window is [0, 1, 2, 3, 5, 6, 7, 8, 9, 10, 13, 14, 17, 31]
	0.282464
	Max: -16.385290 (0x1000,0x44000) (0x1040,0x44000) (0x1400,0x44000) (0x1440,0x44000) (0x3000,0x44000) (0x3040,0x44000) (0x3400,0x44000) (0x3440,0x44000) (0x21000,0x44000) (0x21040,0x44000) (0x21400,0x44000) (0x21440,0x44000) (0x23000,0x44000) (0x23040,0x44000) (0x23400,0x44000) (0x23440,0x44000)
Round 9:
	window is [2, 4, 5, 6, 7, 8, 9, 11, 12, 15, 16, 24, 30, 31]
	0.462904
	Max: -18.385290 (0x44400,0x1000) (0x44410,0x1000) (0x44c00,0x1000) (0x44c10,0x1000)
Round 10:
	window is [0, 2, 3, 4, 6, 7, 8, 9, 10, 13, 14, 17, 28, 29]
	1.683205
	Max: -23.293849 (0x10100,0x44400) (0x10104,0x44400) (0x10140,0x44400) (0x10144,0x44400) (0x10300,0x44400) (0x10304,0x44400) (0x10340,0x44400) (0x10344,0x44400) (0x10500,0x44400) (0x10504,0x44400) (0x10540,0x44400) (0x10544,0x44400) (0x10700,0x44400) (0x10704,0x44400) (0x10740,0x44400) (0x10744,0x44400) (0x12100,0x44400) (0x12104,0x44400) (0x12140,0x44400) (0x12144,0x44400) (0x12300,0x44400) (0x12304,0x44400) (0x12340,0x44400) (0x12344,0x44400) (0x12500,0x44400) (0x12504,0x44400) (0x12540,0x44400) (0x12544,0x44400) (0x12700,0x44400) (0x12704,0x44400) (0x12740,0x44400) (0x12744,0x44400) (0x30100,0x44400) (0x30104,0x44400) (0x30140,0x44400) (0x30144,0x44400) (0x30300,0x44400) (0x30304,0x44400) (0x30340,0x44400) (0x30344,0x44400) (0x30500,0x44400) (0x30504,0x44400) (0x30540,0x44400) (0x30544,0x44400) (0x30700,0x44400) (0x30704,0x44400) (0x30740,0x44400) (0x30744,0x44400) (0x32100,0x44400) (0x32104,0x44400) (0x32140,0x44400) (0x32144,0x44400) (0x32300,0x44400) (0x32304,0x44400) (0x32340,0x44400) (0x32344,0x44400) (0x32500,0x44400) (0x32504,0x44400) (0x32540,0x44400) (0x32544,0x44400) (0x32700,0x44400) (0x32704,0x44400) (0x32740,0x44400) (0x32744,0x44400)
Round 11:
	window is [0, 1, 2, 4, 5, 6, 7, 8, 9, 11, 12, 15, 16, 30]
	1.984500
	Max: -26.778504 (0x40440,0x10100) (0x40441,0x10100) (0x404c0,0x10100) (0x404c1,0x10100) (0x40540,0x10100) (0x40541,0x10100) (0x405c0,0x10100) (0x405c1,0x10100) (0x48440,0x10100) (0x48441,0x10100) (0x484c0,0x10100) (0x484c1,0x10100) (0x48540,0x10100) (0x48541,0x10100) (0x485c0,0x10100) (0x485c1,0x10100)
Round 12:
	window is [0, 2, 3, 4, 5, 6, 7, 8, 9, 10, 13, 14, 17, 30]
	3.809428
	Max: -30.838184 (0x10,0x40440) (0x14,0x40440) (0x30,0x40440) (0x34,0x40440) (0x210,0x40440) (0x214,0x40440) (0x230,0x40440) (0x234,0x40440) (0x410,0x40440) (0x414,0x40440) (0x430,0x40440) (0x434,0x40440) (0x610,0x40440) (0x614,0x40440) (0x630,0x40440) (0x634,0x40440) (0x20010,0x40440) (0x20014,0x40440) (0x20030,0x40440) (0x20034,0x40440) (0x20210,0x40440) (0x20214,0x40440) (0x20230,0x40440) (0x20234,0x40440) (0x20410,0x40440) (0x20414,0x40440) (0x20430,0x40440) (0x20434,0x40440) (0x20610,0x40440) (0x20614,0x40440) (0x20630,0x40440) (0x20634,0x40440) (0x40000010,0x40440) (0x40000014,0x40440) (0x40000030,0x40440) (0x40000034,0x40440) (0x40000210,0x40440) (0x40000214,0x40440) (0x40000230,0x40440) (0x40000234,0x40440) (0x40000410,0x40440) (0x40000414,0x40440) (0x40000430,0x40440) (0x40000434,0x40440) (0x40000610,0x40440) (0x40000614,0x40440) (0x40000630,0x40440) (0x40000634,0x40440) (0x40020010,0x40440) (0x40020014,0x40440) (0x40020030,0x40440) (0x40020034,0x40440) (0x40020210,0x40440) (0x40020214,0x40440) (0x40020230,0x40440) (0x40020234,0x40440) (0x40020410,0x40440) (0x40020414,0x40440) (0x40020430,0x40440) (0x40020434,0x40440) (0x40020610,0x40440) (0x40020614,0x40440) (0x40020630,0x40440) (0x40020634,0x40440)
Round 13:
	window is [0, 1, 2, 3, 4, 5, 6, 7, 8, 9, 11, 12, 15, 16]
	4.217393
	Max: -32.838184 (0x40444,0x10) (0x4044c,0x10)
Round 14:
	window is [0, 2, 3, 4, 5, 6, 7, 8, 9, 10, 13, 14, 17, 30]
	6.609677
	Max: -39.639701 (0x10101,0x40444) (0x10105,0x40444) (0x10121,0x40444) (0x10125,0x40444) (0x10301,0x40444) (0x10305,0x40444) (0x10321,0x40444) (0x10325,0x40444) (0x10501,0x40444) (0x10505,0x40444) (0x10521,0x40444) (0x10525,0x40444) (0x10701,0x40444) (0x10705,0x40444) (0x10721,0x40444) (0x10725,0x40444) (0x30101,0x40444) (0x30105,0x40444) (0x30121,0x40444) (0x30125,0x40444) (0x30301,0x40444) (0x30305,0x40444) (0x30321,0x40444) (0x30325,0x40444) (0x30501,0x40444) (0x30505,0x40444) (0x30521,0x40444) (0x30525,0x40444) (0x30701,0x40444) (0x30705,0x40444) (0x30721,0x40444) (0x30725,0x40444) (0x40010101,0x40444) (0x40010105,0x40444) (0x40010121,0x40444) (0x40010125,0x40444) (0x40010301,0x40444) (0x40010305,0x40444) (0x40010321,0x40444) (0x40010325,0x40444) (0x40010501,0x40444) (0x40010505,0x40444) (0x40010521,0x40444) (0x40010525,0x40444) (0x40010701,0x40444) (0x40010705,0x40444) (0x40010721,0x40444) (0x40010725,0x40444) (0x40030101,0x40444) (0x40030105,0x40444) (0x40030121,0x40444) (0x40030125,0x40444) (0x40030301,0x40444) (0x40030305,0x40444) (0x40030321,0x40444) (0x40030325,0x40444) (0x40030501,0x40444) (0x40030505,0x40444) (0x40030521,0x40444) (0x40030525,0x40444) (0x40030701,0x40444) (0x40030705,0x40444) (0x40030721,0x40444) (0x40030725,0x40444)
Round 15:
	window is [0, 1, 2, 3, 4, 5, 6, 7, 8, 9, 11, 12, 15, 16]
	7.681811
	Max: -44.135659 (0x44444,0x10010) (0x4444c,0x10010) (0x44544,0x10010) (0x4454c,0x10010) (0x4c444,0x10010) (0x4c44c,0x10010) (0x4c544,0x10010) (0x4c54c,0x10010)
Round 16:
	window is [1, 2, 3, 4, 5, 6, 7, 8, 9, 10, 13, 14, 17, 31]
	12.996743
	Max: -48.904382 (0x1000,0x44400) (0x1004,0x44400) (0x1040,0x44400) (0x1044,0x44400) (0x1200,0x44400) (0x1204,0x44400) (0x1240,0x44400) (0x1244,0x44400) (0x1400,0x44400) (0x1404,0x44400) (0x1440,0x44400) (0x1444,0x44400) (0x1600,0x44400) (0x1604,0x44400) (0x1640,0x44400) (0x1644,0x44400) (0x3000,0x44400) (0x3004,0x44400) (0x3040,0x44400) (0x3044,0x44400) (0x3200,0x44400) (0x3204,0x44400) (0x3240,0x44400) (0x3244,0x44400) (0x3400,0x44400) (0x3404,0x44400) (0x3440,0x44400) (0x3444,0x44400) (0x3600,0x44400) (0x3604,0x44400) (0x3640,0x44400) (0x3644,0x44400) (0x21000,0x44400) (0x21004,0x44400) (0x21040,0x44400) (0x21044,0x44400) (0x21200,0x44400) (0x21204,0x44400) (0x21240,0x44400) (0x21244,0x44400) (0x21400,0x44400) (0x21404,0x44400) (0x21440,0x44400) (0x21444,0x44400) (0x21600,0x44400) (0x21604,0x44400) (0x21640,0x44400) (0x21644,0x44400) (0x23000,0x44400) (0x23004,0x44400) (0x23040,0x44400) (0x23044,0x44400) (0x23200,0x44400) (0x23204,0x44400) (0x23240,0x44400) (0x23244,0x44400) (0x23400,0x44400) (0x23404,0x44400) (0x23440,0x44400) (0x23444,0x44400) (0x23600,0x44400) (0x23604,0x44400) (0x23640,0x44400) (0x23644,0x44400)
Round 17:
	window is [0, 1, 2, 3, 4, 5, 6, 7, 8, 9, 11, 12, 15, 29]
	13.699055
	Max: -49.888307 (0x44000,0x1000) (0x44010,0x1000) (0x44800,0x1000) (0x44810,0x1000)
Round 18:
	window is [1, 2, 3, 4, 5, 6, 7, 8, 9, 10, 13, 14, 17, 31]
	14.823481
	Max: -52.625802 (0x10000,0x44000) (0x10040,0x44000) (0x10400,0x44000) (0x10440,0x44000) (0x12000,0x44000) (0x12040,0x44000) (0x12400,0x44000) (0x12440,0x44000) (0x30000,0x44000) (0x30040,0x44000) (0x30400,0x44000) (0x30440,0x44000) (0x32000,0x44000) (0x32040,0x44000) (0x32400,0x44000) (0x32440,0x44000)
Round 19:
	window is [0, 1, 2, 3, 4, 5, 6, 7, 8, 9, 11, 12, 15, 31]
	15.767123
	Max: -54.063136 (0x40000,0x10000) (0x40100,0x10000) (0x48000,0x10000) (0x48100,0x10000)
Round 20:
	window is [0, 1, 2, 3, 4, 5, 6, 7, 8, 9, 10, 13, 14, 17]
	16.207971
	Max: -55.206088 (0,0x40000) (0x400,0x40000) (0x20000,0x40000) (0x20400,0x40000)
Round 21:
	window is [2, 3, 4, 5, 6, 7, 8, 9, 11, 12, 15, 16, 30, 31]
	16.426127
	Max: -55.206088 (0x40000,0)
Round 22:
	window is [0, 1, 2, 3, 4, 5, 6, 7, 8, 9, 10, 13, 14, 17]
	16.866220
	Max: -57.205542 (0x10000,0x40000) (0x10400,0x40000) (0x30000,0x40000) (0x30400,0x40000)
Round 23:
	window is [1, 2, 4, 5, 6, 7, 8, 9, 11, 12, 15, 16, 30, 31]
	17.641273
	Max: -59.205489 (0x44000,0x10000) (0x44100,0x10000) (0x4c000,0x10000) (0x4c100,0x10000)
Round 24:
	window is [0, 1, 2, 3, 5, 6, 7, 8, 9, 10, 13, 14, 17, 31]
	18.397213
	Max: -62.398117 (0x1000,0x44000) (0x1040,0x44000) (0x1400,0x44000) (0x1440,0x44000) (0x3000,0x44000) (0x3040,0x44000) (0x3400,0x44000) (0x3440,0x44000) (0x21000,0x44000) (0x21040,0x44000) (0x21400,0x44000) (0x21440,0x44000) (0x23000,0x44000) (0x23040,0x44000) (0x23400,0x44000) (0x23440,0x44000)
Round 25:
	window is [2, 4, 5, 6, 7, 8, 9, 11, 12, 15, 16, 24, 30, 31]
	18.580471
	Max: -64.398116 (0x44400,0x1000) (0x44410,0x1000) (0x44c00,0x1000) (0x44c10,0x1000)
over.
