Input: (0x880000, 0x200000)
	Max: 0.000000 (0x880000,0x200000)
Round 1:
	window is [11, 15, 18, 22]
	Max: -4.000000 (0x20000,0x880000) (0x20800,0x880000) (0x28000,0x880000) (0x28800,0x880000) (0x60000,0x880000) (0x60800,0x880000) (0x68000,0x880000) (0x68800,0x880000) (0x420000,0x880000) (0x420800,0x880000) (0x428000,0x880000) (0x428800,0x880000) (0x460000,0x880000) (0x460800,0x880000) (0x468000,0x880000) (0x468800,0x880000)
Round 2:
	window is [3, 7, 9, 10, 13, 14, 16, 17, 20, 21]
	Max: -6.000000 (0x888000,0x20000) (0x888200,0x20000) (0x898000,0x20000) (0x898200,0x20000)
Round 3:
	window is [1, 2, 5, 7, 8, 9, 11, 12, 13, 14, 15, 18, 19, 22]
	Max: -11.192645 (0x202000,0x888000) (0x202000,0x898000) (0x202080,0x888000) (0x202080,0x898000) (0x202800,0x888000) (0x202800,0x898000) (0x202880,0x888000) (0x202880,0x898000) (0x206000,0x888000) (0x206000,0x898000) (0x206080,0x888000) (0x206080,0x898000) (0x206800,0x888000) (0x206800,0x898000) (0x206880,0x888000) (0x206880,0x898000) (0x20a000,0x888000) (0x20a000,0x898000) (0x20a080,0x888000) (0x20a080,0x898000) (0x20a800,0x888000) (0x20a800,0x898000) (0x20a880,0x888000) (0x20a880,0x898000) (0x20e000,0x888000) (0x20e000,0x898000) (0x20e080,0x888000) (0x20e080,0x898000) (0x20e800,0x888000) (0x20e800,0x898000) (0x20e880,0x888000) (0x20e880,0x898000) (0x242000,0x888000) (0x242000,0x898000) (0x242080,0x888000) (0x242080,0x898000) (0x242800,0x888000) (0x242800,0x898000) (0x242880,0x888000) (0x242880,0x898000) (0x246000,0x888000) (0x246000,0x898000) (0x246080,0x888000) (0x246080,0x898000) (0x246800,0x888000) (0x246800,0x898000) (0x246880,0x888000) (0x246880,0x898000) (0x24a000,0x888000) (0x24a000,0x898000) (0x24a080,0x888000) (0x24a080,0x898000) (0x24a800,0x888000) (0x24a800,0x898000) (0x24a880,0x888000) (0x24a880,0x898000) (0x24e000,0x888000) (0x24e000,0x898000) (0x24e080,0x888000) (0x24e080,0x898000) (0x24e800,0x888000) (0x24e800,0x898000) (0x24e880,0x888000) (0x24e880,0x898000) (0x602000,0x888000) (0x602080,0x888000) (0x602100,0x898000) (0x602180,0x898000) (0x602800,0x888000) (0x602880,0x888000) (0x602900,0x898000) (0x602980,0x898000) (0x606000,0x888000) (0x606080,0x888000) (0x606100,0x898000) (0x606180,0x898000) (0x606800,0x888000) (0x606880,0x888000) (0x606900,0x898000) (0x606980,0x898000) (0x60a000,0x888000) (0x60a080,0x888000) (0x60a100,0x898000) (0x60a180,0x898000) (0x60a800,0x888000) (0x60a880,0x888000) (0x60a900,0x898000) (0x60a980,0x898000) (0x60e000,0x888000) (0x60e080,0x888000) (0x60e100,0x898000) (0x60e180,0x898000) (0x60e800,0x888000) (0x60e880,0x888000) (0x60e900,0x898000) (0x60e980,0x898000) (0x642000,0x888000) (0x642080,0x888000) (0x642100,0x898000) (0x642180,0x898000) (0x642800,0x888000) (0x642880,0x888000) (0x642900,0x898000) (0x642980,0x898000) (0x646000,0x888000) (0x646080,0x888000) (0x646100,0x898000) (0x646180,0x898000) (0x646800,0x888000) (0x646880,0x888000) (0x646900,0x898000) (0x646980,0x898000) (0x64a000,0x888000) (0x64a080,0x888000) (0x64a100,0x898000) (0x64a180,0x898000) (0x64a800,0x888000) (0x64a880,0x888000) (0x64a900,0x898000) (0x64a980,0x898000) (0x64e000,0x888000) (0x64e080,0x888000) (0x64e100,0x898000) (0x64e180,0x898000) (0x64e800,0x888000) (0x64e880,0x888000) (0x64e900,0x898000) (0x64e980,0x898000)
Round 4:
	window is [5, 6, 7, 9, 10, 11, 12, 13, 14, 16, 17, 20, 21, 63]
	Max: -14.944718 (0x808800,0x202000) (0x808820,0x202000) (0x809800,0x202000) (0x809820,0x202000) (0x80a800,0x202000) (0x80a820,0x202000) (0x80b800,0x202000) (0x80b820,0x202000) (0x908800,0x202000) (0x908820,0x202000) (0x909800,0x202000) (0x909820,0x202000) (0x90a800,0x202000) (0x90a820,0x202000) (0x90b800,0x202000) (0x90b820,0x202000)
Round 5:
	window is [4, 7, 8, 9, 10, 11, 12, 13, 14, 15, 18, 19, 22, 61]
	Max: -18.983496 (0x200,0x808800) (0x280,0x808800) (0x600,0x808800) (0x680,0x808800) (0x4200,0x808800) (0x4280,0x808800) (0x4600,0x808800) (0x4680,0x808800) (0x8200,0x808800) (0x8280,0x808800) (0x8600,0x808800) (0x8680,0x808800) (0xc200,0x808800) (0xc280,0x808800) (0xc600,0x808800) (0xc680,0x808800) (0x400200,0x808800) (0x400280,0x808800) (0x400600,0x808800) (0x400680,0x808800) (0x404200,0x808800) (0x404280,0x808800) (0x404600,0x808800) (0x404680,0x808800) (0x408200,0x808800) (0x408280,0x808800) (0x408600,0x808800) (0x408680,0x808800) (0x40c200,0x808800) (0x40c280,0x808800) (0x40c600,0x808800) (0x40c680,0x808800)
Round 6:
	window is [2, 5, 6, 7, 8, 9, 10, 11, 12, 13, 14, 16, 17, 20]
	Max: -20.983496 (0x808880,0x200) (0x808980,0x200)
Round 7:
	window is [5, 6, 7, 8, 9, 10, 11, 12, 13, 14, 15, 18, 19, 22]
	Max: -28.262943 (0x202020,0x808880) (0x202060,0x808880) (0x2020a0,0x808880) (0x2020e0,0x808880) (0x202420,0x808880) (0x202460,0x808880) (0x2024a0,0x808880) (0x2024e0,0x808880) (0x206020,0x808880) (0x206060,0x808880) (0x2060a0,0x808880) (0x2060e0,0x808880) (0x206420,0x808880) (0x206460,0x808880) (0x2064a0,0x808880) (0x2064e0,0x808880) (0x20a020,0x808880) (0x20a060,0x808880) (0x20a0a0,0x808880) (0x20a0e0,0x808880) (0x20a420,0x808880) (0x20a460,0x808880) (0x20a4a0,0x808880) (0x20a4e0,0x808880) (0x20e020,0x808880) (0x20e060,0x808880) (0x20e0a0,0x808880) (0x20e0e0,0x808880) (0x20e420,0x808880) (0x20e460,0x808880) (0x20e4a0,0x808880) (0x20e4e0,0x808880) (0x602020,0x808880) (0x602060,0x808880) (0x6020a0,0x808880) (0x6020e0,0x808880) (0x602420,0x808880) (0x602460,0x808880) (0x6024a0,0x808880) (0x6024e0,0x808880) (0x606020,0x808880) (0x606060,0x808880) (0x6060a0,0x808880) (0x6060e0,0x808880) (0x606420,0x808880) (0x606460,0x808880) (0x6064a0,0x808880) (0x6064e0,0x808880) (0x60a020,0x808880) (0x60a060,0x808880) (0x60a0a0,0x808880) (0x60a0e0,0x808880) (0x60a420,0x808880) (0x60a460,0x808880) (0x60a4a0,0x808880) (0x60a4e0,0x808880) (0x60e020,0x808880) (0x60e060,0x808880) (0x60e0a0,0x808880) (0x60e0e0,0x808880) (0x60e420,0x808880) (0x60e460,0x808880) (0x60e4a0,0x808880) (0x60e4e0,0x808880)
Round 8:
	window is [3, 5, 6, 7, 8, 9, 10, 11, 12, 13, 14, 16, 17, 20]
	Max: -32.686309 (0x888880,0x200200) (0x888980,0x200200) (0x88a880,0x200200) (0x88a980,0x200200) (0x988880,0x200200) (0x988980,0x200200) (0x98a880,0x200200) (0x98a980,0x200200)
Round 9:
	window is [5, 6, 7, 8, 9, 10, 11, 12, 13, 14, 15, 18, 19, 22]
	Max: -37.490288 (0x20000,0x888000) (0x20080,0x888000) (0x20800,0x888000) (0x20880,0x888000) (0x24000,0x888000) (0x24080,0x888000) (0x24800,0x888000) (0x24880,0x888000) (0x28000,0x888000) (0x28080,0x888000) (0x28800,0x888000) (0x28880,0x888000) (0x2c000,0x888000) (0x2c080,0x888000) (0x2c800,0x888000) (0x2c880,0x888000) (0x60000,0x888000) (0x60080,0x888000) (0x60800,0x888000) (0x60880,0x888000) (0x64000,0x888000) (0x64080,0x888000) (0x64800,0x888000) (0x64880,0x888000) (0x68000,0x888000) (0x68080,0x888000) (0x68800,0x888000) (0x68880,0x888000) (0x6c000,0x888000) (0x6c080,0x888000) (0x6c800,0x888000) (0x6c880,0x888000) (0x420000,0x888000) (0x420080,0x888000) (0x420800,0x888000) (0x420880,0x888000) (0x424000,0x888000) (0x424080,0x888000) (0x424800,0x888000) (0x424880,0x888000) (0x428000,0x888000) (0x428080,0x888000) (0x428800,0x888000) (0x428880,0x888000) (0x42c000,0x888000) (0x42c080,0x888000) (0x42c800,0x888000) (0x42c880,0x888000) (0x460000,0x888000) (0x460080,0x888000) (0x460800,0x888000) (0x460880,0x888000) (0x464000,0x888000) (0x464080,0x888000) (0x464800,0x888000) (0x464880,0x888000) (0x468000,0x888000) (0x468080,0x888000) (0x468800,0x888000) (0x468880,0x888000) (0x46c000,0x888000) (0x46c080,0x888000) (0x46c800,0x888000) (0x46c880,0x888000)
Round 10:
	window is [3, 5, 6, 7, 8, 9, 10, 11, 12, 13, 14, 16, 17, 20]
	Max: -38.430947 (0x880000,0x20000) (0x880200,0x20000) (0x890000,0x20000) (0x890200,0x20000)
Round 11:
	window is [5, 6, 7, 8, 9, 10, 11, 12, 13, 14, 15, 18, 19, 22]
	Max: -41.219543 (0x200000,0x880000) (0x200800,0x880000) (0x208000,0x880000) (0x208800,0x880000) (0x240000,0x880000) (0x240800,0x880000) (0x248000,0x880000) (0x248800,0x880000) (0x600000,0x880000) (0x600800,0x880000) (0x608000,0x880000) (0x608800,0x880000) (0x640000,0x880000) (0x640800,0x880000) (0x648000,0x880000) (0x648800,0x880000)
Round 12:
	window is [3, 5, 6, 7, 8, 9, 10, 11, 12, 13, 14, 16, 17, 20]
	Max: -42.669541 (0x800000,0x200000) (0x802000,0x200000) (0x900000,0x200000) (0x902000,0x200000)
Round 13:
	window is [5, 6, 7, 8, 9, 10, 11, 12, 13, 14, 15, 18, 19, 22]
	Max: -43.814614 (0,0x800000) (0x8000,0x800000) (0x400000,0x800000) (0x408000,0x800000)
Round 14:
	window is [3, 5, 7, 8, 9, 10, 11, 12, 13, 14, 16, 17, 20, 21]
	Max: -43.814614 (0x800000,0)
Round 15:
	window is [5, 6, 7, 8, 9, 10, 11, 12, 13, 14, 15, 18, 19, 22]
	Max: -45.814078 (0x200000,0x800000) (0x208000,0x800000) (0x600000,0x800000) (0x608000,0x800000)
Round 16:
	window is [3, 4, 6, 7, 9, 10, 11, 12, 13, 14, 16, 17, 20, 21]
	Max: -47.814030 (0x880000,0x200000) (0x882000,0x200000) (0x980000,0x200000) (0x982000,0x200000)
Round 17:
	window is [5, 6, 7, 8, 9, 10, 11, 12, 13, 14, 15, 18, 19, 22]
	Max: -51.006661 (0x20000,0x880000) (0x20800,0x880000) (0x28000,0x880000) (0x28800,0x880000) (0x60000,0x880000) (0x60800,0x880000) (0x68000,0x880000) (0x68800,0x880000) (0x420000,0x880000) (0x420800,0x880000) (0x428000,0x880000) (0x428800,0x880000) (0x460000,0x880000) (0x460800,0x880000) (0x468000,0x880000) (0x468800,0x880000)
Round 18:
	window is [3, 4, 7, 9, 10, 11, 12, 13, 14, 16, 17, 18, 20, 21]
	Max: -53.006660 (0x888000,0x20000) (0x888200,0x20000) (0x898000,0x20000) (0x898200,0x20000)
Round 19:
	window is [1, 2, 5, 7, 8, 9, 11, 12, 13, 14, 15, 18, 19, 22]
	Max: -57.914934 (0x202000,0x888000) (0x202080,0x888000) (0x202800,0x888000) (0x202880,0x888000) (0x206000,0x888000) (0x206080,0x888000) (0x206800,0x888000) (0x206880,0x888000) (0x20a000,0x888000) (0x20a080,0x888000) (0x20a800,0x888000) (0x20a880,0x888000) (0x20e000,0x888000) (0x20e080,0x888000) (0x20e800,0x888000) (0x20e880,0x888000) (0x242000,0x888000) (0x242080,0x888000) (0x242800,0x888000) (0x242880,0x888000) (0x246000,0x888000) (0x246080,0x888000) (0x246800,0x888000) (0x246880,0x888000) (0x24a000,0x888000) (0x24a080,0x888000) (0x24a800,0x888000) (0x24a880,0x888000) (0x24e000,0x888000) (0x24e080,0x888000) (0x24e800,0x888000) (0x24e880,0x888000) (0x602000,0x888000) (0x602080,0x888000) (0x602800,0x888000) (0x602880,0x888000) (0x606000,0x888000) (0x606080,0x888000) (0x606800,0x888000) (0x606880,0x888000) (0x60a000,0x888000) (0x60a080,0x888000) (0x60a800,0x888000) (0x60a880,0x888000) (0x60e000,0x888000) (0x60e080,0x888000) (0x60e800,0x888000) (0x60e880,0x888000) (0x642000,0x888000) (0x642080,0x888000) (0x642800,0x888000) (0x642880,0x888000) (0x646000,0x888000) (0x646080,0x888000) (0x646800,0x888000) (0x646880,0x888000) (0x64a000,0x888000) (0x64a080,0x888000) (0x64a800,0x888000) (0x64a880,0x888000) (0x64e000,0x888000) (0x64e080,0x888000) (0x64e800,0x888000) (0x64e880,0x888000)
Round 20:
	window is [3, 5, 6, 7, 9, 10, 11, 12, 13, 14, 16, 17, 20, 21]
	Max: -61.399526 (0x808800,0x202000) (0x808820,0x202000) (0x809800,0x202000) (0x809820,0x202000) (0x80a800,0x202000) (0x80a820,0x202000) (0x80b800,0x202000) (0x80b820,0x202000) (0x908800,0x202000) (0x908820,0x202000) (0x909800,0x202000) (0x909820,0x202000) (0x90a800,0x202000) (0x90a820,0x202000) (0x90b800,0x202000) (0x90b820,0x202000)
Round 21:
	window is [3, 5, 7, 8, 9, 10, 11, 12, 13, 14, 15, 18, 19, 22]
	Max: -65.459207 (0x200,0x808800) (0x208,0x808800) (0x280,0x808800) (0x288,0x808800) (0x600,0x808800) (0x608,0x808800) (0x680,0x808800) (0x688,0x808800) (0x4200,0x808800) (0x4208,0x808800) (0x4280,0x808800) (0x4288,0x808800) (0x4600,0x808800) (0x4608,0x808800) (0x4680,0x808800) (0x4688,0x808800) (0x8200,0x808800) (0x8208,0x808800) (0x8280,0x808800) (0x8288,0x808800) (0x8600,0x808800) (0x8608,0x808800) (0x8680,0x808800) (0x8688,0x808800) (0xc200,0x808800) (0xc208,0x808800) (0xc280,0x808800) (0xc288,0x808800) (0xc600,0x808800) (0xc608,0x808800) (0xc680,0x808800) (0xc688,0x808800) (0x400200,0x808800) (0x400208,0x808800) (0x400280,0x808800) (0x400288,0x808800) (0x400600,0x808800) (0x400608,0x808800) (0x400680,0x808800) (0x400688,0x808800) (0x404200,0x808800) (0x404208,0x808800) (0x404280,0x808800) (0x404288,0x808800) (0x404600,0x808800) (0x404608,0x808800) (0x404680,0x808800) (0x404688,0x808800) (0x408200,0x808800) (0x408208,0x808800) (0x408280,0x808800) (0x408288,0x808800) (0x408600,0x808800) (0x408608,0x808800) (0x408680,0x808800) (0x408688,0x808800) (0x40c200,0x808800) (0x40c208,0x808800) (0x40c280,0x808800) (0x40c288,0x808800) (0x40c600,0x808800) (0x40c608,0x808800) (0x40c680,0x808800) (0x40c688,0x808800)
Round 22:
	window is [5, 6, 7, 8, 9, 10, 11, 12, 13, 14, 16, 17, 20, 21]
	Max: -67.459207 (0x808880,0x200) (0x808980,0x200)
Round 23:
	window is [3, 5, 7, 8, 9, 10, 11, 12, 13, 14, 15, 18, 19, 22]
	Max: -74.260703 (0x202020,0x808880) (0x202028,0x808880) (0x2020a0,0x808880) (0x2020a8,0x808880) (0x202420,0x808880) (0x202428,0x808880) (0x2024a0,0x808880) (0x2024a8,0x808880) (0x206020,0x808880) (0x206028,0x808880) (0x2060a0,0x808880) (0x2060a8,0x808880) (0x206420,0x808880) (0x206428,0x808880) (0x2064a0,0x808880) (0x2064a8,0x808880) (0x20a020,0x808880) (0x20a028,0x808880) (0x20a0a0,0x808880) (0x20a0a8,0x808880) (0x20a420,0x808880) (0x20a428,0x808880) (0x20a4a0,0x808880) (0x20a4a8,0x808880) (0x20e020,0x808880) (0x20e028,0x808880) (0x20e0a0,0x808880) (0x20e0a8,0x808880) (0x20e420,0x808880) (0x20e428,0x808880) (0x20e4a0,0x808880) (0x20e4a8,0x808880) (0x602020,0x808880) (0x602028,0x808880) (0x6020a0,0x808880) (0x6020a8,0x808880) (0x602420,0x808880) (0x602428,0x808880) (0x6024a0,0x808880) (0x6024a8,0x808880) (0x606020,0x808880) (0x606028,0x808880) (0x6060a0,0x808880) (0x6060a8,0x808880) (0x606420,0x808880) (0x606428,0x808880) (0x6064a0,0x808880) (0x6064a8,0x808880) (0x60a020,0x808880) (0x60a028,0x808880) (0x60a0a0,0x808880) (0x60a0a8,0x808880) (0x60a420,0x808880) (0x60a428,0x808880) (0x60a4a0,0x808880) (0x60a4a8,0x808880) (0x60e020,0x808880) (0x60e028,0x808880) (0x60e0a0,0x808880) (0x60e0a8,0x808880) (0x60e420,0x808880) (0x60e428,0x808880) (0x60e4a0,0x808880) (0x60e4a8,0x808880)
Round 24:
	window is [5, 6, 7, 8, 9, 10, 11, 12, 13, 14, 16, 17, 20, 21]
	Max: -78.756209 (0x888880,0x200200) (0x888980,0x200200) (0x88a880,0x200200) (0x88a980,0x200200) (0x988880,0x200200) (0x988980,0x200200) (0x98a880,0x200200) (0x98a980,0x200200)
Round 25:
	window is [5, 6, 7, 8, 9, 10, 11, 12, 13, 14, 15, 18, 19, 22]
	Max: -83.527388 (0x20000,0x888000) (0x20080,0x888000) (0x20800,0x888000) (0x20880,0x888000) (0x24000,0x888000) (0x24080,0x888000) (0x24800,0x888000) (0x24880,0x888000) (0x28000,0x888000) (0x28080,0x888000) (0x28800,0x888000) (0x28880,0x888000) (0x2c000,0x888000) (0x2c080,0x888000) (0x2c800,0x888000) (0x2c880,0x888000) (0x60000,0x888000) (0x60080,0x888000) (0x60800,0x888000) (0x60880,0x888000) (0x64000,0x888000) (0x64080,0x888000) (0x64800,0x888000) (0x64880,0x888000) (0x68000,0x888000) (0x68080,0x888000) (0x68800,0x888000) (0x68880,0x888000) (0x6c000,0x888000) (0x6c080,0x888000) (0x6c800,0x888000) (0x6c880,0x888000) (0x420000,0x888000) (0x420080,0x888000) (0x420800,0x888000) (0x420880,0x888000) (0x424000,0x888000) (0x424080,0x888000) (0x424800,0x888000) (0x424880,0x888000) (0x428000,0x888000) (0x428080,0x888000) (0x428800,0x888000) (0x428880,0x888000) (0x42c000,0x888000) (0x42c080,0x888000) (0x42c800,0x888000) (0x42c880,0x888000) (0x460000,0x888000) (0x460080,0x888000) (0x460800,0x888000) (0x460880,0x888000) (0x464000,0x888000) (0x464080,0x888000) (0x464800,0x888000) (0x464880,0x888000) (0x468000,0x888000) (0x468080,0x888000) (0x468800,0x888000) (0x468880,0x888000) (0x46c000,0x888000) (0x46c080,0x888000) (0x46c800,0x888000) (0x46c880,0x888000)
Round 26:
	window is [5, 6, 7, 8, 9, 10, 11, 12, 13, 14, 16, 17, 20, 21]
	Max: -84.511904 (0x880000,0x20000) (0x880200,0x20000) (0x890000,0x20000) (0x890200,0x20000)
Round 27:
	window is [5, 6, 7, 8, 9, 10, 11, 12, 13, 14, 15, 18, 19, 22]
	Max: -87.248916 (0x200000,0x880000) (0x200800,0x880000) (0x208000,0x880000) (0x208800,0x880000) (0x240000,0x880000) (0x240800,0x880000) (0x248000,0x880000) (0x248800,0x880000) (0x600000,0x880000) (0x600800,0x880000) (0x608000,0x880000) (0x608800,0x880000) (0x640000,0x880000) (0x640800,0x880000) (0x648000,0x880000) (0x648800,0x880000)
Round 28:
	window is [3, 6, 7, 8, 9, 10, 11, 12, 13, 14, 16, 17, 20, 21]
	Max: -88.678021 (0x800000,0x200000) (0x802000,0x200000) (0x900000,0x200000) (0x902000,0x200000)
Round 29:
	window is [5, 6, 7, 8, 9, 10, 11, 12, 13, 14, 15, 18, 19, 22]
	Max: -89.810627 (0,0x800000) (0x8000,0x800000) (0x400000,0x800000) (0x408000,0x800000)
Round 30:
	window is [3, 5, 7, 8, 9, 10, 11, 12, 13, 14, 16, 17, 20, 21]
	Max: -89.810627 (0x800000,0)
Round 31:
	window is [5, 6, 7, 8, 9, 10, 11, 12, 13, 14, 15, 18, 19, 22]
	Max: -91.809901 (0x200000,0x800000) (0x208000,0x800000) (0x600000,0x800000) (0x608000,0x800000)
Round 32:
	window is [3, 4, 6, 7, 9, 10, 11, 12, 13, 14, 16, 17, 20, 21]
	Max: -93.809848 (0x880000,0x200000) (0x882000,0x200000) (0x980000,0x200000) (0x982000,0x200000)
Round 33:
	window is [5, 6, 7, 8, 9, 10, 11, 12, 13, 14, 15, 18, 19, 22]
	Max: -97.002446 (0x20000,0x880000) (0x20800,0x880000) (0x28000,0x880000) (0x28800,0x880000) (0x60000,0x880000) (0x60800,0x880000) (0x68000,0x880000) (0x68800,0x880000) (0x420000,0x880000) (0x420800,0x880000) (0x428000,0x880000) (0x428800,0x880000) (0x460000,0x880000) (0x460800,0x880000) (0x468000,0x880000) (0x468800,0x880000)
Round 34:
	window is [3, 4, 7, 9, 10, 11, 12, 13, 14, 16, 17, 18, 20, 21]
	Max: -99.002445 (0x888000,0x20000) (0x888200,0x20000) (0x898000,0x20000) (0x898200,0x20000)
Round 35:
	window is [1, 2, 5, 7, 8, 9, 11, 12, 13, 14, 15, 18, 19, 22]
	Max: -103.910685 (0x202000,0x888000) (0x202080,0x888000) (0x202800,0x888000) (0x202880,0x888000) (0x206000,0x888000) (0x206080,0x888000) (0x206800,0x888000) (0x206880,0x888000) (0x20a000,0x888000) (0x20a080,0x888000) (0x20a800,0x888000) (0x20a880,0x888000) (0x20e000,0x888000) (0x20e080,0x888000) (0x20e800,0x888000) (0x20e880,0x888000) (0x242000,0x888000) (0x242080,0x888000) (0x242800,0x888000) (0x242880,0x888000) (0x246000,0x888000) (0x246080,0x888000) (0x246800,0x888000) (0x246880,0x888000) (0x24a000,0x888000) (0x24a080,0x888000) (0x24a800,0x888000) (0x24a880,0x888000) (0x24e000,0x888000) (0x24e080,0x888000) (0x24e800,0x888000) (0x24e880,0x888000) (0x602000,0x888000) (0x602080,0x888000) (0x602800,0x888000) (0x602880,0x888000) (0x606000,0x888000) (0x606080,0x888000) (0x606800,0x888000) (0x606880,0x888000) (0x60a000,0x888000) (0x60a080,0x888000) (0x60a800,0x888000) (0x60a880,0x888000) (0x60e000,0x888000) (0x60e080,0x888000) (0x60e800,0x888000) (0x60e880,0x888000) (0x642000,0x888000) (0x642080,0x888000) (0x642800,0x888000) (0x642880,0x888000) (0x646000,0x888000) (0x646080,0x888000) (0x646800,0x888000) (0x646880,0x888000) (0x64a000,0x888000) (0x64a080,0x888000) (0x64a800,0x888000) (0x64a880,0x888000) (0x64e000,0x888000) (0x64e080,0x888000) (0x64e800,0x888000) (0x64e880,0x888000)
Round 36:
	window is [3, 5, 6, 7, 9, 10, 11, 12, 13, 14, 16, 17, 20, 21]
	Max: -107.395265 (0x808800,0x202000) (0x808820,0x202000) (0x809800,0x202000) (0x809820,0x202000) (0x80a800,0x202000) (0x80a820,0x202000) (0x80b800,0x202000) (0x80b820,0x202000) (0x908800,0x202000) (0x908820,0x202000) (0x909800,0x202000) (0x909820,0x202000) (0x90a800,0x202000) (0x90a820,0x202000) (0x90b800,0x202000) (0x90b820,0x202000)
Round 37:
	window is [3, 5, 7, 8, 9, 10, 11, 12, 13, 14, 15, 18, 19, 22]
	Max: -111.454944 (0x200,0x808800) (0x208,0x808800) (0x280,0x808800) (0x288,0x808800) (0x600,0x808800) (0x608,0x808800) (0x680,0x808800) (0x688,0x808800) (0x4200,0x808800) (0x4208,0x808800) (0x4280,0x808800) (0x4288,0x808800) (0x4600,0x808800) (0x4608,0x808800) (0x4680,0x808800) (0x4688,0x808800) (0x8200,0x808800) (0x8208,0x808800) (0x8280,0x808800) (0x8288,0x808800) (0x8600,0x808800) (0x8608,0x808800) (0x8680,0x808800) (0x8688,0x808800) (0xc200,0x808800) (0xc208,0x808800) (0xc280,0x808800) (0xc288,0x808800) (0xc600,0x808800) (0xc608,0x808800) (0xc680,0x808800) (0xc688,0x808800) (0x400200,0x808800) (0x400208,0x808800) (0x400280,0x808800) (0x400288,0x808800) (0x400600,0x808800) (0x400608,0x808800) (0x400680,0x808800) (0x400688,0x808800) (0x404200,0x808800) (0x404208,0x808800) (0x404280,0x808800) (0x404288,0x808800) (0x404600,0x808800) (0x404608,0x808800) (0x404680,0x808800) (0x404688,0x808800) (0x408200,0x808800) (0x408208,0x808800) (0x408280,0x808800) (0x408288,0x808800) (0x408600,0x808800) (0x408608,0x808800) (0x408680,0x808800) (0x408688,0x808800) (0x40c200,0x808800) (0x40c208,0x808800) (0x40c280,0x808800) (0x40c288,0x808800) (0x40c600,0x808800) (0x40c608,0x808800) (0x40c680,0x808800) (0x40c688,0x808800)
Round 38:
	window is [5, 6, 7, 8, 9, 10, 11, 12, 13, 14, 16, 17, 20, 21]
	Max: -113.454944 (0x808880,0x200) (0x808980,0x200)
Round 39:
	window is [3, 5, 7, 8, 9, 10, 11, 12, 13, 14, 15, 18, 19, 22]
	Max: -120.256438 (0x202020,0x808880) (0x202028,0x808880) (0x2020a0,0x808880) (0x2020a8,0x808880) (0x202420,0x808880) (0x202428,0x808880) (0x2024a0,0x808880) (0x2024a8,0x808880) (0x206020,0x808880) (0x206028,0x808880) (0x2060a0,0x808880) (0x2060a8,0x808880) (0x206420,0x808880) (0x206428,0x808880) (0x2064a0,0x808880) (0x2064a8,0x808880) (0x20a020,0x808880) (0x20a028,0x808880) (0x20a0a0,0x808880) (0x20a0a8,0x808880) (0x20a420,0x808880) (0x20a428,0x808880) (0x20a4a0,0x808880) (0x20a4a8,0x808880) (0x20e020,0x808880) (0x20e028,0x808880) (0x20e0a0,0x808880) (0x20e0a8,0x808880) (0x20e420,0x808880) (0x20e428,0x808880) (0x20e4a0,0x808880) (0x20e4a8,0x808880) (0x602020,0x808880) (0x602028,0x808880) (0x6020a0,0x808880) (0x6020a8,0x808880) (0x602420,0x808880) (0x602428,0x808880) (0x6024a0,0x808880) (0x6024a8,0x808880) (0x606020,0x808880) (0x606028,0x808880) (0x6060a0,0x808880) (0x6060a8,0x808880) (0x606420,0x808880) (0x606428,0x808880) (0x6064a0,0x808880) (0x6064a8,0x808880) (0x60a020,0x808880) (0x60a028,0x808880) (0x60a0a0,0x808880) (0x60a0a8,0x808880) (0x60a420,0x808880) (0x60a428,0x808880) (0x60a4a0,0x808880) (0x60a4a8,0x808880) (0x60e020,0x808880) (0x60e028,0x808880) (0x60e0a0,0x808880) (0x60e0a8,0x808880) (0x60e420,0x808880) (0x60e428,0x808880) (0x60e4a0,0x808880) (0x60e4a8,0x808880)
Round 40:
	window is [5, 6, 7, 8, 9, 10, 11, 12, 13, 14, 16, 17, 20, 21]
	Max: -124.751728 (0x888880,0x200200) (0x888980,0x200200) (0x88a880,0x200200) (0x88a980,0x200200) (0x988880,0x200200) (0x988980,0x200200) (0x98a880,0x200200) (0x98a980,0x200200)
Round 41:
	window is [5, 6, 7, 8, 9, 10, 11, 12, 13, 14, 15, 18, 19, 22]
	Max: -129.523101 (0x20000,0x888000) (0x20080,0x888000) (0x20800,0x888000) (0x20880,0x888000) (0x24000,0x888000) (0x24080,0x888000) (0x24800,0x888000) (0x24880,0x888000) (0x28000,0x888000) (0x28080,0x888000) (0x28800,0x888000) (0x28880,0x888000) (0x2c000,0x888000) (0x2c080,0x888000) (0x2c800,0x888000) (0x2c880,0x888000) (0x60000,0x888000) (0x60080,0x888000) (0x60800,0x888000) (0x60880,0x888000) (0x64000,0x888000) (0x64080,0x888000) (0x64800,0x888000) (0x64880,0x888000) (0x68000,0x888000) (0x68080,0x888000) (0x68800,0x888000) (0x68880,0x888000) (0x6c000,0x888000) (0x6c080,0x888000) (0x6c800,0x888000) (0x6c880,0x888000) (0x420000,0x888000) (0x420080,0x888000) (0x420800,0x888000) (0x420880,0x888000) (0x424000,0x888000) (0x424080,0x888000) (0x424800,0x888000) (0x424880,0x888000) (0x428000,0x888000) (0x428080,0x888000) (0x428800,0x888000) (0x428880,0x888000) (0x42c000,0x888000) (0x42c080,0x888000) (0x42c800,0x888000) (0x42c880,0x888000) (0x460000,0x888000) (0x460080,0x888000) (0x460800,0x888000) (0x460880,0x888000) (0x464000,0x888000) (0x464080,0x888000) (0x464800,0x888000) (0x464880,0x888000) (0x468000,0x888000) (0x468080,0x888000) (0x468800,0x888000) (0x468880,0x888000) (0x46c000,0x888000) (0x46c080,0x888000) (0x46c800,0x888000) (0x46c880,0x888000)
over.
