Input: (0x20000, 0x470000)
	Max: 0.000000 (0x20000,0x470000)
Round 1:
	window is [17, 22]
	0.000000
	Max: -2.000000 (0x10000,0x20000) (0x30000,0x20000) (0x410000,0x20000) (0x430000,0x20000)
Round 2:
	window is [3, 16, 17, 18, 21, 22, 23]
	0.000000
	Max: -4.000000 (0,0x10000) (0x10000,0x10000) (0x200000,0x10000) (0x210000,0x10000)
Round 3:
	window is [0, 2, 3, 4, 8, 16, 17, 18, 19, 21, 22, 23]
	0.000001
	Max: -4.000000 (0x10000,0)
Round 4:
	window is [0, 1, 2, 3, 4, 5, 16, 17, 18, 19, 20, 21, 22, 23]
	0.000204
	Max: -6.000000 (0x20000,0x10000) (0x30000,0x10000) (0x220000,0x10000) (0x230000,0x10000)
Round 5:
	window is [0, 1, 2, 3, 4, 5, 16, 17, 18, 19, 20, 21, 22, 23]
	0.045677
	Max: -8.000000 (0x50000,0x20000) (0x70000,0x20000) (0x450000,0x20000) (0x470000,0x20000)
Round 6:
	window is [0, 1, 2, 3, 4, 5, 16, 17, 18, 19, 20, 21, 22, 23]
	0.965907
	Max: -11.299560 (0x80000,0x50000) (0x90000,0x50000) (0xc0000,0x50000) (0xd0000,0x50000) (0x280000,0x50000) (0x290000,0x50000) (0x2c0000,0x50000) (0x2d0000,0x50000) (0x880000,0x50000) (0x890000,0x50000) (0x8c0000,0x50000) (0x8d0000,0x50000) (0xa80000,0x50000) (0xa90000,0x50000) (0xac0000,0x50000) (0xad0000,0x50000)
Round 7:
	window is [0, 1, 2, 3, 4, 5, 16, 17, 18, 19, 20, 21, 22, 23]
	4.079344
	Max: -13.298574 (0x150000,0x80000) (0x150001,0x80000) (0x1d0000,0x80000) (0x1d0001,0x80000)
Round 8:
	window is [0, 1, 2, 3, 4, 5, 16, 17, 18, 19, 20, 21, 22, 23]
	7.902206
	Max: -18.276522 (0x20000,0x150000) (0x20002,0x150000) (0x30000,0x150000) (0x30002,0x150000) (0x60000,0x150000) (0x60002,0x150000) (0x70000,0x150000) (0x70002,0x150000) (0x120000,0x150000) (0x120002,0x150000) (0x130000,0x150000) (0x130002,0x150000) (0x160000,0x150000) (0x160002,0x150000) (0x170000,0x150000) (0x170002,0x150000) (0x220000,0x150000) (0x220002,0x150000) (0x230000,0x150000) (0x230002,0x150000) (0x260000,0x150000) (0x260002,0x150000) (0x270000,0x150000) (0x270002,0x150000) (0x320000,0x150000) (0x320002,0x150000) (0x330000,0x150000) (0x330002,0x150000) (0x360000,0x150000) (0x360002,0x150000) (0x370000,0x150000) (0x370002,0x150000) (0x820000,0x150000) (0x820002,0x150000) (0x830000,0x150000) (0x830002,0x150000) (0x860000,0x150000) (0x860002,0x150000) (0x870000,0x150000) (0x870002,0x150000) (0x920000,0x150000) (0x920002,0x150000) (0x930000,0x150000) (0x930002,0x150000) (0x960000,0x150000) (0x960002,0x150000) (0x970000,0x150000) (0x970002,0x150000) (0xa20000,0x150000) (0xa20002,0x150000) (0xa30000,0x150000) (0xa30002,0x150000) (0xa60000,0x150000) (0xa60002,0x150000) (0xa70000,0x150000) (0xa70002,0x150000) (0xb20000,0x150000) (0xb20002,0x150000) (0xb30000,0x150000) (0xb30002,0x150000) (0xb60000,0x150000) (0xb60002,0x150000) (0xb70000,0x150000) (0xb70002,0x150000)
Round 9:
	window is [0, 1, 2, 3, 4, 5, 16, 17, 18, 19, 20, 21, 22, 23]
	12.613132
	Max: -19.836217 (0x110000,0x20000) (0x130000,0x20000) (0x510000,0x20000) (0x530000,0x20000)
Round 10:
	window is [0, 1, 2, 3, 4, 5, 16, 17, 18, 19, 20, 21, 22, 23]
	15.972214
	Max: -22.213464 (0xa0000,0x10000) (0xb0000,0x10000) (0x2a0000,0x10000) (0x2b0000,0x10000)
Round 11:
	window is [0, 1, 2, 3, 4, 5, 16, 17, 18, 19, 20, 21, 22, 23]
	19.417569
	Max: -22.659255 (0x110000,0)
Round 12:
	window is [0, 1, 2, 3, 4, 5, 16, 17, 18, 19, 20, 21, 22, 23]
	23.374102
	Max: -26.522845 (0x20000,0x110000) (0x20002,0x110000) (0x30000,0x110000) (0x30002,0x110000) (0x120000,0x110000) (0x120002,0x110000) (0x130000,0x110000) (0x130002,0x110000) (0x220000,0x110000) (0x220002,0x110000) (0x230000,0x110000) (0x230002,0x110000) (0x320000,0x110000) (0x320002,0x110000) (0x330000,0x110000) (0x330002,0x110000)
Round 13:
	window is [0, 1, 2, 3, 4, 5, 16, 17, 18, 19, 20, 21, 22, 23]
	27.811483
	Max: -27.040719 (0x10000,0)
Round 14:
	window is [0, 1, 2, 3, 4, 5, 16, 17, 18, 19, 20, 21, 22, 23]
	31.514142
	Max: -28.844235 (0x20000,0x10000) (0x30000,0x10000) (0x220000,0x10000) (0x230000,0x10000)
Round 15:
	window is [0, 1, 2, 3, 4, 5, 16, 17, 18, 19, 20, 21, 22, 23]
	35.409397
	Max: -30.783302 (0x50000,0x20000) (0x70000,0x20000) (0x450000,0x20000) (0x470000,0x20000)
Round 16:
	window is [0, 1, 2, 3, 4, 5, 16, 17, 18, 19, 20, 21, 22, 23]
	40.278302
	Max: -33.290075 (0x20000,0x10000) (0x30000,0x10000) (0x220000,0x10000) (0x230000,0x10000)
Round 17:
	window is [0, 1, 2, 3, 4, 5, 16, 17, 18, 19, 20, 21, 22, 23]
	44.923203
	Max: -35.202783 (0x50000,0x20000) (0x70000,0x20000) (0x450000,0x20000) (0x470000,0x20000)
Round 18:
	window is [0, 1, 2, 3, 4, 5, 16, 17, 18, 19, 20, 21, 22, 23]
	50.567463
	Max: -37.171736 (0x50000,0x20000) (0x70000,0x20000) (0x450000,0x20000) (0x470000,0x20000)
Round 19:
	window is [0, 1, 2, 3, 4, 5, 16, 17, 18, 19, 20, 21, 22, 23]
	55.769662
	Max: -39.105974 (0x20000,0x10000) (0x30000,0x10000) (0x220000,0x10000) (0x230000,0x10000)
Round 20:
	window is [0, 1, 2, 3, 4, 5, 16, 17, 18, 19, 20, 21, 22, 23]
	60.898005
	Max: -40.973348 (0x20000,0x10000) (0x30000,0x10000) (0x220000,0x10000) (0x230000,0x10000)
Round 21:
	window is [0, 1, 2, 3, 4, 5, 16, 17, 18, 19, 20, 21, 22, 23]
	66.127531
	Max: -42.895542 (0x50000,0x20000) (0x70000,0x20000) (0x450000,0x20000) (0x470000,0x20000)
Round 22:
	window is [0, 1, 2, 3, 4, 5, 16, 17, 18, 19, 20, 21, 22, 23]
	71.426872
	Max: -45.176458 (0x50000,0x20000) (0x70000,0x20000) (0x450000,0x20000) (0x470000,0x20000)
Round 23:
	window is [0, 1, 2, 3, 4, 5, 16, 17, 18, 19, 20, 21, 22, 23]
	76.678707
	Max: -47.062681 (0x20000,0x10000) (0x30000,0x10000) (0x220000,0x10000) (0x230000,0x10000)
Round 24:
	window is [0, 1, 2, 3, 4, 5, 16, 17, 18, 19, 20, 21, 22, 23]
	81.888889
	Max: -48.897002 (0x20000,0x10000) (0x30000,0x10000) (0x220000,0x10000) (0x230000,0x10000)
over.
