Input: (0, 0x1)
	Max: 0.000000 (0,0x1)
Round 1:
	window is []
	Max: 0.000000 (0x1,0)
Round 2:
	window is [40, 47]
	Max: -2.000000 (0x400000000000,0x1) (0x410000000000,0x1) (0xc00000000000,0x1) (0xc10000000000,0x1)
Round 3:
	window is [32, 38, 39, 45, 46]
	Max: -4.000000 (0x100000000001,0x400000000000) (0x104000000001,0x400000000000) (0x300000000001,0x400000000000) (0x304000000001,0x400000000000)
Round 4:
	window is [24, 30, 31, 36, 37, 38, 40, 43, 44, 45, 47]
	Max: -7.192645 (0x40000000000,0x100000000001) (0x41000000000,0x100000000001) (0x50000000000,0x100000000001) (0x51000000000,0x100000000001) (0xc0000000000,0x100000000001) (0xc1000000000,0x100000000001) (0xd0000000000,0x100000000001) (0xd1000000000,0x100000000001) (0x840000000000,0x100000000001) (0x841000000000,0x100000000001) (0x850000000000,0x100000000001) (0x851000000000,0x100000000001) (0x8c0000000000,0x100000000001) (0x8c1000000000,0x100000000001) (0x8d0000000000,0x100000000001) (0x8d1000000000,0x100000000001)
Round 5:
	window is [22, 28, 29, 32, 34, 35, 36, 38, 39, 41, 42, 43, 45, 46]
	Max: -9.192645 (0x110000000001,0x40000000000) (0x110400000001,0x40000000000) (0x130000000001,0x40000000000) (0x130400000001,0x40000000000)
Round 6:
	window is [26, 27, 30, 32, 33, 34, 36, 37, 38, 39, 40, 43, 44, 47]
	Max: -14.101210 (0x404000000000,0x110000000001) (0x404100000000,0x110000000001) (0x405000000000,0x110000000001) (0x405100000000,0x110000000001) (0x40c000000000,0x110000000001) (0x40c100000000,0x110000000001) (0x40d000000000,0x110000000001) (0x40d100000000,0x110000000001) (0x414000000000,0x110000000001) (0x414100000000,0x110000000001) (0x415000000000,0x110000000001) (0x415100000000,0x110000000001) (0x41c000000000,0x110000000001) (0x41c100000000,0x110000000001) (0x41d000000000,0x110000000001) (0x41d100000000,0x110000000001) (0x484000000000,0x110000000001) (0x484100000000,0x110000000001) (0x485000000000,0x110000000001) (0x485100000000,0x110000000001) (0x48c000000000,0x110000000001) (0x48c100000000,0x110000000001) (0x48d000000000,0x110000000001) (0x48d100000000,0x110000000001) (0x494000000000,0x110000000001) (0x494100000000,0x110000000001) (0x495000000000,0x110000000001) (0x495100000000,0x110000000001) (0x49c000000000,0x110000000001) (0x49c100000000,0x110000000001) (0x49d000000000,0x110000000001) (0x49d100000000,0x110000000001) (0xc04000000000,0x110000000001) (0xc04100000000,0x110000000001) (0xc05000000000,0x110000000001) (0xc05100000000,0x110000000001) (0xc0c000000000,0x110000000001) (0xc0c100000000,0x110000000001) (0xc0d000000000,0x110000000001) (0xc0d100000000,0x110000000001) (0xc14000000000,0x110000000001) (0xc14100000000,0x110000000001) (0xc15000000000,0x110000000001) (0xc15100000000,0x110000000001) (0xc1c000000000,0x110000000001) (0xc1c100000000,0x110000000001) (0xc1d000000000,0x110000000001) (0xc1d100000000,0x110000000001) (0xc84000000000,0x110000000001) (0xc84100000000,0x110000000001) (0xc85000000000,0x110000000001) (0xc85100000000,0x110000000001) (0xc8c000000000,0x110000000001) (0xc8c100000000,0x110000000001) (0xc8d000000000,0x110000000001) (0xc8d100000000,0x110000000001) (0xc94000000000,0x110000000001) (0xc94100000000,0x110000000001) (0xc95000000000,0x110000000001) (0xc95100000000,0x110000000001) (0xc9c000000000,0x110000000001) (0xc9c100000000,0x110000000001) (0xc9d000000000,0x110000000001) (0xc9d100000000,0x110000000001)
Round 7:
	window is [28, 30, 31, 32, 34, 35, 36, 37, 38, 39, 41, 42, 45, 46]
	Max: -17.585868 (0x11000000001,0x404000000000) (0x11040000001,0x404000000000) (0x13000000001,0x404000000000) (0x13040000001,0x404000000000) (0x15000000001,0x404000000000) (0x15040000001,0x404000000000) (0x17000000001,0x404000000000) (0x17040000001,0x404000000000) (0x211000000001,0x404000000000) (0x211040000001,0x404000000000) (0x213000000001,0x404000000000) (0x213040000001,0x404000000000) (0x215000000001,0x404000000000) (0x215040000001,0x404000000000) (0x217000000001,0x404000000000) (0x217040000001,0x404000000000)
Round 8:
	window is [28, 30, 32, 33, 34, 35, 36, 37, 38, 39, 40, 43, 44, 47]
	Max: -21.645488 (0x400000000,0x11000000001) (0x410000000,0x11000000001) (0x500000000,0x11000000001) (0x510000000,0x11000000001) (0xc00000000,0x11000000001) (0xc10000000,0x11000000001) (0xd00000000,0x11000000001) (0xd10000000,0x11000000001) (0x8400000000,0x11000000001) (0x8410000000,0x11000000001) (0x8500000000,0x11000000001) (0x8510000000,0x11000000001) (0x8c00000000,0x11000000001) (0x8c10000000,0x11000000001) (0x8d00000000,0x11000000001) (0x8d10000000,0x11000000001) (0x10400000000,0x11000000001) (0x10410000000,0x11000000001) (0x10500000000,0x11000000001) (0x10510000000,0x11000000001) (0x10c00000000,0x11000000001) (0x10c10000000,0x11000000001) (0x10d00000000,0x11000000001) (0x10d10000000,0x11000000001) (0x18400000000,0x11000000001) (0x18410000000,0x11000000001) (0x18500000000,0x11000000001) (0x18510000000,0x11000000001) (0x18c00000000,0x11000000001) (0x18c10000000,0x11000000001) (0x18d00000000,0x11000000001) (0x18d10000000,0x11000000001) (0x800400000000,0x11000000001) (0x800410000000,0x11000000001) (0x800500000000,0x11000000001) (0x800510000000,0x11000000001) (0x800c00000000,0x11000000001) (0x800c10000000,0x11000000001) (0x800d00000000,0x11000000001) (0x800d10000000,0x11000000001) (0x808400000000,0x11000000001) (0x808410000000,0x11000000001) (0x808500000000,0x11000000001) (0x808510000000,0x11000000001) (0x808c00000000,0x11000000001) (0x808c10000000,0x11000000001) (0x808d00000000,0x11000000001) (0x808d10000000,0x11000000001) (0x810400000000,0x11000000001) (0x810410000000,0x11000000001) (0x810500000000,0x11000000001) (0x810510000000,0x11000000001) (0x810c00000000,0x11000000001) (0x810c10000000,0x11000000001) (0x810d00000000,0x11000000001) (0x810d10000000,0x11000000001) (0x818400000000,0x11000000001) (0x818410000000,0x11000000001) (0x818500000000,0x11000000001) (0x818510000000,0x11000000001) (0x818c00000000,0x11000000001) (0x818c10000000,0x11000000001) (0x818d00000000,0x11000000001) (0x818d10000000,0x11000000001)
Round 9:
	window is [30, 31, 32, 33, 34, 35, 36, 37, 38, 39, 41, 42, 45, 46]
	Max: -23.645488 (0x11100000001,0x400000000) (0x11300000001,0x400000000)
Round 10:
	window is [28, 30, 32, 33, 34, 35, 36, 37, 38, 39, 40, 43, 44, 47]
	Max: -30.446986 (0x404040000000,0x11100000001) (0x404050000000,0x11100000001) (0x404140000000,0x11100000001) (0x404150000000,0x11100000001) (0x404840000000,0x11100000001) (0x404850000000,0x11100000001) (0x404940000000,0x11100000001) (0x404950000000,0x11100000001) (0x40c040000000,0x11100000001) (0x40c050000000,0x11100000001) (0x40c140000000,0x11100000001) (0x40c150000000,0x11100000001) (0x40c840000000,0x11100000001) (0x40c850000000,0x11100000001) (0x40c940000000,0x11100000001) (0x40c950000000,0x11100000001) (0x414040000000,0x11100000001) (0x414050000000,0x11100000001) (0x414140000000,0x11100000001) (0x414150000000,0x11100000001) (0x414840000000,0x11100000001) (0x414850000000,0x11100000001) (0x414940000000,0x11100000001) (0x414950000000,0x11100000001) (0x41c040000000,0x11100000001) (0x41c050000000,0x11100000001) (0x41c140000000,0x11100000001) (0x41c150000000,0x11100000001) (0x41c840000000,0x11100000001) (0x41c850000000,0x11100000001) (0x41c940000000,0x11100000001) (0x41c950000000,0x11100000001) (0xc04040000000,0x11100000001) (0xc04050000000,0x11100000001) (0xc04140000000,0x11100000001) (0xc04150000000,0x11100000001) (0xc04840000000,0x11100000001) (0xc04850000000,0x11100000001) (0xc04940000000,0x11100000001) (0xc04950000000,0x11100000001) (0xc0c040000000,0x11100000001) (0xc0c050000000,0x11100000001) (0xc0c140000000,0x11100000001) (0xc0c150000000,0x11100000001) (0xc0c840000000,0x11100000001) (0xc0c850000000,0x11100000001) (0xc0c940000000,0x11100000001) (0xc0c950000000,0x11100000001) (0xc14040000000,0x11100000001) (0xc14050000000,0x11100000001) (0xc14140000000,0x11100000001) (0xc14150000000,0x11100000001) (0xc14840000000,0x11100000001) (0xc14850000000,0x11100000001) (0xc14940000000,0x11100000001) (0xc14950000000,0x11100000001) (0xc1c040000000,0x11100000001) (0xc1c050000000,0x11100000001) (0xc1c140000000,0x11100000001) (0xc1c150000000,0x11100000001) (0xc1c840000000,0x11100000001) (0xc1c850000000,0x11100000001) (0xc1c940000000,0x11100000001) (0xc1c950000000,0x11100000001)
Round 11:
	window is [30, 31, 32, 33, 34, 35, 36, 37, 38, 39, 41, 42, 45, 46]
	Max: -34.943208 (0x111100000001,0x400400000000) (0x111300000001,0x400400000000) (0x115100000001,0x400400000000) (0x115300000001,0x400400000000) (0x311100000001,0x400400000000) (0x311300000001,0x400400000000) (0x315100000001,0x400400000000) (0x315300000001,0x400400000000)
Round 12:
	window is [30, 31, 32, 33, 34, 35, 36, 37, 38, 39, 40, 43, 44, 47]
	Max: -39.713669 (0x40000000000,0x110000000001) (0x40100000000,0x110000000001) (0x41000000000,0x110000000001) (0x41100000000,0x110000000001) (0x48000000000,0x110000000001) (0x48100000000,0x110000000001) (0x49000000000,0x110000000001) (0x49100000000,0x110000000001) (0x50000000000,0x110000000001) (0x50100000000,0x110000000001) (0x51000000000,0x110000000001) (0x51100000000,0x110000000001) (0x58000000000,0x110000000001) (0x58100000000,0x110000000001) (0x59000000000,0x110000000001) (0x59100000000,0x110000000001) (0xc0000000000,0x110000000001) (0xc0100000000,0x110000000001) (0xc1000000000,0x110000000001) (0xc1100000000,0x110000000001) (0xc8000000000,0x110000000001) (0xc8100000000,0x110000000001) (0xc9000000000,0x110000000001) (0xc9100000000,0x110000000001) (0xd0000000000,0x110000000001) (0xd0100000000,0x110000000001) (0xd1000000000,0x110000000001) (0xd1100000000,0x110000000001) (0xd8000000000,0x110000000001) (0xd8100000000,0x110000000001) (0xd9000000000,0x110000000001) (0xd9100000000,0x110000000001) (0x840000000000,0x110000000001) (0x840100000000,0x110000000001) (0x841000000000,0x110000000001) (0x841100000000,0x110000000001) (0x848000000000,0x110000000001) (0x848100000000,0x110000000001) (0x849000000000,0x110000000001) (0x849100000000,0x110000000001) (0x850000000000,0x110000000001) (0x850100000000,0x110000000001) (0x851000000000,0x110000000001) (0x851100000000,0x110000000001) (0x858000000000,0x110000000001) (0x858100000000,0x110000000001) (0x859000000000,0x110000000001) (0x859100000000,0x110000000001) (0x8c0000000000,0x110000000001) (0x8c0100000000,0x110000000001) (0x8c1000000000,0x110000000001) (0x8c1100000000,0x110000000001) (0x8c8000000000,0x110000000001) (0x8c8100000000,0x110000000001) (0x8c9000000000,0x110000000001) (0x8c9100000000,0x110000000001) (0x8d0000000000,0x110000000001) (0x8d0100000000,0x110000000001) (0x8d1000000000,0x110000000001) (0x8d1100000000,0x110000000001) (0x8d8000000000,0x110000000001) (0x8d8100000000,0x110000000001) (0x8d9000000000,0x110000000001) (0x8d9100000000,0x110000000001)
Round 13:
	window is [30, 31, 32, 33, 34, 35, 36, 37, 38, 39, 41, 42, 45, 46]
	Max: -40.698252 (0x100000000001,0x40000000000) (0x100400000001,0x40000000000) (0x120000000001,0x40000000000) (0x120400000001,0x40000000000)
Round 14:
	window is [30, 31, 32, 33, 34, 35, 36, 37, 38, 39, 40, 43, 44, 47]
	Max: -43.435645 (0x400000000000,0x100000000001) (0x401000000000,0x100000000001) (0x410000000000,0x100000000001) (0x411000000000,0x100000000001) (0x480000000000,0x100000000001) (0x481000000000,0x100000000001) (0x490000000000,0x100000000001) (0x491000000000,0x100000000001) (0xc00000000000,0x100000000001) (0xc01000000000,0x100000000001) (0xc10000000000,0x100000000001) (0xc11000000000,0x100000000001) (0xc80000000000,0x100000000001) (0xc81000000000,0x100000000001) (0xc90000000000,0x100000000001) (0xc91000000000,0x100000000001)
Round 15:
	window is [28, 31, 32, 33, 34, 35, 36, 37, 38, 39, 41, 42, 45, 46]
	Max: -44.864901 (0x1,0x400000000000) (0x4000000001,0x400000000000) (0x200000000001,0x400000000000) (0x204000000001,0x400000000000)
Round 16:
	window is [30, 31, 32, 33, 34, 35, 36, 37, 38, 39, 40, 43, 44, 47]
	Max: -45.997554 (0,0x1) (0x10000000000,0x1) (0x800000000000,0x1) (0x810000000000,0x1)
Round 17:
	window is [28, 30, 32, 33, 34, 35, 36, 37, 38, 39, 41, 42, 45, 46]
	Max: -45.997554 (0x1,0)
Round 18:
	window is [30, 31, 32, 33, 34, 35, 36, 37, 38, 39, 40, 43, 44, 47]
	Max: -47.996829 (0x400000000000,0x1) (0x410000000000,0x1) (0xc00000000000,0x1) (0xc10000000000,0x1)
Round 19:
	window is [28, 29, 31, 32, 34, 35, 36, 37, 38, 39, 41, 42, 45, 46]
	Max: -49.996776 (0x100000000001,0x400000000000) (0x104000000001,0x400000000000) (0x300000000001,0x400000000000) (0x304000000001,0x400000000000)
Round 20:
	window is [30, 31, 32, 33, 34, 35, 36, 37, 38, 39, 40, 43, 44, 47]
	Max: -53.189374 (0x40000000000,0x100000000001) (0x41000000000,0x100000000001) (0x50000000000,0x100000000001) (0x51000000000,0x100000000001) (0xc0000000000,0x100000000001) (0xc1000000000,0x100000000001) (0xd0000000000,0x100000000001) (0xd1000000000,0x100000000001) (0x840000000000,0x100000000001) (0x841000000000,0x100000000001) (0x850000000000,0x100000000001) (0x851000000000,0x100000000001) (0x8c0000000000,0x100000000001) (0x8c1000000000,0x100000000001) (0x8d0000000000,0x100000000001) (0x8d1000000000,0x100000000001)
Round 21:
	window is [28, 29, 32, 34, 35, 36, 37, 38, 39, 41, 42, 43, 45, 46]
	Max: -55.189374 (0x110000000001,0x40000000000) (0x110400000001,0x40000000000) (0x130000000001,0x40000000000) (0x130400000001,0x40000000000)
Round 22:
	window is [26, 27, 30, 32, 33, 34, 36, 37, 38, 39, 40, 43, 44, 47]
	Max: -60.097614 (0x404000000000,0x110000000001) (0x404100000000,0x110000000001) (0x405000000000,0x110000000001) (0x405100000000,0x110000000001) (0x40c000000000,0x110000000001) (0x40c100000000,0x110000000001) (0x40d000000000,0x110000000001) (0x40d100000000,0x110000000001) (0x414000000000,0x110000000001) (0x414100000000,0x110000000001) (0x415000000000,0x110000000001) (0x415100000000,0x110000000001) (0x41c000000000,0x110000000001) (0x41c100000000,0x110000000001) (0x41d000000000,0x110000000001) (0x41d100000000,0x110000000001) (0x484000000000,0x110000000001) (0x484100000000,0x110000000001) (0x485000000000,0x110000000001) (0x485100000000,0x110000000001) (0x48c000000000,0x110000000001) (0x48c100000000,0x110000000001) (0x48d000000000,0x110000000001) (0x48d100000000,0x110000000001) (0x494000000000,0x110000000001) (0x494100000000,0x110000000001) (0x495000000000,0x110000000001) (0x495100000000,0x110000000001) (0x49c000000000,0x110000000001) (0x49c100000000,0x110000000001) (0x49d000000000,0x110000000001) (0x49d100000000,0x110000000001) (0xc04000000000,0x110000000001) (0xc04100000000,0x110000000001) (0xc05000000000,0x110000000001) (0xc05100000000,0x110000000001) (0xc0c000000000,0x110000000001) (0xc0c100000000,0x110000000001) (0xc0d000000000,0x110000000001) (0xc0d100000000,0x110000000001) (0xc14000000000,0x110000000001) (0xc14100000000,0x110000000001) (0xc15000000000,0x110000000001) (0xc15100000000,0x110000000001) (0xc1c000000000,0x110000000001) (0xc1c100000000,0x110000000001) (0xc1d000000000,0x110000000001) (0xc1d100000000,0x110000000001) (0xc84000000000,0x110000000001) (0xc84100000000,0x110000000001) (0xc85000000000,0x110000000001) (0xc85100000000,0x110000000001) (0xc8c000000000,0x110000000001) (0xc8c100000000,0x110000000001) (0xc8d000000000,0x110000000001) (0xc8d100000000,0x110000000001) (0xc94000000000,0x110000000001) (0xc94100000000,0x110000000001) (0xc95000000000,0x110000000001) (0xc95100000000,0x110000000001) (0xc9c000000000,0x110000000001) (0xc9c100000000,0x110000000001) (0xc9d000000000,0x110000000001) (0xc9d100000000,0x110000000001)
Round 23:
	window is [28, 30, 31, 32, 34, 35, 36, 37, 38, 39, 41, 42, 45, 46]
	Max: -63.582193 (0x11000000001,0x404000000000) (0x11040000001,0x404000000000) (0x13000000001,0x404000000000) (0x13040000001,0x404000000000) (0x15000000001,0x404000000000) (0x15040000001,0x404000000000) (0x17000000001,0x404000000000) (0x17040000001,0x404000000000) (0x211000000001,0x404000000000) (0x211040000001,0x404000000000) (0x213000000001,0x404000000000) (0x213040000001,0x404000000000) (0x215000000001,0x404000000000) (0x215040000001,0x404000000000) (0x217000000001,0x404000000000) (0x217040000001,0x404000000000)
Round 24:
	window is [28, 30, 32, 33, 34, 35, 36, 37, 38, 39, 40, 43, 44, 47]
	Max: -67.641872 (0x400000000,0x11000000001) (0x410000000,0x11000000001) (0x500000000,0x11000000001) (0x510000000,0x11000000001) (0xc00000000,0x11000000001) (0xc10000000,0x11000000001) (0xd00000000,0x11000000001) (0xd10000000,0x11000000001) (0x8400000000,0x11000000001) (0x8410000000,0x11000000001) (0x8500000000,0x11000000001) (0x8510000000,0x11000000001) (0x8c00000000,0x11000000001) (0x8c10000000,0x11000000001) (0x8d00000000,0x11000000001) (0x8d10000000,0x11000000001) (0x10400000000,0x11000000001) (0x10410000000,0x11000000001) (0x10500000000,0x11000000001) (0x10510000000,0x11000000001) (0x10c00000000,0x11000000001) (0x10c10000000,0x11000000001) (0x10d00000000,0x11000000001) (0x10d10000000,0x11000000001) (0x18400000000,0x11000000001) (0x18410000000,0x11000000001) (0x18500000000,0x11000000001) (0x18510000000,0x11000000001) (0x18c00000000,0x11000000001) (0x18c10000000,0x11000000001) (0x18d00000000,0x11000000001) (0x18d10000000,0x11000000001) (0x800400000000,0x11000000001) (0x800410000000,0x11000000001) (0x800500000000,0x11000000001) (0x800510000000,0x11000000001) (0x800c00000000,0x11000000001) (0x800c10000000,0x11000000001) (0x800d00000000,0x11000000001) (0x800d10000000,0x11000000001) (0x808400000000,0x11000000001) (0x808410000000,0x11000000001) (0x808500000000,0x11000000001) (0x808510000000,0x11000000001) (0x808c00000000,0x11000000001) (0x808c10000000,0x11000000001) (0x808d00000000,0x11000000001) (0x808d10000000,0x11000000001) (0x810400000000,0x11000000001) (0x810410000000,0x11000000001) (0x810500000000,0x11000000001) (0x810510000000,0x11000000001) (0x810c00000000,0x11000000001) (0x810c10000000,0x11000000001) (0x810d00000000,0x11000000001) (0x810d10000000,0x11000000001) (0x818400000000,0x11000000001) (0x818410000000,0x11000000001) (0x818500000000,0x11000000001) (0x818510000000,0x11000000001) (0x818c00000000,0x11000000001) (0x818c10000000,0x11000000001) (0x818d00000000,0x11000000001) (0x818d10000000,0x11000000001)
Round 25:
	window is [30, 31, 32, 33, 34, 35, 36, 37, 38, 39, 41, 42, 45, 46]
	Max: -69.641872 (0x11100000001,0x400000000) (0x11300000001,0x400000000)
Round 26:
	window is [28, 30, 32, 33, 34, 35, 36, 37, 38, 39, 40, 43, 44, 47]
	Max: -76.443366 (0x404040000000,0x11100000001) (0x404050000000,0x11100000001) (0x404140000000,0x11100000001) (0x404150000000,0x11100000001) (0x404840000000,0x11100000001) (0x404850000000,0x11100000001) (0x404940000000,0x11100000001) (0x404950000000,0x11100000001) (0x40c040000000,0x11100000001) (0x40c050000000,0x11100000001) (0x40c140000000,0x11100000001) (0x40c150000000,0x11100000001) (0x40c840000000,0x11100000001) (0x40c850000000,0x11100000001) (0x40c940000000,0x11100000001) (0x40c950000000,0x11100000001) (0x414040000000,0x11100000001) (0x414050000000,0x11100000001) (0x414140000000,0x11100000001) (0x414150000000,0x11100000001) (0x414840000000,0x11100000001) (0x414850000000,0x11100000001) (0x414940000000,0x11100000001) (0x414950000000,0x11100000001) (0x41c040000000,0x11100000001) (0x41c050000000,0x11100000001) (0x41c140000000,0x11100000001) (0x41c150000000,0x11100000001) (0x41c840000000,0x11100000001) (0x41c850000000,0x11100000001) (0x41c940000000,0x11100000001) (0x41c950000000,0x11100000001) (0xc04040000000,0x11100000001) (0xc04050000000,0x11100000001) (0xc04140000000,0x11100000001) (0xc04150000000,0x11100000001) (0xc04840000000,0x11100000001) (0xc04850000000,0x11100000001) (0xc04940000000,0x11100000001) (0xc04950000000,0x11100000001) (0xc0c040000000,0x11100000001) (0xc0c050000000,0x11100000001) (0xc0c140000000,0x11100000001) (0xc0c150000000,0x11100000001) (0xc0c840000000,0x11100000001) (0xc0c850000000,0x11100000001) (0xc0c940000000,0x11100000001) (0xc0c950000000,0x11100000001) (0xc14040000000,0x11100000001) (0xc14050000000,0x11100000001) (0xc14140000000,0x11100000001) (0xc14150000000,0x11100000001) (0xc14840000000,0x11100000001) (0xc14850000000,0x11100000001) (0xc14940000000,0x11100000001) (0xc14950000000,0x11100000001) (0xc1c040000000,0x11100000001) (0xc1c050000000,0x11100000001) (0xc1c140000000,0x11100000001) (0xc1c150000000,0x11100000001) (0xc1c840000000,0x11100000001) (0xc1c850000000,0x11100000001) (0xc1c940000000,0x11100000001) (0xc1c950000000,0x11100000001)
Round 27:
	window is [30, 31, 32, 33, 34, 35, 36, 37, 38, 39, 41, 42, 45, 46]
	Max: -80.938767 (0x111100000001,0x400400000000) (0x111300000001,0x400400000000) (0x115100000001,0x400400000000) (0x115300000001,0x400400000000) (0x311100000001,0x400400000000) (0x311300000001,0x400400000000) (0x315100000001,0x400400000000) (0x315300000001,0x400400000000)
Round 28:
	window is [30, 31, 32, 33, 34, 35, 36, 37, 38, 39, 40, 43, 44, 47]
	Max: -85.710174 (0x40000000000,0x110000000001) (0x40100000000,0x110000000001) (0x41000000000,0x110000000001) (0x41100000000,0x110000000001) (0x48000000000,0x110000000001) (0x48100000000,0x110000000001) (0x49000000000,0x110000000001) (0x49100000000,0x110000000001) (0x50000000000,0x110000000001) (0x50100000000,0x110000000001) (0x51000000000,0x110000000001) (0x51100000000,0x110000000001) (0x58000000000,0x110000000001) (0x58100000000,0x110000000001) (0x59000000000,0x110000000001) (0x59100000000,0x110000000001) (0xc0000000000,0x110000000001) (0xc0100000000,0x110000000001) (0xc1000000000,0x110000000001) (0xc1100000000,0x110000000001) (0xc8000000000,0x110000000001) (0xc8100000000,0x110000000001) (0xc9000000000,0x110000000001) (0xc9100000000,0x110000000001) (0xd0000000000,0x110000000001) (0xd0100000000,0x110000000001) (0xd1000000000,0x110000000001) (0xd1100000000,0x110000000001) (0xd8000000000,0x110000000001) (0xd8100000000,0x110000000001) (0xd9000000000,0x110000000001) (0xd9100000000,0x110000000001) (0x840000000000,0x110000000001) (0x840100000000,0x110000000001) (0x841000000000,0x110000000001) (0x841100000000,0x110000000001) (0x848000000000,0x110000000001) (0x848100000000,0x110000000001) (0x849000000000,0x110000000001) (0x849100000000,0x110000000001) (0x850000000000,0x110000000001) (0x850100000000,0x110000000001) (0x851000000000,0x110000000001) (0x851100000000,0x110000000001) (0x858000000000,0x110000000001) (0x858100000000,0x110000000001) (0x859000000000,0x110000000001) (0x859100000000,0x110000000001) (0x8c0000000000,0x110000000001) (0x8c0100000000,0x110000000001) (0x8c1000000000,0x110000000001) (0x8c1100000000,0x110000000001) (0x8c8000000000,0x110000000001) (0x8c8100000000,0x110000000001) (0x8c9000000000,0x110000000001) (0x8c9100000000,0x110000000001) (0x8d0000000000,0x110000000001) (0x8d0100000000,0x110000000001) (0x8d1000000000,0x110000000001) (0x8d1100000000,0x110000000001) (0x8d8000000000,0x110000000001) (0x8d8100000000,0x110000000001) (0x8d9000000000,0x110000000001) (0x8d9100000000,0x110000000001)
Round 29:
	window is [30, 31, 32, 33, 34, 35, 36, 37, 38, 39, 41, 42, 45, 46]
	Max: -86.694740 (0x100000000001,0x40000000000) (0x100400000001,0x40000000000) (0x120000000001,0x40000000000) (0x120400000001,0x40000000000)
Round 30:
	window is [30, 31, 32, 33, 34, 35, 36, 37, 38, 39, 40, 43, 44, 47]
	Max: -89.431854 (0x400000000000,0x100000000001) (0x401000000000,0x100000000001) (0x410000000000,0x100000000001) (0x411000000000,0x100000000001) (0x480000000000,0x100000000001) (0x481000000000,0x100000000001) (0x490000000000,0x100000000001) (0x491000000000,0x100000000001) (0xc00000000000,0x100000000001) (0xc01000000000,0x100000000001) (0xc10000000000,0x100000000001) (0xc11000000000,0x100000000001) (0xc80000000000,0x100000000001) (0xc81000000000,0x100000000001) (0xc90000000000,0x100000000001) (0xc91000000000,0x100000000001)
Round 31:
	window is [28, 31, 32, 33, 34, 35, 36, 37, 38, 39, 41, 42, 45, 46]
	Max: -90.860987 (0x1,0x400000000000) (0x4000000001,0x400000000000) (0x200000000001,0x400000000000) (0x204000000001,0x400000000000)
Round 32:
	window is [30, 31, 32, 33, 34, 35, 36, 37, 38, 39, 40, 43, 44, 47]
	Max: -91.993603 (0,0x1) (0x10000000000,0x1) (0x800000000000,0x1) (0x810000000000,0x1)
Round 33:
	window is [28, 30, 32, 33, 34, 35, 36, 37, 38, 39, 41, 42, 45, 46]
	Max: -91.993603 (0x1,0)
Round 34:
	window is [30, 31, 32, 33, 34, 35, 36, 37, 38, 39, 40, 43, 44, 47]
	Max: -93.992877 (0x400000000000,0x1) (0x410000000000,0x1) (0xc00000000000,0x1) (0xc10000000000,0x1)
Round 35:
	window is [28, 29, 31, 32, 34, 35, 36, 37, 38, 39, 41, 42, 45, 46]
	Max: -95.992825 (0x100000000001,0x400000000000) (0x104000000001,0x400000000000) (0x300000000001,0x400000000000) (0x304000000001,0x400000000000)
Round 36:
	window is [30, 31, 32, 33, 34, 35, 36, 37, 38, 39, 40, 43, 44, 47]
	Max: -99.185423 (0x40000000000,0x100000000001) (0x41000000000,0x100000000001) (0x50000000000,0x100000000001) (0x51000000000,0x100000000001) (0xc0000000000,0x100000000001) (0xc1000000000,0x100000000001) (0xd0000000000,0x100000000001) (0xd1000000000,0x100000000001) (0x840000000000,0x100000000001) (0x841000000000,0x100000000001) (0x850000000000,0x100000000001) (0x851000000000,0x100000000001) (0x8c0000000000,0x100000000001) (0x8c1000000000,0x100000000001) (0x8d0000000000,0x100000000001) (0x8d1000000000,0x100000000001)
over.
