Input: (0x440, 0x1880)
	Max: 0.000000 (0x440,0x1880)
Round 1:
	window is [7, 11, 14, 18]
	Max: -4.000000 (0x100,0x440) (0x180,0x440) (0x900,0x440) (0x980,0x440) (0x4100,0x440) (0x4180,0x440) (0x4900,0x440) (0x4980,0x440) (0x40100,0x440) (0x40180,0x440) (0x40900,0x440) (0x40980,0x440) (0x44100,0x440) (0x44180,0x440) (0x44900,0x440) (0x44980,0x440)
Round 2:
	window is [8, 9, 12, 13, 15, 16, 19, 20, 22, 26]
	Max: -6.000000 (0x40,0x100) (0x240,0x100) (0x10040,0x100) (0x10240,0x100)
Round 3:
	window is [7, 10, 11, 14, 15, 16, 17, 18, 20, 21, 22, 23, 24, 28]
	Max: -7.299560 (0,0x40) (0x80,0x40) (0x4000,0x40) (0x4080,0x40)
Round 4:
	window is [8, 9, 12, 13, 15, 16, 17, 18, 19, 20, 22, 24, 25, 26]
	Max: -7.299560 (0x40,0)
Round 5:
	window is [7, 10, 11, 14, 15, 16, 17, 18, 19, 21, 22, 23, 24, 26]
	Max: -9.299560 (0x100,0x40) (0x180,0x40) (0x4100,0x40) (0x4180,0x40)
Round 6:
	window is [8, 9, 12, 13, 15, 16, 17, 18, 19, 20, 22, 23, 24, 26]
	Max: -11.299560 (0x440,0x100) (0x640,0x100) (0x10440,0x100) (0x10640,0x100)
Round 7:
	window is [7, 9, 10, 11, 14, 15, 16, 17, 18, 19, 21, 22, 23, 24]
	Max: -14.599119 (0x1000,0x440) (0x1080,0x440) (0x1800,0x440) (0x1880,0x440) (0x5000,0x440) (0x5080,0x440) (0x5800,0x440) (0x5880,0x440) (0x41000,0x440) (0x41080,0x440) (0x41800,0x440) (0x41880,0x440) (0x45000,0x440) (0x45080,0x440) (0x45800,0x440) (0x45880,0x440)
Round 8:
	window is [8, 9, 11, 12, 13, 15, 16, 17, 18, 19, 20, 22, 25, 26]
	Max: -16.599119 (0x4440,0x1000) (0x6440,0x1000) (0x104440,0x1000) (0x106440,0x1000)
Round 9:
	window is [7, 10, 11, 14, 15, 16, 17, 18, 20, 21, 22, 24, 27, 28]
	Max: -21.674746 (0x10100,0x4440) (0x10180,0x4440) (0x10900,0x4440) (0x10980,0x4440) (0x14100,0x4440) (0x14180,0x4440) (0x14900,0x4440) (0x14980,0x4440) (0x18100,0x4440) (0x18180,0x4440) (0x18900,0x4440) (0x18980,0x4440) (0x1c100,0x4440) (0x1c180,0x4440) (0x1c900,0x4440) (0x1c980,0x4440) (0x50100,0x4440) (0x50180,0x4440) (0x50900,0x4440) (0x50980,0x4440) (0x54100,0x4440) (0x54180,0x4440) (0x54900,0x4440) (0x54980,0x4440) (0x58100,0x4440) (0x58180,0x4440) (0x58900,0x4440) (0x58980,0x4440) (0x5c100,0x4440) (0x5c180,0x4440) (0x5c900,0x4440) (0x5c980,0x4440) (0x410100,0x4440) (0x410180,0x4440) (0x410900,0x4440) (0x410980,0x4440) (0x414100,0x4440) (0x414180,0x4440) (0x414900,0x4440) (0x414980,0x4440) (0x418100,0x4440) (0x418180,0x4440) (0x418900,0x4440) (0x418980,0x4440) (0x41c100,0x4440) (0x41c180,0x4440) (0x41c900,0x4440) (0x41c980,0x4440) (0x450100,0x4440) (0x450180,0x4440) (0x450900,0x4440) (0x450980,0x4440) (0x454100,0x4440) (0x454180,0x4440) (0x454900,0x4440) (0x454980,0x4440) (0x458100,0x4440) (0x458180,0x4440) (0x458900,0x4440) (0x458980,0x4440) (0x45c100,0x4440) (0x45c180,0x4440) (0x45c900,0x4440) (0x45c980,0x4440)
Round 10:
	window is [8, 9, 12, 13, 15, 16, 17, 18, 19, 20, 22, 23, 24, 26]
	Max: -25.274775 (0x44040,0x10100) (0x44240,0x10100) (0x54040,0x10100) (0x54240,0x10100) (0x64040,0x10100) (0x64240,0x10100) (0x74040,0x10100) (0x74240,0x10100) (0x1044040,0x10100) (0x1044240,0x10100) (0x1054040,0x10100) (0x1054240,0x10100) (0x1064040,0x10100) (0x1064240,0x10100) (0x1074040,0x10100) (0x1074240,0x10100)
Round 11:
	window is [7, 10, 11, 14, 15, 16, 17, 18, 19, 20, 21, 22, 24, 26]
	Max: -29.464739 (0x100000,0x44040) (0x100080,0x44040) (0x104000,0x44040) (0x104080,0x44040) (0x108000,0x44040) (0x108080,0x44040) (0x10c000,0x44040) (0x10c080,0x44040) (0x180000,0x44040) (0x180080,0x44040) (0x184000,0x44040) (0x184080,0x44040) (0x188000,0x44040) (0x188080,0x44040) (0x18c000,0x44040) (0x18c080,0x44040) (0x500000,0x44040) (0x500080,0x44040) (0x504000,0x44040) (0x504080,0x44040) (0x508000,0x44040) (0x508080,0x44040) (0x50c000,0x44040) (0x50c080,0x44040) (0x580000,0x44040) (0x580080,0x44040) (0x584000,0x44040) (0x584080,0x44040) (0x588000,0x44040) (0x588080,0x44040) (0x58c000,0x44040) (0x58c080,0x44040) (0x4100000,0x44040) (0x4100080,0x44040) (0x4104000,0x44040) (0x4104080,0x44040) (0x4108000,0x44040) (0x4108080,0x44040) (0x410c000,0x44040) (0x410c080,0x44040) (0x4180000,0x44040) (0x4180080,0x44040) (0x4184000,0x44040) (0x4184080,0x44040) (0x4188000,0x44040) (0x4188080,0x44040) (0x418c000,0x44040) (0x418c080,0x44040) (0x4500000,0x44040) (0x4500080,0x44040) (0x4504000,0x44040) (0x4504080,0x44040) (0x4508000,0x44040) (0x4508080,0x44040) (0x450c000,0x44040) (0x450c080,0x44040) (0x4580000,0x44040) (0x4580080,0x44040) (0x4584000,0x44040) (0x4584080,0x44040) (0x4588000,0x44040) (0x4588080,0x44040) (0x458c000,0x44040) (0x458c080,0x44040)
Round 12:
	window is [9, 12, 13, 15, 16, 17, 18, 19, 20, 21, 22, 23, 24, 28]
	Max: -31.464739 (0x444040,0x100000) (0x644040,0x100000) (0x10444040,0x100000) (0x10644040,0x100000)
Round 13:
	window is [7, 10, 11, 14, 15, 16, 17, 18, 19, 20, 21, 22, 24, 26]
	Max: -38.318355 (0x1010100,0x444040) (0x1010180,0x444040) (0x1014100,0x444040) (0x1014180,0x444040) (0x1018100,0x444040) (0x1018180,0x444040) (0x101c100,0x444040) (0x101c180,0x444040) (0x1090100,0x444040) (0x1090180,0x444040) (0x1094100,0x444040) (0x1094180,0x444040) (0x1098100,0x444040) (0x1098180,0x444040) (0x109c100,0x444040) (0x109c180,0x444040) (0x1410100,0x444040) (0x1410180,0x444040) (0x1414100,0x444040) (0x1414180,0x444040) (0x1418100,0x444040) (0x1418180,0x444040) (0x141c100,0x444040) (0x141c180,0x444040) (0x1490100,0x444040) (0x1490180,0x444040) (0x1494100,0x444040) (0x1494180,0x444040) (0x1498100,0x444040) (0x1498180,0x444040) (0x149c100,0x444040) (0x149c180,0x444040) (0x5010100,0x444040) (0x5010180,0x444040) (0x5014100,0x444040) (0x5014180,0x444040) (0x5018100,0x444040) (0x5018180,0x444040) (0x501c100,0x444040) (0x501c180,0x444040) (0x5090100,0x444040) (0x5090180,0x444040) (0x5094100,0x444040) (0x5094180,0x444040) (0x5098100,0x444040) (0x5098180,0x444040) (0x509c100,0x444040) (0x509c180,0x444040) (0x5410100,0x444040) (0x5410180,0x444040) (0x5414100,0x444040) (0x5414180,0x444040) (0x5418100,0x444040) (0x5418180,0x444040) (0x541c100,0x444040) (0x541c180,0x444040) (0x5490100,0x444040) (0x5490180,0x444040) (0x5494100,0x444040) (0x5494180,0x444040) (0x5498100,0x444040) (0x5498180,0x444040) (0x549c100,0x444040) (0x549c180,0x444040)
Round 14:
	window is [9, 12, 13, 15, 16, 17, 18, 19, 20, 21, 22, 23, 24, 28]
	Max: -42.953149 (0x444440,0x100100) (0x444640,0x100100) (0x454440,0x100100) (0x454640,0x100100) (0x644440,0x100100) (0x644640,0x100100) (0x654440,0x100100) (0x654640,0x100100) (0x10444440,0x100100) (0x10444640,0x100100) (0x10454440,0x100100) (0x10454640,0x100100) (0x10644440,0x100100) (0x10644640,0x100100) (0x10654440,0x100100) (0x10654640,0x100100)
Round 15:
	window is [7, 11, 14, 15, 16, 17, 18, 19, 20, 21, 22, 25, 26, 30]
	Max: -47.400092 (0x1000,0x4440) (0x1080,0x4440) (0x1800,0x4440) (0x1880,0x4440) (0x5000,0x4440) (0x5080,0x4440) (0x5800,0x4440) (0x5880,0x4440) (0x9000,0x4440) (0x9080,0x4440) (0x9800,0x4440) (0x9880,0x4440) (0xd000,0x4440) (0xd080,0x4440) (0xd800,0x4440) (0xd880,0x4440) (0x41000,0x4440) (0x41080,0x4440) (0x41800,0x4440) (0x41880,0x4440) (0x45000,0x4440) (0x45080,0x4440) (0x45800,0x4440) (0x45880,0x4440) (0x49000,0x4440) (0x49080,0x4440) (0x49800,0x4440) (0x49880,0x4440) (0x4d000,0x4440) (0x4d080,0x4440) (0x4d800,0x4440) (0x4d880,0x4440) (0x401000,0x4440) (0x401080,0x4440) (0x401800,0x4440) (0x401880,0x4440) (0x405000,0x4440) (0x405080,0x4440) (0x405800,0x4440) (0x405880,0x4440) (0x409000,0x4440) (0x409080,0x4440) (0x409800,0x4440) (0x409880,0x4440) (0x40d000,0x4440) (0x40d080,0x4440) (0x40d800,0x4440) (0x40d880,0x4440) (0x441000,0x4440) (0x441080,0x4440) (0x441800,0x4440) (0x441880,0x4440) (0x445000,0x4440) (0x445080,0x4440) (0x445800,0x4440) (0x445880,0x4440) (0x449000,0x4440) (0x449080,0x4440) (0x449800,0x4440) (0x449880,0x4440) (0x44d000,0x4440) (0x44d080,0x4440) (0x44d800,0x4440) (0x44d880,0x4440)
Round 16:
	window is [9, 12, 13, 15, 16, 17, 18, 19, 20, 21, 22, 23, 24, 28]
	Max: -48.687885 (0x440,0x1000) (0x2440,0x1000) (0x100440,0x1000) (0x102440,0x1000)
Round 17:
	window is [7, 11, 14, 15, 16, 17, 18, 19, 20, 21, 22, 25, 26, 30]
	Max: -51.624923 (0x100,0x440) (0x180,0x440) (0x900,0x440) (0x980,0x440) (0x4100,0x440) (0x4180,0x440) (0x4900,0x440) (0x4980,0x440) (0x40100,0x440) (0x40180,0x440) (0x40900,0x440) (0x40980,0x440) (0x44100,0x440) (0x44180,0x440) (0x44900,0x440) (0x44980,0x440)
Round 18:
	window is [9, 12, 13, 15, 16, 17, 18, 19, 20, 21, 22, 23, 24, 28]
	Max: -53.186167 (0x40,0x100) (0x240,0x100) (0x10040,0x100) (0x10240,0x100)
Round 19:
	window is [7, 11, 14, 15, 16, 17, 18, 19, 20, 21, 22, 24, 25, 26]
	Max: -54.446530 (0,0x40) (0x80,0x40) (0x4000,0x40) (0x4080,0x40)
Round 20:
	window is [8, 9, 12, 13, 15, 16, 17, 18, 19, 20, 21, 22, 23, 26]
	Max: -54.446530 (0x40,0)
Round 21:
	window is [7, 10, 11, 14, 15, 16, 17, 18, 19, 20, 21, 22, 23, 24]
	Max: -56.446211 (0x100,0x40) (0x180,0x40) (0x4100,0x40) (0x4180,0x40)
Round 22:
	window is [8, 9, 12, 13, 15, 16, 17, 18, 19, 20, 22, 23, 24, 26]
	Max: -58.446185 (0x440,0x100) (0x640,0x100) (0x10440,0x100) (0x10640,0x100)
Round 23:
	window is [7, 9, 10, 11, 14, 15, 16, 17, 18, 21, 22, 23, 24, 30]
	Max: -61.745738 (0x1000,0x440) (0x1080,0x440) (0x1800,0x440) (0x1880,0x440) (0x5000,0x440) (0x5080,0x440) (0x5800,0x440) (0x5880,0x440) (0x41000,0x440) (0x41080,0x440) (0x41800,0x440) (0x41880,0x440) (0x45000,0x440) (0x45080,0x440) (0x45800,0x440) (0x45880,0x440)
Round 24:
	window is [0, 8, 9, 11, 12, 13, 15, 16, 18, 19, 20, 22, 25, 26]
	Max: -63.745738 (0x4440,0x1000) (0x6440,0x1000) (0x104440,0x1000) (0x106440,0x1000)
Round 25:
	window is [7, 10, 11, 14, 15, 16, 17, 18, 20, 21, 22, 24, 27, 28]
	Max: -68.820868 (0x10100,0x4440) (0x10180,0x4440) (0x10900,0x4440) (0x10980,0x4440) (0x14100,0x4440) (0x14180,0x4440) (0x14900,0x4440) (0x14980,0x4440) (0x18100,0x4440) (0x18180,0x4440) (0x18900,0x4440) (0x18980,0x4440) (0x1c100,0x4440) (0x1c180,0x4440) (0x1c900,0x4440) (0x1c980,0x4440) (0x50100,0x4440) (0x50180,0x4440) (0x50900,0x4440) (0x50980,0x4440) (0x54100,0x4440) (0x54180,0x4440) (0x54900,0x4440) (0x54980,0x4440) (0x58100,0x4440) (0x58180,0x4440) (0x58900,0x4440) (0x58980,0x4440) (0x5c100,0x4440) (0x5c180,0x4440) (0x5c900,0x4440) (0x5c980,0x4440) (0x410100,0x4440) (0x410180,0x4440) (0x410900,0x4440) (0x410980,0x4440) (0x414100,0x4440) (0x414180,0x4440) (0x414900,0x4440) (0x414980,0x4440) (0x418100,0x4440) (0x418180,0x4440) (0x418900,0x4440) (0x418980,0x4440) (0x41c100,0x4440) (0x41c180,0x4440) (0x41c900,0x4440) (0x41c980,0x4440) (0x450100,0x4440) (0x450180,0x4440) (0x450900,0x4440) (0x450980,0x4440) (0x454100,0x4440) (0x454180,0x4440) (0x454900,0x4440) (0x454980,0x4440) (0x458100,0x4440) (0x458180,0x4440) (0x458900,0x4440) (0x458980,0x4440) (0x45c100,0x4440) (0x45c180,0x4440) (0x45c900,0x4440) (0x45c980,0x4440)
over.
