Input: (0x1, 0x2)
	Max: 0.000000 (0x1,0x2)
Round 1:
	window is [0, 5]
	0.000000
	Max: -2.000000 (0,0x1) (0x1,0x1) (0x20,0x1) (0x21,0x1)
Round 2:
	window is [0, 1, 5, 6, 10]
	0.000000
	Max: -2.000000 (0x1,0)
Round 3:
	window is [0, 1, 2, 5, 6, 7, 10, 11, 15]
	0.000000
	Max: -4.000000 (0x2,0x1) (0x3,0x1) (0x22,0x1) (0x23,0x1)
Round 4:
	window is [0, 1, 2, 3, 5, 6, 7, 8, 10, 11, 12, 15, 16, 20]
	0.000017
	Max: -6.000000 (0x5,0x2) (0x7,0x2) (0x45,0x2) (0x47,0x2)
Round 5:
	window is [0, 1, 2, 3, 4, 5, 6, 7, 8, 9, 10, 11, 12, 15]
	0.002006
	Max: -9.299560 (0x8,0x5) (0x9,0x5) (0xc,0x5) (0xd,0x5) (0x28,0x5) (0x29,0x5) (0x2c,0x5) (0x2d,0x5) (0x88,0x5) (0x89,0x5) (0x8c,0x5) (0x8d,0x5) (0xa8,0x5) (0xa9,0x5) (0xac,0x5) (0xad,0x5)
Round 6:
	window is [0, 1, 2, 3, 4, 5, 6, 7, 8, 9, 10, 11, 12, 16]
	0.135520
	Max: -11.299560 (0x15,0x8) (0x1d,0x8) (0x115,0x8) (0x11d,0x8)
Round 7:
	window is [0, 1, 2, 3, 4, 5, 6, 7, 8, 9, 10, 11, 12, 13]
	1.295747
	Max: -16.279677 (0x2,0x15) (0x3,0x15) (0x6,0x15) (0x7,0x15) (0x12,0x15) (0x13,0x15) (0x16,0x15) (0x17,0x15) (0x22,0x15) (0x23,0x15) (0x26,0x15) (0x27,0x15) (0x32,0x15) (0x33,0x15) (0x36,0x15) (0x37,0x15) (0x82,0x15) (0x83,0x15) (0x86,0x15) (0x87,0x15) (0x92,0x15) (0x93,0x15) (0x96,0x15) (0x97,0x15) (0xa2,0x15) (0xa3,0x15) (0xa6,0x15) (0xa7,0x15) (0xb2,0x15) (0xb3,0x15) (0xb6,0x15) (0xb7,0x15) (0x202,0x15) (0x203,0x15) (0x206,0x15) (0x207,0x15) (0x212,0x15) (0x213,0x15) (0x216,0x15) (0x217,0x15) (0x222,0x15) (0x223,0x15) (0x226,0x15) (0x227,0x15) (0x232,0x15) (0x233,0x15) (0x236,0x15) (0x237,0x15) (0x282,0x15) (0x283,0x15) (0x286,0x15) (0x287,0x15) (0x292,0x15) (0x293,0x15) (0x296,0x15) (0x297,0x15) (0x2a2,0x15) (0x2a3,0x15) (0x2a6,0x15) (0x2a7,0x15) (0x2b2,0x15) (0x2b3,0x15) (0x2b6,0x15) (0x2b7,0x15)
Round 8:
	window is [0, 1, 2, 3, 4, 5, 6, 7, 8, 9, 10, 11, 12, 14]
	3.475169
	Max: -17.841122 (0x11,0x2) (0x13,0x2) (0x51,0x2) (0x53,0x2)
Round 9:
	window is [0, 1, 2, 3, 4, 5, 6, 7, 8, 9, 10, 11, 12, 13]
	6.978344
	Max: -20.225710 (0xa,0x1) (0xb,0x1) (0x2a,0x1) (0x2b,0x1)
Round 10:
	window is [0, 1, 2, 3, 4, 5, 6, 7, 8, 9, 10, 11, 12, 14]
	11.648973
	Max: -20.666792 (0x11,0)
Round 11:
	window is [0, 1, 2, 3, 4, 5, 6, 7, 8, 9, 10, 11, 12, 13]
	16.559582
	Max: -24.534356 (0x2,0x11) (0x3,0x11) (0x12,0x11) (0x13,0x11) (0x22,0x11) (0x23,0x11) (0x32,0x11) (0x33,0x11) (0x202,0x11) (0x203,0x11) (0x212,0x11) (0x213,0x11) (0x222,0x11) (0x223,0x11) (0x232,0x11) (0x233,0x11)
Round 12:
	window is [0, 1, 2, 3, 4, 5, 6, 7, 8, 9, 10, 11, 12, 14]
	21.376592
	Max: -25.093192 (0x1,0)
Round 13:
	window is [0, 1, 2, 3, 4, 5, 6, 7, 8, 9, 10, 11, 12, 13]
	26.275932
	Max: -26.903366 (0x2,0x1) (0x3,0x1) (0x22,0x1) (0x23,0x1)
Round 14:
	window is [0, 1, 2, 3, 4, 5, 6, 7, 8, 9, 10, 11, 12, 13]
	31.108849
	Max: -28.844688 (0x5,0x2) (0x7,0x2) (0x45,0x2) (0x47,0x2)
Round 15:
	window is [0, 1, 2, 3, 4, 5, 6, 7, 8, 9, 10, 11, 12, 13]
	35.328822
	Max: -31.381521 (0x2,0x1) (0x3,0x1) (0x22,0x1) (0x23,0x1)
Round 16:
	window is [0, 1, 2, 3, 4, 5, 6, 7, 8, 9, 10, 11, 12, 13]
	38.937445
	Max: -33.294872 (0x5,0x2) (0x7,0x2) (0x45,0x2) (0x47,0x2)
Round 17:
	window is [0, 1, 2, 3, 4, 5, 6, 7, 8, 9, 10, 11, 12, 13]
	42.735912
	Max: -35.286433 (0x5,0x2) (0x7,0x2) (0x45,0x2) (0x47,0x2)
Round 18:
	window is [0, 1, 2, 3, 4, 5, 6, 7, 8, 9, 10, 11, 12, 13]
	46.507218
	Max: -37.200961 (0x2,0x1) (0x3,0x1) (0x22,0x1) (0x23,0x1)
Round 19:
	window is [0, 1, 2, 3, 4, 5, 6, 7, 8, 9, 10, 11, 12, 13]
	50.330731
	Max: -39.061896 (0x2,0x1) (0x3,0x1) (0x22,0x1) (0x23,0x1)
Round 20:
	window is [0, 1, 2, 3, 4, 5, 6, 7, 8, 9, 10, 11, 12, 13]
	63.314526
	Max: -40.986505 (0x5,0x2) (0x7,0x2) (0x45,0x2) (0x47,0x2)
Round 21:
	window is [0, 1, 2, 3, 4, 5, 6, 7, 8, 9, 10, 11, 12, 13]
	67.177364
	Max: -43.318825 (0x5,0x2) (0x7,0x2) (0x45,0x2) (0x47,0x2)
Round 22:
	window is [0, 1, 2, 3, 4, 5, 6, 7, 8, 9, 10, 11, 12, 13]
	71.464136
	Max: -45.194652 (0x2,0x1) (0x3,0x1) (0x22,0x1) (0x23,0x1)
Round 23:
	window is [0, 1, 2, 3, 4, 5, 6, 7, 8, 9, 10, 11, 12, 13]
	76.902842
	Max: -47.020182 (0x2,0x1) (0x3,0x1) (0x22,0x1) (0x23,0x1)
Round 24:
	window is [0, 1, 2, 3, 4, 5, 6, 7, 8, 9, 10, 11, 12, 13]
	81.701597
	Max: -48.921071 (0x5,0x2) (0x7,0x2) (0x45,0x2) (0x47,0x2)
Round 25:
	window is [0, 1, 2, 3, 4, 5, 6, 7, 8, 9, 10, 11, 12, 13]
	86.875739
	Max: -50.854083 (0x2,0x1) (0x3,0x1) (0x22,0x1) (0x23,0x1)
Round 26:
	window is [0, 1, 2, 3, 4, 5, 6, 7, 8, 9, 10, 11, 12, 13]
	91.864710
	Max: -52.752976 (0x5,0x2) (0x7,0x2) (0x45,0x2) (0x47,0x2)
Round 27:
	window is [0, 1, 2, 3, 4, 5, 6, 7, 8, 9, 10, 11, 12, 13]
	96.590110
	Max: -54.654086 (0x5,0x2) (0x7,0x2) (0x45,0x2) (0x47,0x2)
Round 28:
	window is [0, 1, 2, 3, 4, 5, 6, 7, 8, 9, 10, 11, 12, 13]
	101.281942
	Max: -56.550339 (0x2,0x1) (0x3,0x1) (0x22,0x1) (0x23,0x1)
Round 29:
	window is [0, 1, 2, 3, 4, 5, 6, 7, 8, 9, 10, 11, 12, 13]
	105.745654
	Max: -58.450265 (0x2,0x1) (0x3,0x1) (0x22,0x1) (0x23,0x1)
Round 30:
	window is [0, 1, 2, 3, 4, 5, 6, 7, 8, 9, 10, 11, 12, 13]
	110.273199
	Max: -60.354745 (0x5,0x2) (0x7,0x2) (0x45,0x2) (0x47,0x2)
Round 31:
	window is [0, 1, 2, 3, 4, 5, 6, 7, 8, 9, 10, 11, 12, 13]
	115.119996
	Max: -62.301966 (0x5,0x2) (0x7,0x2) (0x45,0x2) (0x47,0x2)
Round 32:
	window is [0, 1, 2, 3, 4, 5, 6, 7, 8, 9, 10, 11, 12, 13]
	119.892810
	Max: -64.222644 (0x5,0x2) (0x7,0x2) (0x45,0x2) (0x47,0x2)
over.
