Input: (0x1, 0x40000004)
	Max: 0.000000 (0x1,0x40000004)
Round 1:
	window is [24, 31]
	0.000000
	Max: -2.000000 (0x4,0x1) (0x1000004,0x1) (0x80000004,0x1) (0x81000004,0x1)
Round 2:
	window is [1, 16, 22, 23, 26, 29, 30]
	0.000000
	Max: -4.000000 (0,0x4) (0x2,0x4) (0x4000000,0x4) (0x4000002,0x4)
Round 3:
	window is [0, 14, 18, 20, 21, 22, 24, 25, 27, 28, 31]
	0.000002
	Max: -4.000000 (0x4,0)
Round 4:
	window is [1, 16, 18, 19, 20, 22, 23, 25, 26, 29, 30]
	0.000091
	Max: -6.000000 (0x1,0x4) (0x3,0x4) (0x4000001,0x4) (0x4000003,0x4)
Round 5:
	window is [0, 17, 18, 20, 21, 23, 24, 25, 27, 28, 31]
	0.001279
	Max: -8.000000 (0x40000004,0x1) (0x41000004,0x1) (0xc0000004,0x1) (0xc1000004,0x1)
Round 6:
	window is [1, 16, 19, 21, 22, 23, 24, 25, 26, 29, 30]
	0.002472
	Max: -11.192645 (0x10000000,0x40000004) (0x10000002,0x40000004) (0x10400000,0x40000004) (0x10400002,0x40000004) (0x14000000,0x40000004) (0x14000002,0x40000004) (0x14400000,0x40000004) (0x14400002,0x40000004) (0x30000000,0x40000004) (0x30000002,0x40000004) (0x30400000,0x40000004) (0x30400002,0x40000004) (0x34000000,0x40000004) (0x34000002,0x40000004) (0x34400000,0x40000004) (0x34400002,0x40000004)
Round 7:
	window is [0, 14, 18, 20, 21, 22, 24, 25, 27, 28, 31]
	0.003833
	Max: -13.192645 (0x44000004,0x10000000) (0x44100004,0x10000000) (0x4c000004,0x10000000) (0x4c100004,0x10000000)
Round 8:
	window is [1, 12, 18, 19, 22, 23, 24, 25, 26, 29, 30]
	0.010480
	Max: -18.101210 (0x1000001,0x44000004) (0x1000003,0x44000004) (0x1040001,0x44000004) (0x1040003,0x44000004) (0x1400001,0x44000004) (0x1400003,0x44000004) (0x1440001,0x44000004) (0x1440003,0x44000004) (0x3000001,0x44000004) (0x3000003,0x44000004) (0x3040001,0x44000004) (0x3040003,0x44000004) (0x3400001,0x44000004) (0x3400003,0x44000004) (0x3440001,0x44000004) (0x3440003,0x44000004) (0x5000001,0x44000004) (0x5000003,0x44000004) (0x5040001,0x44000004) (0x5040003,0x44000004) (0x5400001,0x44000004) (0x5400003,0x44000004) (0x5440001,0x44000004) (0x5440003,0x44000004) (0x7000001,0x44000004) (0x7000003,0x44000004) (0x7040001,0x44000004) (0x7040003,0x44000004) (0x7400001,0x44000004) (0x7400003,0x44000004) (0x7440001,0x44000004) (0x7440003,0x44000004) (0x21000001,0x44000004) (0x21000003,0x44000004) (0x21040001,0x44000004) (0x21040003,0x44000004) (0x21400001,0x44000004) (0x21400003,0x44000004) (0x21440001,0x44000004) (0x21440003,0x44000004) (0x23000001,0x44000004) (0x23000003,0x44000004) (0x23040001,0x44000004) (0x23040003,0x44000004) (0x23400001,0x44000004) (0x23400003,0x44000004) (0x23440001,0x44000004) (0x23440003,0x44000004) (0x25000001,0x44000004) (0x25000003,0x44000004) (0x25040001,0x44000004) (0x25040003,0x44000004) (0x25400001,0x44000004) (0x25400003,0x44000004) (0x25440001,0x44000004) (0x25440003,0x44000004) (0x27000001,0x44000004) (0x27000003,0x44000004) (0x27040001,0x44000004) (0x27040003,0x44000004) (0x27400001,0x44000004) (0x27400003,0x44000004) (0x27440001,0x44000004) (0x27440003,0x44000004)
Round 9:
	window is [0, 17, 20, 21, 22, 23, 24, 25, 27, 28, 31]
	0.015529
	Max: -21.585868 (0x4400004,0x1000001) (0x4c00004,0x1000001) (0x5400004,0x1000001) (0x5c00004,0x1000001) (0x84400004,0x1000001) (0x84c00004,0x1000001) (0x85400004,0x1000001) (0x85c00004,0x1000001)
Round 10:
	window is [1, 18, 19, 20, 22, 23, 24, 25, 26, 29, 30]
	0.024512
	Max: -25.646420 (0x100000,0x4400004) (0x100002,0x4400004) (0x140000,0x4400004) (0x140002,0x4400004) (0x2100000,0x4400004) (0x2100002,0x4400004) (0x2140000,0x4400004) (0x2140002,0x4400004) (0x4100000,0x4400004) (0x4100002,0x4400004) (0x4140000,0x4400004) (0x4140002,0x4400004) (0x6100000,0x4400004) (0x6100002,0x4400004) (0x6140000,0x4400004) (0x6140002,0x4400004)
Round 11:
	window is [16, 18, 20, 21, 22, 23, 24, 25, 27, 28, 31]
	0.027921
	Max: -27.646420 (0x4440004,0x100000)
Round 12:
	window is [1, 18, 19, 20, 22, 23, 24, 25, 26, 29, 30]
	0.036415
	Max: -35.027094 (0x100001,0x4400004) (0x100003,0x4400004) (0x140001,0x4400004) (0x140003,0x4400004) (0x2100001,0x4400004) (0x2100003,0x4400004) (0x2140001,0x4400004) (0x2140003,0x4400004) (0x4100001,0x4400004) (0x4100003,0x4400004) (0x4140001,0x4400004) (0x4140003,0x4400004) (0x6100001,0x4400004) (0x6100003,0x4400004) (0x6140001,0x4400004) (0x6140003,0x4400004)
Round 13:
	window is [16, 18, 20, 21, 22, 23, 24, 25, 27, 28, 31]
	0.045069
	Max: -38.988438 (0x44440004,0x100001) (0x45440004,0x100001) (0xc4440004,0x100001) (0xc5440004,0x100001)
Round 14:
	window is [1, 18, 19, 20, 21, 23, 24, 25, 26, 29, 30]
	0.079331
	Max: -44.924282 (0x10100000,0x44400004) (0x10100002,0x44400004) (0x10140000,0x44400004) (0x10140002,0x44400004) (0x10300000,0x44400004) (0x10300002,0x44400004) (0x10340000,0x44400004) (0x10340002,0x44400004) (0x12100000,0x44400004) (0x12100002,0x44400004) (0x12140000,0x44400004) (0x12140002,0x44400004) (0x12300000,0x44400004) (0x12300002,0x44400004) (0x12340000,0x44400004) (0x12340002,0x44400004) (0x14100000,0x44400004) (0x14100002,0x44400004) (0x14140000,0x44400004) (0x14140002,0x44400004) (0x14300000,0x44400004) (0x14300002,0x44400004) (0x14340000,0x44400004) (0x14340002,0x44400004) (0x16100000,0x44400004) (0x16100002,0x44400004) (0x16140000,0x44400004) (0x16140002,0x44400004) (0x16300000,0x44400004) (0x16300002,0x44400004) (0x16340000,0x44400004) (0x16340002,0x44400004) (0x30100000,0x44400004) (0x30100002,0x44400004) (0x30140000,0x44400004) (0x30140002,0x44400004) (0x30300000,0x44400004) (0x30300002,0x44400004) (0x30340000,0x44400004) (0x30340002,0x44400004) (0x32100000,0x44400004) (0x32100002,0x44400004) (0x32140000,0x44400004) (0x32140002,0x44400004) (0x32300000,0x44400004) (0x32300002,0x44400004) (0x32340000,0x44400004) (0x32340002,0x44400004) (0x34100000,0x44400004) (0x34100002,0x44400004) (0x34140000,0x44400004) (0x34140002,0x44400004) (0x34300000,0x44400004) (0x34300002,0x44400004) (0x34340000,0x44400004) (0x34340002,0x44400004) (0x36100000,0x44400004) (0x36100002,0x44400004) (0x36140000,0x44400004) (0x36140002,0x44400004) (0x36300000,0x44400004) (0x36300002,0x44400004) (0x36340000,0x44400004) (0x36340002,0x44400004)
Round 15:
	window is [16, 19, 20, 21, 22, 23, 24, 25, 27, 28, 31]
	0.086729
	Max: -46.063628 (0x40000004,0x10000000) (0x40100004,0x10000000) (0x48000004,0x10000000) (0x48100004,0x10000000)
Round 16:
	window is [1, 18, 19, 20, 21, 23, 24, 25, 26, 29, 30]
	0.098158
	Max: -49.252648 (0x1,0x40000004) (0x3,0x40000004) (0x4000001,0x40000004) (0x4000003,0x40000004) (0x20000001,0x40000004) (0x20000003,0x40000004) (0x24000001,0x40000004) (0x24000003,0x40000004)
Round 17:
	window is [16, 17, 20, 21, 22, 23, 24, 25, 27, 28, 31]
	0.108794
	Max: -50.650387 (0x4,0x1) (0x1000004,0x1) (0x80000004,0x1) (0x81000004,0x1)
Round 18:
	window is [1, 19, 20, 21, 22, 23, 24, 25, 26, 29, 30]
	0.114015
	Max: -51.799124 (0,0x4) (0x2,0x4) (0x4000000,0x4) (0x4000002,0x4)
Round 19:
	window is [0, 18, 19, 20, 21, 23, 24, 25, 27, 28, 31]
	0.117900
	Max: -51.799124 (0x4,0)
Round 20:
	window is [1, 16, 18, 19, 21, 22, 23, 25, 26, 29, 30]
	0.121097
	Max: -53.798880 (0x1,0x4) (0x3,0x4) (0x4000001,0x4) (0x4000003,0x4)
Round 21:
	window is [0, 17, 18, 20, 21, 23, 24, 25, 27, 28, 31]
	0.123385
	Max: -55.798864 (0x40000004,0x1) (0x41000004,0x1) (0xc0000004,0x1) (0xc1000004,0x1)
Round 22:
	window is [1, 16, 19, 21, 22, 23, 24, 25, 26, 29, 30]
	0.125621
	Max: -58.991500 (0x10000000,0x40000004) (0x10000002,0x40000004) (0x10400000,0x40000004) (0x10400002,0x40000004) (0x14000000,0x40000004) (0x14000002,0x40000004) (0x14400000,0x40000004) (0x14400002,0x40000004) (0x30000000,0x40000004) (0x30000002,0x40000004) (0x30400000,0x40000004) (0x30400002,0x40000004) (0x34000000,0x40000004) (0x34000002,0x40000004) (0x34400000,0x40000004) (0x34400002,0x40000004)
Round 23:
	window is [0, 14, 18, 20, 21, 22, 24, 25, 27, 28, 31]
	0.129021
	Max: -60.991500 (0x44000004,0x10000000) (0x44100004,0x10000000) (0x4c000004,0x10000000) (0x4c100004,0x10000000)
Round 24:
	window is [1, 12, 18, 19, 22, 23, 24, 25, 26, 29, 30]
	0.146250
	Max: -65.899704 (0x1000001,0x44000004) (0x1000003,0x44000004) (0x1040001,0x44000004) (0x1040003,0x44000004) (0x1400001,0x44000004) (0x1400003,0x44000004) (0x1440001,0x44000004) (0x1440003,0x44000004) (0x3000001,0x44000004) (0x3000003,0x44000004) (0x3040001,0x44000004) (0x3040003,0x44000004) (0x3400001,0x44000004) (0x3400003,0x44000004) (0x3440001,0x44000004) (0x3440003,0x44000004) (0x5000001,0x44000004) (0x5000003,0x44000004) (0x5040001,0x44000004) (0x5040003,0x44000004) (0x5400001,0x44000004) (0x5400003,0x44000004) (0x5440001,0x44000004) (0x5440003,0x44000004) (0x7000001,0x44000004) (0x7000003,0x44000004) (0x7040001,0x44000004) (0x7040003,0x44000004) (0x7400001,0x44000004) (0x7400003,0x44000004) (0x7440001,0x44000004) (0x7440003,0x44000004) (0x21000001,0x44000004) (0x21000003,0x44000004) (0x21040001,0x44000004) (0x21040003,0x44000004) (0x21400001,0x44000004) (0x21400003,0x44000004) (0x21440001,0x44000004) (0x21440003,0x44000004) (0x23000001,0x44000004) (0x23000003,0x44000004) (0x23040001,0x44000004) (0x23040003,0x44000004) (0x23400001,0x44000004) (0x23400003,0x44000004) (0x23440001,0x44000004) (0x23440003,0x44000004) (0x25000001,0x44000004) (0x25000003,0x44000004) (0x25040001,0x44000004) (0x25040003,0x44000004) (0x25400001,0x44000004) (0x25400003,0x44000004) (0x25440001,0x44000004) (0x25440003,0x44000004) (0x27000001,0x44000004) (0x27000003,0x44000004) (0x27040001,0x44000004) (0x27040003,0x44000004) (0x27400001,0x44000004) (0x27400003,0x44000004) (0x27440001,0x44000004) (0x27440003,0x44000004)
over.
