Input: (0x1, 0x40000004)
	Max: 0.000000 (0x1,0x40000004)
Round 1:
	window is [24, 31]
	0.000000
	Max: -2.000000 (0x4,0x1) (0x1000004,0x1) (0x80000004,0x1) (0x81000004,0x1)
Round 2:
	window is [1, 16, 22, 23, 26, 29, 30]
	0.000000
	Max: -4.000000 (0,0x4) (0x2,0x4) (0x4000000,0x4) (0x4000002,0x4)
Round 3:
	window is [0, 14, 18, 20, 21, 24, 25, 27, 28, 31]
	0.000001
	Max: -4.000000 (0x4,0)
Round 4:
	window is [1, 16, 18, 19, 22, 23, 25, 26, 29, 30]
	0.000041
	Max: -6.000000 (0x1,0x4) (0x3,0x4) (0x4000001,0x4) (0x4000003,0x4)
Round 5:
	window is [0, 18, 20, 21, 23, 24, 25, 27, 28, 31]
	0.000336
	Max: -8.000000 (0x40000004,0x1) (0x41000004,0x1) (0xc0000004,0x1) (0xc1000004,0x1)
Round 6:
	window is [1, 16, 19, 22, 23, 24, 25, 26, 29, 30]
	0.000633
	Max: -11.192645 (0x10000000,0x40000004) (0x10000002,0x40000004) (0x10400000,0x40000004) (0x10400002,0x40000004) (0x14000000,0x40000004) (0x14000002,0x40000004) (0x14400000,0x40000004) (0x14400002,0x40000004) (0x30000000,0x40000004) (0x30000002,0x40000004) (0x30400000,0x40000004) (0x30400002,0x40000004) (0x34000000,0x40000004) (0x34000002,0x40000004) (0x34400000,0x40000004) (0x34400002,0x40000004)
Round 7:
	window is [0, 14, 18, 20, 21, 24, 25, 27, 28, 31]
	0.000983
	Max: -13.192645 (0x44000004,0x10000000) (0x44100004,0x10000000) (0x4c000004,0x10000000) (0x4c100004,0x10000000)
Round 8:
	window is [1, 12, 18, 19, 22, 23, 24, 25, 26, 29]
	0.002953
	Max: -18.101210 (0x1000001,0x44000004) (0x1000003,0x44000004) (0x1040001,0x44000004) (0x1040003,0x44000004) (0x1400001,0x44000004) (0x1400003,0x44000004) (0x1440001,0x44000004) (0x1440003,0x44000004) (0x3000001,0x44000004) (0x3000003,0x44000004) (0x3040001,0x44000004) (0x3040003,0x44000004) (0x3400001,0x44000004) (0x3400003,0x44000004) (0x3440001,0x44000004) (0x3440003,0x44000004) (0x5000001,0x44000004) (0x5000003,0x44000004) (0x5040001,0x44000004) (0x5040003,0x44000004) (0x5400001,0x44000004) (0x5400003,0x44000004) (0x5440001,0x44000004) (0x5440003,0x44000004) (0x7000001,0x44000004) (0x7000003,0x44000004) (0x7040001,0x44000004) (0x7040003,0x44000004) (0x7400001,0x44000004) (0x7400003,0x44000004) (0x7440001,0x44000004) (0x7440003,0x44000004) (0x21000001,0x44000004) (0x21000003,0x44000004) (0x21040001,0x44000004) (0x21040003,0x44000004) (0x21400001,0x44000004) (0x21400003,0x44000004) (0x21440001,0x44000004) (0x21440003,0x44000004) (0x23000001,0x44000004) (0x23000003,0x44000004) (0x23040001,0x44000004) (0x23040003,0x44000004) (0x23400001,0x44000004) (0x23400003,0x44000004) (0x23440001,0x44000004) (0x23440003,0x44000004) (0x25000001,0x44000004) (0x25000003,0x44000004) (0x25040001,0x44000004) (0x25040003,0x44000004) (0x25400001,0x44000004) (0x25400003,0x44000004) (0x25440001,0x44000004) (0x25440003,0x44000004) (0x27000001,0x44000004) (0x27000003,0x44000004) (0x27040001,0x44000004) (0x27040003,0x44000004) (0x27400001,0x44000004) (0x27400003,0x44000004) (0x27440001,0x44000004) (0x27440003,0x44000004)
Round 9:
	window is [16, 17, 20, 21, 22, 23, 24, 25, 27, 31]
	0.003854
	Max: -21.585868 (0x4400004,0x1000001) (0x4410004,0x1000001) (0x4c00004,0x1000001) (0x4c10004,0x1000001) (0x5400004,0x1000001) (0x5410004,0x1000001) (0x5c00004,0x1000001) (0x5c10004,0x1000001) (0x84400004,0x1000001) (0x84410004,0x1000001) (0x84c00004,0x1000001) (0x84c10004,0x1000001) (0x85400004,0x1000001) (0x85410004,0x1000001) (0x85c00004,0x1000001) (0x85c10004,0x1000001)
Round 10:
	window is [1, 18, 19, 20, 22, 23, 24, 25, 26, 29]
	0.004896
	Max: -25.646400 (0x100000,0x4400004) (0x100002,0x4400004) (0x140000,0x4400004) (0x140002,0x4400004) (0x2100000,0x4400004) (0x2100002,0x4400004) (0x2140000,0x4400004) (0x2140002,0x4400004) (0x4100000,0x4400004) (0x4100002,0x4400004) (0x4140000,0x4400004) (0x4140002,0x4400004) (0x6100000,0x4400004) (0x6100002,0x4400004) (0x6140000,0x4400004) (0x6140002,0x4400004)
Round 11:
	window is [16, 17, 18, 20, 21, 23, 24, 25, 27, 31]
	0.005511
	Max: -27.646400 (0x4440004,0x100000)
Round 12:
	window is [1, 16, 18, 19, 20, 22, 24, 25, 26, 29]
	0.007807
	Max: -35.053414 (0x100001,0x4400004) (0x100003,0x4400004) (0x140001,0x4400004) (0x140003,0x4400004) (0x2100001,0x4400004) (0x2100003,0x4400004) (0x2140001,0x4400004) (0x2140003,0x4400004) (0x4100001,0x4400004) (0x4100003,0x4400004) (0x4140001,0x4400004) (0x4140003,0x4400004) (0x6100001,0x4400004) (0x6100003,0x4400004) (0x6140001,0x4400004) (0x6140003,0x4400004)
Round 13:
	window is [16, 17, 18, 20, 21, 22, 23, 24, 27, 31]
	0.008819
	Max: -39.025339 (0x44440004,0x100001) (0x45440004,0x100001) (0xc4440004,0x100001) (0xc5440004,0x100001)
Round 14:
	window is [1, 14, 16, 18, 19, 21, 22, 25, 26, 29]
	0.009653
	Max: -44.879008 (0x10000000,0x44000004) (0x10000002,0x44000004) (0x10040000,0x44000004) (0x10040002,0x44000004) (0x10400000,0x44000004) (0x10400002,0x44000004) (0x10440000,0x44000004) (0x10440002,0x44000004) (0x12000000,0x44000004) (0x12000002,0x44000004) (0x12040000,0x44000004) (0x12040002,0x44000004) (0x12400000,0x44000004) (0x12400002,0x44000004) (0x12440000,0x44000004) (0x12440002,0x44000004) (0x14000000,0x44000004) (0x14000002,0x44000004) (0x14040000,0x44000004) (0x14040002,0x44000004) (0x14400000,0x44000004) (0x14400002,0x44000004) (0x14440000,0x44000004) (0x14440002,0x44000004) (0x16000000,0x44000004) (0x16000002,0x44000004) (0x16040000,0x44000004) (0x16040002,0x44000004) (0x16400000,0x44000004) (0x16400002,0x44000004) (0x16440000,0x44000004) (0x16440002,0x44000004) (0x30000000,0x44000004) (0x30000002,0x44000004) (0x30040000,0x44000004) (0x30040002,0x44000004) (0x30400000,0x44000004) (0x30400002,0x44000004) (0x30440000,0x44000004) (0x30440002,0x44000004) (0x32000000,0x44000004) (0x32000002,0x44000004) (0x32040000,0x44000004) (0x32040002,0x44000004) (0x32400000,0x44000004) (0x32400002,0x44000004) (0x32440000,0x44000004) (0x32440002,0x44000004) (0x34000000,0x44000004) (0x34000002,0x44000004) (0x34040000,0x44000004) (0x34040002,0x44000004) (0x34400000,0x44000004) (0x34400002,0x44000004) (0x34440000,0x44000004) (0x34440002,0x44000004) (0x36000000,0x44000004) (0x36000002,0x44000004) (0x36040000,0x44000004) (0x36040002,0x44000004) (0x36400000,0x44000004) (0x36400002,0x44000004) (0x36440000,0x44000004) (0x36440002,0x44000004)
Round 15:
	window is [16, 17, 18, 19, 20, 21, 23, 24, 27, 31]
	0.009992
	Max: -45.897026 (0x40000004,0x10000000) (0x40100004,0x10000000) (0x48000004,0x10000000) (0x48100004,0x10000000)
Round 16:
	window is [1, 14, 15, 18, 19, 21, 22, 25, 26, 29]
	0.010324
	Max: -48.828762 (0x1,0x40000004) (0x3,0x40000004) (0x400001,0x40000004) (0x400003,0x40000004) (0x4000001,0x40000004) (0x4000003,0x40000004) (0x4400001,0x40000004) (0x4400003,0x40000004) (0x20000001,0x40000004) (0x20000003,0x40000004) (0x20400001,0x40000004) (0x20400003,0x40000004) (0x24000001,0x40000004) (0x24000003,0x40000004) (0x24400001,0x40000004) (0x24400003,0x40000004)
Round 17:
	window is [16, 17, 18, 19, 20, 21, 23, 24, 27, 31]
	0.010645
	Max: -50.393547 (0x4,0x1) (0x1000004,0x1) (0x80000004,0x1) (0x81000004,0x1)
Round 18:
	window is [1, 16, 18, 19, 21, 22, 23, 25, 26, 29]
	0.010956
	Max: -51.583591 (0,0x4) (0x2,0x4) (0x4000000,0x4) (0x4000002,0x4)
Round 19:
	window is [0, 14, 18, 20, 21, 23, 24, 25, 27, 31]
	0.011257
	Max: -51.583591 (0x4,0)
Round 20:
	window is [1, 16, 18, 19, 22, 23, 25, 26, 29, 30]
	0.011566
	Max: -53.583591 (0x1,0x4) (0x3,0x4) (0x4000001,0x4) (0x4000003,0x4)
Round 21:
	window is [0, 18, 20, 21, 23, 24, 25, 27, 28, 31]
	0.011880
	Max: -55.583591 (0x40000004,0x1) (0x41000004,0x1) (0xc0000004,0x1) (0xc1000004,0x1)
Round 22:
	window is [1, 16, 19, 22, 23, 24, 25, 26, 29, 30]
	0.012202
	Max: -58.776237 (0x10000000,0x40000004) (0x10000002,0x40000004) (0x10400000,0x40000004) (0x10400002,0x40000004) (0x14000000,0x40000004) (0x14000002,0x40000004) (0x14400000,0x40000004) (0x14400002,0x40000004) (0x30000000,0x40000004) (0x30000002,0x40000004) (0x30400000,0x40000004) (0x30400002,0x40000004) (0x34000000,0x40000004) (0x34000002,0x40000004) (0x34400000,0x40000004) (0x34400002,0x40000004)
Round 23:
	window is [0, 14, 18, 20, 21, 24, 25, 27, 28, 31]
	0.012628
	Max: -60.776237 (0x44000004,0x10000000) (0x44100004,0x10000000) (0x4c000004,0x10000000) (0x4c100004,0x10000000)
Round 24:
	window is [1, 12, 18, 19, 22, 23, 24, 25, 26, 29]
	0.015200
	Max: -65.684801 (0x1000001,0x44000004) (0x1000003,0x44000004) (0x1040001,0x44000004) (0x1040003,0x44000004) (0x1400001,0x44000004) (0x1400003,0x44000004) (0x1440001,0x44000004) (0x1440003,0x44000004) (0x3000001,0x44000004) (0x3000003,0x44000004) (0x3040001,0x44000004) (0x3040003,0x44000004) (0x3400001,0x44000004) (0x3400003,0x44000004) (0x3440001,0x44000004) (0x3440003,0x44000004) (0x5000001,0x44000004) (0x5000003,0x44000004) (0x5040001,0x44000004) (0x5040003,0x44000004) (0x5400001,0x44000004) (0x5400003,0x44000004) (0x5440001,0x44000004) (0x5440003,0x44000004) (0x7000001,0x44000004) (0x7000003,0x44000004) (0x7040001,0x44000004) (0x7040003,0x44000004) (0x7400001,0x44000004) (0x7400003,0x44000004) (0x7440001,0x44000004) (0x7440003,0x44000004) (0x21000001,0x44000004) (0x21000003,0x44000004) (0x21040001,0x44000004) (0x21040003,0x44000004) (0x21400001,0x44000004) (0x21400003,0x44000004) (0x21440001,0x44000004) (0x21440003,0x44000004) (0x23000001,0x44000004) (0x23000003,0x44000004) (0x23040001,0x44000004) (0x23040003,0x44000004) (0x23400001,0x44000004) (0x23400003,0x44000004) (0x23440001,0x44000004) (0x23440003,0x44000004) (0x25000001,0x44000004) (0x25000003,0x44000004) (0x25040001,0x44000004) (0x25040003,0x44000004) (0x25400001,0x44000004) (0x25400003,0x44000004) (0x25440001,0x44000004) (0x25440003,0x44000004) (0x27000001,0x44000004) (0x27000003,0x44000004) (0x27040001,0x44000004) (0x27040003,0x44000004) (0x27400001,0x44000004) (0x27400003,0x44000004) (0x27440001,0x44000004) (0x27440003,0x44000004)
over.
