Input: (0x4000000, 0x11000000)
	Max: 0.000000 (0x4000000,0x11000000)
Round 1:
	window is [2, 27]
	Max: -2.000000 (0x1000000,0x4000000) (0x1000004,0x4000000) (0x9000000,0x4000000) (0x9000004,0x4000000)
Round 2:
	window is [0, 3, 4, 10, 25, 28, 29]
	Max: -4.000000 (0,0x1000000) (0x1,0x1000000) (0x2000000,0x1000000) (0x2000001,0x1000000)
Round 3:
	window is [1, 2, 4, 5, 6, 8, 11, 12, 18, 26, 27, 29, 30, 31]
	Max: -4.000000 (0x1000000,0)
Round 4:
	window is [0, 1, 2, 3, 4, 6, 7, 8, 9, 10, 13, 25, 28, 29]
	Max: -6.000000 (0x4000000,0x1000000) (0x4000001,0x1000000) (0x6000000,0x1000000) (0x6000001,0x1000000)
Round 5:
	window is [1, 2, 3, 4, 5, 6, 8, 10, 11, 12, 26, 27, 30, 31]
	Max: -8.000000 (0x11000000,0x4000000) (0x11000004,0x4000000) (0x19000000,0x4000000) (0x19000004,0x4000000)
Round 6:
	window is [0, 1, 2, 3, 4, 7, 8, 9, 10, 16, 25, 27, 28, 29]
	Max: -11.299560 (0x40000000,0x11000000) (0x40000001,0x11000000) (0x40000010,0x11000000) (0x40000011,0x11000000) (0x42000000,0x11000000) (0x42000001,0x11000000) (0x42000010,0x11000000) (0x42000011,0x11000000) (0x60000000,0x11000000) (0x60000001,0x11000000) (0x60000010,0x11000000) (0x60000011,0x11000000) (0x62000000,0x11000000) (0x62000001,0x11000000) (0x62000010,0x11000000) (0x62000011,0x11000000)
Round 7:
	window is [1, 2, 4, 5, 6, 8, 11, 12, 18, 26, 27, 29, 30, 31]
	Max: -13.299560 (0x11000001,0x40000000) (0x11000041,0x40000000) (0x91000001,0x40000000) (0x91000041,0x40000000)
Round 8:
	window is [0, 1, 2, 3, 4, 6, 7, 8, 10, 13, 14, 25, 28, 29]
	Max: -18.375212 (0x4000004,0x11000001) (0x4000005,0x11000001) (0x4000006,0x11000001) (0x4000007,0x11000001) (0x4000014,0x11000001) (0x4000015,0x11000001) (0x4000016,0x11000001) (0x4000017,0x11000001) (0x4000104,0x11000001) (0x4000105,0x11000001) (0x4000106,0x11000001) (0x4000107,0x11000001) (0x4000114,0x11000001) (0x4000115,0x11000001) (0x4000116,0x11000001) (0x4000117,0x11000001) (0x6000004,0x11000001) (0x6000005,0x11000001) (0x6000006,0x11000001) (0x6000007,0x11000001) (0x6000014,0x11000001) (0x6000015,0x11000001) (0x6000016,0x11000001) (0x6000017,0x11000001) (0x6000104,0x11000001) (0x6000105,0x11000001) (0x6000106,0x11000001) (0x6000107,0x11000001) (0x6000114,0x11000001) (0x6000115,0x11000001) (0x6000116,0x11000001) (0x6000117,0x11000001) (0x24000004,0x11000001) (0x24000005,0x11000001) (0x24000006,0x11000001) (0x24000007,0x11000001) (0x24000014,0x11000001) (0x24000015,0x11000001) (0x24000016,0x11000001) (0x24000017,0x11000001) (0x24000104,0x11000001) (0x24000105,0x11000001) (0x24000106,0x11000001) (0x24000107,0x11000001) (0x24000114,0x11000001) (0x24000115,0x11000001) (0x24000116,0x11000001) (0x24000117,0x11000001) (0x26000004,0x11000001) (0x26000005,0x11000001) (0x26000006,0x11000001) (0x26000007,0x11000001) (0x26000014,0x11000001) (0x26000015,0x11000001) (0x26000016,0x11000001) (0x26000017,0x11000001) (0x26000104,0x11000001) (0x26000105,0x11000001) (0x26000106,0x11000001) (0x26000107,0x11000001) (0x26000114,0x11000001) (0x26000115,0x11000001) (0x26000116,0x11000001) (0x26000117,0x11000001)
Round 9:
	window is [1, 2, 3, 4, 5, 6, 8, 9, 10, 12, 26, 27, 30, 31]
	Max: -21.975247 (0x1000011,0x4000004) (0x1000015,0x4000004) (0x1000019,0x4000004) (0x100001d,0x4000004) (0x1000411,0x4000004) (0x1000415,0x4000004) (0x1000419,0x4000004) (0x100041d,0x4000004) (0x9000011,0x4000004) (0x9000015,0x4000004) (0x9000019,0x4000004) (0x900001d,0x4000004) (0x9000411,0x4000004) (0x9000415,0x4000004) (0x9000419,0x4000004) (0x900041d,0x4000004)
Round 10:
	window is [0, 1, 2, 3, 4, 5, 6, 7, 8, 10, 12, 25, 28, 29]
	Max: -26.165042 (0x40,0x1000011) (0x41,0x1000011) (0x42,0x1000011) (0x43,0x1000011) (0x60,0x1000011) (0x61,0x1000011) (0x62,0x1000011) (0x63,0x1000011) (0x140,0x1000011) (0x141,0x1000011) (0x142,0x1000011) (0x143,0x1000011) (0x160,0x1000011) (0x161,0x1000011) (0x162,0x1000011) (0x163,0x1000011) (0x1040,0x1000011) (0x1041,0x1000011) (0x1042,0x1000011) (0x1043,0x1000011) (0x1060,0x1000011) (0x1061,0x1000011) (0x1062,0x1000011) (0x1063,0x1000011) (0x1140,0x1000011) (0x1141,0x1000011) (0x1142,0x1000011) (0x1143,0x1000011) (0x1160,0x1000011) (0x1161,0x1000011) (0x1162,0x1000011) (0x1163,0x1000011) (0x2000040,0x1000011) (0x2000041,0x1000011) (0x2000042,0x1000011) (0x2000043,0x1000011) (0x2000060,0x1000011) (0x2000061,0x1000011) (0x2000062,0x1000011) (0x2000063,0x1000011) (0x2000140,0x1000011) (0x2000141,0x1000011) (0x2000142,0x1000011) (0x2000143,0x1000011) (0x2000160,0x1000011) (0x2000161,0x1000011) (0x2000162,0x1000011) (0x2000163,0x1000011) (0x2001040,0x1000011) (0x2001041,0x1000011) (0x2001042,0x1000011) (0x2001043,0x1000011) (0x2001060,0x1000011) (0x2001061,0x1000011) (0x2001062,0x1000011) (0x2001063,0x1000011) (0x2001140,0x1000011) (0x2001141,0x1000011) (0x2001142,0x1000011) (0x2001143,0x1000011) (0x2001160,0x1000011) (0x2001161,0x1000011) (0x2001162,0x1000011) (0x2001163,0x1000011)
Round 11:
	window is [1, 2, 3, 4, 5, 6, 7, 8, 9, 10, 14, 27, 30, 31]
	Max: -28.165042 (0x1000111,0x40) (0x1000191,0x40) (0x1004111,0x40) (0x1004191,0x40)
Round 12:
	window is [0, 1, 2, 3, 4, 5, 6, 7, 8, 10, 12, 25, 28, 29]
	Max: -35.018639 (0x4000404,0x1000111) (0x4000405,0x1000111) (0x4000406,0x1000111) (0x4000407,0x1000111) (0x4000424,0x1000111) (0x4000425,0x1000111) (0x4000426,0x1000111) (0x4000427,0x1000111) (0x4000504,0x1000111) (0x4000505,0x1000111) (0x4000506,0x1000111) (0x4000507,0x1000111) (0x4000524,0x1000111) (0x4000525,0x1000111) (0x4000526,0x1000111) (0x4000527,0x1000111) (0x4001404,0x1000111) (0x4001405,0x1000111) (0x4001406,0x1000111) (0x4001407,0x1000111) (0x4001424,0x1000111) (0x4001425,0x1000111) (0x4001426,0x1000111) (0x4001427,0x1000111) (0x4001504,0x1000111) (0x4001505,0x1000111) (0x4001506,0x1000111) (0x4001507,0x1000111) (0x4001524,0x1000111) (0x4001525,0x1000111) (0x4001526,0x1000111) (0x4001527,0x1000111) (0x6000404,0x1000111) (0x6000405,0x1000111) (0x6000406,0x1000111) (0x6000407,0x1000111) (0x6000424,0x1000111) (0x6000425,0x1000111) (0x6000426,0x1000111) (0x6000427,0x1000111) (0x6000504,0x1000111) (0x6000505,0x1000111) (0x6000506,0x1000111) (0x6000507,0x1000111) (0x6000524,0x1000111) (0x6000525,0x1000111) (0x6000526,0x1000111) (0x6000527,0x1000111) (0x6001404,0x1000111) (0x6001405,0x1000111) (0x6001406,0x1000111) (0x6001407,0x1000111) (0x6001424,0x1000111) (0x6001425,0x1000111) (0x6001426,0x1000111) (0x6001427,0x1000111) (0x6001504,0x1000111) (0x6001505,0x1000111) (0x6001506,0x1000111) (0x6001507,0x1000111) (0x6001524,0x1000111) (0x6001525,0x1000111) (0x6001526,0x1000111) (0x6001527,0x1000111)
Round 13:
	window is [1, 2, 3, 4, 5, 6, 7, 8, 9, 10, 14, 27, 30, 31]
	Max: -39.651936 (0x11000111,0x4000040) (0x11000115,0x4000040) (0x11000191,0x4000040) (0x11000195,0x4000040) (0x11004111,0x4000040) (0x11004115,0x4000040) (0x11004191,0x4000040) (0x11004195,0x4000040) (0x19000111,0x4000040) (0x19000115,0x4000040) (0x19000191,0x4000040) (0x19000195,0x4000040) (0x19004111,0x4000040) (0x19004115,0x4000040) (0x19004191,0x4000040) (0x19004195,0x4000040)
Round 14:
	window is [0, 1, 2, 3, 4, 5, 6, 7, 8, 11, 12, 16, 25, 29]
	Max: -44.099861 (0x40000000,0x11000001) (0x40000001,0x11000001) (0x40000002,0x11000001) (0x40000003,0x11000001) (0x40000010,0x11000001) (0x40000011,0x11000001) (0x40000012,0x11000001) (0x40000013,0x11000001) (0x40000100,0x11000001) (0x40000101,0x11000001) (0x40000102,0x11000001) (0x40000103,0x11000001) (0x40000110,0x11000001) (0x40000111,0x11000001) (0x40000112,0x11000001) (0x40000113,0x11000001) (0x42000000,0x11000001) (0x42000001,0x11000001) (0x42000002,0x11000001) (0x42000003,0x11000001) (0x42000010,0x11000001) (0x42000011,0x11000001) (0x42000012,0x11000001) (0x42000013,0x11000001) (0x42000100,0x11000001) (0x42000101,0x11000001) (0x42000102,0x11000001) (0x42000103,0x11000001) (0x42000110,0x11000001) (0x42000111,0x11000001) (0x42000112,0x11000001) (0x42000113,0x11000001) (0x60000000,0x11000001) (0x60000001,0x11000001) (0x60000002,0x11000001) (0x60000003,0x11000001) (0x60000010,0x11000001) (0x60000011,0x11000001) (0x60000012,0x11000001) (0x60000013,0x11000001) (0x60000100,0x11000001) (0x60000101,0x11000001) (0x60000102,0x11000001) (0x60000103,0x11000001) (0x60000110,0x11000001) (0x60000111,0x11000001) (0x60000112,0x11000001) (0x60000113,0x11000001) (0x62000000,0x11000001) (0x62000001,0x11000001) (0x62000002,0x11000001) (0x62000003,0x11000001) (0x62000010,0x11000001) (0x62000011,0x11000001) (0x62000012,0x11000001) (0x62000013,0x11000001) (0x62000100,0x11000001) (0x62000101,0x11000001) (0x62000102,0x11000001) (0x62000103,0x11000001) (0x62000110,0x11000001) (0x62000111,0x11000001) (0x62000112,0x11000001) (0x62000113,0x11000001)
Round 15:
	window is [1, 2, 3, 4, 5, 6, 7, 8, 9, 10, 14, 27, 30, 31]
	Max: -45.387703 (0x11000000,0x40000000) (0x11000040,0x40000000) (0x91000000,0x40000000) (0x91000040,0x40000000)
Round 16:
	window is [0, 1, 2, 3, 4, 5, 6, 7, 8, 11, 12, 16, 25, 29]
	Max: -48.324875 (0x4000000,0x11000000) (0x4000001,0x11000000) (0x4000010,0x11000000) (0x4000011,0x11000000) (0x6000000,0x11000000) (0x6000001,0x11000000) (0x6000010,0x11000000) (0x6000011,0x11000000) (0x24000000,0x11000000) (0x24000001,0x11000000) (0x24000010,0x11000000) (0x24000011,0x11000000) (0x26000000,0x11000000) (0x26000001,0x11000000) (0x26000010,0x11000000) (0x26000011,0x11000000)
Round 17:
	window is [1, 2, 3, 4, 5, 6, 7, 8, 9, 10, 14, 27, 30, 31]
	Max: -49.886156 (0x1000000,0x4000000) (0x1000004,0x4000000) (0x9000000,0x4000000) (0x9000004,0x4000000)
Round 18:
	window is [0, 1, 2, 3, 4, 5, 6, 7, 8, 10, 11, 12, 25, 29]
	Max: -51.146536 (0,0x1000000) (0x1,0x1000000) (0x2000000,0x1000000) (0x2000001,0x1000000)
Round 19:
	window is [1, 2, 3, 4, 5, 6, 7, 8, 9, 12, 26, 27, 30, 31]
	Max: -51.146536 (0x1000000,0)
Round 20:
	window is [0, 1, 2, 3, 4, 5, 6, 7, 8, 9, 10, 25, 28, 29]
	Max: -53.146216 (0x4000000,0x1000000) (0x4000001,0x1000000) (0x6000000,0x1000000) (0x6000001,0x1000000)
Round 21:
	window is [1, 2, 3, 4, 5, 6, 8, 9, 10, 12, 26, 27, 30, 31]
	Max: -55.146191 (0x11000000,0x4000000) (0x11000004,0x4000000) (0x19000000,0x4000000) (0x19000004,0x4000000)
Round 22:
	window is [0, 1, 2, 3, 4, 7, 8, 9, 10, 16, 25, 27, 28, 29]
	Max: -58.445744 (0x40000000,0x11000000) (0x40000001,0x11000000) (0x40000010,0x11000000) (0x40000011,0x11000000) (0x42000000,0x11000000) (0x42000001,0x11000000) (0x42000010,0x11000000) (0x42000011,0x11000000) (0x60000000,0x11000000) (0x60000001,0x11000000) (0x60000010,0x11000000) (0x60000011,0x11000000) (0x62000000,0x11000000) (0x62000001,0x11000000) (0x62000010,0x11000000) (0x62000011,0x11000000)
Round 23:
	window is [1, 2, 4, 5, 6, 8, 11, 12, 18, 26, 27, 29, 30, 31]
	Max: -60.445744 (0x11000001,0x40000000) (0x11000041,0x40000000) (0x91000001,0x40000000) (0x91000041,0x40000000)
Round 24:
	window is [0, 1, 2, 3, 4, 6, 7, 8, 10, 13, 14, 25, 28, 29]
	Max: -65.520874 (0x4000004,0x11000001) (0x4000005,0x11000001) (0x4000006,0x11000001) (0x4000007,0x11000001) (0x4000014,0x11000001) (0x4000015,0x11000001) (0x4000016,0x11000001) (0x4000017,0x11000001) (0x4000104,0x11000001) (0x4000105,0x11000001) (0x4000106,0x11000001) (0x4000107,0x11000001) (0x4000114,0x11000001) (0x4000115,0x11000001) (0x4000116,0x11000001) (0x4000117,0x11000001) (0x6000004,0x11000001) (0x6000005,0x11000001) (0x6000006,0x11000001) (0x6000007,0x11000001) (0x6000014,0x11000001) (0x6000015,0x11000001) (0x6000016,0x11000001) (0x6000017,0x11000001) (0x6000104,0x11000001) (0x6000105,0x11000001) (0x6000106,0x11000001) (0x6000107,0x11000001) (0x6000114,0x11000001) (0x6000115,0x11000001) (0x6000116,0x11000001) (0x6000117,0x11000001) (0x24000004,0x11000001) (0x24000005,0x11000001) (0x24000006,0x11000001) (0x24000007,0x11000001) (0x24000014,0x11000001) (0x24000015,0x11000001) (0x24000016,0x11000001) (0x24000017,0x11000001) (0x24000104,0x11000001) (0x24000105,0x11000001) (0x24000106,0x11000001) (0x24000107,0x11000001) (0x24000114,0x11000001) (0x24000115,0x11000001) (0x24000116,0x11000001) (0x24000117,0x11000001) (0x26000004,0x11000001) (0x26000005,0x11000001) (0x26000006,0x11000001) (0x26000007,0x11000001) (0x26000014,0x11000001) (0x26000015,0x11000001) (0x26000016,0x11000001) (0x26000017,0x11000001) (0x26000104,0x11000001) (0x26000105,0x11000001) (0x26000106,0x11000001) (0x26000107,0x11000001) (0x26000114,0x11000001) (0x26000115,0x11000001) (0x26000116,0x11000001) (0x26000117,0x11000001)
over.
