Input: (0x1, 0x4000000000000004)
	Max: 0.000000 (0x1,0x4000000000000004)
Round 1:
	window is [56, 63]
	Max: -2.000000 (0x4,0x1) (0x100000000000004,0x1) (0x8000000000000004,0x1) (0x8100000000000004,0x1)
Round 2:
	window is [1, 48, 54, 55, 58, 61, 62]
	Max: -4.000000 (0,0x4) (0x2,0x4) (0x400000000000000,0x4) (0x400000000000002,0x4)
Round 3:
	window is [0, 40, 46, 47, 50, 52, 53, 54, 56, 57, 59, 60, 61, 63]
	Max: -4.000000 (0x4,0)
Round 4:
	window is [1, 45, 48, 50, 51, 52, 54, 55, 56, 57, 58, 59, 61, 62]
	Max: -6.000000 (0x1,0x4) (0x3,0x4) (0x400000000000001,0x4) (0x400000000000003,0x4)
Round 5:
	window is [0, 46, 48, 49, 50, 52, 53, 54, 55, 56, 57, 59, 60, 63]
	Max: -8.000000 (0x4000000000000004,0x1) (0x4100000000000004,0x1) (0xc000000000000004,0x1) (0xc100000000000004,0x1)
Round 6:
	window is [1, 48, 49, 50, 51, 52, 53, 54, 55, 56, 57, 58, 61, 62]
	Max: -11.192645 (0x1000000000000000,0x4000000000000004) (0x1000000000000002,0x4000000000000004) (0x1040000000000000,0x4000000000000004) (0x1040000000000002,0x4000000000000004) (0x1400000000000000,0x4000000000000004) (0x1400000000000002,0x4000000000000004) (0x1440000000000000,0x4000000000000004) (0x1440000000000002,0x4000000000000004) (0x3000000000000000,0x4000000000000004) (0x3000000000000002,0x4000000000000004) (0x3040000000000000,0x4000000000000004) (0x3040000000000002,0x4000000000000004) (0x3400000000000000,0x4000000000000004) (0x3400000000000002,0x4000000000000004) (0x3440000000000000,0x4000000000000004) (0x3440000000000002,0x4000000000000004)
Round 7:
	window is [0, 46, 47, 50, 52, 53, 54, 55, 56, 57, 59, 60, 61, 63]
	Max: -13.192645 (0x4400000000000004,0x1000000000000000) (0x4410000000000004,0x1000000000000000) (0x4c00000000000004,0x1000000000000000) (0x4c10000000000004,0x1000000000000000)
Round 8:
	window is [1, 44, 45, 48, 50, 51, 52, 54, 55, 56, 57, 58, 61, 62]
	Max: -18.101210 (0x100000000000001,0x4400000000000004) (0x100000000000003,0x4400000000000004) (0x104000000000001,0x4400000000000004) (0x104000000000003,0x4400000000000004) (0x140000000000001,0x4400000000000004) (0x140000000000003,0x4400000000000004) (0x144000000000001,0x4400000000000004) (0x144000000000003,0x4400000000000004) (0x300000000000001,0x4400000000000004) (0x300000000000003,0x4400000000000004) (0x304000000000001,0x4400000000000004) (0x304000000000003,0x4400000000000004) (0x340000000000001,0x4400000000000004) (0x340000000000003,0x4400000000000004) (0x344000000000001,0x4400000000000004) (0x344000000000003,0x4400000000000004) (0x500000000000001,0x4400000000000004) (0x500000000000003,0x4400000000000004) (0x504000000000001,0x4400000000000004) (0x504000000000003,0x4400000000000004) (0x540000000000001,0x4400000000000004) (0x540000000000003,0x4400000000000004) (0x544000000000001,0x4400000000000004) (0x544000000000003,0x4400000000000004) (0x700000000000001,0x4400000000000004) (0x700000000000003,0x4400000000000004) (0x704000000000001,0x4400000000000004) (0x704000000000003,0x4400000000000004) (0x740000000000001,0x4400000000000004) (0x740000000000003,0x4400000000000004) (0x744000000000001,0x4400000000000004) (0x744000000000003,0x4400000000000004) (0x2100000000000001,0x4400000000000004) (0x2100000000000003,0x4400000000000004) (0x2104000000000001,0x4400000000000004) (0x2104000000000003,0x4400000000000004) (0x2140000000000001,0x4400000000000004) (0x2140000000000003,0x4400000000000004) (0x2144000000000001,0x4400000000000004) (0x2144000000000003,0x4400000000000004) (0x2300000000000001,0x4400000000000004) (0x2300000000000003,0x4400000000000004) (0x2304000000000001,0x4400000000000004) (0x2304000000000003,0x4400000000000004) (0x2340000000000001,0x4400000000000004) (0x2340000000000003,0x4400000000000004) (0x2344000000000001,0x4400000000000004) (0x2344000000000003,0x4400000000000004) (0x2500000000000001,0x4400000000000004) (0x2500000000000003,0x4400000000000004) (0x2504000000000001,0x4400000000000004) (0x2504000000000003,0x4400000000000004) (0x2540000000000001,0x4400000000000004) (0x2540000000000003,0x4400000000000004) (0x2544000000000001,0x4400000000000004) (0x2544000000000003,0x4400000000000004) (0x2700000000000001,0x4400000000000004) (0x2700000000000003,0x4400000000000004) (0x2704000000000001,0x4400000000000004) (0x2704000000000003,0x4400000000000004) (0x2740000000000001,0x4400000000000004) (0x2740000000000003,0x4400000000000004) (0x2744000000000001,0x4400000000000004) (0x2744000000000003,0x4400000000000004)
Round 9:
	window is [0, 46, 48, 49, 50, 52, 53, 54, 55, 56, 57, 59, 60, 63]
	Max: -21.585867 (0x440000000000004,0x100000000000001) (0x441000000000004,0x100000000000001) (0x4c0000000000004,0x100000000000001) (0x4c1000000000004,0x100000000000001) (0x540000000000004,0x100000000000001) (0x541000000000004,0x100000000000001) (0x5c0000000000004,0x100000000000001) (0x5c1000000000004,0x100000000000001) (0x8440000000000004,0x100000000000001) (0x8441000000000004,0x100000000000001) (0x84c0000000000004,0x100000000000001) (0x84c1000000000004,0x100000000000001) (0x8540000000000004,0x100000000000001) (0x8541000000000004,0x100000000000001) (0x85c0000000000004,0x100000000000001) (0x85c1000000000004,0x100000000000001)
Round 10:
	window is [1, 46, 48, 50, 51, 52, 53, 54, 55, 56, 57, 58, 61, 62]
	Max: -25.645548 (0x10000000000000,0x440000000000004) (0x10000000000002,0x440000000000004) (0x10400000000000,0x440000000000004) (0x10400000000002,0x440000000000004) (0x14000000000000,0x440000000000004) (0x14000000000002,0x440000000000004) (0x14400000000000,0x440000000000004) (0x14400000000002,0x440000000000004) (0x30000000000000,0x440000000000004) (0x30000000000002,0x440000000000004) (0x30400000000000,0x440000000000004) (0x30400000000002,0x440000000000004) (0x34000000000000,0x440000000000004) (0x34000000000002,0x440000000000004) (0x34400000000000,0x440000000000004) (0x34400000000002,0x440000000000004) (0x210000000000000,0x440000000000004) (0x210000000000002,0x440000000000004) (0x210400000000000,0x440000000000004) (0x210400000000002,0x440000000000004) (0x214000000000000,0x440000000000004) (0x214000000000002,0x440000000000004) (0x214400000000000,0x440000000000004) (0x214400000000002,0x440000000000004) (0x230000000000000,0x440000000000004) (0x230000000000002,0x440000000000004) (0x230400000000000,0x440000000000004) (0x230400000000002,0x440000000000004) (0x234000000000000,0x440000000000004) (0x234000000000002,0x440000000000004) (0x234400000000000,0x440000000000004) (0x234400000000002,0x440000000000004) (0x410000000000000,0x440000000000004) (0x410000000000002,0x440000000000004) (0x410400000000000,0x440000000000004) (0x410400000000002,0x440000000000004) (0x414000000000000,0x440000000000004) (0x414000000000002,0x440000000000004) (0x414400000000000,0x440000000000004) (0x414400000000002,0x440000000000004) (0x430000000000000,0x440000000000004) (0x430000000000002,0x440000000000004) (0x430400000000000,0x440000000000004) (0x430400000000002,0x440000000000004) (0x434000000000000,0x440000000000004) (0x434000000000002,0x440000000000004) (0x434400000000000,0x440000000000004) (0x434400000000002,0x440000000000004) (0x610000000000000,0x440000000000004) (0x610000000000002,0x440000000000004) (0x610400000000000,0x440000000000004) (0x610400000000002,0x440000000000004) (0x614000000000000,0x440000000000004) (0x614000000000002,0x440000000000004) (0x614400000000000,0x440000000000004) (0x614400000000002,0x440000000000004) (0x630000000000000,0x440000000000004) (0x630000000000002,0x440000000000004) (0x630400000000000,0x440000000000004) (0x630400000000002,0x440000000000004) (0x634000000000000,0x440000000000004) (0x634000000000002,0x440000000000004) (0x634400000000000,0x440000000000004) (0x634400000000002,0x440000000000004)
Round 11:
	window is [44, 48, 49, 50, 51, 52, 53, 54, 55, 56, 57, 59, 60, 63]
	Max: -27.645548 (0x444000000000004,0x10000000000000) (0x444100000000004,0x10000000000000) (0x44c000000000004,0x10000000000000) (0x44c100000000004,0x10000000000000)
Round 12:
	window is [1, 46, 48, 50, 51, 52, 53, 54, 55, 56, 57, 58, 61, 62]
	Max: -34.447058 (0x101000000000001,0x444000000000004) (0x101000000000003,0x444000000000004) (0x101400000000001,0x444000000000004) (0x101400000000003,0x444000000000004) (0x105000000000001,0x444000000000004) (0x105000000000003,0x444000000000004) (0x105400000000001,0x444000000000004) (0x105400000000003,0x444000000000004) (0x121000000000001,0x444000000000004) (0x121000000000003,0x444000000000004) (0x121400000000001,0x444000000000004) (0x121400000000003,0x444000000000004) (0x125000000000001,0x444000000000004) (0x125000000000003,0x444000000000004) (0x125400000000001,0x444000000000004) (0x125400000000003,0x444000000000004) (0x301000000000001,0x444000000000004) (0x301000000000003,0x444000000000004) (0x301400000000001,0x444000000000004) (0x301400000000003,0x444000000000004) (0x305000000000001,0x444000000000004) (0x305000000000003,0x444000000000004) (0x305400000000001,0x444000000000004) (0x305400000000003,0x444000000000004) (0x321000000000001,0x444000000000004) (0x321000000000003,0x444000000000004) (0x321400000000001,0x444000000000004) (0x321400000000003,0x444000000000004) (0x325000000000001,0x444000000000004) (0x325000000000003,0x444000000000004) (0x325400000000001,0x444000000000004) (0x325400000000003,0x444000000000004) (0x501000000000001,0x444000000000004) (0x501000000000003,0x444000000000004) (0x501400000000001,0x444000000000004) (0x501400000000003,0x444000000000004) (0x505000000000001,0x444000000000004) (0x505000000000003,0x444000000000004) (0x505400000000001,0x444000000000004) (0x505400000000003,0x444000000000004) (0x521000000000001,0x444000000000004) (0x521000000000003,0x444000000000004) (0x521400000000001,0x444000000000004) (0x521400000000003,0x444000000000004) (0x525000000000001,0x444000000000004) (0x525000000000003,0x444000000000004) (0x525400000000001,0x444000000000004) (0x525400000000003,0x444000000000004) (0x701000000000001,0x444000000000004) (0x701000000000003,0x444000000000004) (0x701400000000001,0x444000000000004) (0x701400000000003,0x444000000000004) (0x705000000000001,0x444000000000004) (0x705000000000003,0x444000000000004) (0x705400000000001,0x444000000000004) (0x705400000000003,0x444000000000004) (0x721000000000001,0x444000000000004) (0x721000000000003,0x444000000000004) (0x721400000000001,0x444000000000004) (0x721400000000003,0x444000000000004) (0x725000000000001,0x444000000000004) (0x725000000000003,0x444000000000004) (0x725400000000001,0x444000000000004) (0x725400000000003,0x444000000000004)
Round 13:
	window is [44, 48, 49, 50, 51, 52, 53, 54, 55, 56, 57, 59, 60, 63]
	Max: -38.943301 (0x4444000000000004,0x10000000000001) (0x4444100000000004,0x10000000000001) (0x444c000000000004,0x10000000000001) (0x444c100000000004,0x10000000000001) (0x4544000000000004,0x10000000000001) (0x4544100000000004,0x10000000000001) (0x454c000000000004,0x10000000000001) (0x454c100000000004,0x10000000000001) (0xc444000000000004,0x10000000000001) (0xc444100000000004,0x10000000000001) (0xc44c000000000004,0x10000000000001) (0xc44c100000000004,0x10000000000001) (0xc544000000000004,0x10000000000001) (0xc544100000000004,0x10000000000001) (0xc54c000000000004,0x10000000000001) (0xc54c100000000004,0x10000000000001)
Round 14:
	window is [1, 46, 49, 50, 51, 52, 53, 54, 55, 56, 57, 58, 61, 62]
	Max: -43.720848 (0x1000000000000000,0x4400000000000004) (0x1000000000000002,0x4400000000000004) (0x1004000000000000,0x4400000000000004) (0x1004000000000002,0x4400000000000004) (0x1040000000000000,0x4400000000000004) (0x1040000000000002,0x4400000000000004) (0x1044000000000000,0x4400000000000004) (0x1044000000000002,0x4400000000000004) (0x1200000000000000,0x4400000000000004) (0x1200000000000002,0x4400000000000004) (0x1204000000000000,0x4400000000000004) (0x1204000000000002,0x4400000000000004) (0x1240000000000000,0x4400000000000004) (0x1240000000000002,0x4400000000000004) (0x1244000000000000,0x4400000000000004) (0x1244000000000002,0x4400000000000004) (0x1400000000000000,0x4400000000000004) (0x1400000000000002,0x4400000000000004) (0x1404000000000000,0x4400000000000004) (0x1404000000000002,0x4400000000000004) (0x1440000000000000,0x4400000000000004) (0x1440000000000002,0x4400000000000004) (0x1444000000000000,0x4400000000000004) (0x1444000000000002,0x4400000000000004) (0x1600000000000000,0x4400000000000004) (0x1600000000000002,0x4400000000000004) (0x1604000000000000,0x4400000000000004) (0x1604000000000002,0x4400000000000004) (0x1640000000000000,0x4400000000000004) (0x1640000000000002,0x4400000000000004) (0x1644000000000000,0x4400000000000004) (0x1644000000000002,0x4400000000000004) (0x3000000000000000,0x4400000000000004) (0x3000000000000002,0x4400000000000004) (0x3004000000000000,0x4400000000000004) (0x3004000000000002,0x4400000000000004) (0x3040000000000000,0x4400000000000004) (0x3040000000000002,0x4400000000000004) (0x3044000000000000,0x4400000000000004) (0x3044000000000002,0x4400000000000004) (0x3200000000000000,0x4400000000000004) (0x3200000000000002,0x4400000000000004) (0x3204000000000000,0x4400000000000004) (0x3204000000000002,0x4400000000000004) (0x3240000000000000,0x4400000000000004) (0x3240000000000002,0x4400000000000004) (0x3244000000000000,0x4400000000000004) (0x3244000000000002,0x4400000000000004) (0x3400000000000000,0x4400000000000004) (0x3400000000000002,0x4400000000000004) (0x3404000000000000,0x4400000000000004) (0x3404000000000002,0x4400000000000004) (0x3440000000000000,0x4400000000000004) (0x3440000000000002,0x4400000000000004) (0x3444000000000000,0x4400000000000004) (0x3444000000000002,0x4400000000000004) (0x3600000000000000,0x4400000000000004) (0x3600000000000002,0x4400000000000004) (0x3604000000000000,0x4400000000000004) (0x3604000000000002,0x4400000000000004) (0x3640000000000000,0x4400000000000004) (0x3640000000000002,0x4400000000000004) (0x3644000000000000,0x4400000000000004) (0x3644000000000002,0x4400000000000004)
Round 15:
	window is [47, 48, 49, 50, 51, 52, 53, 54, 55, 56, 57, 59, 60, 63]
	Max: -44.704480 (0x4000000000000004,0x1000000000000000) (0x4010000000000004,0x1000000000000000) (0x4800000000000004,0x1000000000000000) (0x4810000000000004,0x1000000000000000)
Round 16:
	window is [1, 46, 49, 50, 51, 52, 53, 54, 55, 56, 57, 58, 61, 62]
	Max: -47.481213 (0x1,0x4000000000000004) (0x3,0x4000000000000004) (0x40000000000001,0x4000000000000004) (0x40000000000003,0x4000000000000004) (0x400000000000001,0x4000000000000004) (0x400000000000003,0x4000000000000004) (0x440000000000001,0x4000000000000004) (0x440000000000003,0x4000000000000004) (0x2000000000000001,0x4000000000000004) (0x2000000000000003,0x4000000000000004) (0x2040000000000001,0x4000000000000004) (0x2040000000000003,0x4000000000000004) (0x2400000000000001,0x4000000000000004) (0x2400000000000003,0x4000000000000004) (0x2440000000000001,0x4000000000000004) (0x2440000000000003,0x4000000000000004)
Round 17:
	window is [47, 48, 49, 50, 51, 52, 53, 54, 55, 56, 57, 59, 60, 63]
	Max: -48.919695 (0x4,0x1) (0x100000000000004,0x1) (0x8000000000000004,0x1) (0x8100000000000004,0x1)
Round 18:
	window is [1, 48, 49, 50, 51, 52, 53, 54, 55, 56, 57, 58, 61, 62]
	Max: -50.064438 (0,0x4) (0x2,0x4) (0x400000000000000,0x4) (0x400000000000002,0x4)
Round 19:
	window is [0, 46, 49, 50, 51, 52, 53, 54, 55, 56, 57, 59, 60, 63]
	Max: -50.064438 (0x4,0)
Round 20:
	window is [1, 48, 49, 50, 51, 52, 53, 54, 55, 56, 57, 58, 61, 62]
	Max: -52.063905 (0x1,0x4) (0x3,0x4) (0x400000000000001,0x4) (0x400000000000003,0x4)
Round 21:
	window is [0, 46, 47, 49, 50, 52, 53, 54, 55, 56, 57, 59, 60, 63]
	Max: -54.063863 (0x4000000000000004,0x1) (0x4100000000000004,0x1) (0xc000000000000004,0x1) (0xc100000000000004,0x1)
Round 22:
	window is [1, 48, 49, 50, 51, 52, 53, 54, 55, 56, 57, 58, 61, 62]
	Max: -57.256493 (0x1000000000000000,0x4000000000000004) (0x1000000000000002,0x4000000000000004) (0x1040000000000000,0x4000000000000004) (0x1040000000000002,0x4000000000000004) (0x1400000000000000,0x4000000000000004) (0x1400000000000002,0x4000000000000004) (0x1440000000000000,0x4000000000000004) (0x1440000000000002,0x4000000000000004) (0x3000000000000000,0x4000000000000004) (0x3000000000000002,0x4000000000000004) (0x3040000000000000,0x4000000000000004) (0x3040000000000002,0x4000000000000004) (0x3400000000000000,0x4000000000000004) (0x3400000000000002,0x4000000000000004) (0x3440000000000000,0x4000000000000004) (0x3440000000000002,0x4000000000000004)
Round 23:
	window is [0, 46, 47, 50, 52, 53, 54, 55, 56, 57, 59, 60, 61, 63]
	Max: -59.256493 (0x4400000000000004,0x1000000000000000) (0x4410000000000004,0x1000000000000000) (0x4c00000000000004,0x1000000000000000) (0x4c10000000000004,0x1000000000000000)
Round 24:
	window is [1, 44, 45, 48, 50, 51, 52, 54, 55, 56, 57, 58, 61, 62]
	Max: -64.164774 (0x100000000000001,0x4400000000000004) (0x100000000000003,0x4400000000000004) (0x104000000000001,0x4400000000000004) (0x104000000000003,0x4400000000000004) (0x140000000000001,0x4400000000000004) (0x140000000000003,0x4400000000000004) (0x144000000000001,0x4400000000000004) (0x144000000000003,0x4400000000000004) (0x300000000000001,0x4400000000000004) (0x300000000000003,0x4400000000000004) (0x304000000000001,0x4400000000000004) (0x304000000000003,0x4400000000000004) (0x340000000000001,0x4400000000000004) (0x340000000000003,0x4400000000000004) (0x344000000000001,0x4400000000000004) (0x344000000000003,0x4400000000000004) (0x500000000000001,0x4400000000000004) (0x500000000000003,0x4400000000000004) (0x504000000000001,0x4400000000000004) (0x504000000000003,0x4400000000000004) (0x540000000000001,0x4400000000000004) (0x540000000000003,0x4400000000000004) (0x544000000000001,0x4400000000000004) (0x544000000000003,0x4400000000000004) (0x700000000000001,0x4400000000000004) (0x700000000000003,0x4400000000000004) (0x704000000000001,0x4400000000000004) (0x704000000000003,0x4400000000000004) (0x740000000000001,0x4400000000000004) (0x740000000000003,0x4400000000000004) (0x744000000000001,0x4400000000000004) (0x744000000000003,0x4400000000000004) (0x2100000000000001,0x4400000000000004) (0x2100000000000003,0x4400000000000004) (0x2104000000000001,0x4400000000000004) (0x2104000000000003,0x4400000000000004) (0x2140000000000001,0x4400000000000004) (0x2140000000000003,0x4400000000000004) (0x2144000000000001,0x4400000000000004) (0x2144000000000003,0x4400000000000004) (0x2300000000000001,0x4400000000000004) (0x2300000000000003,0x4400000000000004) (0x2304000000000001,0x4400000000000004) (0x2304000000000003,0x4400000000000004) (0x2340000000000001,0x4400000000000004) (0x2340000000000003,0x4400000000000004) (0x2344000000000001,0x4400000000000004) (0x2344000000000003,0x4400000000000004) (0x2500000000000001,0x4400000000000004) (0x2500000000000003,0x4400000000000004) (0x2504000000000001,0x4400000000000004) (0x2504000000000003,0x4400000000000004) (0x2540000000000001,0x4400000000000004) (0x2540000000000003,0x4400000000000004) (0x2544000000000001,0x4400000000000004) (0x2544000000000003,0x4400000000000004) (0x2700000000000001,0x4400000000000004) (0x2700000000000003,0x4400000000000004) (0x2704000000000001,0x4400000000000004) (0x2704000000000003,0x4400000000000004) (0x2740000000000001,0x4400000000000004) (0x2740000000000003,0x4400000000000004) (0x2744000000000001,0x4400000000000004) (0x2744000000000003,0x4400000000000004)
Round 25:
	window is [0, 46, 48, 49, 50, 52, 53, 54, 55, 56, 57, 59, 60, 63]
	Max: -67.649364 (0x440000000000004,0x100000000000001) (0x441000000000004,0x100000000000001) (0x4c0000000000004,0x100000000000001) (0x4c1000000000004,0x100000000000001) (0x540000000000004,0x100000000000001) (0x541000000000004,0x100000000000001) (0x5c0000000000004,0x100000000000001) (0x5c1000000000004,0x100000000000001) (0x8440000000000004,0x100000000000001) (0x8441000000000004,0x100000000000001) (0x84c0000000000004,0x100000000000001) (0x84c1000000000004,0x100000000000001) (0x8540000000000004,0x100000000000001) (0x8541000000000004,0x100000000000001) (0x85c0000000000004,0x100000000000001) (0x85c1000000000004,0x100000000000001)
Round 26:
	window is [1, 46, 48, 50, 51, 52, 53, 54, 55, 56, 57, 58, 61, 62]
	Max: -71.709046 (0x10000000000000,0x440000000000004) (0x10000000000002,0x440000000000004) (0x10400000000000,0x440000000000004) (0x10400000000002,0x440000000000004) (0x14000000000000,0x440000000000004) (0x14000000000002,0x440000000000004) (0x14400000000000,0x440000000000004) (0x14400000000002,0x440000000000004) (0x30000000000000,0x440000000000004) (0x30000000000002,0x440000000000004) (0x30400000000000,0x440000000000004) (0x30400000000002,0x440000000000004) (0x34000000000000,0x440000000000004) (0x34000000000002,0x440000000000004) (0x34400000000000,0x440000000000004) (0x34400000000002,0x440000000000004) (0x210000000000000,0x440000000000004) (0x210000000000002,0x440000000000004) (0x210400000000000,0x440000000000004) (0x210400000000002,0x440000000000004) (0x214000000000000,0x440000000000004) (0x214000000000002,0x440000000000004) (0x214400000000000,0x440000000000004) (0x214400000000002,0x440000000000004) (0x230000000000000,0x440000000000004) (0x230000000000002,0x440000000000004) (0x230400000000000,0x440000000000004) (0x230400000000002,0x440000000000004) (0x234000000000000,0x440000000000004) (0x234000000000002,0x440000000000004) (0x234400000000000,0x440000000000004) (0x234400000000002,0x440000000000004) (0x410000000000000,0x440000000000004) (0x410000000000002,0x440000000000004) (0x410400000000000,0x440000000000004) (0x410400000000002,0x440000000000004) (0x414000000000000,0x440000000000004) (0x414000000000002,0x440000000000004) (0x414400000000000,0x440000000000004) (0x414400000000002,0x440000000000004) (0x430000000000000,0x440000000000004) (0x430000000000002,0x440000000000004) (0x430400000000000,0x440000000000004) (0x430400000000002,0x440000000000004) (0x434000000000000,0x440000000000004) (0x434000000000002,0x440000000000004) (0x434400000000000,0x440000000000004) (0x434400000000002,0x440000000000004) (0x610000000000000,0x440000000000004) (0x610000000000002,0x440000000000004) (0x610400000000000,0x440000000000004) (0x610400000000002,0x440000000000004) (0x614000000000000,0x440000000000004) (0x614000000000002,0x440000000000004) (0x614400000000000,0x440000000000004) (0x614400000000002,0x440000000000004) (0x630000000000000,0x440000000000004) (0x630000000000002,0x440000000000004) (0x630400000000000,0x440000000000004) (0x630400000000002,0x440000000000004) (0x634000000000000,0x440000000000004) (0x634000000000002,0x440000000000004) (0x634400000000000,0x440000000000004) (0x634400000000002,0x440000000000004)
Round 27:
	window is [44, 48, 49, 50, 51, 52, 53, 54, 55, 56, 57, 59, 60, 63]
	Max: -73.709046 (0x444000000000004,0x10000000000000) (0x444100000000004,0x10000000000000) (0x44c000000000004,0x10000000000000) (0x44c100000000004,0x10000000000000)
Round 28:
	window is [1, 46, 48, 50, 51, 52, 53, 54, 55, 56, 57, 58, 61, 62]
	Max: -80.510542 (0x101000000000001,0x444000000000004) (0x101000000000003,0x444000000000004) (0x101400000000001,0x444000000000004) (0x101400000000003,0x444000000000004) (0x105000000000001,0x444000000000004) (0x105000000000003,0x444000000000004) (0x105400000000001,0x444000000000004) (0x105400000000003,0x444000000000004) (0x121000000000001,0x444000000000004) (0x121000000000003,0x444000000000004) (0x121400000000001,0x444000000000004) (0x121400000000003,0x444000000000004) (0x125000000000001,0x444000000000004) (0x125000000000003,0x444000000000004) (0x125400000000001,0x444000000000004) (0x125400000000003,0x444000000000004) (0x301000000000001,0x444000000000004) (0x301000000000003,0x444000000000004) (0x301400000000001,0x444000000000004) (0x301400000000003,0x444000000000004) (0x305000000000001,0x444000000000004) (0x305000000000003,0x444000000000004) (0x305400000000001,0x444000000000004) (0x305400000000003,0x444000000000004) (0x321000000000001,0x444000000000004) (0x321000000000003,0x444000000000004) (0x321400000000001,0x444000000000004) (0x321400000000003,0x444000000000004) (0x325000000000001,0x444000000000004) (0x325000000000003,0x444000000000004) (0x325400000000001,0x444000000000004) (0x325400000000003,0x444000000000004) (0x501000000000001,0x444000000000004) (0x501000000000003,0x444000000000004) (0x501400000000001,0x444000000000004) (0x501400000000003,0x444000000000004) (0x505000000000001,0x444000000000004) (0x505000000000003,0x444000000000004) (0x505400000000001,0x444000000000004) (0x505400000000003,0x444000000000004) (0x521000000000001,0x444000000000004) (0x521000000000003,0x444000000000004) (0x521400000000001,0x444000000000004) (0x521400000000003,0x444000000000004) (0x525000000000001,0x444000000000004) (0x525000000000003,0x444000000000004) (0x525400000000001,0x444000000000004) (0x525400000000003,0x444000000000004) (0x701000000000001,0x444000000000004) (0x701000000000003,0x444000000000004) (0x701400000000001,0x444000000000004) (0x701400000000003,0x444000000000004) (0x705000000000001,0x444000000000004) (0x705000000000003,0x444000000000004) (0x705400000000001,0x444000000000004) (0x705400000000003,0x444000000000004) (0x721000000000001,0x444000000000004) (0x721000000000003,0x444000000000004) (0x721400000000001,0x444000000000004) (0x721400000000003,0x444000000000004) (0x725000000000001,0x444000000000004) (0x725000000000003,0x444000000000004) (0x725400000000001,0x444000000000004) (0x725400000000003,0x444000000000004)
Round 29:
	window is [44, 48, 49, 50, 51, 52, 53, 54, 55, 56, 57, 59, 60, 63]
	Max: -85.006418 (0x4444000000000004,0x10000000000001) (0x4444100000000004,0x10000000000001) (0x444c000000000004,0x10000000000001) (0x444c100000000004,0x10000000000001) (0x4544000000000004,0x10000000000001) (0x4544100000000004,0x10000000000001) (0x454c000000000004,0x10000000000001) (0x454c100000000004,0x10000000000001) (0xc444000000000004,0x10000000000001) (0xc444100000000004,0x10000000000001) (0xc44c000000000004,0x10000000000001) (0xc44c100000000004,0x10000000000001) (0xc544000000000004,0x10000000000001) (0xc544100000000004,0x10000000000001) (0xc54c000000000004,0x10000000000001) (0xc54c100000000004,0x10000000000001)
Round 30:
	window is [1, 46, 49, 50, 51, 52, 53, 54, 55, 56, 57, 58, 61, 62]
	Max: -89.784175 (0x1000000000000000,0x4400000000000004) (0x1000000000000002,0x4400000000000004) (0x1004000000000000,0x4400000000000004) (0x1004000000000002,0x4400000000000004) (0x1040000000000000,0x4400000000000004) (0x1040000000000002,0x4400000000000004) (0x1044000000000000,0x4400000000000004) (0x1044000000000002,0x4400000000000004) (0x1200000000000000,0x4400000000000004) (0x1200000000000002,0x4400000000000004) (0x1204000000000000,0x4400000000000004) (0x1204000000000002,0x4400000000000004) (0x1240000000000000,0x4400000000000004) (0x1240000000000002,0x4400000000000004) (0x1244000000000000,0x4400000000000004) (0x1244000000000002,0x4400000000000004) (0x1400000000000000,0x4400000000000004) (0x1400000000000002,0x4400000000000004) (0x1404000000000000,0x4400000000000004) (0x1404000000000002,0x4400000000000004) (0x1440000000000000,0x4400000000000004) (0x1440000000000002,0x4400000000000004) (0x1444000000000000,0x4400000000000004) (0x1444000000000002,0x4400000000000004) (0x1600000000000000,0x4400000000000004) (0x1600000000000002,0x4400000000000004) (0x1604000000000000,0x4400000000000004) (0x1604000000000002,0x4400000000000004) (0x1640000000000000,0x4400000000000004) (0x1640000000000002,0x4400000000000004) (0x1644000000000000,0x4400000000000004) (0x1644000000000002,0x4400000000000004) (0x3000000000000000,0x4400000000000004) (0x3000000000000002,0x4400000000000004) (0x3004000000000000,0x4400000000000004) (0x3004000000000002,0x4400000000000004) (0x3040000000000000,0x4400000000000004) (0x3040000000000002,0x4400000000000004) (0x3044000000000000,0x4400000000000004) (0x3044000000000002,0x4400000000000004) (0x3200000000000000,0x4400000000000004) (0x3200000000000002,0x4400000000000004) (0x3204000000000000,0x4400000000000004) (0x3204000000000002,0x4400000000000004) (0x3240000000000000,0x4400000000000004) (0x3240000000000002,0x4400000000000004) (0x3244000000000000,0x4400000000000004) (0x3244000000000002,0x4400000000000004) (0x3400000000000000,0x4400000000000004) (0x3400000000000002,0x4400000000000004) (0x3404000000000000,0x4400000000000004) (0x3404000000000002,0x4400000000000004) (0x3440000000000000,0x4400000000000004) (0x3440000000000002,0x4400000000000004) (0x3444000000000000,0x4400000000000004) (0x3444000000000002,0x4400000000000004) (0x3600000000000000,0x4400000000000004) (0x3600000000000002,0x4400000000000004) (0x3604000000000000,0x4400000000000004) (0x3604000000000002,0x4400000000000004) (0x3640000000000000,0x4400000000000004) (0x3640000000000002,0x4400000000000004) (0x3644000000000000,0x4400000000000004) (0x3644000000000002,0x4400000000000004)
Round 31:
	window is [47, 48, 49, 50, 51, 52, 53, 54, 55, 56, 57, 59, 60, 63]
	Max: -90.767799 (0x4000000000000004,0x1000000000000000) (0x4010000000000004,0x1000000000000000) (0x4800000000000004,0x1000000000000000) (0x4810000000000004,0x1000000000000000)
Round 32:
	window is [1, 46, 49, 50, 51, 52, 53, 54, 55, 56, 57, 58, 61, 62]
	Max: -93.544435 (0x1,0x4000000000000004) (0x3,0x4000000000000004) (0x40000000000001,0x4000000000000004) (0x40000000000003,0x4000000000000004) (0x400000000000001,0x4000000000000004) (0x400000000000003,0x4000000000000004) (0x440000000000001,0x4000000000000004) (0x440000000000003,0x4000000000000004) (0x2000000000000001,0x4000000000000004) (0x2000000000000003,0x4000000000000004) (0x2040000000000001,0x4000000000000004) (0x2040000000000003,0x4000000000000004) (0x2400000000000001,0x4000000000000004) (0x2400000000000003,0x4000000000000004) (0x2440000000000001,0x4000000000000004) (0x2440000000000003,0x4000000000000004)
Round 33:
	window is [47, 48, 49, 50, 51, 52, 53, 54, 55, 56, 57, 59, 60, 63]
	Max: -94.982866 (0x4,0x1) (0x100000000000004,0x1) (0x8000000000000004,0x1) (0x8100000000000004,0x1)
Round 34:
	window is [1, 48, 49, 50, 51, 52, 53, 54, 55, 56, 57, 58, 61, 62]
	Max: -96.127603 (0,0x4) (0x2,0x4) (0x400000000000000,0x4) (0x400000000000002,0x4)
Round 35:
	window is [0, 46, 49, 50, 51, 52, 53, 54, 55, 56, 57, 59, 60, 63]
	Max: -96.127603 (0x4,0)
Round 36:
	window is [1, 48, 49, 50, 51, 52, 53, 54, 55, 56, 57, 58, 61, 62]
	Max: -98.127071 (0x1,0x4) (0x3,0x4) (0x400000000000001,0x4) (0x400000000000003,0x4)
Round 37:
	window is [0, 46, 47, 49, 50, 52, 53, 54, 55, 56, 57, 59, 60, 63]
	Max: -100.127029 (0x4000000000000004,0x1) (0x4100000000000004,0x1) (0xc000000000000004,0x1) (0xc100000000000004,0x1)
Round 38:
	window is [1, 48, 49, 50, 51, 52, 53, 54, 55, 56, 57, 58, 61, 62]
	Max: -103.319659 (0x1000000000000000,0x4000000000000004) (0x1000000000000002,0x4000000000000004) (0x1040000000000000,0x4000000000000004) (0x1040000000000002,0x4000000000000004) (0x1400000000000000,0x4000000000000004) (0x1400000000000002,0x4000000000000004) (0x1440000000000000,0x4000000000000004) (0x1440000000000002,0x4000000000000004) (0x3000000000000000,0x4000000000000004) (0x3000000000000002,0x4000000000000004) (0x3040000000000000,0x4000000000000004) (0x3040000000000002,0x4000000000000004) (0x3400000000000000,0x4000000000000004) (0x3400000000000002,0x4000000000000004) (0x3440000000000000,0x4000000000000004) (0x3440000000000002,0x4000000000000004)
Round 39:
	window is [0, 46, 47, 50, 52, 53, 54, 55, 56, 57, 59, 60, 61, 63]
	Max: -105.319658 (0x4400000000000004,0x1000000000000000) (0x4410000000000004,0x1000000000000000) (0x4c00000000000004,0x1000000000000000) (0x4c10000000000004,0x1000000000000000)
Round 40:
	window is [1, 44, 45, 48, 50, 51, 52, 54, 55, 56, 57, 58, 61, 62]
	Max: -110.227940 (0x100000000000001,0x4400000000000004) (0x100000000000003,0x4400000000000004) (0x104000000000001,0x4400000000000004) (0x104000000000003,0x4400000000000004) (0x140000000000001,0x4400000000000004) (0x140000000000003,0x4400000000000004) (0x144000000000001,0x4400000000000004) (0x144000000000003,0x4400000000000004) (0x300000000000001,0x4400000000000004) (0x300000000000003,0x4400000000000004) (0x304000000000001,0x4400000000000004) (0x304000000000003,0x4400000000000004) (0x340000000000001,0x4400000000000004) (0x340000000000003,0x4400000000000004) (0x344000000000001,0x4400000000000004) (0x344000000000003,0x4400000000000004) (0x500000000000001,0x4400000000000004) (0x500000000000003,0x4400000000000004) (0x504000000000001,0x4400000000000004) (0x504000000000003,0x4400000000000004) (0x540000000000001,0x4400000000000004) (0x540000000000003,0x4400000000000004) (0x544000000000001,0x4400000000000004) (0x544000000000003,0x4400000000000004) (0x700000000000001,0x4400000000000004) (0x700000000000003,0x4400000000000004) (0x704000000000001,0x4400000000000004) (0x704000000000003,0x4400000000000004) (0x740000000000001,0x4400000000000004) (0x740000000000003,0x4400000000000004) (0x744000000000001,0x4400000000000004) (0x744000000000003,0x4400000000000004) (0x2100000000000001,0x4400000000000004) (0x2100000000000003,0x4400000000000004) (0x2104000000000001,0x4400000000000004) (0x2104000000000003,0x4400000000000004) (0x2140000000000001,0x4400000000000004) (0x2140000000000003,0x4400000000000004) (0x2144000000000001,0x4400000000000004) (0x2144000000000003,0x4400000000000004) (0x2300000000000001,0x4400000000000004) (0x2300000000000003,0x4400000000000004) (0x2304000000000001,0x4400000000000004) (0x2304000000000003,0x4400000000000004) (0x2340000000000001,0x4400000000000004) (0x2340000000000003,0x4400000000000004) (0x2344000000000001,0x4400000000000004) (0x2344000000000003,0x4400000000000004) (0x2500000000000001,0x4400000000000004) (0x2500000000000003,0x4400000000000004) (0x2504000000000001,0x4400000000000004) (0x2504000000000003,0x4400000000000004) (0x2540000000000001,0x4400000000000004) (0x2540000000000003,0x4400000000000004) (0x2544000000000001,0x4400000000000004) (0x2544000000000003,0x4400000000000004) (0x2700000000000001,0x4400000000000004) (0x2700000000000003,0x4400000000000004) (0x2704000000000001,0x4400000000000004) (0x2704000000000003,0x4400000000000004) (0x2740000000000001,0x4400000000000004) (0x2740000000000003,0x4400000000000004) (0x2744000000000001,0x4400000000000004) (0x2744000000000003,0x4400000000000004)
Round 41:
	window is [0, 46, 48, 49, 50, 52, 53, 54, 55, 56, 57, 59, 60, 63]
	Max: -113.712529 (0x440000000000004,0x100000000000001) (0x441000000000004,0x100000000000001) (0x4c0000000000004,0x100000000000001) (0x4c1000000000004,0x100000000000001) (0x540000000000004,0x100000000000001) (0x541000000000004,0x100000000000001) (0x5c0000000000004,0x100000000000001) (0x5c1000000000004,0x100000000000001) (0x8440000000000004,0x100000000000001) (0x8441000000000004,0x100000000000001) (0x84c0000000000004,0x100000000000001) (0x84c1000000000004,0x100000000000001) (0x8540000000000004,0x100000000000001) (0x8541000000000004,0x100000000000001) (0x85c0000000000004,0x100000000000001) (0x85c1000000000004,0x100000000000001)
Round 42:
	window is [1, 46, 48, 50, 51, 52, 53, 54, 55, 56, 57, 58, 61, 62]
	Max: -117.772211 (0x10000000000000,0x440000000000004) (0x10000000000002,0x440000000000004) (0x10400000000000,0x440000000000004) (0x10400000000002,0x440000000000004) (0x14000000000000,0x440000000000004) (0x14000000000002,0x440000000000004) (0x14400000000000,0x440000000000004) (0x14400000000002,0x440000000000004) (0x30000000000000,0x440000000000004) (0x30000000000002,0x440000000000004) (0x30400000000000,0x440000000000004) (0x30400000000002,0x440000000000004) (0x34000000000000,0x440000000000004) (0x34000000000002,0x440000000000004) (0x34400000000000,0x440000000000004) (0x34400000000002,0x440000000000004) (0x210000000000000,0x440000000000004) (0x210000000000002,0x440000000000004) (0x210400000000000,0x440000000000004) (0x210400000000002,0x440000000000004) (0x214000000000000,0x440000000000004) (0x214000000000002,0x440000000000004) (0x214400000000000,0x440000000000004) (0x214400000000002,0x440000000000004) (0x230000000000000,0x440000000000004) (0x230000000000002,0x440000000000004) (0x230400000000000,0x440000000000004) (0x230400000000002,0x440000000000004) (0x234000000000000,0x440000000000004) (0x234000000000002,0x440000000000004) (0x234400000000000,0x440000000000004) (0x234400000000002,0x440000000000004) (0x410000000000000,0x440000000000004) (0x410000000000002,0x440000000000004) (0x410400000000000,0x440000000000004) (0x410400000000002,0x440000000000004) (0x414000000000000,0x440000000000004) (0x414000000000002,0x440000000000004) (0x414400000000000,0x440000000000004) (0x414400000000002,0x440000000000004) (0x430000000000000,0x440000000000004) (0x430000000000002,0x440000000000004) (0x430400000000000,0x440000000000004) (0x430400000000002,0x440000000000004) (0x434000000000000,0x440000000000004) (0x434000000000002,0x440000000000004) (0x434400000000000,0x440000000000004) (0x434400000000002,0x440000000000004) (0x610000000000000,0x440000000000004) (0x610000000000002,0x440000000000004) (0x610400000000000,0x440000000000004) (0x610400000000002,0x440000000000004) (0x614000000000000,0x440000000000004) (0x614000000000002,0x440000000000004) (0x614400000000000,0x440000000000004) (0x614400000000002,0x440000000000004) (0x630000000000000,0x440000000000004) (0x630000000000002,0x440000000000004) (0x630400000000000,0x440000000000004) (0x630400000000002,0x440000000000004) (0x634000000000000,0x440000000000004) (0x634000000000002,0x440000000000004) (0x634400000000000,0x440000000000004) (0x634400000000002,0x440000000000004)
Round 43:
	window is [44, 48, 49, 50, 51, 52, 53, 54, 55, 56, 57, 59, 60, 63]
	Max: -119.772211 (0x444000000000004,0x10000000000000) (0x444100000000004,0x10000000000000) (0x44c000000000004,0x10000000000000) (0x44c100000000004,0x10000000000000)
Round 44:
	window is [1, 46, 48, 50, 51, 52, 53, 54, 55, 56, 57, 58, 61, 62]
	Max: -126.573707 (0x101000000000001,0x444000000000004) (0x101000000000003,0x444000000000004) (0x101400000000001,0x444000000000004) (0x101400000000003,0x444000000000004) (0x105000000000001,0x444000000000004) (0x105000000000003,0x444000000000004) (0x105400000000001,0x444000000000004) (0x105400000000003,0x444000000000004) (0x121000000000001,0x444000000000004) (0x121000000000003,0x444000000000004) (0x121400000000001,0x444000000000004) (0x121400000000003,0x444000000000004) (0x125000000000001,0x444000000000004) (0x125000000000003,0x444000000000004) (0x125400000000001,0x444000000000004) (0x125400000000003,0x444000000000004) (0x301000000000001,0x444000000000004) (0x301000000000003,0x444000000000004) (0x301400000000001,0x444000000000004) (0x301400000000003,0x444000000000004) (0x305000000000001,0x444000000000004) (0x305000000000003,0x444000000000004) (0x305400000000001,0x444000000000004) (0x305400000000003,0x444000000000004) (0x321000000000001,0x444000000000004) (0x321000000000003,0x444000000000004) (0x321400000000001,0x444000000000004) (0x321400000000003,0x444000000000004) (0x325000000000001,0x444000000000004) (0x325000000000003,0x444000000000004) (0x325400000000001,0x444000000000004) (0x325400000000003,0x444000000000004) (0x501000000000001,0x444000000000004) (0x501000000000003,0x444000000000004) (0x501400000000001,0x444000000000004) (0x501400000000003,0x444000000000004) (0x505000000000001,0x444000000000004) (0x505000000000003,0x444000000000004) (0x505400000000001,0x444000000000004) (0x505400000000003,0x444000000000004) (0x521000000000001,0x444000000000004) (0x521000000000003,0x444000000000004) (0x521400000000001,0x444000000000004) (0x521400000000003,0x444000000000004) (0x525000000000001,0x444000000000004) (0x525000000000003,0x444000000000004) (0x525400000000001,0x444000000000004) (0x525400000000003,0x444000000000004) (0x701000000000001,0x444000000000004) (0x701000000000003,0x444000000000004) (0x701400000000001,0x444000000000004) (0x701400000000003,0x444000000000004) (0x705000000000001,0x444000000000004) (0x705000000000003,0x444000000000004) (0x705400000000001,0x444000000000004) (0x705400000000003,0x444000000000004) (0x721000000000001,0x444000000000004) (0x721000000000003,0x444000000000004) (0x721400000000001,0x444000000000004) (0x721400000000003,0x444000000000004) (0x725000000000001,0x444000000000004) (0x725000000000003,0x444000000000004) (0x725400000000001,0x444000000000004) (0x725400000000003,0x444000000000004)
Round 45:
	window is [44, 48, 49, 50, 51, 52, 53, 54, 55, 56, 57, 59, 60, 63]
	Max: -131.069584 (0x4444000000000004,0x10000000000001) (0x4444100000000004,0x10000000000001) (0x444c000000000004,0x10000000000001) (0x444c100000000004,0x10000000000001) (0x4544000000000004,0x10000000000001) (0x4544100000000004,0x10000000000001) (0x454c000000000004,0x10000000000001) (0x454c100000000004,0x10000000000001) (0xc444000000000004,0x10000000000001) (0xc444100000000004,0x10000000000001) (0xc44c000000000004,0x10000000000001) (0xc44c100000000004,0x10000000000001) (0xc544000000000004,0x10000000000001) (0xc544100000000004,0x10000000000001) (0xc54c000000000004,0x10000000000001) (0xc54c100000000004,0x10000000000001)
over.
