Input: (0, 0x11)
	Max: 0.000000 (0,0x11)
Round 1:
	window is []
	0.000000
	Max: 0.000000 (0x11,0)
Round 2:
	window is [0, 4, 5, 9]
	0.000000
	Max: -4.000000 (0x2,0x11) (0x3,0x11) (0x12,0x11) (0x13,0x11) (0x22,0x11) (0x23,0x11) (0x32,0x11) (0x33,0x11) (0x202,0x11) (0x203,0x11) (0x212,0x11) (0x213,0x11) (0x222,0x11) (0x223,0x11) (0x232,0x11) (0x233,0x11)
Round 3:
	window is [0, 1, 4, 5, 6, 9, 10, 14]
	0.000000
	Max: -6.000000 (0x15,0x2) (0x17,0x2) (0x55,0x2) (0x57,0x2)
Round 4:
	window is [0, 1, 2, 4, 5, 6, 7, 9, 10, 11, 14, 15, 19]
	0.000022
	Max: -11.057485 (0x8,0x15) (0x9,0x15) (0xc,0x15) (0xd,0x15) (0x18,0x15) (0x19,0x15) (0x1c,0x15) (0x1d,0x15) (0x28,0x15) (0x29,0x15) (0x2c,0x15) (0x2d,0x15) (0x38,0x15) (0x39,0x15) (0x3c,0x15) (0x3d,0x15) (0x88,0x15) (0x89,0x15) (0x8c,0x15) (0x8d,0x15) (0x98,0x15) (0x99,0x15) (0x9c,0x15) (0x9d,0x15) (0xa8,0x15) (0xa9,0x15) (0xac,0x15) (0xad,0x15) (0xb8,0x15) (0xb9,0x15) (0xbc,0x15) (0xbd,0x15) (0x208,0x15) (0x209,0x15) (0x20c,0x15) (0x20d,0x15) (0x218,0x15) (0x219,0x15) (0x21c,0x15) (0x21d,0x15) (0x228,0x15) (0x229,0x15) (0x22c,0x15) (0x22d,0x15) (0x238,0x15) (0x239,0x15) (0x23c,0x15) (0x23d,0x15) (0x288,0x15) (0x289,0x15) (0x28c,0x15) (0x28d,0x15) (0x298,0x15) (0x299,0x15) (0x29c,0x15) (0x29d,0x15) (0x2a8,0x15) (0x2a9,0x15) (0x2ac,0x15) (0x2ad,0x15) (0x2b8,0x15) (0x2b9,0x15) (0x2bc,0x15) (0x2bd,0x15)
Round 5:
	window is [0, 1, 2, 3, 4, 5, 6, 7, 8, 9, 10, 11, 12, 14]
	0.007108
	Max: -13.057485 (0x5,0x8) (0xd,0x8) (0x105,0x8) (0x10d,0x8)
Round 6:
	window is [0, 1, 2, 3, 4, 5, 6, 7, 8, 9, 10, 11, 12, 13]
	0.307144
	Max: -16.025437 (0x2,0x5) (0x3,0x5) (0x6,0x5) (0x7,0x5) (0x22,0x5) (0x23,0x5) (0x26,0x5) (0x27,0x5) (0x82,0x5) (0x83,0x5) (0x86,0x5) (0x87,0x5) (0xa2,0x5) (0xa3,0x5) (0xa6,0x5) (0xa7,0x5)
Round 7:
	window is [0, 1, 2, 3, 4, 5, 6, 7, 8, 9, 10, 11, 12, 14]
	2.710517
	Max: -17.586420 (0x1,0x2) (0x3,0x2) (0x41,0x2) (0x43,0x2)
Round 8:
	window is [0, 1, 2, 3, 4, 5, 6, 7, 8, 9, 10, 11, 12, 13]
	6.333066
	Max: -18.695302 (0,0x1) (0x1,0x1) (0x20,0x1) (0x21,0x1)
Round 9:
	window is [0, 1, 2, 3, 4, 5, 6, 7, 8, 9, 10, 11, 12, 13]
	10.401252
	Max: -18.695302 (0x1,0)
Round 10:
	window is [0, 1, 2, 3, 4, 5, 6, 7, 8, 9, 10, 11, 12, 13]
	14.001990
	Max: -20.666766 (0x2,0x1) (0x3,0x1) (0x22,0x1) (0x23,0x1)
Round 11:
	window is [0, 1, 2, 3, 4, 5, 6, 7, 8, 9, 10, 11, 12, 13]
	17.563666
	Max: -22.658452 (0x5,0x2) (0x7,0x2) (0x45,0x2) (0x47,0x2)
Round 12:
	window is [0, 1, 2, 3, 4, 5, 6, 7, 8, 9, 10, 11, 12, 13]
	21.840839
	Max: -25.943995 (0x8,0x5) (0x9,0x5) (0xc,0x5) (0xd,0x5) (0x28,0x5) (0x29,0x5) (0x2c,0x5) (0x2d,0x5) (0x88,0x5) (0x89,0x5) (0x8c,0x5) (0x8d,0x5) (0xa8,0x5) (0xa9,0x5) (0xac,0x5) (0xad,0x5)
Round 13:
	window is [0, 1, 2, 3, 4, 5, 6, 7, 8, 9, 10, 11, 12, 13]
	25.815959
	Max: -27.937087 (0x15,0x8) (0x1d,0x8) (0x115,0x8) (0x11d,0x8)
Round 14:
	window is [0, 1, 2, 3, 4, 5, 6, 7, 8, 9, 10, 11, 12, 13]
	29.069303
	Max: -31.990059 (0x2,0x1) (0x3,0x1) (0x22,0x1) (0x23,0x1)
Round 15:
	window is [0, 1, 2, 3, 4, 5, 6, 7, 8, 9, 10, 11, 12, 13]
	33.065779
	Max: -33.894513 (0x5,0x2) (0x7,0x2) (0x45,0x2) (0x47,0x2)
Round 16:
	window is [0, 1, 2, 3, 4, 5, 6, 7, 8, 9, 10, 11, 12, 13]
	37.406601
	Max: -35.939478 (0x5,0x2) (0x7,0x2) (0x45,0x2) (0x47,0x2)
Round 17:
	window is [0, 1, 2, 3, 4, 5, 6, 7, 8, 9, 10, 11, 12, 13]
	40.688644
	Max: -37.160920 (0x11,0)
Round 18:
	window is [0, 1, 2, 3, 4, 5, 6, 7, 8, 9, 10, 11, 12, 13]
	43.862850
	Max: -39.602271 (0x5,0x2) (0x7,0x2) (0x45,0x2) (0x47,0x2)
Round 19:
	window is [0, 1, 2, 3, 4, 5, 6, 7, 8, 9, 10, 11, 12, 13]
	48.077343
	Max: -40.920109 (0x1,0)
Round 20:
	window is [0, 1, 2, 3, 4, 5, 6, 7, 8, 9, 10, 11, 12, 13]
	51.191836
	Max: -42.649886 (0x2,0x1) (0x3,0x1) (0x22,0x1) (0x23,0x1)
Round 21:
	window is [0, 1, 2, 3, 4, 5, 6, 7, 8, 9, 10, 11, 12, 13]
	54.391964
	Max: -44.570672 (0x5,0x2) (0x7,0x2) (0x45,0x2) (0x47,0x2)
Round 22:
	window is [0, 1, 2, 3, 4, 5, 6, 7, 8, 9, 10, 11, 12, 13]
	58.689335
	Max: -46.787218 (0x2,0x1) (0x3,0x1) (0x22,0x1) (0x23,0x1)
Round 23:
	window is [0, 1, 2, 3, 4, 5, 6, 7, 8, 9, 10, 11, 12, 13]
	62.291083
	Max: -48.692003 (0x5,0x2) (0x7,0x2) (0x45,0x2) (0x47,0x2)
Round 24:
	window is [0, 1, 2, 3, 4, 5, 6, 7, 8, 9, 10, 11, 12, 13]
	65.676523
	Max: -50.609777 (0x5,0x2) (0x7,0x2) (0x45,0x2) (0x47,0x2)
Round 25:
	window is [0, 1, 2, 3, 4, 5, 6, 7, 8, 9, 10, 11, 12, 13]
	69.772585
	Max: -52.541075 (0x5,0x2) (0x7,0x2) (0x45,0x2) (0x47,0x2)
Round 26:
	window is [0, 1, 2, 3, 4, 5, 6, 7, 8, 9, 10, 11, 12, 13]
	72.924381
	Max: -54.431707 (0x2,0x1) (0x3,0x1) (0x22,0x1) (0x23,0x1)
Round 27:
	window is [0, 1, 2, 3, 4, 5, 6, 7, 8, 9, 10, 11, 12, 13]
	76.337157
	Max: -56.341674 (0x5,0x2) (0x7,0x2) (0x45,0x2) (0x47,0x2)
Round 28:
	window is [0, 1, 2, 3, 4, 5, 6, 7, 8, 9, 10, 11, 12, 13]
	79.728422
	Max: -58.390992 (0x5,0x2) (0x7,0x2) (0x45,0x2) (0x47,0x2)
Round 29:
	window is [0, 1, 2, 3, 4, 5, 6, 7, 8, 9, 10, 11, 12, 13]
	84.089237
	Max: -60.306402 (0x2,0x1) (0x3,0x1) (0x22,0x1) (0x23,0x1)
Round 30:
	window is [0, 1, 2, 3, 4, 5, 6, 7, 8, 9, 10, 11, 12, 13]
	87.571667
	Max: -62.192383 (0x2,0x1) (0x3,0x1) (0x22,0x1) (0x23,0x1)
Round 31:
	window is [0, 1, 2, 3, 4, 5, 6, 7, 8, 9, 10, 11, 12, 13]
	91.747817
	Max: -64.093906 (0x5,0x2) (0x7,0x2) (0x45,0x2) (0x47,0x2)
over.
