Input: (0x4000000, 0x11000000) -> (0x11000000, 0x4000000)
Max: 0.000000 (0x4000000,0x11000000)
window is [2, 27, ]
Round  1: -inf
Max: -2.000000 (0x1000000,0x4000000) (0x1000004,0x4000000) (0x9000000,0x4000000) (0x9000004,0x4000000)
window is [0, 3, 4, 10, 25, 28, 29, ]
Round  2: -inf
Max: -4.000000 (0,0x1000000) (0x1,0x1000000) (0x2000000,0x1000000) (0x2000001,0x1000000)
window is [1, 2, 4, 5, 6, 8, 11, 12, 18, 26, 27, 29, 30, 31, ]
Round  3: -inf
Max: -4.000000 (0x1000000,0)
window is [0, 1, 2, 3, 4, 7, 8, 9, 10, 13, 14, 25, 28, 29, ]
Round  4: -inf
Max: -6.000000 (0x4000000,0x1000000) (0x4000001,0x1000000) (0x6000000,0x1000000) (0x6000001,0x1000000)
window is [1, 2, 4, 5, 6, 8, 9, 10, 11, 12, 26, 27, 30, 31, ]
Round  5: -8.000000
Max: -8.000000 (0x11000000,0x4000000) (0x11000004,0x4000000) (0x19000000,0x4000000) (0x19000004,0x4000000)
window is [0, 2, 3, 4, 7, 8, 9, 10, 14, 16, 25, 27, 28, 29, ]
Round  6: -inf
Max: -11.299560 (0x40000000,0x11000000) (0x40000001,0x11000000) (0x40000010,0x11000000) (0x40000011,0x11000000) (0x42000000,0x11000000) (0x42000001,0x11000000) (0x42000010,0x11000000) (0x42000011,0x11000000) (0x60000000,0x11000000) (0x60000001,0x11000000) (0x60000010,0x11000000) (0x60000011,0x11000000) (0x62000000,0x11000000) (0x62000001,0x11000000) (0x62000010,0x11000000) (0x62000011,0x11000000)
window is [1, 2, 4, 5, 6, 8, 11, 12, 18, 26, 27, 29, 30, 31, ]
Round  7: -inf
Max: -13.299560 (0x11000001,0x40000000) (0x11000041,0x40000000) (0x91000001,0x40000000) (0x91000041,0x40000000)
window is [0, 1, 2, 3, 4, 6, 7, 8, 10, 13, 14, 25, 28, 29, ]
Round  8: -inf
Max: -18.375212 (0x4000004,0x11000001) (0x4000005,0x11000001) (0x4000006,0x11000001) (0x4000007,0x11000001) (0x4000014,0x11000001) (0x4000015,0x11000001) (0x4000016,0x11000001) (0x4000017,0x11000001) (0x4000104,0x11000001) (0x4000105,0x11000001) (0x4000106,0x11000001) (0x4000107,0x11000001) (0x4000114,0x11000001) (0x4000115,0x11000001) (0x4000116,0x11000001) (0x4000117,0x11000001) (0x6000004,0x11000001) (0x6000005,0x11000001) (0x6000006,0x11000001) (0x6000007,0x11000001) (0x6000014,0x11000001) (0x6000015,0x11000001) (0x6000016,0x11000001) (0x6000017,0x11000001) (0x6000104,0x11000001) (0x6000105,0x11000001) (0x6000106,0x11000001) (0x6000107,0x11000001) (0x6000114,0x11000001) (0x6000115,0x11000001) (0x6000116,0x11000001) (0x6000117,0x11000001) (0x24000004,0x11000001) (0x24000005,0x11000001) (0x24000006,0x11000001) (0x24000007,0x11000001) (0x24000014,0x11000001) (0x24000015,0x11000001) (0x24000016,0x11000001) (0x24000017,0x11000001) (0x24000104,0x11000001) (0x24000105,0x11000001) (0x24000106,0x11000001) (0x24000107,0x11000001) (0x24000114,0x11000001) (0x24000115,0x11000001) (0x24000116,0x11000001) (0x24000117,0x11000001) (0x26000004,0x11000001) (0x26000005,0x11000001) (0x26000006,0x11000001) (0x26000007,0x11000001) (0x26000014,0x11000001) (0x26000015,0x11000001) (0x26000016,0x11000001) (0x26000017,0x11000001) (0x26000104,0x11000001) (0x26000105,0x11000001) (0x26000106,0x11000001) (0x26000107,0x11000001) (0x26000114,0x11000001) (0x26000115,0x11000001) (0x26000116,0x11000001) (0x26000117,0x11000001)
window is [1, 2, 3, 4, 5, 6, 8, 9, 10, 16, 26, 27, 30, 31, ]
Round  9: -inf
Max: -21.975248 (0x1000011,0x4000004) (0x1000015,0x4000004) (0x1000019,0x4000004) (0x100001d,0x4000004) (0x1000411,0x4000004) (0x1000415,0x4000004) (0x1000419,0x4000004) (0x100041d,0x4000004) (0x9000011,0x4000004) (0x9000015,0x4000004) (0x9000019,0x4000004) (0x900001d,0x4000004) (0x9000411,0x4000004) (0x9000415,0x4000004) (0x9000419,0x4000004) (0x900041d,0x4000004)
window is [0, 1, 3, 4, 5, 6, 7, 8, 10, 11, 12, 18, 25, 29, ]
Round 10: -inf
Max: -26.165254 (0x40,0x1000011) (0x41,0x1000011) (0x42,0x1000011) (0x43,0x1000011) (0x60,0x1000011) (0x61,0x1000011) (0x62,0x1000011) (0x63,0x1000011) (0x140,0x1000011) (0x141,0x1000011) (0x142,0x1000011) (0x143,0x1000011) (0x160,0x1000011) (0x161,0x1000011) (0x162,0x1000011) (0x163,0x1000011) (0x1040,0x1000011) (0x1041,0x1000011) (0x1042,0x1000011) (0x1043,0x1000011) (0x1060,0x1000011) (0x1061,0x1000011) (0x1062,0x1000011) (0x1063,0x1000011) (0x1140,0x1000011) (0x1141,0x1000011) (0x1142,0x1000011) (0x1143,0x1000011) (0x1160,0x1000011) (0x1161,0x1000011) (0x1162,0x1000011) (0x1163,0x1000011) (0x2000040,0x1000011) (0x2000041,0x1000011) (0x2000042,0x1000011) (0x2000043,0x1000011) (0x2000060,0x1000011) (0x2000061,0x1000011) (0x2000062,0x1000011) (0x2000063,0x1000011) (0x2000140,0x1000011) (0x2000141,0x1000011) (0x2000142,0x1000011) (0x2000143,0x1000011) (0x2000160,0x1000011) (0x2000161,0x1000011) (0x2000162,0x1000011) (0x2000163,0x1000011) (0x2001040,0x1000011) (0x2001041,0x1000011) (0x2001042,0x1000011) (0x2001043,0x1000011) (0x2001060,0x1000011) (0x2001061,0x1000011) (0x2001062,0x1000011) (0x2001063,0x1000011) (0x2001140,0x1000011) (0x2001141,0x1000011) (0x2001142,0x1000011) (0x2001143,0x1000011) (0x2001160,0x1000011) (0x2001161,0x1000011) (0x2001162,0x1000011) (0x2001163,0x1000011)
window is [1, 2, 3, 5, 6, 7, 8, 9, 10, 12, 13, 14, 27, 31, ]
Round 11: -inf
Max: -28.165254 (0x1000111,0x40) (0x1000191,0x40) (0x1004111,0x40) (0x1004191,0x40)
window is [0, 1, 3, 4, 5, 7, 8, 9, 10, 11, 12, 15, 16, 25, ]
Round 12: -inf
Max: -35.013660 (0x4000404,0x1000111) (0x4000405,0x1000111) (0x4000406,0x1000111) (0x4000407,0x1000111) (0x4000424,0x1000111) (0x4000425,0x1000111) (0x4000426,0x1000111) (0x4000427,0x1000111) (0x4000504,0x1000111) (0x4000505,0x1000111) (0x4000506,0x1000111) (0x4000507,0x1000111) (0x4000524,0x1000111) (0x4000525,0x1000111) (0x4000526,0x1000111) (0x4000527,0x1000111) (0x4000604,0x1000111) (0x4000605,0x1000111) (0x4000606,0x1000111) (0x4000607,0x1000111) (0x4000624,0x1000111) (0x4000625,0x1000111) (0x4000626,0x1000111) (0x4000627,0x1000111) (0x4000704,0x1000111) (0x4000705,0x1000111) (0x4000706,0x1000111) (0x4000707,0x1000111) (0x4000724,0x1000111) (0x4000725,0x1000111) (0x4000726,0x1000111) (0x4000727,0x1000111) (0x4001404,0x1000111) (0x4001405,0x1000111) (0x4001406,0x1000111) (0x4001407,0x1000111) (0x4001424,0x1000111) (0x4001425,0x1000111) (0x4001426,0x1000111) (0x4001427,0x1000111) (0x4001504,0x1000111) (0x4001505,0x1000111) (0x4001506,0x1000111) (0x4001507,0x1000111) (0x4001524,0x1000111) (0x4001525,0x1000111) (0x4001526,0x1000111) (0x4001527,0x1000111) (0x4001604,0x1000111) (0x4001605,0x1000111) (0x4001606,0x1000111) (0x4001607,0x1000111) (0x4001624,0x1000111) (0x4001625,0x1000111) (0x4001626,0x1000111) (0x4001627,0x1000111) (0x4001704,0x1000111) (0x4001705,0x1000111) (0x4001706,0x1000111) (0x4001707,0x1000111) (0x4001724,0x1000111) (0x4001725,0x1000111) (0x4001726,0x1000111) (0x4001727,0x1000111) (0x4010404,0x1000111) (0x4010405,0x1000111) (0x4010406,0x1000111) (0x4010407,0x1000111) (0x4010424,0x1000111) (0x4010425,0x1000111) (0x4010426,0x1000111) (0x4010427,0x1000111) (0x4010504,0x1000111) (0x4010505,0x1000111) (0x4010506,0x1000111) (0x4010507,0x1000111) (0x4010524,0x1000111) (0x4010525,0x1000111) (0x4010526,0x1000111) (0x4010527,0x1000111) (0x4010604,0x1000111) (0x4010605,0x1000111) (0x4010606,0x1000111) (0x4010607,0x1000111) (0x4010624,0x1000111) (0x4010625,0x1000111) (0x4010626,0x1000111) (0x4010627,0x1000111) (0x4010704,0x1000111) (0x4010705,0x1000111) (0x4010706,0x1000111) (0x4010707,0x1000111) (0x4010724,0x1000111) (0x4010725,0x1000111) (0x4010726,0x1000111) (0x4010727,0x1000111) (0x4011404,0x1000111) (0x4011405,0x1000111) (0x4011406,0x1000111) (0x4011407,0x1000111) (0x4011424,0x1000111) (0x4011425,0x1000111) (0x4011426,0x1000111) (0x4011427,0x1000111) (0x4011504,0x1000111) (0x4011505,0x1000111) (0x4011506,0x1000111) (0x4011507,0x1000111) (0x4011524,0x1000111) (0x4011525,0x1000111) (0x4011526,0x1000111) (0x4011527,0x1000111) (0x4011604,0x1000111) (0x4011605,0x1000111) (0x4011606,0x1000111) (0x4011607,0x1000111) (0x4011624,0x1000111) (0x4011625,0x1000111) (0x4011626,0x1000111) (0x4011627,0x1000111) (0x4011704,0x1000111) (0x4011705,0x1000111) (0x4011706,0x1000111) (0x4011707,0x1000111) (0x4011724,0x1000111) (0x4011725,0x1000111) (0x4011726,0x1000111) (0x4011727,0x1000111) (0x6000404,0x1000111) (0x6000405,0x1000111) (0x6000406,0x1000111) (0x6000407,0x1000111) (0x6000424,0x1000111) (0x6000425,0x1000111) (0x6000426,0x1000111) (0x6000427,0x1000111) (0x6000504,0x1000111) (0x6000505,0x1000111) (0x6000506,0x1000111) (0x6000507,0x1000111) (0x6000524,0x1000111) (0x6000525,0x1000111) (0x6000526,0x1000111) (0x6000527,0x1000111) (0x6000604,0x1000111) (0x6000605,0x1000111) (0x6000606,0x1000111) (0x6000607,0x1000111) (0x6000624,0x1000111) (0x6000625,0x1000111) (0x6000626,0x1000111) (0x6000627,0x1000111) (0x6000704,0x1000111) (0x6000705,0x1000111) (0x6000706,0x1000111) (0x6000707,0x1000111) (0x6000724,0x1000111) (0x6000725,0x1000111) (0x6000726,0x1000111) (0x6000727,0x1000111) (0x6001404,0x1000111) (0x6001405,0x1000111) (0x6001406,0x1000111) (0x6001407,0x1000111) (0x6001424,0x1000111) (0x6001425,0x1000111) (0x6001426,0x1000111) (0x6001427,0x1000111) (0x6001504,0x1000111) (0x6001505,0x1000111) (0x6001506,0x1000111) (0x6001507,0x1000111) (0x6001524,0x1000111) (0x6001525,0x1000111) (0x6001526,0x1000111) (0x6001527,0x1000111) (0x6001604,0x1000111) (0x6001605,0x1000111) (0x6001606,0x1000111) (0x6001607,0x1000111) (0x6001624,0x1000111) (0x6001625,0x1000111) (0x6001626,0x1000111) (0x6001627,0x1000111) (0x6001704,0x1000111) (0x6001705,0x1000111) (0x6001706,0x1000111) (0x6001707,0x1000111) (0x6001724,0x1000111) (0x6001725,0x1000111) (0x6001726,0x1000111) (0x6001727,0x1000111) (0x6010404,0x1000111) (0x6010405,0x1000111) (0x6010406,0x1000111) (0x6010407,0x1000111) (0x6010424,0x1000111) (0x6010425,0x1000111) (0x6010426,0x1000111) (0x6010427,0x1000111) (0x6010504,0x1000111) (0x6010505,0x1000111) (0x6010506,0x1000111) (0x6010507,0x1000111) (0x6010524,0x1000111) (0x6010525,0x1000111) (0x6010526,0x1000111) (0x6010527,0x1000111) (0x6010604,0x1000111) (0x6010605,0x1000111) (0x6010606,0x1000111) (0x6010607,0x1000111) (0x6010624,0x1000111) (0x6010625,0x1000111) (0x6010626,0x1000111) (0x6010627,0x1000111) (0x6010704,0x1000111) (0x6010705,0x1000111) (0x6010706,0x1000111) (0x6010707,0x1000111) (0x6010724,0x1000111) (0x6010725,0x1000111) (0x6010726,0x1000111) (0x6010727,0x1000111) (0x6011404,0x1000111) (0x6011405,0x1000111) (0x6011406,0x1000111) (0x6011407,0x1000111) (0x6011424,0x1000111) (0x6011425,0x1000111) (0x6011426,0x1000111) (0x6011427,0x1000111) (0x6011504,0x1000111) (0x6011505,0x1000111) (0x6011506,0x1000111) (0x6011507,0x1000111) (0x6011524,0x1000111) (0x6011525,0x1000111) (0x6011526,0x1000111) (0x6011527,0x1000111) (0x6011604,0x1000111) (0x6011605,0x1000111) (0x6011606,0x1000111) (0x6011607,0x1000111) (0x6011624,0x1000111) (0x6011625,0x1000111) (0x6011626,0x1000111) (0x6011627,0x1000111) (0x6011704,0x1000111) (0x6011705,0x1000111) (0x6011706,0x1000111) (0x6011707,0x1000111) (0x6011724,0x1000111) (0x6011725,0x1000111) (0x6011726,0x1000111) (0x6011727,0x1000111)
window is [2, 3, 6, 7, 8, 9, 10, 11, 12, 13, 16, 17, 18, 27, ]
Round 13: -inf
Max: -40.138436 (0x11000001,0x4000004) (0x11000005,0x4000004) (0x11000009,0x4000004) (0x1100000d,0x4000004) (0x11000401,0x4000004) (0x11000405,0x4000004) (0x11000409,0x4000004) (0x1100040d,0x4000004) (0x19000001,0x4000004) (0x19000005,0x4000004) (0x19000009,0x4000004) (0x1900000d,0x4000004) (0x19000401,0x4000004) (0x19000405,0x4000004) (0x19000409,0x4000004) (0x1900040d,0x4000004)
window is [0, 1, 3, 4, 5, 8, 9, 10, 11, 12, 14, 18, 25, 29, ]
Round 14: -inf
Max: -44.183281 (0x40000000,0x11000001) (0x40000001,0x11000001) (0x40000002,0x11000001) (0x40000003,0x11000001) (0x40000010,0x11000001) (0x40000011,0x11000001) (0x40000012,0x11000001) (0x40000013,0x11000001) (0x40000100,0x11000001) (0x40000101,0x11000001) (0x40000102,0x11000001) (0x40000103,0x11000001) (0x40000110,0x11000001) (0x40000111,0x11000001) (0x40000112,0x11000001) (0x40000113,0x11000001) (0x42000000,0x11000001) (0x42000001,0x11000001) (0x42000002,0x11000001) (0x42000003,0x11000001) (0x42000010,0x11000001) (0x42000011,0x11000001) (0x42000012,0x11000001) (0x42000013,0x11000001) (0x42000100,0x11000001) (0x42000101,0x11000001) (0x42000102,0x11000001) (0x42000103,0x11000001) (0x42000110,0x11000001) (0x42000111,0x11000001) (0x42000112,0x11000001) (0x42000113,0x11000001) (0x60000000,0x11000001) (0x60000001,0x11000001) (0x60000002,0x11000001) (0x60000003,0x11000001) (0x60000010,0x11000001) (0x60000011,0x11000001) (0x60000012,0x11000001) (0x60000013,0x11000001) (0x60000100,0x11000001) (0x60000101,0x11000001) (0x60000102,0x11000001) (0x60000103,0x11000001) (0x60000110,0x11000001) (0x60000111,0x11000001) (0x60000112,0x11000001) (0x60000113,0x11000001) (0x62000000,0x11000001) (0x62000001,0x11000001) (0x62000002,0x11000001) (0x62000003,0x11000001) (0x62000010,0x11000001) (0x62000011,0x11000001) (0x62000012,0x11000001) (0x62000013,0x11000001) (0x62000100,0x11000001) (0x62000101,0x11000001) (0x62000102,0x11000001) (0x62000103,0x11000001) (0x62000110,0x11000001) (0x62000111,0x11000001) (0x62000112,0x11000001) (0x62000113,0x11000001)
window is [1, 2, 3, 5, 6, 7, 8, 9, 10, 12, 13, 16, 27, 31, ]
Round 15: -inf
Max: -46.000636 (0x11000000,0x40000000) (0x11000040,0x40000000) (0x91000000,0x40000000) (0x91000040,0x40000000)
window is [0, 1, 3, 4, 5, 7, 8, 10, 11, 12, 14, 18, 25, 29, ]
Round 16: -inf
Max: -49.092284 (0x4000000,0x11000000) (0x4000001,0x11000000) (0x4000010,0x11000000) (0x4000011,0x11000000) (0x6000000,0x11000000) (0x6000001,0x11000000) (0x6000010,0x11000000) (0x6000011,0x11000000) (0x24000000,0x11000000) (0x24000001,0x11000000) (0x24000010,0x11000000) (0x24000011,0x11000000) (0x26000000,0x11000000) (0x26000001,0x11000000) (0x26000010,0x11000000) (0x26000011,0x11000000)
window is [1, 2, 3, 5, 6, 8, 9, 10, 12, 16, 26, 27, 30, 31, ]
Round 17: -inf
Max: -50.699860 (0x1000000,0x4000000) (0x1000004,0x4000000) (0x9000000,0x4000000) (0x9000004,0x4000000)
window is [0, 1, 2, 3, 4, 7, 8, 9, 10, 11, 14, 25, 28, 29, ]
Round 18: -inf
Max: -51.970340 (0,0x1000000) (0x1,0x1000000) (0x2000000,0x1000000) (0x2000001,0x1000000)
window is [1, 2, 4, 5, 6, 8, 9, 10, 11, 12, 26, 27, 30, 31, ]
Round 19: -inf
Max: -51.970340 (0x1000000,0)
window is [0, 1, 2, 3, 4, 7, 8, 9, 10, 13, 14, 25, 28, 29, ]
Round 20: -inf
Max: -53.970139 (0x4000000,0x1000000) (0x4000001,0x1000000) (0x6000000,0x1000000) (0x6000001,0x1000000)
window is [1, 2, 4, 5, 6, 8, 9, 10, 11, 12, 26, 27, 30, 31, ]
Round 21: -55.970121
