Input: (0, 0x1)
	Max: 0.000000 (0,0x1)
Round 1:
	window is []
	0.000000
	Max: 0.000000 (0x1,0)
Round 2:
	window is [0, 27]
	0.000000
	Max: -2.000000 (0x80000000,0x1) (0x80000001,0x1) (0x88000000,0x1) (0x88000001,0x1)
Round 3:
	window is [0, 22, 26, 27, 31]
	0.000000
	Max: -4.000000 (0x40000001,0x80000000) (0x44000001,0x80000000) (0xc0000001,0x80000000) (0xc4000001,0x80000000)
Round 4:
	window is [0, 17, 21, 22, 25, 26, 27, 30, 31]
	0.000000
	Max: -7.192645 (0x20000000,0x40000001) (0x20000001,0x40000001) (0x22000000,0x40000001) (0x22000001,0x40000001) (0x28000000,0x40000001) (0x28000001,0x40000001) (0x2a000000,0x40000001) (0x2a000001,0x40000001) (0x60000000,0x40000001) (0x60000001,0x40000001) (0x62000000,0x40000001) (0x62000001,0x40000001) (0x68000000,0x40000001) (0x68000001,0x40000001) (0x6a000000,0x40000001) (0x6a000001,0x40000001)
Round 5:
	window is [0, 12, 16, 17, 20, 21, 22, 24, 25, 26, 27, 29, 30, 31]
	0.000077
	Max: -9.192645 (0x50000001,0x20000000) (0x51000001,0x20000000) (0x70000001,0x20000000) (0x71000001,0x20000000)
Round 6:
	window is [0, 19, 20, 21, 22, 23, 24, 25, 26, 27, 28, 29, 30, 31]
	0.014758
	Max: -14.007770 (0x80000000,0x50000001) (0x80000001,0x50000001) (0x80800000,0x50000001) (0x80800001,0x50000001) (0x82000000,0x50000001) (0x82000001,0x50000001) (0x82800000,0x50000001) (0x82800001,0x50000001) (0x88000000,0x50000001) (0x88000001,0x50000001) (0x88800000,0x50000001) (0x88800001,0x50000001) (0x8a000000,0x50000001) (0x8a000001,0x50000001) (0x8a800000,0x50000001) (0x8a800001,0x50000001) (0x90000000,0x50000001) (0x90000001,0x50000001) (0x90800000,0x50000001) (0x90800001,0x50000001) (0x92000000,0x50000001) (0x92000001,0x50000001) (0x92800000,0x50000001) (0x92800001,0x50000001) (0x98000000,0x50000001) (0x98000001,0x50000001) (0x98800000,0x50000001) (0x98800001,0x50000001) (0x9a000000,0x50000001) (0x9a000001,0x50000001) (0x9a800000,0x50000001) (0x9a800001,0x50000001) (0xc0000000,0x50000001) (0xc0000001,0x50000001) (0xc0800000,0x50000001) (0xc0800001,0x50000001) (0xc2000000,0x50000001) (0xc2000001,0x50000001) (0xc2800000,0x50000001) (0xc2800001,0x50000001) (0xc8000000,0x50000001) (0xc8000001,0x50000001) (0xc8800000,0x50000001) (0xc8800001,0x50000001) (0xca000000,0x50000001) (0xca000001,0x50000001) (0xca800000,0x50000001) (0xca800001,0x50000001) (0xd0000000,0x50000001) (0xd0000001,0x50000001) (0xd0800000,0x50000001) (0xd0800001,0x50000001) (0xd2000000,0x50000001) (0xd2000001,0x50000001) (0xd2800000,0x50000001) (0xd2800001,0x50000001) (0xd8000000,0x50000001) (0xd8000001,0x50000001) (0xd8800000,0x50000001) (0xd8800001,0x50000001) (0xda000000,0x50000001) (0xda000001,0x50000001) (0xda800000,0x50000001) (0xda800001,0x50000001)
Round 7:
	window is [0, 18, 20, 21, 22, 23, 24, 25, 26, 27, 28, 29, 30, 31]
	0.302981
	Max: -15.474464 (0x10000001,0x80000000) (0x14000001,0x80000000) (0x90000001,0x80000000) (0x94000001,0x80000000)
Round 8:
	window is [0, 19, 20, 21, 22, 23, 24, 25, 26, 27, 28, 29, 30, 31]
	1.237162
	Max: -18.263989 (0,0x10000001) (0x1,0x10000001) (0x800000,0x10000001) (0x800001,0x10000001) (0x8000000,0x10000001) (0x8000001,0x10000001) (0x8800000,0x10000001) (0x8800001,0x10000001) (0x10000000,0x10000001) (0x10000001,0x10000001) (0x10800000,0x10000001) (0x10800001,0x10000001) (0x18000000,0x10000001) (0x18000001,0x10000001) (0x18800000,0x10000001) (0x18800001,0x10000001)
Round 9:
	window is [0, 18, 20, 21, 22, 23, 24, 25, 26, 27, 28, 29, 30, 31]
	3.515548
	Max: -18.263989 (0x10000001,0)
Round 10:
	window is [0, 19, 20, 21, 22, 23, 24, 25, 26, 27, 28, 29, 30, 31]
	6.130868
	Max: -21.733646 (0x94000000,0x8000001) (0x94400001,0x8000001) (0x9c000000,0x8000001) (0x9c400001,0x8000001)
Round 11:
	window is [0, 18, 20, 21, 22, 23, 24, 25, 26, 27, 28, 29, 30, 31]
	8.339536
	Max: -23.819095 (0x1,0)
Round 12:
	window is [0, 19, 20, 21, 22, 23, 24, 25, 26, 27, 28, 29, 30, 31]
	10.871916
	Max: -25.583410 (0x80000000,0x1) (0x80000001,0x1) (0x88000000,0x1) (0x88000001,0x1)
Round 13:
	window is [0, 18, 20, 21, 22, 23, 24, 25, 26, 27, 28, 29, 30, 31]
	12.866410
	Max: -27.506706 (0x40000001,0x80000000) (0x44000001,0x80000000) (0xc0000001,0x80000000) (0xc4000001,0x80000000)
Round 14:
	window is [0, 19, 20, 21, 22, 23, 24, 25, 26, 27, 28, 29, 30, 31]
	15.288010
	Max: -29.651022 (0x80000000,0x1) (0x80000001,0x1) (0x88000000,0x1) (0x88000001,0x1)
Round 15:
	window is [0, 18, 20, 21, 22, 23, 24, 25, 26, 27, 28, 29, 30, 31]
	17.828575
	Max: -31.567252 (0x40000001,0x80000000) (0x44000001,0x80000000) (0xc0000001,0x80000000) (0xc4000001,0x80000000)
Round 16:
	window is [0, 19, 20, 21, 22, 23, 24, 25, 26, 27, 28, 29, 30, 31]
	20.792835
	Max: -33.510253 (0x40000001,0x80000000) (0x44000001,0x80000000) (0xc0000001,0x80000000) (0xc4000001,0x80000000)
Round 17:
	window is [0, 18, 20, 21, 22, 23, 24, 25, 26, 27, 28, 29, 30, 31]
	23.566562
	Max: -35.144347 (0x1,0)
Round 18:
	window is [0, 19, 20, 21, 22, 23, 24, 25, 26, 27, 28, 29, 30, 31]
	26.042538
	Max: -36.959112 (0x80000000,0x1) (0x80000001,0x1) (0x88000000,0x1) (0x88000001,0x1)
Round 19:
	window is [0, 18, 20, 21, 22, 23, 24, 25, 26, 27, 28, 29, 30, 31]
	28.203386
	Max: -38.905004 (0x40000001,0x80000000) (0x44000001,0x80000000) (0xc0000001,0x80000000) (0xc4000001,0x80000000)
Round 20:
	window is [0, 19, 20, 21, 22, 23, 24, 25, 26, 27, 28, 29, 30, 31]
	30.295603
	Max: -41.656436 (0x40000001,0x80000000) (0x44000001,0x80000000) (0xc0000001,0x80000000) (0xc4000001,0x80000000)
Round 21:
	window is [0, 18, 20, 21, 22, 23, 24, 25, 26, 27, 28, 29, 30, 31]
	32.509231
	Max: -43.599543 (0x80000000,0x1) (0x80000001,0x1) (0x88000000,0x1) (0x88000001,0x1)
Round 22:
	window is [0, 19, 20, 21, 22, 23, 24, 25, 26, 27, 28, 29, 30, 31]
	35.016899
	Max: -45.454457 (0x80000000,0x1) (0x80000001,0x1) (0x88000000,0x1) (0x88000001,0x1)
Round 23:
	window is [0, 18, 20, 21, 22, 23, 24, 25, 26, 27, 28, 29, 30, 31]
	37.223994
	Max: -47.352800 (0x40000001,0x80000000) (0x44000001,0x80000000) (0xc0000001,0x80000000) (0xc4000001,0x80000000)
Round 24:
	window is [0, 19, 20, 21, 22, 23, 24, 25, 26, 27, 28, 29, 30, 31]
	39.406826
	Max: -49.259845 (0x80000000,0x1) (0x80000001,0x1) (0x88000000,0x1) (0x88000001,0x1)
Round 25:
	window is [0, 18, 20, 21, 22, 23, 24, 25, 26, 27, 28, 29, 30, 31]
	41.420679
	Max: -51.147216 (0x80000000,0x1) (0x80000001,0x1) (0x88000000,0x1) (0x88000001,0x1)
Round 26:
	window is [0, 19, 20, 21, 22, 23, 24, 25, 26, 27, 28, 29, 30, 31]
	43.569035
	Max: -53.029081 (0x80000000,0x1) (0x80000001,0x1) (0x88000000,0x1) (0x88000001,0x1)
Round 27:
	window is [0, 18, 20, 21, 22, 23, 24, 25, 26, 27, 28, 29, 30, 31]
	46.021186
	Max: -54.917630 (0x80000000,0x1) (0x80000001,0x1) (0x88000000,0x1) (0x88000001,0x1)
Round 28:
	window is [0, 19, 20, 21, 22, 23, 24, 25, 26, 27, 28, 29, 30, 31]
	48.351632
	Max: -56.768835 (0x80000000,0x1) (0x80000001,0x1) (0x88000000,0x1) (0x88000001,0x1)
Round 29:
	window is [0, 18, 20, 21, 22, 23, 24, 25, 26, 27, 28, 29, 30, 31]
	50.245854
	Max: -58.676074 (0x40000001,0x80000000) (0x44000001,0x80000000) (0xc0000001,0x80000000) (0xc4000001,0x80000000)
Round 30:
	window is [0, 19, 20, 21, 22, 23, 24, 25, 26, 27, 28, 29, 30, 31]
	52.502369
	Max: -60.633661 (0x40000001,0x80000000) (0x44000001,0x80000000) (0xc0000001,0x80000000) (0xc4000001,0x80000000)
Round 31:
	window is [0, 18, 20, 21, 22, 23, 24, 25, 26, 27, 28, 29, 30, 31]
	54.438213
	Max: -62.543325 (0x40000001,0x80000000) (0x44000001,0x80000000) (0xc0000001,0x80000000) (0xc4000001,0x80000000)
Round 32:
	window is [0, 19, 20, 21, 22, 23, 24, 25, 26, 27, 28, 29, 30, 31]
	57.322196
	Max: -64.481780 (0x40000001,0x80000000) (0x44000001,0x80000000) (0xc0000001,0x80000000) (0xc4000001,0x80000000)
over.
