Input: (0x1, 0x400000004044)
	Max: 0.000000 (0x1,0x400000004044)
Round 1:
	window is [40, 47]
	Max: -2.000000 (0x4044,0x1) (0x10000004044,0x1) (0x800000004044,0x1) (0x810000004044,0x1)
Round 2:
	window is [1, 5, 6, 13, 32, 38, 39, 42, 45, 46]
	Max: -8.000000 (0x1010,0x4044) (0x1012,0x4044) (0x1030,0x4044) (0x1032,0x4044) (0x1050,0x4044) (0x1052,0x4044) (0x1070,0x4044) (0x1072,0x4044) (0x3010,0x4044) (0x3012,0x4044) (0x3030,0x4044) (0x3032,0x4044) (0x3050,0x4044) (0x3052,0x4044) (0x3070,0x4044) (0x3072,0x4044) (0x40000001010,0x4044) (0x40000001012,0x4044) (0x40000001030,0x4044) (0x40000001032,0x4044) (0x40000001050,0x4044) (0x40000001052,0x4044) (0x40000001070,0x4044) (0x40000001072,0x4044) (0x40000003010,0x4044) (0x40000003012,0x4044) (0x40000003030,0x4044) (0x40000003032,0x4044) (0x40000003050,0x4044) (0x40000003052,0x4044) (0x40000003070,0x4044) (0x40000003072,0x4044) (0x200000001010,0x800000004044) (0x200000001012,0x800000004044) (0x200000001050,0x800000004044) (0x200000001052,0x800000004044) (0x200000003010,0x800000004044) (0x200000003012,0x800000004044) (0x200000003050,0x800000004044) (0x200000003052,0x800000004044) (0x208000001030,0x800000004044) (0x208000001032,0x800000004044) (0x208000001070,0x800000004044) (0x208000001072,0x800000004044) (0x208000003030,0x800000004044) (0x208000003032,0x800000004044) (0x208000003070,0x800000004044) (0x208000003072,0x800000004044) (0x240000001010,0x800000004044) (0x240000001012,0x800000004044) (0x240000001050,0x800000004044) (0x240000001052,0x800000004044) (0x240000003010,0x800000004044) (0x240000003012,0x800000004044) (0x240000003050,0x800000004044) (0x240000003052,0x800000004044) (0x248000001030,0x800000004044) (0x248000001032,0x800000004044) (0x248000001070,0x800000004044) (0x248000001072,0x800000004044) (0x248000003030,0x800000004044) (0x248000003032,0x800000004044) (0x248000003070,0x800000004044) (0x248000003072,0x800000004044) (0x400000001010,0x4044) (0x400000001012,0x4044) (0x400000001030,0x4044) (0x400000001032,0x4044) (0x400000001050,0x4044) (0x400000001052,0x4044) (0x400000001070,0x4044) (0x400000001072,0x4044) (0x400000003010,0x4044) (0x400000003012,0x4044) (0x400000003030,0x4044) (0x400000003032,0x4044) (0x400000003050,0x4044) (0x400000003052,0x4044) (0x400000003070,0x4044) (0x400000003072,0x4044) (0x440000001010,0x4044) (0x440000001012,0x4044) (0x440000001030,0x4044) (0x440000001032,0x4044) (0x440000001050,0x4044) (0x440000001052,0x4044) (0x440000001070,0x4044) (0x440000001072,0x4044) (0x440000003010,0x4044) (0x440000003012,0x4044) (0x440000003030,0x4044) (0x440000003032,0x4044) (0x440000003050,0x4044) (0x440000003052,0x4044) (0x440000003070,0x4044) (0x440000003072,0x4044) (0x600000001010,0x800000004044) (0x600000001012,0x800000004044) (0x600000001050,0x800000004044) (0x600000001052,0x800000004044) (0x600000003010,0x800000004044) (0x600000003012,0x800000004044) (0x600000003050,0x800000004044) (0x600000003052,0x800000004044) (0x608000001030,0x800000004044) (0x608000001032,0x800000004044) (0x608000001070,0x800000004044) (0x608000001072,0x800000004044) (0x608000003030,0x800000004044) (0x608000003032,0x800000004044) (0x608000003070,0x800000004044) (0x608000003072,0x800000004044) (0x640000001010,0x800000004044) (0x640000001012,0x800000004044) (0x640000001050,0x800000004044) (0x640000001052,0x800000004044) (0x640000003010,0x800000004044) (0x640000003012,0x800000004044) (0x640000003050,0x800000004044) (0x640000003052,0x800000004044) (0x648000001030,0x800000004044) (0x648000001032,0x800000004044) (0x648000001070,0x800000004044) (0x648000001072,0x800000004044) (0x648000003030,0x800000004044) (0x648000003032,0x800000004044) (0x648000003070,0x800000004044) (0x648000003072,0x800000004044)
Round 3:
	window is [3, 4, 5, 11, 34, 36, 37, 38, 40, 41, 43, 44, 45, 47]
	Max: -12.000000 (0x4440,0x1010) (0x4440,0x1030) (0x4448,0x1010) (0x4448,0x1030) (0x4450,0x1010) (0x4450,0x1030) (0x4458,0x1010) (0x4458,0x1030) (0x4c40,0x1010) (0x4c48,0x1010) (0x4c50,0x1010) (0x4c58,0x1010) (0x100000004440,0x1010) (0x100000004440,0x1030) (0x100000004448,0x1010) (0x100000004448,0x1030) (0x100000004450,0x1010) (0x100000004450,0x1030) (0x100000004458,0x1010) (0x100000004458,0x1030) (0x100000004c40,0x1010) (0x100000004c48,0x1010) (0x100000004c50,0x1010) (0x100000004c58,0x1010) (0x200000004c40,0x1030) (0x200000004c48,0x1030) (0x200000004c50,0x1030) (0x200000004c58,0x1030) (0x300000004c40,0x1030) (0x300000004c48,0x1030) (0x300000004c50,0x1030) (0x300000004c58,0x1030) (0x880000004440,0x200000001010) (0x880000004450,0x200000001010) (0x880000004c40,0x200000001010) (0x880000004c50,0x200000001010) (0x882000004448,0x200000001010) (0x882000004458,0x200000001010) (0x882000004c48,0x200000001010) (0x882000004c58,0x200000001010) (0x980000004440,0x200000001010) (0x980000004450,0x200000001010) (0x980000004c40,0x200000001010) (0x980000004c50,0x200000001010) (0x982000004448,0x200000001010) (0x982000004458,0x200000001010) (0x982000004c48,0x200000001010) (0x982000004c58,0x200000001010)
Round 4:
	window is [1, 2, 4, 5, 6, 9, 13, 38, 39, 41, 42, 43, 45, 46]
	Max: -16.045804 (0x100,0x4440) (0x102,0x4448) (0x104,0x4440) (0x106,0x4448) (0x120,0x4440) (0x122,0x4448) (0x124,0x4440) (0x126,0x4448) (0x140,0x4440) (0x142,0x4448) (0x144,0x4440) (0x146,0x4448) (0x160,0x4440) (0x162,0x4448) (0x164,0x4440) (0x166,0x4448) (0x300,0x4440) (0x304,0x4440) (0x320,0x4440) (0x324,0x4440) (0x340,0x4440) (0x344,0x4440) (0x360,0x4440) (0x364,0x4440) (0x2100,0x4440) (0x2102,0x4448) (0x2104,0x4440) (0x2106,0x4448) (0x2120,0x4440) (0x2122,0x4448) (0x2124,0x4440) (0x2126,0x4448) (0x2140,0x4440) (0x2142,0x4448) (0x2144,0x4440) (0x2146,0x4448) (0x2160,0x4440) (0x2162,0x4448) (0x2164,0x4440) (0x2166,0x4448) (0x2300,0x4440) (0x2304,0x4440) (0x2320,0x4440) (0x2324,0x4440) (0x2340,0x4440) (0x2344,0x4440) (0x2360,0x4440) (0x2364,0x4440) (0x80000000302,0x4448) (0x80000000306,0x4448) (0x80000000322,0x4448) (0x80000000326,0x4448) (0x80000000342,0x4448) (0x80000000346,0x4448) (0x80000000362,0x4448) (0x80000000366,0x4448) (0x80000002302,0x4448) (0x80000002306,0x4448) (0x80000002322,0x4448) (0x80000002326,0x4448) (0x80000002342,0x4448) (0x80000002346,0x4448) (0x80000002362,0x4448) (0x80000002366,0x4448) (0x400000000100,0x4440) (0x400000000102,0x4448) (0x400000000104,0x4440) (0x400000000106,0x4448) (0x400000000120,0x4440) (0x400000000122,0x4448) (0x400000000124,0x4440) (0x400000000126,0x4448) (0x400000000140,0x4440) (0x400000000142,0x4448) (0x400000000144,0x4440) (0x400000000146,0x4448) (0x400000000160,0x4440) (0x400000000162,0x4448) (0x400000000164,0x4440) (0x400000000166,0x4448) (0x400000000300,0x4440) (0x400000000304,0x4440) (0x400000000320,0x4440) (0x400000000324,0x4440) (0x400000000340,0x4440) (0x400000000344,0x4440) (0x400000000360,0x4440) (0x400000000364,0x4440) (0x400000002100,0x4440) (0x400000002102,0x4448) (0x400000002104,0x4440) (0x400000002106,0x4448) (0x400000002120,0x4440) (0x400000002122,0x4448) (0x400000002124,0x4440) (0x400000002126,0x4448) (0x400000002140,0x4440) (0x400000002142,0x4448) (0x400000002144,0x4440) (0x400000002146,0x4448) (0x400000002160,0x4440) (0x400000002162,0x4448) (0x400000002164,0x4440) (0x400000002166,0x4448) (0x400000002300,0x4440) (0x400000002304,0x4440) (0x400000002320,0x4440) (0x400000002324,0x4440) (0x400000002340,0x4440) (0x400000002344,0x4440) (0x400000002360,0x4440) (0x400000002364,0x4440) (0x480000000302,0x4448) (0x480000000306,0x4448) (0x480000000322,0x4448) (0x480000000326,0x4448) (0x480000000342,0x4448) (0x480000000346,0x4448) (0x480000000362,0x4448) (0x480000000366,0x4448) (0x480000002302,0x4448) (0x480000002306,0x4448) (0x480000002322,0x4448) (0x480000002326,0x4448) (0x480000002342,0x4448) (0x480000002346,0x4448) (0x480000002362,0x4448) (0x480000002366,0x4448)
Round 5:
	window is [0, 1, 3, 4, 5, 7, 11, 38, 40, 41, 43, 44, 45, 47]
	Max: -18.045804 (0x4400,0x100) (0x4401,0x100) (0x4480,0x100) (0x4481,0x100) (0x800000004408,0x102) (0x800000004409,0x102) (0x820000004488,0x102) (0x820000004489,0x102)
Round 6:
	window is [1, 2, 3, 5, 6, 9, 13, 38, 42, 43, 44, 45, 46, 47]
	Max: -20.997273 (0x1000,0x4400) (0x1004,0x4400) (0x1040,0x4400) (0x1044,0x4400) (0x1200,0x4400) (0x1204,0x4400) (0x1240,0x4400) (0x1244,0x4400) (0x3000,0x4400) (0x3004,0x4400) (0x3040,0x4400) (0x3044,0x4400) (0x3200,0x4400) (0x3204,0x4400) (0x3240,0x4400) (0x3244,0x4400)
Round 7:
	window is [0, 1, 3, 4, 5, 7, 11, 40, 42, 43, 44, 45, 46, 47]
	Max: -22.539128 (0x4000,0x1000) (0x4010,0x1000) (0x4800,0x1000) (0x4810,0x1000)
Round 8:
	window is [1, 2, 3, 5, 6, 9, 13, 40, 42, 43, 44, 45, 46, 47]
	Max: -23.703762 (0,0x4000) (0x40,0x4000) (0x2000,0x4000) (0x2040,0x4000)
Round 9:
	window is [0, 1, 3, 4, 5, 7, 11, 12, 42, 43, 44, 45, 46, 47]
	Max: -23.703762 (0x4000,0)
Round 10:
	window is [1, 2, 3, 5, 6, 9, 10, 13, 40, 42, 44, 45, 46, 47]
	Max: -25.703761 (0x1000,0x4000) (0x1040,0x4000) (0x3000,0x4000) (0x3040,0x4000)
Round 11:
	window is [0, 1, 3, 4, 5, 7, 8, 11, 12, 42, 43, 44, 45, 46]
	Max: -27.703761 (0x4400,0x1000) (0x4410,0x1000) (0x4c00,0x1000) (0x4c10,0x1000)
Round 12:
	window is [1, 2, 3, 4, 5, 6, 9, 10, 13, 43, 44, 45, 46, 47]
	Max: -30.896405 (0x100,0x4400) (0x104,0x4400) (0x140,0x4400) (0x144,0x4400) (0x300,0x4400) (0x304,0x4400) (0x340,0x4400) (0x344,0x4400) (0x2100,0x4400) (0x2104,0x4400) (0x2140,0x4400) (0x2144,0x4400) (0x2300,0x4400) (0x2304,0x4400) (0x2340,0x4400) (0x2344,0x4400)
Round 13:
	window is [0, 1, 2, 3, 4, 5, 7, 8, 11, 12, 36, 42, 43, 46]
	Max: -32.896404 (0x4440,0x100) (0x4441,0x100) (0x44c0,0x100) (0x44c1,0x100)
Round 14:
	window is [0, 2, 3, 4, 5, 6, 9, 10, 13, 40, 41, 44, 46, 47]
	Max: -37.804968 (0x1010,0x4440) (0x1014,0x4440) (0x1030,0x4440) (0x1034,0x4440) (0x1050,0x4440) (0x1054,0x4440) (0x1070,0x4440) (0x1074,0x4440) (0x1210,0x4440) (0x1214,0x4440) (0x1230,0x4440) (0x1234,0x4440) (0x1250,0x4440) (0x1254,0x4440) (0x1270,0x4440) (0x1274,0x4440) (0x3010,0x4440) (0x3014,0x4440) (0x3030,0x4440) (0x3034,0x4440) (0x3050,0x4440) (0x3054,0x4440) (0x3070,0x4440) (0x3074,0x4440) (0x3210,0x4440) (0x3214,0x4440) (0x3230,0x4440) (0x3234,0x4440) (0x3250,0x4440) (0x3254,0x4440) (0x3270,0x4440) (0x3274,0x4440) (0x400000001010,0x4440) (0x400000001014,0x4440) (0x400000001030,0x4440) (0x400000001034,0x4440) (0x400000001050,0x4440) (0x400000001054,0x4440) (0x400000001070,0x4440) (0x400000001074,0x4440) (0x400000001210,0x4440) (0x400000001214,0x4440) (0x400000001230,0x4440) (0x400000001234,0x4440) (0x400000001250,0x4440) (0x400000001254,0x4440) (0x400000001270,0x4440) (0x400000001274,0x4440) (0x400000003010,0x4440) (0x400000003014,0x4440) (0x400000003030,0x4440) (0x400000003034,0x4440) (0x400000003050,0x4440) (0x400000003054,0x4440) (0x400000003070,0x4440) (0x400000003074,0x4440) (0x400000003210,0x4440) (0x400000003214,0x4440) (0x400000003230,0x4440) (0x400000003234,0x4440) (0x400000003250,0x4440) (0x400000003254,0x4440) (0x400000003270,0x4440) (0x400000003274,0x4440)
Round 15:
	window is [0, 1, 2, 3, 4, 5, 7, 8, 11, 12, 42, 44, 45, 46]
	Max: -41.289626 (0x4044,0x1010) (0x404c,0x1010) (0x4054,0x1010) (0x405c,0x1010) (0x4844,0x1010) (0x484c,0x1010) (0x4854,0x1010) (0x485c,0x1010) (0x100000004044,0x1010) (0x10000000404c,0x1010) (0x100000004054,0x1010) (0x10000000405c,0x1010) (0x100000004844,0x1010) (0x10000000484c,0x1010) (0x100000004854,0x1010) (0x10000000485c,0x1010)
Round 16:
	window is [0, 1, 2, 3, 4, 5, 6, 9, 10, 13, 42, 44, 46, 47]
	Max: -45.349310 (0x1,0x4044) (0x3,0x4044) (0x21,0x4044) (0x23,0x4044) (0x41,0x4044) (0x43,0x4044) (0x61,0x4044) (0x63,0x4044) (0x2001,0x4044) (0x2003,0x4044) (0x2021,0x4044) (0x2023,0x4044) (0x2041,0x4044) (0x2043,0x4044) (0x2061,0x4044) (0x2063,0x4044) (0x40000000001,0x4044) (0x40000000003,0x4044) (0x40000000021,0x4044) (0x40000000023,0x4044) (0x40000000041,0x4044) (0x40000000043,0x4044) (0x40000000061,0x4044) (0x40000000063,0x4044) (0x40000002001,0x4044) (0x40000002003,0x4044) (0x40000002021,0x4044) (0x40000002023,0x4044) (0x40000002041,0x4044) (0x40000002043,0x4044) (0x40000002061,0x4044) (0x40000002063,0x4044) (0x400000000001,0x4044) (0x400000000003,0x4044) (0x400000000021,0x4044) (0x400000000023,0x4044) (0x400000000041,0x4044) (0x400000000043,0x4044) (0x400000000061,0x4044) (0x400000000063,0x4044) (0x400000002001,0x4044) (0x400000002003,0x4044) (0x400000002021,0x4044) (0x400000002023,0x4044) (0x400000002041,0x4044) (0x400000002043,0x4044) (0x400000002061,0x4044) (0x400000002063,0x4044) (0x440000000001,0x4044) (0x440000000003,0x4044) (0x440000000021,0x4044) (0x440000000023,0x4044) (0x440000000041,0x4044) (0x440000000043,0x4044) (0x440000000061,0x4044) (0x440000000063,0x4044) (0x440000002001,0x4044) (0x440000002003,0x4044) (0x440000002021,0x4044) (0x440000002023,0x4044) (0x440000002041,0x4044) (0x440000002043,0x4044) (0x440000002061,0x4044) (0x440000002063,0x4044)
Round 17:
	window is [0, 1, 2, 3, 4, 5, 7, 8, 11, 40, 44, 45, 46, 47]
	Max: -47.349310 (0x400000004044,0x1) (0x410000004044,0x1) (0xc00000004044,0x1) (0xc10000004044,0x1)
Round 18:
	window is [0, 1, 2, 3, 4, 5, 6, 9, 10, 13, 42, 44, 46, 47]
	Max: -54.150828 (0x100000001010,0x400000004044) (0x100000001012,0x400000004044) (0x100000001030,0x400000004044) (0x100000001032,0x400000004044) (0x100000001050,0x400000004044) (0x100000001052,0x400000004044) (0x100000001070,0x400000004044) (0x100000001072,0x400000004044) (0x100000003010,0x400000004044) (0x100000003012,0x400000004044) (0x100000003030,0x400000004044) (0x100000003032,0x400000004044) (0x100000003050,0x400000004044) (0x100000003052,0x400000004044) (0x100000003070,0x400000004044) (0x100000003072,0x400000004044) (0x140000001010,0x400000004044) (0x140000001012,0x400000004044) (0x140000001030,0x400000004044) (0x140000001032,0x400000004044) (0x140000001050,0x400000004044) (0x140000001052,0x400000004044) (0x140000001070,0x400000004044) (0x140000001072,0x400000004044) (0x140000003010,0x400000004044) (0x140000003012,0x400000004044) (0x140000003030,0x400000004044) (0x140000003032,0x400000004044) (0x140000003050,0x400000004044) (0x140000003052,0x400000004044) (0x140000003070,0x400000004044) (0x140000003072,0x400000004044) (0x500000001010,0x400000004044) (0x500000001012,0x400000004044) (0x500000001030,0x400000004044) (0x500000001032,0x400000004044) (0x500000001050,0x400000004044) (0x500000001052,0x400000004044) (0x500000001070,0x400000004044) (0x500000001072,0x400000004044) (0x500000003010,0x400000004044) (0x500000003012,0x400000004044) (0x500000003030,0x400000004044) (0x500000003032,0x400000004044) (0x500000003050,0x400000004044) (0x500000003052,0x400000004044) (0x500000003070,0x400000004044) (0x500000003072,0x400000004044) (0x540000001010,0x400000004044) (0x540000001012,0x400000004044) (0x540000001030,0x400000004044) (0x540000001032,0x400000004044) (0x540000001050,0x400000004044) (0x540000001052,0x400000004044) (0x540000001070,0x400000004044) (0x540000001072,0x400000004044) (0x540000003010,0x400000004044) (0x540000003012,0x400000004044) (0x540000003030,0x400000004044) (0x540000003032,0x400000004044) (0x540000003050,0x400000004044) (0x540000003052,0x400000004044) (0x540000003070,0x400000004044) (0x540000003072,0x400000004044)
Round 19:
	window is [0, 1, 2, 3, 4, 5, 7, 8, 11, 42, 44, 45, 46, 47]
	Max: -58.647632 (0x400000004444,0x1001) (0x400000004454,0x1001) (0x400000004c44,0x1001) (0x400000004c54,0x1001) (0xc00000004444,0x1001) (0xc00000004454,0x1001) (0xc00000004c44,0x1001) (0xc00000004c54,0x1001)
Round 20:
	window is [0, 1, 2, 3, 4, 5, 6, 9, 13, 43, 44, 45, 46, 47]
	Max: -63.423296 (0x100,0x4440) (0x104,0x4440) (0x120,0x4440) (0x124,0x4440) (0x140,0x4440) (0x144,0x4440) (0x160,0x4440) (0x164,0x4440) (0x300,0x4440) (0x304,0x4440) (0x320,0x4440) (0x324,0x4440) (0x340,0x4440) (0x344,0x4440) (0x360,0x4440) (0x364,0x4440) (0x2100,0x4440) (0x2104,0x4440) (0x2120,0x4440) (0x2124,0x4440) (0x2140,0x4440) (0x2144,0x4440) (0x2160,0x4440) (0x2164,0x4440) (0x2300,0x4440) (0x2304,0x4440) (0x2320,0x4440) (0x2324,0x4440) (0x2340,0x4440) (0x2344,0x4440) (0x2360,0x4440) (0x2364,0x4440) (0x400000000100,0x4440) (0x400000000104,0x4440) (0x400000000120,0x4440) (0x400000000124,0x4440) (0x400000000140,0x4440) (0x400000000144,0x4440) (0x400000000160,0x4440) (0x400000000164,0x4440) (0x400000000300,0x4440) (0x400000000304,0x4440) (0x400000000320,0x4440) (0x400000000324,0x4440) (0x400000000340,0x4440) (0x400000000344,0x4440) (0x400000000360,0x4440) (0x400000000364,0x4440) (0x400000002100,0x4440) (0x400000002104,0x4440) (0x400000002120,0x4440) (0x400000002124,0x4440) (0x400000002140,0x4440) (0x400000002144,0x4440) (0x400000002160,0x4440) (0x400000002164,0x4440) (0x400000002300,0x4440) (0x400000002304,0x4440) (0x400000002320,0x4440) (0x400000002324,0x4440) (0x400000002340,0x4440) (0x400000002344,0x4440) (0x400000002360,0x4440) (0x400000002364,0x4440)
Round 21:
	window is [0, 1, 2, 3, 4, 5, 7, 8, 11, 41, 44, 45, 46, 47]
	Max: -64.406192 (0x4400,0x100) (0x4401,0x100) (0x4480,0x100) (0x4481,0x100)
Round 22:
	window is [0, 1, 2, 3, 4, 5, 6, 9, 13, 43, 44, 45, 46, 47]
	Max: -67.172312 (0x1000,0x4400) (0x1004,0x4400) (0x1040,0x4400) (0x1044,0x4400) (0x1200,0x4400) (0x1204,0x4400) (0x1240,0x4400) (0x1244,0x4400) (0x3000,0x4400) (0x3004,0x4400) (0x3040,0x4400) (0x3044,0x4400) (0x3200,0x4400) (0x3204,0x4400) (0x3240,0x4400) (0x3244,0x4400)
Round 23:
	window is [0, 1, 2, 3, 4, 5, 7, 8, 11, 42, 44, 45, 46, 47]
	Max: -68.616756 (0x4000,0x1000) (0x4010,0x1000) (0x4800,0x1000) (0x4810,0x1000)
Round 24:
	window is [0, 1, 2, 3, 4, 5, 6, 9, 13, 43, 44, 45, 46, 47]
	Max: -69.760615 (0,0x4000) (0x40,0x4000) (0x2000,0x4000) (0x2040,0x4000)
Round 25:
	window is [0, 1, 3, 4, 5, 7, 8, 11, 12, 42, 44, 45, 46, 47]
	Max: -69.760615 (0x4000,0)
Round 26:
	window is [0, 1, 2, 3, 4, 5, 6, 9, 10, 13, 44, 45, 46, 47]
	Max: -71.760197 (0x1000,0x4000) (0x1040,0x4000) (0x3000,0x4000) (0x3040,0x4000)
Round 27:
	window is [0, 1, 2, 3, 4, 5, 7, 8, 11, 12, 42, 43, 45, 46]
	Max: -73.760166 (0x4400,0x1000) (0x4410,0x1000) (0x4c00,0x1000) (0x4c10,0x1000)
Round 28:
	window is [1, 2, 3, 4, 5, 6, 9, 10, 13, 43, 44, 45, 46, 47]
	Max: -76.952799 (0x100,0x4400) (0x104,0x4400) (0x140,0x4400) (0x144,0x4400) (0x300,0x4400) (0x304,0x4400) (0x340,0x4400) (0x344,0x4400) (0x2100,0x4400) (0x2104,0x4400) (0x2140,0x4400) (0x2144,0x4400) (0x2300,0x4400) (0x2304,0x4400) (0x2340,0x4400) (0x2344,0x4400)
Round 29:
	window is [0, 1, 2, 3, 4, 5, 7, 8, 11, 12, 36, 42, 43, 46]
	Max: -78.952798 (0x4440,0x100) (0x4441,0x100) (0x44c0,0x100) (0x44c1,0x100)
Round 30:
	window is [0, 2, 3, 4, 5, 6, 9, 10, 13, 40, 41, 44, 46, 47]
	Max: -83.861110 (0x1010,0x4440) (0x1014,0x4440) (0x1030,0x4440) (0x1034,0x4440) (0x1050,0x4440) (0x1054,0x4440) (0x1070,0x4440) (0x1074,0x4440) (0x1210,0x4440) (0x1214,0x4440) (0x1230,0x4440) (0x1234,0x4440) (0x1250,0x4440) (0x1254,0x4440) (0x1270,0x4440) (0x1274,0x4440) (0x3010,0x4440) (0x3014,0x4440) (0x3030,0x4440) (0x3034,0x4440) (0x3050,0x4440) (0x3054,0x4440) (0x3070,0x4440) (0x3074,0x4440) (0x3210,0x4440) (0x3214,0x4440) (0x3230,0x4440) (0x3234,0x4440) (0x3250,0x4440) (0x3254,0x4440) (0x3270,0x4440) (0x3274,0x4440) (0x400000001010,0x4440) (0x400000001014,0x4440) (0x400000001030,0x4440) (0x400000001034,0x4440) (0x400000001050,0x4440) (0x400000001054,0x4440) (0x400000001070,0x4440) (0x400000001074,0x4440) (0x400000001210,0x4440) (0x400000001214,0x4440) (0x400000001230,0x4440) (0x400000001234,0x4440) (0x400000001250,0x4440) (0x400000001254,0x4440) (0x400000001270,0x4440) (0x400000001274,0x4440) (0x400000003010,0x4440) (0x400000003014,0x4440) (0x400000003030,0x4440) (0x400000003034,0x4440) (0x400000003050,0x4440) (0x400000003054,0x4440) (0x400000003070,0x4440) (0x400000003074,0x4440) (0x400000003210,0x4440) (0x400000003214,0x4440) (0x400000003230,0x4440) (0x400000003234,0x4440) (0x400000003250,0x4440) (0x400000003254,0x4440) (0x400000003270,0x4440) (0x400000003274,0x4440)
Round 31:
	window is [0, 1, 2, 3, 4, 5, 7, 8, 11, 12, 42, 44, 45, 46]
	Max: -87.345731 (0x4044,0x1010) (0x404c,0x1010) (0x4054,0x1010) (0x405c,0x1010) (0x4844,0x1010) (0x484c,0x1010) (0x4854,0x1010) (0x485c,0x1010) (0x100000004044,0x1010) (0x10000000404c,0x1010) (0x100000004054,0x1010) (0x10000000405c,0x1010) (0x100000004844,0x1010) (0x10000000484c,0x1010) (0x100000004854,0x1010) (0x10000000485c,0x1010)
Round 32:
	window is [0, 1, 2, 3, 4, 5, 6, 9, 10, 13, 42, 44, 46, 47]
	Max: -91.405411 (0x1,0x4044) (0x3,0x4044) (0x21,0x4044) (0x23,0x4044) (0x41,0x4044) (0x43,0x4044) (0x61,0x4044) (0x63,0x4044) (0x2001,0x4044) (0x2003,0x4044) (0x2021,0x4044) (0x2023,0x4044) (0x2041,0x4044) (0x2043,0x4044) (0x2061,0x4044) (0x2063,0x4044) (0x40000000001,0x4044) (0x40000000003,0x4044) (0x40000000021,0x4044) (0x40000000023,0x4044) (0x40000000041,0x4044) (0x40000000043,0x4044) (0x40000000061,0x4044) (0x40000000063,0x4044) (0x40000002001,0x4044) (0x40000002003,0x4044) (0x40000002021,0x4044) (0x40000002023,0x4044) (0x40000002041,0x4044) (0x40000002043,0x4044) (0x40000002061,0x4044) (0x40000002063,0x4044) (0x400000000001,0x4044) (0x400000000003,0x4044) (0x400000000021,0x4044) (0x400000000023,0x4044) (0x400000000041,0x4044) (0x400000000043,0x4044) (0x400000000061,0x4044) (0x400000000063,0x4044) (0x400000002001,0x4044) (0x400000002003,0x4044) (0x400000002021,0x4044) (0x400000002023,0x4044) (0x400000002041,0x4044) (0x400000002043,0x4044) (0x400000002061,0x4044) (0x400000002063,0x4044) (0x440000000001,0x4044) (0x440000000003,0x4044) (0x440000000021,0x4044) (0x440000000023,0x4044) (0x440000000041,0x4044) (0x440000000043,0x4044) (0x440000000061,0x4044) (0x440000000063,0x4044) (0x440000002001,0x4044) (0x440000002003,0x4044) (0x440000002021,0x4044) (0x440000002023,0x4044) (0x440000002041,0x4044) (0x440000002043,0x4044) (0x440000002061,0x4044) (0x440000002063,0x4044)
Round 33:
	window is [0, 1, 2, 3, 4, 5, 7, 8, 11, 40, 44, 45, 46, 47]
	Max: -93.405411 (0x400000004044,0x1) (0x410000004044,0x1) (0xc00000004044,0x1) (0xc10000004044,0x1)
Round 34:
	window is [0, 1, 2, 3, 4, 5, 6, 9, 10, 13, 42, 44, 46, 47]
	Max: -100.206918 (0x100000001010,0x400000004044) (0x100000001012,0x400000004044) (0x100000001030,0x400000004044) (0x100000001032,0x400000004044) (0x100000001050,0x400000004044) (0x100000001052,0x400000004044) (0x100000001070,0x400000004044) (0x100000001072,0x400000004044) (0x100000003010,0x400000004044) (0x100000003012,0x400000004044) (0x100000003030,0x400000004044) (0x100000003032,0x400000004044) (0x100000003050,0x400000004044) (0x100000003052,0x400000004044) (0x100000003070,0x400000004044) (0x100000003072,0x400000004044) (0x140000001010,0x400000004044) (0x140000001012,0x400000004044) (0x140000001030,0x400000004044) (0x140000001032,0x400000004044) (0x140000001050,0x400000004044) (0x140000001052,0x400000004044) (0x140000001070,0x400000004044) (0x140000001072,0x400000004044) (0x140000003010,0x400000004044) (0x140000003012,0x400000004044) (0x140000003030,0x400000004044) (0x140000003032,0x400000004044) (0x140000003050,0x400000004044) (0x140000003052,0x400000004044) (0x140000003070,0x400000004044) (0x140000003072,0x400000004044) (0x500000001010,0x400000004044) (0x500000001012,0x400000004044) (0x500000001030,0x400000004044) (0x500000001032,0x400000004044) (0x500000001050,0x400000004044) (0x500000001052,0x400000004044) (0x500000001070,0x400000004044) (0x500000001072,0x400000004044) (0x500000003010,0x400000004044) (0x500000003012,0x400000004044) (0x500000003030,0x400000004044) (0x500000003032,0x400000004044) (0x500000003050,0x400000004044) (0x500000003052,0x400000004044) (0x500000003070,0x400000004044) (0x500000003072,0x400000004044) (0x540000001010,0x400000004044) (0x540000001012,0x400000004044) (0x540000001030,0x400000004044) (0x540000001032,0x400000004044) (0x540000001050,0x400000004044) (0x540000001052,0x400000004044) (0x540000001070,0x400000004044) (0x540000001072,0x400000004044) (0x540000003010,0x400000004044) (0x540000003012,0x400000004044) (0x540000003030,0x400000004044) (0x540000003032,0x400000004044) (0x540000003050,0x400000004044) (0x540000003052,0x400000004044) (0x540000003070,0x400000004044) (0x540000003072,0x400000004044)
over.
