Input: (0x2, 0x5)
	Max: 0.000000 (0x2,0x5)
Round 1:
	window is [1, 6]
	0.000000
	Max: -2.000000 (0x1,0x2) (0x3,0x2) (0x41,0x2) (0x43,0x2)
Round 2:
	window is [0, 1, 2, 5, 6, 7, 11]
	0.000000
	Max: -4.000000 (0,0x1) (0x1,0x1) (0x20,0x1) (0x21,0x1)
Round 3:
	window is [0, 1, 2, 3, 5, 6, 7, 8, 10, 11, 12, 16]
	0.000001
	Max: -4.000000 (0x1,0)
Round 4:
	window is [0, 1, 2, 3, 4, 5, 6, 7, 8, 9, 10, 11, 12, 13]
	0.000206
	Max: -6.000000 (0x2,0x1) (0x3,0x1) (0x22,0x1) (0x23,0x1)
Round 5:
	window is [0, 1, 2, 3, 4, 5, 6, 7, 8, 9, 10, 11, 12, 13]
	0.043399
	Max: -8.000000 (0x5,0x2) (0x7,0x2) (0x45,0x2) (0x47,0x2)
Round 6:
	window is [0, 1, 2, 3, 4, 5, 6, 7, 8, 9, 10, 11, 12, 13]
	0.902090
	Max: -11.299560 (0x8,0x5) (0x9,0x5) (0xc,0x5) (0xd,0x5) (0x28,0x5) (0x29,0x5) (0x2c,0x5) (0x2d,0x5) (0x88,0x5) (0x89,0x5) (0x8c,0x5) (0x8d,0x5) (0xa8,0x5) (0xa9,0x5) (0xac,0x5) (0xad,0x5)
Round 7:
	window is [0, 1, 2, 3, 4, 5, 6, 7, 8, 9, 10, 11, 12, 13]
	3.924050
	Max: -13.298574 (0x15,0x8) (0x1d,0x8) (0x115,0x8) (0x11d,0x8)
Round 8:
	window is [0, 1, 2, 3, 4, 5, 6, 7, 8, 9, 10, 11, 12, 13]
	7.808825
	Max: -18.276522 (0x2,0x15) (0x3,0x15) (0x6,0x15) (0x7,0x15) (0x12,0x15) (0x13,0x15) (0x16,0x15) (0x17,0x15) (0x22,0x15) (0x23,0x15) (0x26,0x15) (0x27,0x15) (0x32,0x15) (0x33,0x15) (0x36,0x15) (0x37,0x15) (0x82,0x15) (0x83,0x15) (0x86,0x15) (0x87,0x15) (0x92,0x15) (0x93,0x15) (0x96,0x15) (0x97,0x15) (0xa2,0x15) (0xa3,0x15) (0xa6,0x15) (0xa7,0x15) (0xb2,0x15) (0xb3,0x15) (0xb6,0x15) (0xb7,0x15) (0x202,0x15) (0x203,0x15) (0x206,0x15) (0x207,0x15) (0x212,0x15) (0x213,0x15) (0x216,0x15) (0x217,0x15) (0x222,0x15) (0x223,0x15) (0x226,0x15) (0x227,0x15) (0x232,0x15) (0x233,0x15) (0x236,0x15) (0x237,0x15) (0x282,0x15) (0x283,0x15) (0x286,0x15) (0x287,0x15) (0x292,0x15) (0x293,0x15) (0x296,0x15) (0x297,0x15) (0x2a2,0x15) (0x2a3,0x15) (0x2a6,0x15) (0x2a7,0x15) (0x2b2,0x15) (0x2b3,0x15) (0x2b6,0x15) (0x2b7,0x15)
Round 9:
	window is [0, 1, 2, 3, 4, 5, 6, 7, 8, 9, 10, 11, 12, 13]
	12.222121
	Max: -19.836217 (0x11,0x2) (0x13,0x2) (0x51,0x2) (0x53,0x2)
Round 10:
	window is [0, 1, 2, 3, 4, 5, 6, 7, 8, 9, 10, 11, 12, 13]
	16.676580
	Max: -22.213464 (0xa,0x1) (0xb,0x1) (0x2a,0x1) (0x2b,0x1)
Round 11:
	window is [0, 1, 2, 3, 4, 5, 6, 7, 8, 9, 10, 11, 12, 13]
	20.081741
	Max: -22.659255 (0x11,0)
Round 12:
	window is [0, 1, 2, 3, 4, 5, 6, 7, 8, 9, 10, 11, 12, 13]
	24.386606
	Max: -26.522845 (0x2,0x11) (0x3,0x11) (0x12,0x11) (0x13,0x11) (0x22,0x11) (0x23,0x11) (0x32,0x11) (0x33,0x11) (0x202,0x11) (0x203,0x11) (0x212,0x11) (0x213,0x11) (0x222,0x11) (0x223,0x11) (0x232,0x11) (0x233,0x11)
Round 13:
	window is [0, 1, 2, 3, 4, 5, 6, 7, 8, 9, 10, 11, 12, 13]
	28.711209
	Max: -27.040719 (0x1,0)
Round 14:
	window is [0, 1, 2, 3, 4, 5, 6, 7, 8, 9, 10, 11, 12, 13]
	32.613003
	Max: -28.844235 (0x2,0x1) (0x3,0x1) (0x22,0x1) (0x23,0x1)
Round 15:
	window is [0, 1, 2, 3, 4, 5, 6, 7, 8, 9, 10, 11, 12, 13]
	37.053953
	Max: -30.783302 (0x5,0x2) (0x7,0x2) (0x45,0x2) (0x47,0x2)
Round 16:
	window is [0, 1, 2, 3, 4, 5, 6, 7, 8, 9, 10, 11, 12, 13]
	40.387289
	Max: -33.290075 (0x2,0x1) (0x3,0x1) (0x22,0x1) (0x23,0x1)
Round 17:
	window is [0, 1, 2, 3, 4, 5, 6, 7, 8, 9, 10, 11, 12, 13]
	45.329611
	Max: -35.202783 (0x5,0x2) (0x7,0x2) (0x45,0x2) (0x47,0x2)
Round 18:
	window is [0, 1, 2, 3, 4, 5, 6, 7, 8, 9, 10, 11, 12, 13]
	50.956545
	Max: -37.171736 (0x5,0x2) (0x7,0x2) (0x45,0x2) (0x47,0x2)
Round 19:
	window is [0, 1, 2, 3, 4, 5, 6, 7, 8, 9, 10, 11, 12, 13]
	56.085353
	Max: -39.105974 (0x2,0x1) (0x3,0x1) (0x22,0x1) (0x23,0x1)
Round 20:
	window is [0, 1, 2, 3, 4, 5, 6, 7, 8, 9, 10, 11, 12, 13]
	61.183338
	Max: -40.973348 (0x2,0x1) (0x3,0x1) (0x22,0x1) (0x23,0x1)
Round 21:
	window is [0, 1, 2, 3, 4, 5, 6, 7, 8, 9, 10, 11, 12, 13]
	66.370102
	Max: -42.895542 (0x5,0x2) (0x7,0x2) (0x45,0x2) (0x47,0x2)
Round 22:
	window is [0, 1, 2, 3, 4, 5, 6, 7, 8, 9, 10, 11, 12, 13]
	71.714076
	Max: -45.176458 (0x5,0x2) (0x7,0x2) (0x45,0x2) (0x47,0x2)
Round 23:
	window is [0, 1, 2, 3, 4, 5, 6, 7, 8, 9, 10, 11, 12, 13]
	76.970805
	Max: -47.062681 (0x2,0x1) (0x3,0x1) (0x22,0x1) (0x23,0x1)
Round 24:
	window is [0, 1, 2, 3, 4, 5, 6, 7, 8, 9, 10, 11, 12, 13]
	82.233690
	Max: -48.897002 (0x2,0x1) (0x3,0x1) (0x22,0x1) (0x23,0x1)
over.
