Input: (0x1, 0x40000004)
	Max: 0.000000 (0x1,0x40000004)
Round 1:
	window is [1, 8]
	Max: -2.000000 (0x40000000,0x1) (0x40000002,0x1) (0x40000100,0x1) (0x40000102,0x1)
Round 2:
	window is [2, 3, 6, 9, 10, 16, 31]
	Max: -4.000000 (0,0x40000000) (0x40,0x40000000) (0x80000000,0x40000000) (0x80000040,0x40000000)
Round 3:
	window is [0, 1, 3, 4, 5, 7, 8, 10, 11, 12, 14, 17, 18, 24]
	Max: -4.000000 (0x40000000,0)
Round 4:
	window is [2, 3, 6, 7, 8, 9, 10, 12, 13, 14, 15, 16, 19, 31]
	Max: -6.000000 (0x1,0x40000000) (0x41,0x40000000) (0x80000001,0x40000000) (0x80000041,0x40000000)
Round 5:
	window is [0, 1, 4, 5, 7, 8, 9, 10, 11, 12, 14, 16, 17, 18]
	Max: -8.000000 (0x40000004,0x1) (0x40000006,0x1) (0x40000104,0x1) (0x40000106,0x1)
Round 6:
	window is [1, 2, 3, 6, 7, 8, 9, 10, 13, 14, 15, 16, 22, 31]
	Max: -11.299560 (0x10,0x40000004) (0x18,0x40000004) (0x50,0x40000004) (0x58,0x40000004) (0x410,0x40000004) (0x418,0x40000004) (0x450,0x40000004) (0x458,0x40000004) (0x80000010,0x40000004) (0x80000018,0x40000004) (0x80000050,0x40000004) (0x80000058,0x40000004) (0x80000410,0x40000004) (0x80000418,0x40000004) (0x80000450,0x40000004) (0x80000458,0x40000004)
Round 7:
	window is [0, 1, 3, 4, 5, 7, 8, 10, 11, 12, 14, 17, 18, 24]
	Max: -13.299560 (0x40000044,0x10) (0x40000064,0x10) (0x40001044,0x10) (0x40001064,0x10)
Round 8:
	window is [2, 3, 6, 7, 8, 9, 10, 12, 13, 14, 16, 19, 20, 31]
	Max: -18.375212 (0x101,0x40000044) (0x109,0x40000044) (0x141,0x40000044) (0x149,0x40000044) (0x181,0x40000044) (0x189,0x40000044) (0x1c1,0x40000044) (0x1c9,0x40000044) (0x501,0x40000044) (0x509,0x40000044) (0x541,0x40000044) (0x549,0x40000044) (0x581,0x40000044) (0x589,0x40000044) (0x5c1,0x40000044) (0x5c9,0x40000044) (0x4101,0x40000044) (0x4109,0x40000044) (0x4141,0x40000044) (0x4149,0x40000044) (0x4181,0x40000044) (0x4189,0x40000044) (0x41c1,0x40000044) (0x41c9,0x40000044) (0x4501,0x40000044) (0x4509,0x40000044) (0x4541,0x40000044) (0x4549,0x40000044) (0x4581,0x40000044) (0x4589,0x40000044) (0x45c1,0x40000044) (0x45c9,0x40000044) (0x80000101,0x40000044) (0x80000109,0x40000044) (0x80000141,0x40000044) (0x80000149,0x40000044) (0x80000181,0x40000044) (0x80000189,0x40000044) (0x800001c1,0x40000044) (0x800001c9,0x40000044) (0x80000501,0x40000044) (0x80000509,0x40000044) (0x80000541,0x40000044) (0x80000549,0x40000044) (0x80000581,0x40000044) (0x80000589,0x40000044) (0x800005c1,0x40000044) (0x800005c9,0x40000044) (0x80004101,0x40000044) (0x80004109,0x40000044) (0x80004141,0x40000044) (0x80004149,0x40000044) (0x80004181,0x40000044) (0x80004189,0x40000044) (0x800041c1,0x40000044) (0x800041c9,0x40000044) (0x80004501,0x40000044) (0x80004509,0x40000044) (0x80004541,0x40000044) (0x80004549,0x40000044) (0x80004581,0x40000044) (0x80004589,0x40000044) (0x800045c1,0x40000044) (0x800045c9,0x40000044)
Round 9:
	window is [0, 1, 4, 5, 7, 8, 9, 10, 11, 12, 14, 15, 16, 18]
	Max: -21.975247 (0x40000440,0x101) (0x40000442,0x101) (0x40000540,0x101) (0x40000542,0x101) (0x40000640,0x101) (0x40000642,0x101) (0x40000740,0x101) (0x40000742,0x101) (0x40010440,0x101) (0x40010442,0x101) (0x40010540,0x101) (0x40010542,0x101) (0x40010640,0x101) (0x40010642,0x101) (0x40010740,0x101) (0x40010742,0x101)
Round 10:
	window is [2, 3, 6, 7, 8, 9, 10, 11, 12, 13, 14, 16, 18, 31]
	Max: -26.165042 (0x1000,0x40000440) (0x1040,0x40000440) (0x1080,0x40000440) (0x10c0,0x40000440) (0x1800,0x40000440) (0x1840,0x40000440) (0x1880,0x40000440) (0x18c0,0x40000440) (0x5000,0x40000440) (0x5040,0x40000440) (0x5080,0x40000440) (0x50c0,0x40000440) (0x5800,0x40000440) (0x5840,0x40000440) (0x5880,0x40000440) (0x58c0,0x40000440) (0x41000,0x40000440) (0x41040,0x40000440) (0x41080,0x40000440) (0x410c0,0x40000440) (0x41800,0x40000440) (0x41840,0x40000440) (0x41880,0x40000440) (0x418c0,0x40000440) (0x45000,0x40000440) (0x45040,0x40000440) (0x45080,0x40000440) (0x450c0,0x40000440) (0x45800,0x40000440) (0x45840,0x40000440) (0x45880,0x40000440) (0x458c0,0x40000440) (0x80001000,0x40000440) (0x80001040,0x40000440) (0x80001080,0x40000440) (0x800010c0,0x40000440) (0x80001800,0x40000440) (0x80001840,0x40000440) (0x80001880,0x40000440) (0x800018c0,0x40000440) (0x80005000,0x40000440) (0x80005040,0x40000440) (0x80005080,0x40000440) (0x800050c0,0x40000440) (0x80005800,0x40000440) (0x80005840,0x40000440) (0x80005880,0x40000440) (0x800058c0,0x40000440) (0x80041000,0x40000440) (0x80041040,0x40000440) (0x80041080,0x40000440) (0x800410c0,0x40000440) (0x80041800,0x40000440) (0x80041840,0x40000440) (0x80041880,0x40000440) (0x800418c0,0x40000440) (0x80045000,0x40000440) (0x80045040,0x40000440) (0x80045080,0x40000440) (0x800450c0,0x40000440) (0x80045800,0x40000440) (0x80045840,0x40000440) (0x80045880,0x40000440) (0x800458c0,0x40000440)
Round 11:
	window is [1, 4, 5, 7, 8, 9, 10, 11, 12, 13, 14, 15, 16, 20]
	Max: -28.165042 (0x40004440,0x1000) (0x40006440,0x1000) (0x40104440,0x1000) (0x40106440,0x1000)
Round 12:
	window is [2, 3, 6, 7, 8, 9, 10, 11, 12, 13, 14, 16, 18, 31]
	Max: -35.018640 (0x10101,0x40004440) (0x10141,0x40004440) (0x10181,0x40004440) (0x101c1,0x40004440) (0x10901,0x40004440) (0x10941,0x40004440) (0x10981,0x40004440) (0x109c1,0x40004440) (0x14101,0x40004440) (0x14141,0x40004440) (0x14181,0x40004440) (0x141c1,0x40004440) (0x14901,0x40004440) (0x14941,0x40004440) (0x14981,0x40004440) (0x149c1,0x40004440) (0x50101,0x40004440) (0x50141,0x40004440) (0x50181,0x40004440) (0x501c1,0x40004440) (0x50901,0x40004440) (0x50941,0x40004440) (0x50981,0x40004440) (0x509c1,0x40004440) (0x54101,0x40004440) (0x54141,0x40004440) (0x54181,0x40004440) (0x541c1,0x40004440) (0x54901,0x40004440) (0x54941,0x40004440) (0x54981,0x40004440) (0x549c1,0x40004440) (0x80010101,0x40004440) (0x80010141,0x40004440) (0x80010181,0x40004440) (0x800101c1,0x40004440) (0x80010901,0x40004440) (0x80010941,0x40004440) (0x80010981,0x40004440) (0x800109c1,0x40004440) (0x80014101,0x40004440) (0x80014141,0x40004440) (0x80014181,0x40004440) (0x800141c1,0x40004440) (0x80014901,0x40004440) (0x80014941,0x40004440) (0x80014981,0x40004440) (0x800149c1,0x40004440) (0x80050101,0x40004440) (0x80050141,0x40004440) (0x80050181,0x40004440) (0x800501c1,0x40004440) (0x80050901,0x40004440) (0x80050941,0x40004440) (0x80050981,0x40004440) (0x800509c1,0x40004440) (0x80054101,0x40004440) (0x80054141,0x40004440) (0x80054181,0x40004440) (0x800541c1,0x40004440) (0x80054901,0x40004440) (0x80054941,0x40004440) (0x80054981,0x40004440) (0x800549c1,0x40004440)
Round 13:
	window is [1, 4, 5, 7, 8, 9, 10, 11, 12, 13, 14, 15, 16, 20]
	Max: -39.652051 (0x40004444,0x1001) (0x40004446,0x1001) (0x40004544,0x1001) (0x40004546,0x1001) (0x40006444,0x1001) (0x40006446,0x1001) (0x40006544,0x1001) (0x40006546,0x1001) (0x40104444,0x1001) (0x40104446,0x1001) (0x40104544,0x1001) (0x40104546,0x1001) (0x40106444,0x1001) (0x40106446,0x1001) (0x40106544,0x1001) (0x40106546,0x1001)
Round 14:
	window is [3, 6, 7, 8, 9, 10, 11, 12, 13, 14, 17, 18, 22, 31]
	Max: -44.099882 (0x10,0x40000044) (0x18,0x40000044) (0x50,0x40000044) (0x58,0x40000044) (0x90,0x40000044) (0x98,0x40000044) (0xd0,0x40000044) (0xd8,0x40000044) (0x410,0x40000044) (0x418,0x40000044) (0x450,0x40000044) (0x458,0x40000044) (0x490,0x40000044) (0x498,0x40000044) (0x4d0,0x40000044) (0x4d8,0x40000044) (0x4010,0x40000044) (0x4018,0x40000044) (0x4050,0x40000044) (0x4058,0x40000044) (0x4090,0x40000044) (0x4098,0x40000044) (0x40d0,0x40000044) (0x40d8,0x40000044) (0x4410,0x40000044) (0x4418,0x40000044) (0x4450,0x40000044) (0x4458,0x40000044) (0x4490,0x40000044) (0x4498,0x40000044) (0x44d0,0x40000044) (0x44d8,0x40000044) (0x80000010,0x40000044) (0x80000018,0x40000044) (0x80000050,0x40000044) (0x80000058,0x40000044) (0x80000090,0x40000044) (0x80000098,0x40000044) (0x800000d0,0x40000044) (0x800000d8,0x40000044) (0x80000410,0x40000044) (0x80000418,0x40000044) (0x80000450,0x40000044) (0x80000458,0x40000044) (0x80000490,0x40000044) (0x80000498,0x40000044) (0x800004d0,0x40000044) (0x800004d8,0x40000044) (0x80004010,0x40000044) (0x80004018,0x40000044) (0x80004050,0x40000044) (0x80004058,0x40000044) (0x80004090,0x40000044) (0x80004098,0x40000044) (0x800040d0,0x40000044) (0x800040d8,0x40000044) (0x80004410,0x40000044) (0x80004418,0x40000044) (0x80004450,0x40000044) (0x80004458,0x40000044) (0x80004490,0x40000044) (0x80004498,0x40000044) (0x800044d0,0x40000044) (0x800044d8,0x40000044)
Round 15:
	window is [1, 4, 5, 7, 8, 9, 10, 11, 12, 13, 14, 15, 16, 20]
	Max: -45.387732 (0x40000004,0x10) (0x40000024,0x10) (0x40001004,0x10) (0x40001024,0x10)
Round 16:
	window is [3, 6, 7, 8, 9, 10, 11, 12, 13, 14, 17, 18, 22, 31]
	Max: -48.324915 (0x1,0x40000004) (0x9,0x40000004) (0x41,0x40000004) (0x49,0x40000004) (0x401,0x40000004) (0x409,0x40000004) (0x441,0x40000004) (0x449,0x40000004) (0x80000001,0x40000004) (0x80000009,0x40000004) (0x80000041,0x40000004) (0x80000049,0x40000004) (0x80000401,0x40000004) (0x80000409,0x40000004) (0x80000441,0x40000004) (0x80000449,0x40000004)
Round 17:
	window is [1, 4, 5, 7, 8, 9, 10, 11, 12, 13, 14, 15, 16, 20]
	Max: -49.886202 (0x40000000,0x1) (0x40000002,0x1) (0x40000100,0x1) (0x40000102,0x1)
Round 18:
	window is [3, 6, 7, 8, 9, 10, 11, 12, 13, 14, 16, 17, 18, 31]
	Max: -51.146582 (0,0x40000000) (0x40,0x40000000) (0x80000000,0x40000000) (0x80000040,0x40000000)
Round 19:
	window is [0, 1, 4, 5, 7, 8, 9, 10, 11, 12, 13, 14, 15, 18]
	Max: -51.146582 (0x40000000,0)
Round 20:
	window is [2, 3, 6, 7, 8, 9, 10, 11, 12, 13, 14, 15, 16, 31]
	Max: -53.146263 (0x1,0x40000000) (0x41,0x40000000) (0x80000001,0x40000000) (0x80000041,0x40000000)
Round 21:
	window is [0, 1, 4, 5, 7, 8, 9, 10, 11, 12, 14, 15, 16, 18]
	Max: -55.146237 (0x40000004,0x1) (0x40000006,0x1) (0x40000104,0x1) (0x40000106,0x1)
Round 22:
	window is [1, 2, 3, 6, 7, 8, 9, 10, 13, 14, 15, 16, 22, 31]
	Max: -58.445791 (0x10,0x40000004) (0x18,0x40000004) (0x50,0x40000004) (0x58,0x40000004) (0x410,0x40000004) (0x418,0x40000004) (0x450,0x40000004) (0x458,0x40000004) (0x80000010,0x40000004) (0x80000018,0x40000004) (0x80000050,0x40000004) (0x80000058,0x40000004) (0x80000410,0x40000004) (0x80000418,0x40000004) (0x80000450,0x40000004) (0x80000458,0x40000004)
Round 23:
	window is [0, 1, 3, 4, 5, 7, 8, 10, 11, 12, 14, 17, 18, 24]
	Max: -60.445791 (0x40000044,0x10) (0x40000064,0x10) (0x40001044,0x10) (0x40001064,0x10)
Round 24:
	window is [2, 3, 6, 7, 8, 9, 10, 12, 13, 14, 16, 19, 20, 31]
	Max: -65.520921 (0x101,0x40000044) (0x109,0x40000044) (0x141,0x40000044) (0x149,0x40000044) (0x181,0x40000044) (0x189,0x40000044) (0x1c1,0x40000044) (0x1c9,0x40000044) (0x501,0x40000044) (0x509,0x40000044) (0x541,0x40000044) (0x549,0x40000044) (0x581,0x40000044) (0x589,0x40000044) (0x5c1,0x40000044) (0x5c9,0x40000044) (0x4101,0x40000044) (0x4109,0x40000044) (0x4141,0x40000044) (0x4149,0x40000044) (0x4181,0x40000044) (0x4189,0x40000044) (0x41c1,0x40000044) (0x41c9,0x40000044) (0x4501,0x40000044) (0x4509,0x40000044) (0x4541,0x40000044) (0x4549,0x40000044) (0x4581,0x40000044) (0x4589,0x40000044) (0x45c1,0x40000044) (0x45c9,0x40000044) (0x80000101,0x40000044) (0x80000109,0x40000044) (0x80000141,0x40000044) (0x80000149,0x40000044) (0x80000181,0x40000044) (0x80000189,0x40000044) (0x800001c1,0x40000044) (0x800001c9,0x40000044) (0x80000501,0x40000044) (0x80000509,0x40000044) (0x80000541,0x40000044) (0x80000549,0x40000044) (0x80000581,0x40000044) (0x80000589,0x40000044) (0x800005c1,0x40000044) (0x800005c9,0x40000044) (0x80004101,0x40000044) (0x80004109,0x40000044) (0x80004141,0x40000044) (0x80004149,0x40000044) (0x80004181,0x40000044) (0x80004189,0x40000044) (0x800041c1,0x40000044) (0x800041c9,0x40000044) (0x80004501,0x40000044) (0x80004509,0x40000044) (0x80004541,0x40000044) (0x80004549,0x40000044) (0x80004581,0x40000044) (0x80004589,0x40000044) (0x800045c1,0x40000044) (0x800045c9,0x40000044)
over.
